[35m[Appium][39m Welcome to Appium v1.8.1
[35m[Appium][39m Non-default server args:
[35m[Appium][39m   port: 58869
[35m[Appium][39m   loglevel: info
[35m[Appium][39m   chromeDriverPort: 58870
[35m[Appium][39m   tmpDir: C:\Users\lieto\AppData\Local\Temp\\Katalon\Appium\Temp1566211228130
[35m[Appium][39m Appium REST http interface listener started on 0.0.0.0:58869
[35m[HTTP][39m [37m-->[39m [37mGET[39m [37m/wd/hub/status[39m
[35m[HTTP][39m [90m{}[39m
[35m[HTTP][39m [37m<-- GET /wd/hub/status [39m[32m200[39m [90m14 ms - 83[39m
[35m[HTTP][39m [90m[39m
[35m[HTTP][39m [37m-->[39m [37mPOST[39m [37m/wd/hub/session[39m
[35m[HTTP][39m [90m{"desiredCapabilities":{"app":"D:\\State's Secret\\Internsheeepppppp\\Project\\accmart.apk","noReset":false,"newCommandTimeout":1800,"platformVersion":"9","automationName":"uiautomator2","autoGrantPermissions":true,"platformName":"Android","udid":"32008eeec002a5eb","deviceName":"samsung SM-A750GN (Android 9)","fullReset":true,"platform":"ANDROID"},"capabilities":{"firstMatch":[{"appium:app":"D:\\State's Secret\\Internsheeepppppp\\Project\\accmart.apk","appium:autoGrantPermissions":true,"appium:automationName":"uiautomator2","appium:deviceName":"samsung SM-A750GN (Android 9)","appium:fullReset":true,"appium:newCommandTimeout":1800,"appium:noReset":false,"platform":"ANDROID","platformName":"android","appium:platformVersion":"9","appium:udid":"32008eeec002a5eb"}]}}[39m
[35m[BaseDriver][39m The capabilities ["platform"] are not standard capabilities and should have an extension prefix
[35m[Appium][39m Creating new AndroidUiautomator2Driver (v1.12.0) session
[35m[Appium][39m Capabilities:
[35m[Appium][39m   platform: ANDROID
[35m[Appium][39m   platformName: android
[35m[Appium][39m   app: D:\State's Secret\Internsheeepppppp\Project\accmart.apk
[35m[Appium][39m   autoGrantPermissions: true
[35m[Appium][39m   automationName: uiautomator2
[35m[Appium][39m   deviceName: samsung SM-A750GN (Android 9)
[35m[Appium][39m   fullReset: true
[35m[Appium][39m   newCommandTimeout: 1800
[35m[Appium][39m   noReset: false
[35m[Appium][39m   platformVersion: 9
[35m[Appium][39m   udid: 32008eeec002a5eb
[35m[BaseDriver][39m The following capabilities were provided, but are not recognized by appium: platform.
[35m[BaseDriver][39m Session created with session id: af171e22-2f8a-4c63-96e5-7a30bc2bf5b5
[35m[BaseDriver][39m Using local app 'D:\State's Secret\Internsheeepppppp\Project\accmart.apk'
[35m[AndroidDriver][39m Java version is: 1.8.0_181
[35m[ADB][39m Checking whether adb is present
[35m[ADB][39m Found 1 'build-tools' folders under 'C:\Users\lieto\.katalon\tools\android_sdk' (newest first):
[35m[ADB][39m     C:/Users/lieto/.katalon/tools/android_sdk/build-tools/29.0.2
[35m[ADB][39m Using adb.exe from C:\Users\lieto\.katalon\tools\android_sdk\platform-tools\adb.exe
[35m[AndroidDriver][39m Retrieving device list
[35m[AndroidDriver][39m Using device: 32008eeec002a5eb
[35m[ADB][39m Using the alternative activity name detection method because of: Could not find apkanalyzer.bat in C:\Users\lieto\.katalon\tools\android_sdk\platform-tools\apkanalyzer.bat,C:\Users\lieto\.katalon\tools\android_sdk\emulator\apkanalyzer.bat,C:\Users\lieto\.katalon\tools\android_sdk\tools\apkanalyzer.bat,C:\Users\lieto\.katalon\tools\android_sdk\tools\bin\apkanalyzer.bat,C:\Users\lieto\.katalon\tools\android_sdk\build-tools\29.0.2\apkanalyzer.bat. Do you have the Android SDK installed at 'C:\Users\lieto\.katalon\tools\android_sdk'?
[35m[ADB][39m Checking whether aapt is present
[35m[ADB][39m Using aapt.exe from C:\Users\lieto\.katalon\tools\android_sdk\build-tools\29.0.2\aapt.exe
[35m[ADB][39m Extracting package and launch activity from manifest
[35m[ADB][39m Package name: 'com.outsystemsenterprise.acctst1.ACCMart'
[35m[ADB][39m Main activity name: 'com.outsystemsenterprise.acctst1.ACCMart.MainActivity'
[35m[ADB][39m Getting device platform version
[35m[ADB][39m Using apksigner.bat from C:\Users\lieto\.katalon\tools\android_sdk\build-tools\29.0.2\apksigner.bat
[35m[ADB][39m Cannot read version codes of 'C:\Users\lieto\AppData\Roaming\npm\node_modules\appium\node_modules\appium-uiautomator2-server\apks\appium-uiautomator2-server-debug-androidTest.apk' and/or 'io.appium.uiautomator2.server.test'
[35m[ADB][39m Cannot read version names of 'C:\Users\lieto\AppData\Roaming\npm\node_modules\appium\node_modules\appium-uiautomator2-server\apks\appium-uiautomator2-server-debug-androidTest.apk' and/or 'io.appium.uiautomator2.server.test'. Assuming correct app version is already installed
[35m[AndroidDriver][39m setDeviceLanguageCountry requires language or country.
[35m[AndroidDriver][39m Got language: 'null' and country: 'null'
[35m[ADB][39m Successfully extracted 43 strings from 'D:\State's Secret\Internsheeepppppp\Project\accmart.apk' resources for '(default)' configuration
[35m[ADB][39m com.outsystemsenterprise.acctst1.ACCMart was successfully uninstalled
[35m[UiAutomator2][39m Starting uiautomator2 server 1.12.0
[35m[UiAutomator2][39m Using UIAutomator2 server from 'C:\Users\lieto\AppData\Roaming\npm\node_modules\appium\node_modules\appium-uiautomator2-server\apks\appium-uiautomator2-server-v1.12.0.apk' and test from 'C:\Users\lieto\AppData\Roaming\npm\node_modules\appium\node_modules\appium-uiautomator2-server\apks\appium-uiautomator2-server-debug-androidTest.apk'
[35m[UiAutomator2][39m Running command: 'adb -s 32008eeec002a5eb shell am instrument -w io.appium.uiautomator2.server.test/android.support.test.runner.AndroidJUnitRunner'
[35m[UiAutomator2][39m Waiting up to 20000ms for UiAutomator2 to be online...
[35m[AndroidDriver][39m Screen already unlocked, doing nothing
[35m[UiAutomator2][39m UiAutomator2 did not start the activity we were waiting for, 'com.outsystemsenterprise.acctst1.ACCMart/com.outsystemsenterprise.acctst1.ACCMart.MainActivity'. Starting it ourselves
[35m[Appium][39m New AndroidUiautomator2Driver session created successfully, session af171e22-2f8a-4c63-96e5-7a30bc2bf5b5 added to master session list
[35m[HTTP][39m [37m<-- POST /wd/hub/session [39m[32m200[39m [90m64357 ms - 1225[39m
[35m[HTTP][39m [90m[39m
[35m[HTTP][39m [37m-->[39m [37mGET[39m [37m/wd/hub/session/af171e22-2f8a-4c63-96e5-7a30bc2bf5b5[39m
[35m[HTTP][39m [90m{}[39m
[35m[HTTP][39m [37m<-- GET /wd/hub/session/af171e22-2f8a-4c63-96e5-7a30bc2bf5b5 [39m[32m200[39m [90m65 ms - 1157[39m
[35m[HTTP][39m [90m[39m
[35m[HTTP][39m [37m-->[39m [37mGET[39m [37m/wd/hub/session/af171e22-2f8a-4c63-96e5-7a30bc2bf5b5[39m
[35m[HTTP][39m [90m{}[39m
[35m[HTTP][39m [37m<-- GET /wd/hub/session/af171e22-2f8a-4c63-96e5-7a30bc2bf5b5 [39m[32m200[39m [90m40 ms - 1157[39m
[35m[HTTP][39m [90m[39m
[35m[HTTP][39m [37m-->[39m [37mGET[39m [37m/wd/hub/status[39m
[35m[HTTP][39m [90m{}[39m
[35m[HTTP][39m [37m<-- GET /wd/hub/status [39m[32m200[39m [90m5 ms - 55[39m
[35m[HTTP][39m [90m[39m
[35m[HTTP][39m [37m-->[39m [37mPOST[39m [37m/wd/hub/session/af171e22-2f8a-4c63-96e5-7a30bc2bf5b5/timeouts[39m
[35m[HTTP][39m [90m{"implicit":30000}[39m
[35m[HTTP][39m [37m<-- POST /wd/hub/session/af171e22-2f8a-4c63-96e5-7a30bc2bf5b5/timeouts [39m[32m200[39m [90m12 ms - 14[39m
[35m[HTTP][39m [90m[39m
[35m[HTTP][39m [37m-->[39m [37mPOST[39m [37m/wd/hub/session/af171e22-2f8a-4c63-96e5-7a30bc2bf5b5/timeouts[39m
[35m[HTTP][39m [90m{"implicit":50}[39m
[35m[HTTP][39m [37m<-- POST /wd/hub/session/af171e22-2f8a-4c63-96e5-7a30bc2bf5b5/timeouts [39m[32m200[39m [90m4 ms - 14[39m
[35m[HTTP][39m [90m[39m
[35m[HTTP][39m [37m-->[39m [37mGET[39m [37m/wd/hub/session/af171e22-2f8a-4c63-96e5-7a30bc2bf5b5/window/rect[39m
[35m[HTTP][39m [90m{}[39m
[35m[HTTP][39m [37m<-- GET /wd/hub/session/af171e22-2f8a-4c63-96e5-7a30bc2bf5b5/window/rect [39m[32m200[39m [90m94 ms - 50[39m
[35m[HTTP][39m [90m[39m
[35m[HTTP][39m [37m-->[39m [37mPOST[39m [37m/wd/hub/session/af171e22-2f8a-4c63-96e5-7a30bc2bf5b5/elements[39m
[35m[HTTP][39m [90m{"using":"-android uiautomator","value":"new UiSelector().className(\"android.view.View\").text(\"MobiMartTheme.PESAN_ICON\")"}[39m
[35m[HTTP][39m [37m<-- POST /wd/hub/session/af171e22-2f8a-4c63-96e5-7a30bc2bf5b5/elements [39m[32m200[39m [90m147 ms - 12[39m
[35m[HTTP][39m [90m[39m
[35m[HTTP][39m [37m-->[39m [37mPOST[39m [37m/wd/hub/session/af171e22-2f8a-4c63-96e5-7a30bc2bf5b5/elements[39m
[35m[HTTP][39m [90m{"using":"-android uiautomator","value":"new UiSelector().className(\"android.view.View\").text(\"MobiMartTheme.PESAN_ICON\")"}[39m
[35m[HTTP][39m [37m<-- POST /wd/hub/session/af171e22-2f8a-4c63-96e5-7a30bc2bf5b5/elements [39m[32m200[39m [90m666 ms - 12[39m
[35m[HTTP][39m [90m[39m
[35m[HTTP][39m [37m-->[39m [37mPOST[39m [37m/wd/hub/session/af171e22-2f8a-4c63-96e5-7a30bc2bf5b5/elements[39m
[35m[HTTP][39m [90m{"using":"-android uiautomator","value":"new UiSelector().className(\"android.view.View\").text(\"MobiMartTheme.PESAN_ICON\")"}[39m
[35m[HTTP][39m [37m<-- POST /wd/hub/session/af171e22-2f8a-4c63-96e5-7a30bc2bf5b5/elements [39m[32m200[39m [90m115 ms - 12[39m
[35m[HTTP][39m [90m[39m
[35m[HTTP][39m [37m-->[39m [37mPOST[39m [37m/wd/hub/session/af171e22-2f8a-4c63-96e5-7a30bc2bf5b5/elements[39m
[35m[HTTP][39m [90m{"using":"-android uiautomator","value":"new UiSelector().className(\"android.view.View\").text(\"MobiMartTheme.PESAN_ICON\")"}[39m
[35m[HTTP][39m [37m<-- POST /wd/hub/session/af171e22-2f8a-4c63-96e5-7a30bc2bf5b5/elements [39m[32m200[39m [90m89 ms - 12[39m
[35m[HTTP][39m [90m[39m
[35m[HTTP][39m [37m-->[39m [37mPOST[39m [37m/wd/hub/session/af171e22-2f8a-4c63-96e5-7a30bc2bf5b5/elements[39m
[35m[HTTP][39m [90m{"using":"-android uiautomator","value":"new UiSelector().className(\"android.view.View\").text(\"MobiMartTheme.PESAN_ICON\")"}[39m
[35m[HTTP][39m [37m<-- POST /wd/hub/session/af171e22-2f8a-4c63-96e5-7a30bc2bf5b5/elements [39m[32m200[39m [90m104 ms - 12[39m
[35m[HTTP][39m [90m[39m
[35m[HTTP][39m [37m-->[39m [37mPOST[39m [37m/wd/hub/session/af171e22-2f8a-4c63-96e5-7a30bc2bf5b5/elements[39m
[35m[HTTP][39m [90m{"using":"-android uiautomator","value":"new UiSelector().className(\"android.view.View\").text(\"MobiMartTheme.PESAN_ICON\")"}[39m
[35m[HTTP][39m [37m<-- POST /wd/hub/session/af171e22-2f8a-4c63-96e5-7a30bc2bf5b5/elements [39m[32m200[39m [90m118 ms - 12[39m
[35m[HTTP][39m [90m[39m
[35m[HTTP][39m [37m-->[39m [37mPOST[39m [37m/wd/hub/session/af171e22-2f8a-4c63-96e5-7a30bc2bf5b5/elements[39m
[35m[HTTP][39m [90m{"using":"-android uiautomator","value":"new UiSelector().className(\"android.view.View\").text(\"MobiMartTheme.PESAN_ICON\")"}[39m
[35m[HTTP][39m [37m<-- POST /wd/hub/session/af171e22-2f8a-4c63-96e5-7a30bc2bf5b5/elements [39m[32m200[39m [90m115 ms - 12[39m
[35m[HTTP][39m [90m[39m
[35m[HTTP][39m [37m-->[39m [37mPOST[39m [37m/wd/hub/session/af171e22-2f8a-4c63-96e5-7a30bc2bf5b5/elements[39m
[35m[HTTP][39m [90m{"using":"-android uiautomator","value":"new UiSelector().className(\"android.view.View\").text(\"MobiMartTheme.PESAN_ICON\")"}[39m
[35m[HTTP][39m [37m<-- POST /wd/hub/session/af171e22-2f8a-4c63-96e5-7a30bc2bf5b5/elements [39m[32m200[39m [90m95 ms - 12[39m
[35m[HTTP][39m [90m[39m
[35m[HTTP][39m [37m-->[39m [37mPOST[39m [37m/wd/hub/session/af171e22-2f8a-4c63-96e5-7a30bc2bf5b5/elements[39m
[35m[HTTP][39m [90m{"using":"-android uiautomator","value":"new UiSelector().className(\"android.view.View\").text(\"MobiMartTheme.PESAN_ICON\")"}[39m
[35m[HTTP][39m [37m<-- POST /wd/hub/session/af171e22-2f8a-4c63-96e5-7a30bc2bf5b5/elements [39m[32m200[39m [90m89 ms - 12[39m
[35m[HTTP][39m [90m[39m
[35m[HTTP][39m [37m-->[39m [37mPOST[39m [37m/wd/hub/session/af171e22-2f8a-4c63-96e5-7a30bc2bf5b5/elements[39m
[35m[HTTP][39m [90m{"using":"-android uiautomator","value":"new UiSelector().className(\"android.view.View\").text(\"MobiMartTheme.PESAN_ICON\")"}[39m
[35m[HTTP][39m [37m<-- POST /wd/hub/session/af171e22-2f8a-4c63-96e5-7a30bc2bf5b5/elements [39m[32m200[39m [90m414 ms - 12[39m
[35m[HTTP][39m [90m[39m
[35m[HTTP][39m [37m-->[39m [37mPOST[39m [37m/wd/hub/session/af171e22-2f8a-4c63-96e5-7a30bc2bf5b5/elements[39m
[35m[HTTP][39m [90m{"using":"-android uiautomator","value":"new UiSelector().className(\"android.view.View\").text(\"MobiMartTheme.PESAN_ICON\")"}[39m
[35m[HTTP][39m [37m<-- POST /wd/hub/session/af171e22-2f8a-4c63-96e5-7a30bc2bf5b5/elements [39m[32m200[39m [90m445 ms - 12[39m
[35m[HTTP][39m [90m[39m
[35m[HTTP][39m [37m-->[39m [37mPOST[39m [37m/wd/hub/session/af171e22-2f8a-4c63-96e5-7a30bc2bf5b5/elements[39m
[35m[HTTP][39m [90m{"using":"-android uiautomator","value":"new UiSelector().className(\"android.view.View\").text(\"MobiMartTheme.PESAN_ICON\")"}[39m
[35m[HTTP][39m [37m<-- POST /wd/hub/session/af171e22-2f8a-4c63-96e5-7a30bc2bf5b5/elements [39m[32m200[39m [90m102 ms - 12[39m
[35m[HTTP][39m [90m[39m
[35m[HTTP][39m [37m-->[39m [37mPOST[39m [37m/wd/hub/session/af171e22-2f8a-4c63-96e5-7a30bc2bf5b5/elements[39m
[35m[HTTP][39m [90m{"using":"-android uiautomator","value":"new UiSelector().className(\"android.view.View\").text(\"MobiMartTheme.PESAN_ICON\")"}[39m
[35m[HTTP][39m [37m<-- POST /wd/hub/session/af171e22-2f8a-4c63-96e5-7a30bc2bf5b5/elements [39m[32m200[39m [90m104 ms - 12[39m
[35m[HTTP][39m [90m[39m
[35m[HTTP][39m [37m-->[39m [37mPOST[39m [37m/wd/hub/session/af171e22-2f8a-4c63-96e5-7a30bc2bf5b5/elements[39m
[35m[HTTP][39m [90m{"using":"-android uiautomator","value":"new UiSelector().className(\"android.view.View\").text(\"MobiMartTheme.PESAN_ICON\")"}[39m
[35m[HTTP][39m [37m<-- POST /wd/hub/session/af171e22-2f8a-4c63-96e5-7a30bc2bf5b5/elements [39m[32m200[39m [90m109 ms - 12[39m
[35m[HTTP][39m [90m[39m
[35m[HTTP][39m [37m-->[39m [37mPOST[39m [37m/wd/hub/session/af171e22-2f8a-4c63-96e5-7a30bc2bf5b5/elements[39m
[35m[HTTP][39m [90m{"using":"-android uiautomator","value":"new UiSelector().className(\"android.view.View\").text(\"MobiMartTheme.PESAN_ICON\")"}[39m
[35m[HTTP][39m [37m<-- POST /wd/hub/session/af171e22-2f8a-4c63-96e5-7a30bc2bf5b5/elements [39m[32m200[39m [90m105 ms - 12[39m
[35m[HTTP][39m [90m[39m
[35m[HTTP][39m [37m-->[39m [37mPOST[39m [37m/wd/hub/session/af171e22-2f8a-4c63-96e5-7a30bc2bf5b5/elements[39m
[35m[HTTP][39m [90m{"using":"-android uiautomator","value":"new UiSelector().className(\"android.view.View\").text(\"MobiMartTheme.PESAN_ICON\")"}[39m
[35m[HTTP][39m [37m<-- POST /wd/hub/session/af171e22-2f8a-4c63-96e5-7a30bc2bf5b5/elements [39m[32m200[39m [90m95 ms - 12[39m
[35m[HTTP][39m [90m[39m
[35m[HTTP][39m [37m-->[39m [37mPOST[39m [37m/wd/hub/session/af171e22-2f8a-4c63-96e5-7a30bc2bf5b5/elements[39m
[35m[HTTP][39m [90m{"using":"-android uiautomator","value":"new UiSelector().className(\"android.view.View\").text(\"MobiMartTheme.PESAN_ICON\")"}[39m
[35m[HTTP][39m [37m<-- POST /wd/hub/session/af171e22-2f8a-4c63-96e5-7a30bc2bf5b5/elements [39m[32m200[39m [90m94 ms - 12[39m
[35m[HTTP][39m [90m[39m
[35m[HTTP][39m [37m-->[39m [37mPOST[39m [37m/wd/hub/session/af171e22-2f8a-4c63-96e5-7a30bc2bf5b5/elements[39m
[35m[HTTP][39m [90m{"using":"-android uiautomator","value":"new UiSelector().className(\"android.view.View\").text(\"MobiMartTheme.PESAN_ICON\")"}[39m
[35m[HTTP][39m [37m<-- POST /wd/hub/session/af171e22-2f8a-4c63-96e5-7a30bc2bf5b5/elements [39m[32m200[39m [90m88 ms - 12[39m
[35m[HTTP][39m [90m[39m
[35m[HTTP][39m [37m-->[39m [37mPOST[39m [37m/wd/hub/session/af171e22-2f8a-4c63-96e5-7a30bc2bf5b5/elements[39m
[35m[HTTP][39m [90m{"using":"-android uiautomator","value":"new UiSelector().className(\"android.view.View\").text(\"MobiMartTheme.PESAN_ICON\")"}[39m
[35m[HTTP][39m [37m<-- POST /wd/hub/session/af171e22-2f8a-4c63-96e5-7a30bc2bf5b5/elements [39m[32m200[39m [90m114 ms - 12[39m
[35m[HTTP][39m [90m[39m
[35m[HTTP][39m [37m-->[39m [37mPOST[39m [37m/wd/hub/session/af171e22-2f8a-4c63-96e5-7a30bc2bf5b5/elements[39m
[35m[HTTP][39m [90m{"using":"-android uiautomator","value":"new UiSelector().className(\"android.view.View\").text(\"MobiMartTheme.PESAN_ICON\")"}[39m
[35m[HTTP][39m [37m<-- POST /wd/hub/session/af171e22-2f8a-4c63-96e5-7a30bc2bf5b5/elements [39m[32m200[39m [90m89 ms - 12[39m
[35m[HTTP][39m [90m[39m
[35m[HTTP][39m [37m-->[39m [37mPOST[39m [37m/wd/hub/session/af171e22-2f8a-4c63-96e5-7a30bc2bf5b5/elements[39m
[35m[HTTP][39m [90m{"using":"-android uiautomator","value":"new UiSelector().className(\"android.view.View\").text(\"MobiMartTheme.PESAN_ICON\")"}[39m
[35m[HTTP][39m [37m<-- POST /wd/hub/session/af171e22-2f8a-4c63-96e5-7a30bc2bf5b5/elements [39m[32m200[39m [90m100 ms - 12[39m
[35m[HTTP][39m [90m[39m
[35m[HTTP][39m [37m-->[39m [37mPOST[39m [37m/wd/hub/session/af171e22-2f8a-4c63-96e5-7a30bc2bf5b5/elements[39m
[35m[HTTP][39m [90m{"using":"-android uiautomator","value":"new UiSelector().className(\"android.view.View\").text(\"MobiMartTheme.PESAN_ICON\")"}[39m
[35m[HTTP][39m [37m<-- POST /wd/hub/session/af171e22-2f8a-4c63-96e5-7a30bc2bf5b5/elements [39m[32m200[39m [90m102 ms - 12[39m
[35m[HTTP][39m [90m[39m
[35m[HTTP][39m [37m-->[39m [37mPOST[39m [37m/wd/hub/session/af171e22-2f8a-4c63-96e5-7a30bc2bf5b5/elements[39m
[35m[HTTP][39m [90m{"using":"-android uiautomator","value":"new UiSelector().className(\"android.view.View\").text(\"MobiMartTheme.PESAN_ICON\")"}[39m
[35m[HTTP][39m [37m<-- POST /wd/hub/session/af171e22-2f8a-4c63-96e5-7a30bc2bf5b5/elements [39m[32m200[39m [90m102 ms - 12[39m
[35m[HTTP][39m [90m[39m
[35m[HTTP][39m [37m-->[39m [37mPOST[39m [37m/wd/hub/session/af171e22-2f8a-4c63-96e5-7a30bc2bf5b5/elements[39m
[35m[HTTP][39m [90m{"using":"-android uiautomator","value":"new UiSelector().className(\"android.view.View\").text(\"MobiMartTheme.PESAN_ICON\")"}[39m
[35m[HTTP][39m [37m<-- POST /wd/hub/session/af171e22-2f8a-4c63-96e5-7a30bc2bf5b5/elements [39m[32m200[39m [90m3916 ms - 90[39m
[35m[HTTP][39m [90m[39m
[35m[HTTP][39m [37m-->[39m [37mGET[39m [37m/wd/hub/session/af171e22-2f8a-4c63-96e5-7a30bc2bf5b5/element/d4077988-b02c-47aa-95bf-1fb0438a4830/location[39m
[35m[HTTP][39m [90m{}[39m
[35m[W3C][39m Driver proxy active, passing request on via HTTP proxy
[35m[JSONWP Proxy][39m Replacing sessionId 5c8dc7af-e058-4f8c-b2b1-97080629a69f with af171e22-2f8a-4c63-96e5-7a30bc2bf5b5
[35m[HTTP][39m [37m<-- GET /wd/hub/session/af171e22-2f8a-4c63-96e5-7a30bc2bf5b5/element/d4077988-b02c-47aa-95bf-1fb0438a4830/location [39m[32m200[39m [90m112 ms - 89[39m
[35m[HTTP][39m [90m[39m
[35m[HTTP][39m [37m-->[39m [37mPOST[39m [37m/wd/hub/session/af171e22-2f8a-4c63-96e5-7a30bc2bf5b5/timeouts[39m
[35m[HTTP][39m [90m{"implicit":30000}[39m
[35m[HTTP][39m [37m<-- POST /wd/hub/session/af171e22-2f8a-4c63-96e5-7a30bc2bf5b5/timeouts [39m[32m200[39m [90m4 ms - 14[39m
[35m[HTTP][39m [90m[39m
[35m[HTTP][39m [37m-->[39m [37mPOST[39m [37m/wd/hub/session/af171e22-2f8a-4c63-96e5-7a30bc2bf5b5/timeouts[39m
[35m[HTTP][39m [90m{"implicit":50}[39m
[35m[HTTP][39m [37m<-- POST /wd/hub/session/af171e22-2f8a-4c63-96e5-7a30bc2bf5b5/timeouts [39m[32m200[39m [90m6 ms - 14[39m
[35m[HTTP][39m [90m[39m
[35m[HTTP][39m [37m-->[39m [37mGET[39m [37m/wd/hub/session/af171e22-2f8a-4c63-96e5-7a30bc2bf5b5/window/rect[39m
[35m[HTTP][39m [90m{}[39m
[35m[HTTP][39m [37m<-- GET /wd/hub/session/af171e22-2f8a-4c63-96e5-7a30bc2bf5b5/window/rect [39m[32m200[39m [90m37 ms - 50[39m
[35m[HTTP][39m [90m[39m
[35m[HTTP][39m [37m-->[39m [37mPOST[39m [37m/wd/hub/session/af171e22-2f8a-4c63-96e5-7a30bc2bf5b5/elements[39m
[35m[HTTP][39m [90m{"using":"-android uiautomator","value":"new UiSelector().className(\"android.view.View\").text(\"MobiMartTheme.PESAN_ICON\")"}[39m
[35m[HTTP][39m [37m<-- POST /wd/hub/session/af171e22-2f8a-4c63-96e5-7a30bc2bf5b5/elements [39m[32m200[39m [90m210 ms - 90[39m
[35m[HTTP][39m [90m[39m
[35m[HTTP][39m [37m-->[39m [37mGET[39m [37m/wd/hub/session/af171e22-2f8a-4c63-96e5-7a30bc2bf5b5/element/ae12f643-46ba-449c-8ba7-16b2450613e8/location[39m
[35m[HTTP][39m [90m{}[39m
[35m[W3C][39m Driver proxy active, passing request on via HTTP proxy
[35m[JSONWP Proxy][39m Replacing sessionId 5c8dc7af-e058-4f8c-b2b1-97080629a69f with af171e22-2f8a-4c63-96e5-7a30bc2bf5b5
[35m[HTTP][39m [37m<-- GET /wd/hub/session/af171e22-2f8a-4c63-96e5-7a30bc2bf5b5/element/ae12f643-46ba-449c-8ba7-16b2450613e8/location [39m[32m200[39m [90m82 ms - 89[39m
[35m[HTTP][39m [90m[39m
[35m[HTTP][39m [37m-->[39m [37mPOST[39m [37m/wd/hub/session/af171e22-2f8a-4c63-96e5-7a30bc2bf5b5/timeouts[39m
[35m[HTTP][39m [90m{"implicit":30000}[39m
[35m[HTTP][39m [37m<-- POST /wd/hub/session/af171e22-2f8a-4c63-96e5-7a30bc2bf5b5/timeouts [39m[32m200[39m [90m2 ms - 14[39m
[35m[HTTP][39m [90m[39m
[35m[HTTP][39m [37m-->[39m [37mPOST[39m [37m/wd/hub/session/af171e22-2f8a-4c63-96e5-7a30bc2bf5b5/touch/perform[39m
[35m[HTTP][39m [90m{"actions":[{"action":"tap","options":{"x":1,"y":1,"element":"ae12f643-46ba-449c-8ba7-16b2450613e8"}},{"action":"release","options":{}}]}[39m
[35m[UiAutomator2][39m calling get location: ae12f643-46ba-449c-8ba7-16b2450613e8
[35m[HTTP][39m [37m<-- POST /wd/hub/session/af171e22-2f8a-4c63-96e5-7a30bc2bf5b5/touch/perform [39m[32m200[39m [90m1932 ms - 14[39m
[35m[HTTP][39m [90m[39m
[35m[HTTP][39m [37m-->[39m [37mPOST[39m [37m/wd/hub/session/af171e22-2f8a-4c63-96e5-7a30bc2bf5b5/timeouts[39m
[35m[HTTP][39m [90m{"implicit":50}[39m
[35m[HTTP][39m [37m<-- POST /wd/hub/session/af171e22-2f8a-4c63-96e5-7a30bc2bf5b5/timeouts [39m[32m200[39m [90m8 ms - 14[39m
[35m[HTTP][39m [90m[39m
[35m[HTTP][39m [37m-->[39m [37mGET[39m [37m/wd/hub/session/af171e22-2f8a-4c63-96e5-7a30bc2bf5b5/window/rect[39m
[35m[HTTP][39m [90m{}[39m
[35m[HTTP][39m [37m<-- GET /wd/hub/session/af171e22-2f8a-4c63-96e5-7a30bc2bf5b5/window/rect [39m[32m200[39m [90m46 ms - 50[39m
[35m[HTTP][39m [90m[39m
[35m[HTTP][39m [37m-->[39m [37mPOST[39m [37m/wd/hub/session/af171e22-2f8a-4c63-96e5-7a30bc2bf5b5/elements[39m
[35m[HTTP][39m [90m{"using":"-android uiautomator","value":"new UiSelector().className(\"android.view.View\").text(\"Daftar Sekarang!\")"}[39m
[35m[HTTP][39m [37m<-- POST /wd/hub/session/af171e22-2f8a-4c63-96e5-7a30bc2bf5b5/elements [39m[32m200[39m [90m157 ms - 90[39m
[35m[HTTP][39m [90m[39m
[35m[HTTP][39m [37m-->[39m [37mGET[39m [37m/wd/hub/session/af171e22-2f8a-4c63-96e5-7a30bc2bf5b5/element/bcaae1b7-a871-4160-a0a1-f53d60758b6f/location[39m
[35m[HTTP][39m [90m{}[39m
[35m[W3C][39m Driver proxy active, passing request on via HTTP proxy
[35m[JSONWP Proxy][39m Replacing sessionId 5c8dc7af-e058-4f8c-b2b1-97080629a69f with af171e22-2f8a-4c63-96e5-7a30bc2bf5b5
[35m[HTTP][39m [37m<-- GET /wd/hub/session/af171e22-2f8a-4c63-96e5-7a30bc2bf5b5/element/bcaae1b7-a871-4160-a0a1-f53d60758b6f/location [39m[32m200[39m [90m68 ms - 90[39m
[35m[HTTP][39m [90m[39m
[35m[HTTP][39m [37m-->[39m [37mPOST[39m [37m/wd/hub/session/af171e22-2f8a-4c63-96e5-7a30bc2bf5b5/timeouts[39m
[35m[HTTP][39m [90m{"implicit":30000}[39m
[35m[HTTP][39m [37m<-- POST /wd/hub/session/af171e22-2f8a-4c63-96e5-7a30bc2bf5b5/timeouts [39m[32m200[39m [90m2 ms - 14[39m
[35m[HTTP][39m [90m[39m
[35m[HTTP][39m [37m-->[39m [37mPOST[39m [37m/wd/hub/session/af171e22-2f8a-4c63-96e5-7a30bc2bf5b5/touch/perform[39m
[35m[HTTP][39m [90m{"actions":[{"action":"tap","options":{"x":1,"y":1,"element":"bcaae1b7-a871-4160-a0a1-f53d60758b6f"}},{"action":"release","options":{}}]}[39m
[35m[UiAutomator2][39m calling get location: bcaae1b7-a871-4160-a0a1-f53d60758b6f
[35m[HTTP][39m [37m<-- POST /wd/hub/session/af171e22-2f8a-4c63-96e5-7a30bc2bf5b5/touch/perform [39m[32m200[39m [90m1555 ms - 14[39m
[35m[HTTP][39m [90m[39m
[35m[HTTP][39m [37m-->[39m [37mPOST[39m [37m/wd/hub/session/af171e22-2f8a-4c63-96e5-7a30bc2bf5b5/timeouts[39m
[35m[HTTP][39m [90m{"implicit":50}[39m
[35m[HTTP][39m [37m<-- POST /wd/hub/session/af171e22-2f8a-4c63-96e5-7a30bc2bf5b5/timeouts [39m[32m200[39m [90m5 ms - 14[39m
[35m[HTTP][39m [90m[39m
[35m[HTTP][39m [37m-->[39m [37mGET[39m [37m/wd/hub/session/af171e22-2f8a-4c63-96e5-7a30bc2bf5b5/window/rect[39m
[35m[HTTP][39m [90m{}[39m
[35m[HTTP][39m [37m<-- GET /wd/hub/session/af171e22-2f8a-4c63-96e5-7a30bc2bf5b5/window/rect [39m[32m200[39m [90m46 ms - 50[39m
[35m[HTTP][39m [90m[39m
[35m[HTTP][39m [37m-->[39m [37mPOST[39m [37m/wd/hub/session/af171e22-2f8a-4c63-96e5-7a30bc2bf5b5/elements[39m
[35m[HTTP][39m [90m{"using":"-android uiautomator","value":"new UiSelector().className(\"android.widget.EditText\").resourceId(\"b2-Input_Username\")"}[39m
[35m[HTTP][39m [37m<-- POST /wd/hub/session/af171e22-2f8a-4c63-96e5-7a30bc2bf5b5/elements [39m[32m200[39m [90m224 ms - 90[39m
[35m[HTTP][39m [90m[39m
[35m[HTTP][39m [37m-->[39m [37mGET[39m [37m/wd/hub/session/af171e22-2f8a-4c63-96e5-7a30bc2bf5b5/element/c152798a-0771-44d5-9810-c458f9da7b5e/location[39m
[35m[HTTP][39m [90m{}[39m
[35m[W3C][39m Driver proxy active, passing request on via HTTP proxy
[35m[JSONWP Proxy][39m Replacing sessionId 5c8dc7af-e058-4f8c-b2b1-97080629a69f with af171e22-2f8a-4c63-96e5-7a30bc2bf5b5
[35m[HTTP][39m [37m<-- GET /wd/hub/session/af171e22-2f8a-4c63-96e5-7a30bc2bf5b5/element/c152798a-0771-44d5-9810-c458f9da7b5e/location [39m[32m200[39m [90m78 ms - 89[39m
[35m[HTTP][39m [90m[39m
[35m[HTTP][39m [37m-->[39m [37mPOST[39m [37m/wd/hub/session/af171e22-2f8a-4c63-96e5-7a30bc2bf5b5/timeouts[39m
[35m[HTTP][39m [90m{"implicit":30000}[39m
[35m[HTTP][39m [37m<-- POST /wd/hub/session/af171e22-2f8a-4c63-96e5-7a30bc2bf5b5/timeouts [39m[32m200[39m [90m4 ms - 14[39m
[35m[HTTP][39m [90m[39m
[35m[HTTP][39m [37m-->[39m [37mPOST[39m [37m/wd/hub/session/af171e22-2f8a-4c63-96e5-7a30bc2bf5b5/element/c152798a-0771-44d5-9810-c458f9da7b5e/clear[39m
[35m[HTTP][39m [90m{"id":"c152798a-0771-44d5-9810-c458f9da7b5e"}[39m
[35m[HTTP][39m [37m<-- POST /wd/hub/session/af171e22-2f8a-4c63-96e5-7a30bc2bf5b5/element/c152798a-0771-44d5-9810-c458f9da7b5e/clear [39m[32m200[39m [90m103 ms - 27[39m
[35m[HTTP][39m [90m[39m
[35m[HTTP][39m [37m-->[39m [37mPOST[39m [37m/wd/hub/session/af171e22-2f8a-4c63-96e5-7a30bc2bf5b5/element/c152798a-0771-44d5-9810-c458f9da7b5e/value[39m
[35m[HTTP][39m [90m{"id":"c152798a-0771-44d5-9810-c458f9da7b5e","text":"lieton35","value":["l","i","e","t","o","n","3","5"]}[39m
[35m[HTTP][39m [37m<-- POST /wd/hub/session/af171e22-2f8a-4c63-96e5-7a30bc2bf5b5/element/c152798a-0771-44d5-9810-c458f9da7b5e/value [39m[32m200[39m [90m928 ms - 12[39m
[35m[HTTP][39m [90m[39m
[35m[HTTP][39m [37m-->[39m [37mPOST[39m [37m/wd/hub/session/af171e22-2f8a-4c63-96e5-7a30bc2bf5b5/timeouts[39m
[35m[HTTP][39m [90m{"implicit":50}[39m
[35m[HTTP][39m [37m<-- POST /wd/hub/session/af171e22-2f8a-4c63-96e5-7a30bc2bf5b5/timeouts [39m[32m200[39m [90m4 ms - 14[39m
[35m[HTTP][39m [90m[39m
[35m[HTTP][39m [37m-->[39m [37mGET[39m [37m/wd/hub/session/af171e22-2f8a-4c63-96e5-7a30bc2bf5b5/window/rect[39m
[35m[HTTP][39m [90m{}[39m
[35m[HTTP][39m [37m<-- GET /wd/hub/session/af171e22-2f8a-4c63-96e5-7a30bc2bf5b5/window/rect [39m[32m200[39m [90m41 ms - 50[39m
[35m[HTTP][39m [90m[39m
[35m[HTTP][39m [37m-->[39m [37mPOST[39m [37m/wd/hub/session/af171e22-2f8a-4c63-96e5-7a30bc2bf5b5/elements[39m
[35m[HTTP][39m [90m{"using":"-android uiautomator","value":"new UiSelector().className(\"android.widget.EditText\").resourceId(\"b2-Input_Nama\")"}[39m
[35m[HTTP][39m [37m<-- POST /wd/hub/session/af171e22-2f8a-4c63-96e5-7a30bc2bf5b5/elements [39m[32m200[39m [90m586 ms - 90[39m
[35m[HTTP][39m [90m[39m
[35m[HTTP][39m [37m-->[39m [37mGET[39m [37m/wd/hub/session/af171e22-2f8a-4c63-96e5-7a30bc2bf5b5/element/bea7af33-afdc-4737-9e23-043d047033c7/location[39m
[35m[HTTP][39m [90m{}[39m
[35m[W3C][39m Driver proxy active, passing request on via HTTP proxy
[35m[JSONWP Proxy][39m Replacing sessionId 5c8dc7af-e058-4f8c-b2b1-97080629a69f with af171e22-2f8a-4c63-96e5-7a30bc2bf5b5
[35m[HTTP][39m [37m<-- GET /wd/hub/session/af171e22-2f8a-4c63-96e5-7a30bc2bf5b5/element/bea7af33-afdc-4737-9e23-043d047033c7/location [39m[32m200[39m [90m70 ms - 89[39m
[35m[HTTP][39m [90m[39m
[35m[HTTP][39m [37m-->[39m [37mPOST[39m [37m/wd/hub/session/af171e22-2f8a-4c63-96e5-7a30bc2bf5b5/timeouts[39m
[35m[HTTP][39m [90m{"implicit":30000}[39m
[35m[HTTP][39m [37m<-- POST /wd/hub/session/af171e22-2f8a-4c63-96e5-7a30bc2bf5b5/timeouts [39m[32m200[39m [90m2 ms - 14[39m
[35m[HTTP][39m [90m[39m
[35m[HTTP][39m [37m-->[39m [37mPOST[39m [37m/wd/hub/session/af171e22-2f8a-4c63-96e5-7a30bc2bf5b5/element/bea7af33-afdc-4737-9e23-043d047033c7/clear[39m
[35m[HTTP][39m [90m{"id":"bea7af33-afdc-4737-9e23-043d047033c7"}[39m
[35m[HTTP][39m [37m<-- POST /wd/hub/session/af171e22-2f8a-4c63-96e5-7a30bc2bf5b5/element/bea7af33-afdc-4737-9e23-043d047033c7/clear [39m[32m200[39m [90m71 ms - 27[39m
[35m[HTTP][39m [90m[39m
[35m[HTTP][39m [37m-->[39m [37mPOST[39m [37m/wd/hub/session/af171e22-2f8a-4c63-96e5-7a30bc2bf5b5/element/bea7af33-afdc-4737-9e23-043d047033c7/value[39m
[35m[HTTP][39m [90m{"id":"bea7af33-afdc-4737-9e23-043d047033c7","text":"Hartono Rasli","value":["H","a","r","t","o","n","o"," ","R","a","s","l","i"]}[39m
[35m[HTTP][39m [37m<-- POST /wd/hub/session/af171e22-2f8a-4c63-96e5-7a30bc2bf5b5/element/bea7af33-afdc-4737-9e23-043d047033c7/value [39m[32m200[39m [90m949 ms - 12[39m
[35m[HTTP][39m [90m[39m
[35m[HTTP][39m [37m-->[39m [37mPOST[39m [37m/wd/hub/session/af171e22-2f8a-4c63-96e5-7a30bc2bf5b5/timeouts[39m
[35m[HTTP][39m [90m{"implicit":50}[39m
[35m[HTTP][39m [37m<-- POST /wd/hub/session/af171e22-2f8a-4c63-96e5-7a30bc2bf5b5/timeouts [39m[32m200[39m [90m4 ms - 14[39m
[35m[HTTP][39m [90m[39m
[35m[HTTP][39m [37m-->[39m [37mGET[39m [37m/wd/hub/session/af171e22-2f8a-4c63-96e5-7a30bc2bf5b5/window/rect[39m
[35m[HTTP][39m [90m{}[39m
[35m[HTTP][39m [37m<-- GET /wd/hub/session/af171e22-2f8a-4c63-96e5-7a30bc2bf5b5/window/rect [39m[32m200[39m [90m34 ms - 50[39m
[35m[HTTP][39m [90m[39m
[35m[HTTP][39m [37m-->[39m [37mPOST[39m [37m/wd/hub/session/af171e22-2f8a-4c63-96e5-7a30bc2bf5b5/elements[39m
[35m[HTTP][39m [90m{"using":"-android uiautomator","value":"new UiSelector().className(\"android.widget.EditText\").resourceId(\"b2-Input_Email\")"}[39m
[35m[HTTP][39m [37m<-- POST /wd/hub/session/af171e22-2f8a-4c63-96e5-7a30bc2bf5b5/elements [39m[32m200[39m [90m589 ms - 90[39m
[35m[HTTP][39m [90m[39m
[35m[HTTP][39m [37m-->[39m [37mGET[39m [37m/wd/hub/session/af171e22-2f8a-4c63-96e5-7a30bc2bf5b5/element/f9809afa-4932-453f-88e8-74e4fc0eff07/location[39m
[35m[HTTP][39m [90m{}[39m
[35m[W3C][39m Driver proxy active, passing request on via HTTP proxy
[35m[JSONWP Proxy][39m Replacing sessionId 5c8dc7af-e058-4f8c-b2b1-97080629a69f with af171e22-2f8a-4c63-96e5-7a30bc2bf5b5
[35m[HTTP][39m [37m<-- GET /wd/hub/session/af171e22-2f8a-4c63-96e5-7a30bc2bf5b5/element/f9809afa-4932-453f-88e8-74e4fc0eff07/location [39m[32m200[39m [90m65 ms - 89[39m
[35m[HTTP][39m [90m[39m
[35m[HTTP][39m [37m-->[39m [37mPOST[39m [37m/wd/hub/session/af171e22-2f8a-4c63-96e5-7a30bc2bf5b5/timeouts[39m
[35m[HTTP][39m [90m{"implicit":30000}[39m
[35m[HTTP][39m [37m<-- POST /wd/hub/session/af171e22-2f8a-4c63-96e5-7a30bc2bf5b5/timeouts [39m[32m200[39m [90m3 ms - 14[39m
[35m[HTTP][39m [90m[39m
[35m[HTTP][39m [37m-->[39m [37mPOST[39m [37m/wd/hub/session/af171e22-2f8a-4c63-96e5-7a30bc2bf5b5/element/f9809afa-4932-453f-88e8-74e4fc0eff07/clear[39m
[35m[HTTP][39m [90m{"id":"f9809afa-4932-453f-88e8-74e4fc0eff07"}[39m
[35m[HTTP][39m [37m<-- POST /wd/hub/session/af171e22-2f8a-4c63-96e5-7a30bc2bf5b5/element/f9809afa-4932-453f-88e8-74e4fc0eff07/clear [39m[32m200[39m [90m72 ms - 27[39m
[35m[HTTP][39m [90m[39m
[35m[HTTP][39m [37m-->[39m [37mPOST[39m [37m/wd/hub/session/af171e22-2f8a-4c63-96e5-7a30bc2bf5b5/element/f9809afa-4932-453f-88e8-74e4fc0eff07/value[39m
[35m[HTTP][39m [90m{"id":"f9809afa-4932-453f-88e8-74e4fc0eff07","text":"applicationtester78@mailinator.com","value":["a","p","p","l","i","c","a","t","i","o","n","t","e","s","t","e","r","7","8","@","m","a","i","l","i","n","a","t","o","r",".","c","o","m"]}[39m
[35m[HTTP][39m [37m<-- POST /wd/hub/session/af171e22-2f8a-4c63-96e5-7a30bc2bf5b5/element/f9809afa-4932-453f-88e8-74e4fc0eff07/value [39m[32m200[39m [90m1139 ms - 12[39m
[35m[HTTP][39m [90m[39m
[35m[HTTP][39m [37m-->[39m [37mPOST[39m [37m/wd/hub/session/af171e22-2f8a-4c63-96e5-7a30bc2bf5b5/timeouts[39m
[35m[HTTP][39m [90m{"implicit":50}[39m
[35m[HTTP][39m [37m<-- POST /wd/hub/session/af171e22-2f8a-4c63-96e5-7a30bc2bf5b5/timeouts [39m[32m200[39m [90m4 ms - 14[39m
[35m[HTTP][39m [90m[39m
[35m[HTTP][39m [37m-->[39m [37mGET[39m [37m/wd/hub/session/af171e22-2f8a-4c63-96e5-7a30bc2bf5b5/window/rect[39m
[35m[HTTP][39m [90m{}[39m
[35m[HTTP][39m [37m<-- GET /wd/hub/session/af171e22-2f8a-4c63-96e5-7a30bc2bf5b5/window/rect [39m[32m200[39m [90m45 ms - 50[39m
[35m[HTTP][39m [90m[39m
[35m[HTTP][39m [37m-->[39m [37mPOST[39m [37m/wd/hub/session/af171e22-2f8a-4c63-96e5-7a30bc2bf5b5/elements[39m
[35m[HTTP][39m [90m{"using":"-android uiautomator","value":"new UiSelector().className(\"android.widget.EditText\").resourceId(\"b2-Input_Password\")"}[39m
[35m[HTTP][39m [37m<-- POST /wd/hub/session/af171e22-2f8a-4c63-96e5-7a30bc2bf5b5/elements [39m[32m200[39m [90m594 ms - 90[39m
[35m[HTTP][39m [90m[39m
[35m[HTTP][39m [37m-->[39m [37mGET[39m [37m/wd/hub/session/af171e22-2f8a-4c63-96e5-7a30bc2bf5b5/element/140d269d-5345-4eef-b20d-d17930dd3c25/location[39m
[35m[HTTP][39m [90m{}[39m
[35m[W3C][39m Driver proxy active, passing request on via HTTP proxy
[35m[JSONWP Proxy][39m Replacing sessionId 5c8dc7af-e058-4f8c-b2b1-97080629a69f with af171e22-2f8a-4c63-96e5-7a30bc2bf5b5
[35m[HTTP][39m [37m<-- GET /wd/hub/session/af171e22-2f8a-4c63-96e5-7a30bc2bf5b5/element/140d269d-5345-4eef-b20d-d17930dd3c25/location [39m[32m200[39m [90m65 ms - 90[39m
[35m[HTTP][39m [90m[39m
[35m[HTTP][39m [37m-->[39m [37mPOST[39m [37m/wd/hub/session/af171e22-2f8a-4c63-96e5-7a30bc2bf5b5/timeouts[39m
[35m[HTTP][39m [90m{"implicit":30000}[39m
[35m[HTTP][39m [37m<-- POST /wd/hub/session/af171e22-2f8a-4c63-96e5-7a30bc2bf5b5/timeouts [39m[32m200[39m [90m4 ms - 14[39m
[35m[HTTP][39m [90m[39m
[35m[HTTP][39m [37m-->[39m [37mPOST[39m [37m/wd/hub/session/af171e22-2f8a-4c63-96e5-7a30bc2bf5b5/element/140d269d-5345-4eef-b20d-d17930dd3c25/clear[39m
[35m[HTTP][39m [90m{"id":"140d269d-5345-4eef-b20d-d17930dd3c25"}[39m
[35m[HTTP][39m [37m<-- POST /wd/hub/session/af171e22-2f8a-4c63-96e5-7a30bc2bf5b5/element/140d269d-5345-4eef-b20d-d17930dd3c25/clear [39m[32m200[39m [90m71 ms - 27[39m
[35m[HTTP][39m [90m[39m
[35m[HTTP][39m [37m-->[39m [37mPOST[39m [37m/wd/hub/session/af171e22-2f8a-4c63-96e5-7a30bc2bf5b5/element/140d269d-5345-4eef-b20d-d17930dd3c25/value[39m
[35m[HTTP][39m [90m{"id":"140d269d-5345-4eef-b20d-d17930dd3c25","text":"Application1","value":["A","p","p","l","i","c","a","t","i","o","n","1"]}[39m
[35m[HTTP][39m [37m<-- POST /wd/hub/session/af171e22-2f8a-4c63-96e5-7a30bc2bf5b5/element/140d269d-5345-4eef-b20d-d17930dd3c25/value [39m[32m200[39m [90m870 ms - 12[39m
[35m[HTTP][39m [90m[39m
[35m[HTTP][39m [37m-->[39m [37mPOST[39m [37m/wd/hub/session/af171e22-2f8a-4c63-96e5-7a30bc2bf5b5/timeouts[39m
[35m[HTTP][39m [90m{"implicit":50}[39m
[35m[HTTP][39m [37m<-- POST /wd/hub/session/af171e22-2f8a-4c63-96e5-7a30bc2bf5b5/timeouts [39m[32m200[39m [90m4 ms - 14[39m
[35m[HTTP][39m [90m[39m
[35m[HTTP][39m [37m-->[39m [37mGET[39m [37m/wd/hub/session/af171e22-2f8a-4c63-96e5-7a30bc2bf5b5/window/rect[39m
[35m[HTTP][39m [90m{}[39m
[35m[HTTP][39m [37m<-- GET /wd/hub/session/af171e22-2f8a-4c63-96e5-7a30bc2bf5b5/window/rect [39m[32m200[39m [90m51 ms - 50[39m
[35m[HTTP][39m [90m[39m
[35m[HTTP][39m [37m-->[39m [37mPOST[39m [37m/wd/hub/session/af171e22-2f8a-4c63-96e5-7a30bc2bf5b5/elements[39m
[35m[HTTP][39m [90m{"using":"-android uiautomator","value":"new UiSelector().className(\"android.widget.EditText\").resourceId(\"b2-Input_KonfirmasiPassword\")"}[39m
[35m[HTTP][39m [37m<-- POST /wd/hub/session/af171e22-2f8a-4c63-96e5-7a30bc2bf5b5/elements [39m[32m200[39m [90m594 ms - 90[39m
[35m[HTTP][39m [90m[39m
[35m[HTTP][39m [37m-->[39m [37mGET[39m [37m/wd/hub/session/af171e22-2f8a-4c63-96e5-7a30bc2bf5b5/element/4582be5b-4682-497c-af5f-3f3233f37f59/location[39m
[35m[HTTP][39m [90m{}[39m
[35m[W3C][39m Driver proxy active, passing request on via HTTP proxy
[35m[JSONWP Proxy][39m Replacing sessionId 5c8dc7af-e058-4f8c-b2b1-97080629a69f with af171e22-2f8a-4c63-96e5-7a30bc2bf5b5
[35m[HTTP][39m [37m<-- GET /wd/hub/session/af171e22-2f8a-4c63-96e5-7a30bc2bf5b5/element/4582be5b-4682-497c-af5f-3f3233f37f59/location [39m[32m200[39m [90m64 ms - 90[39m
[35m[HTTP][39m [90m[39m
[35m[HTTP][39m [37m-->[39m [37mPOST[39m [37m/wd/hub/session/af171e22-2f8a-4c63-96e5-7a30bc2bf5b5/timeouts[39m
[35m[HTTP][39m [90m{"implicit":30000}[39m
[35m[HTTP][39m [37m<-- POST /wd/hub/session/af171e22-2f8a-4c63-96e5-7a30bc2bf5b5/timeouts [39m[32m200[39m [90m3 ms - 14[39m
[35m[HTTP][39m [90m[39m
[35m[HTTP][39m [37m-->[39m [37mPOST[39m [37m/wd/hub/session/af171e22-2f8a-4c63-96e5-7a30bc2bf5b5/element/4582be5b-4682-497c-af5f-3f3233f37f59/clear[39m
[35m[HTTP][39m [90m{"id":"4582be5b-4682-497c-af5f-3f3233f37f59"}[39m
[35m[HTTP][39m [37m<-- POST /wd/hub/session/af171e22-2f8a-4c63-96e5-7a30bc2bf5b5/element/4582be5b-4682-497c-af5f-3f3233f37f59/clear [39m[32m200[39m [90m81 ms - 27[39m
[35m[HTTP][39m [90m[39m
[35m[HTTP][39m [37m-->[39m [37mPOST[39m [37m/wd/hub/session/af171e22-2f8a-4c63-96e5-7a30bc2bf5b5/element/4582be5b-4682-497c-af5f-3f3233f37f59/value[39m
[35m[HTTP][39m [90m{"id":"4582be5b-4682-497c-af5f-3f3233f37f59","text":"Application1","value":["A","p","p","l","i","c","a","t","i","o","n","1"]}[39m
[35m[HTTP][39m [37m<-- POST /wd/hub/session/af171e22-2f8a-4c63-96e5-7a30bc2bf5b5/element/4582be5b-4682-497c-af5f-3f3233f37f59/value [39m[32m200[39m [90m865 ms - 12[39m
[35m[HTTP][39m [90m[39m
[35m[HTTP][39m [37m-->[39m [37mPOST[39m [37m/wd/hub/session/af171e22-2f8a-4c63-96e5-7a30bc2bf5b5/timeouts[39m
[35m[HTTP][39m [90m{"implicit":50}[39m
[35m[HTTP][39m [37m<-- POST /wd/hub/session/af171e22-2f8a-4c63-96e5-7a30bc2bf5b5/timeouts [39m[32m200[39m [90m2 ms - 14[39m
[35m[HTTP][39m [90m[39m
[35m[HTTP][39m [37m-->[39m [37mGET[39m [37m/wd/hub/session/af171e22-2f8a-4c63-96e5-7a30bc2bf5b5/window/rect[39m
[35m[HTTP][39m [90m{}[39m
[35m[HTTP][39m [37m<-- GET /wd/hub/session/af171e22-2f8a-4c63-96e5-7a30bc2bf5b5/window/rect [39m[32m200[39m [90m35 ms - 50[39m
[35m[HTTP][39m [90m[39m
[35m[HTTP][39m [37m-->[39m [37mPOST[39m [37m/wd/hub/session/af171e22-2f8a-4c63-96e5-7a30bc2bf5b5/elements[39m
[35m[HTTP][39m [90m{"using":"-android uiautomator","value":"new UiSelector().className(\"android.widget.EditText\").resourceId(\"b2-Input_Phone\")"}[39m
[35m[HTTP][39m [37m<-- POST /wd/hub/session/af171e22-2f8a-4c63-96e5-7a30bc2bf5b5/elements [39m[32m200[39m [90m604 ms - 90[39m
[35m[HTTP][39m [90m[39m
[35m[HTTP][39m [37m-->[39m [37mGET[39m [37m/wd/hub/session/af171e22-2f8a-4c63-96e5-7a30bc2bf5b5/element/62ab73a5-d068-4dab-b1b0-bcd69df494f1/location[39m
[35m[HTTP][39m [90m{}[39m
[35m[W3C][39m Driver proxy active, passing request on via HTTP proxy
[35m[JSONWP Proxy][39m Replacing sessionId 5c8dc7af-e058-4f8c-b2b1-97080629a69f with af171e22-2f8a-4c63-96e5-7a30bc2bf5b5
[35m[HTTP][39m [37m<-- GET /wd/hub/session/af171e22-2f8a-4c63-96e5-7a30bc2bf5b5/element/62ab73a5-d068-4dab-b1b0-bcd69df494f1/location [39m[32m200[39m [90m68 ms - 90[39m
[35m[HTTP][39m [90m[39m
[35m[HTTP][39m [37m-->[39m [37mPOST[39m [37m/wd/hub/session/af171e22-2f8a-4c63-96e5-7a30bc2bf5b5/timeouts[39m
[35m[HTTP][39m [90m{"implicit":30000}[39m
[35m[HTTP][39m [37m<-- POST /wd/hub/session/af171e22-2f8a-4c63-96e5-7a30bc2bf5b5/timeouts [39m[32m200[39m [90m3 ms - 14[39m
[35m[HTTP][39m [90m[39m
[35m[HTTP][39m [37m-->[39m [37mPOST[39m [37m/wd/hub/session/af171e22-2f8a-4c63-96e5-7a30bc2bf5b5/element/62ab73a5-d068-4dab-b1b0-bcd69df494f1/clear[39m
[35m[HTTP][39m [90m{"id":"62ab73a5-d068-4dab-b1b0-bcd69df494f1"}[39m
[35m[HTTP][39m [37m<-- POST /wd/hub/session/af171e22-2f8a-4c63-96e5-7a30bc2bf5b5/element/62ab73a5-d068-4dab-b1b0-bcd69df494f1/clear [39m[32m200[39m [90m70 ms - 27[39m
[35m[HTTP][39m [90m[39m
[35m[HTTP][39m [37m-->[39m [37mPOST[39m [37m/wd/hub/session/af171e22-2f8a-4c63-96e5-7a30bc2bf5b5/element/62ab73a5-d068-4dab-b1b0-bcd69df494f1/value[39m
[35m[HTTP][39m [90m{"id":"62ab73a5-d068-4dab-b1b0-bcd69df494f1","text":"082297476950","value":["0","8","2","2","9","7","4","7","6","9","5","0"]}[39m
[35m[HTTP][39m [37m<-- POST /wd/hub/session/af171e22-2f8a-4c63-96e5-7a30bc2bf5b5/element/62ab73a5-d068-4dab-b1b0-bcd69df494f1/value [39m[32m200[39m [90m899 ms - 12[39m
[35m[HTTP][39m [90m[39m
[35m[HTTP][39m [37m-->[39m [37mDELETE[39m [37m/wd/hub/session/af171e22-2f8a-4c63-96e5-7a30bc2bf5b5[39m
[35m[HTTP][39m [90m{}[39m
[35m[Appium][39m Removing session af171e22-2f8a-4c63-96e5-7a30bc2bf5b5 from our master session list
[35m[ADB][39m com.outsystemsenterprise.acctst1.ACCMart was successfully uninstalled
[35m[HTTP][39m [37m<-- DELETE /wd/hub/session/af171e22-2f8a-4c63-96e5-7a30bc2bf5b5 [39m[32m200[39m [90m3255 ms - 14[39m
[35m[HTTP][39m [90m[39m
