[35m[Appium][39m Welcome to Appium v1.8.1
[35m[Appium][39m Non-default server args:
[35m[Appium][39m   port: 59903
[35m[Appium][39m   loglevel: info
[35m[Appium][39m   chromeDriverPort: 59904
[35m[Appium][39m   tmpDir: C:\Users\lieto\AppData\Local\Temp\\Katalon\Appium\Temp1566211851446
[35m[Appium][39m Appium REST http interface listener started on 0.0.0.0:59903
[35m[HTTP][39m [37m-->[39m [37mGET[39m [37m/wd/hub/status[39m
[35m[HTTP][39m [90m{}[39m
[35m[HTTP][39m [37m<-- GET /wd/hub/status [39m[32m200[39m [90m16 ms - 83[39m
[35m[HTTP][39m [90m[39m
[35m[HTTP][39m [37m-->[39m [37mPOST[39m [37m/wd/hub/session[39m
[35m[HTTP][39m [90m{"desiredCapabilities":{"app":"D:\\State's Secret\\Internsheeepppppp\\Project\\accmart.apk","noReset":false,"newCommandTimeout":1800,"platformVersion":"9","automationName":"uiautomator2","autoGrantPermissions":true,"platformName":"Android","udid":"32008eeec002a5eb","deviceName":"samsung SM-A750GN (Android 9)","fullReset":true,"platform":"ANDROID"},"capabilities":{"firstMatch":[{"appium:app":"D:\\State's Secret\\Internsheeepppppp\\Project\\accmart.apk","appium:autoGrantPermissions":true,"appium:automationName":"uiautomator2","appium:deviceName":"samsung SM-A750GN (Android 9)","appium:fullReset":true,"appium:newCommandTimeout":1800,"appium:noReset":false,"platform":"ANDROID","platformName":"android","appium:platformVersion":"9","appium:udid":"32008eeec002a5eb"}]}}[39m
[35m[BaseDriver][39m The capabilities ["platform"] are not standard capabilities and should have an extension prefix
[35m[Appium][39m Creating new AndroidUiautomator2Driver (v1.12.0) session
[35m[Appium][39m Capabilities:
[35m[Appium][39m   platform: ANDROID
[35m[Appium][39m   platformName: android
[35m[Appium][39m   app: D:\State's Secret\Internsheeepppppp\Project\accmart.apk
[35m[Appium][39m   autoGrantPermissions: true
[35m[Appium][39m   automationName: uiautomator2
[35m[Appium][39m   deviceName: samsung SM-A750GN (Android 9)
[35m[Appium][39m   fullReset: true
[35m[Appium][39m   newCommandTimeout: 1800
[35m[Appium][39m   noReset: false
[35m[Appium][39m   platformVersion: 9
[35m[Appium][39m   udid: 32008eeec002a5eb
[35m[BaseDriver][39m The following capabilities were provided, but are not recognized by appium: platform.
[35m[BaseDriver][39m Session created with session id: f1782519-b4fd-4f84-ac81-67b25bd6742e
[35m[BaseDriver][39m Using local app 'D:\State's Secret\Internsheeepppppp\Project\accmart.apk'
[35m[AndroidDriver][39m Java version is: 1.8.0_181
[35m[ADB][39m Checking whether adb is present
[35m[ADB][39m Found 1 'build-tools' folders under 'C:\Users\lieto\.katalon\tools\android_sdk' (newest first):
[35m[ADB][39m     C:/Users/lieto/.katalon/tools/android_sdk/build-tools/29.0.2
[35m[ADB][39m Using adb.exe from C:\Users\lieto\.katalon\tools\android_sdk\platform-tools\adb.exe
[35m[AndroidDriver][39m Retrieving device list
[35m[AndroidDriver][39m Using device: 32008eeec002a5eb
[35m[ADB][39m Using the alternative activity name detection method because of: Could not find apkanalyzer.bat in C:\Users\lieto\.katalon\tools\android_sdk\platform-tools\apkanalyzer.bat,C:\Users\lieto\.katalon\tools\android_sdk\emulator\apkanalyzer.bat,C:\Users\lieto\.katalon\tools\android_sdk\tools\apkanalyzer.bat,C:\Users\lieto\.katalon\tools\android_sdk\tools\bin\apkanalyzer.bat,C:\Users\lieto\.katalon\tools\android_sdk\build-tools\29.0.2\apkanalyzer.bat. Do you have the Android SDK installed at 'C:\Users\lieto\.katalon\tools\android_sdk'?
[35m[ADB][39m Checking whether aapt is present
[35m[ADB][39m Using aapt.exe from C:\Users\lieto\.katalon\tools\android_sdk\build-tools\29.0.2\aapt.exe
[35m[ADB][39m Extracting package and launch activity from manifest
[35m[ADB][39m Package name: 'com.outsystemsenterprise.acctst1.ACCMart'
[35m[ADB][39m Main activity name: 'com.outsystemsenterprise.acctst1.ACCMart.MainActivity'
[35m[ADB][39m Getting device platform version
[35m[ADB][39m Using apksigner.bat from C:\Users\lieto\.katalon\tools\android_sdk\build-tools\29.0.2\apksigner.bat
[35m[ADB][39m Cannot read version codes of 'C:\Users\lieto\AppData\Roaming\npm\node_modules\appium\node_modules\appium-uiautomator2-server\apks\appium-uiautomator2-server-debug-androidTest.apk' and/or 'io.appium.uiautomator2.server.test'
[35m[ADB][39m Cannot read version names of 'C:\Users\lieto\AppData\Roaming\npm\node_modules\appium\node_modules\appium-uiautomator2-server\apks\appium-uiautomator2-server-debug-androidTest.apk' and/or 'io.appium.uiautomator2.server.test'. Assuming correct app version is already installed
[35m[AndroidDriver][39m setDeviceLanguageCountry requires language or country.
[35m[AndroidDriver][39m Got language: 'null' and country: 'null'
[35m[ADB][39m Successfully extracted 43 strings from 'D:\State's Secret\Internsheeepppppp\Project\accmart.apk' resources for '(default)' configuration
[35m[ADB][39m com.outsystemsenterprise.acctst1.ACCMart was not uninstalled, because it was not present on the device
[35m[UiAutomator2][39m Starting uiautomator2 server 1.12.0
[35m[UiAutomator2][39m Using UIAutomator2 server from 'C:\Users\lieto\AppData\Roaming\npm\node_modules\appium\node_modules\appium-uiautomator2-server\apks\appium-uiautomator2-server-v1.12.0.apk' and test from 'C:\Users\lieto\AppData\Roaming\npm\node_modules\appium\node_modules\appium-uiautomator2-server\apks\appium-uiautomator2-server-debug-androidTest.apk'
[35m[UiAutomator2][39m Running command: 'adb -s 32008eeec002a5eb shell am instrument -w io.appium.uiautomator2.server.test/android.support.test.runner.AndroidJUnitRunner'
[35m[UiAutomator2][39m Waiting up to 20000ms for UiAutomator2 to be online...
[35m[AndroidDriver][39m Screen already unlocked, doing nothing
[35m[UiAutomator2][39m UiAutomator2 did not start the activity we were waiting for, 'com.outsystemsenterprise.acctst1.ACCMart/com.outsystemsenterprise.acctst1.ACCMart.MainActivity'. Starting it ourselves
[35m[Appium][39m New AndroidUiautomator2Driver session created successfully, session f1782519-b4fd-4f84-ac81-67b25bd6742e added to master session list
[35m[HTTP][39m [37m<-- POST /wd/hub/session [39m[32m200[39m [90m95448 ms - 1225[39m
[35m[HTTP][39m [90m[39m
[35m[HTTP][39m [37m-->[39m [37mGET[39m [37m/wd/hub/session/f1782519-b4fd-4f84-ac81-67b25bd6742e[39m
[35m[HTTP][39m [90m{}[39m
[35m[HTTP][39m [37m<-- GET /wd/hub/session/f1782519-b4fd-4f84-ac81-67b25bd6742e [39m[32m200[39m [90m47 ms - 1157[39m
[35m[HTTP][39m [90m[39m
[35m[HTTP][39m [37m-->[39m [37mGET[39m [37m/wd/hub/session/f1782519-b4fd-4f84-ac81-67b25bd6742e[39m
[35m[HTTP][39m [90m{}[39m
[35m[HTTP][39m [37m<-- GET /wd/hub/session/f1782519-b4fd-4f84-ac81-67b25bd6742e [39m[32m200[39m [90m39 ms - 1157[39m
[35m[HTTP][39m [90m[39m
[35m[HTTP][39m [37m-->[39m [37mGET[39m [37m/wd/hub/status[39m
[35m[HTTP][39m [90m{}[39m
[35m[HTTP][39m [37m<-- GET /wd/hub/status [39m[32m200[39m [90m8 ms - 55[39m
[35m[HTTP][39m [90m[39m
[35m[HTTP][39m [37m-->[39m [37mPOST[39m [37m/wd/hub/session/f1782519-b4fd-4f84-ac81-67b25bd6742e/timeouts[39m
[35m[HTTP][39m [90m{"implicit":30000}[39m
[35m[HTTP][39m [37m<-- POST /wd/hub/session/f1782519-b4fd-4f84-ac81-67b25bd6742e/timeouts [39m[32m200[39m [90m11 ms - 14[39m
[35m[HTTP][39m [90m[39m
[35m[HTTP][39m [37m-->[39m [37mPOST[39m [37m/wd/hub/session/f1782519-b4fd-4f84-ac81-67b25bd6742e/timeouts[39m
[35m[HTTP][39m [90m{"implicit":50}[39m
[35m[HTTP][39m [37m<-- POST /wd/hub/session/f1782519-b4fd-4f84-ac81-67b25bd6742e/timeouts [39m[32m200[39m [90m4 ms - 14[39m
[35m[HTTP][39m [90m[39m
[35m[HTTP][39m [37m-->[39m [37mGET[39m [37m/wd/hub/session/f1782519-b4fd-4f84-ac81-67b25bd6742e/window/rect[39m
[35m[HTTP][39m [90m{}[39m
[35m[HTTP][39m [37m<-- GET /wd/hub/session/f1782519-b4fd-4f84-ac81-67b25bd6742e/window/rect [39m[32m200[39m [90m110 ms - 50[39m
[35m[HTTP][39m [90m[39m
[35m[HTTP][39m [37m-->[39m [37mPOST[39m [37m/wd/hub/session/f1782519-b4fd-4f84-ac81-67b25bd6742e/elements[39m
[35m[HTTP][39m [90m{"using":"-android uiautomator","value":"new UiSelector().className(\"android.view.View\").text(\"MobiMartTheme.PESAN_ICON\")"}[39m
[35m[HTTP][39m [37m<-- POST /wd/hub/session/f1782519-b4fd-4f84-ac81-67b25bd6742e/elements [39m[32m200[39m [90m249 ms - 12[39m
[35m[HTTP][39m [90m[39m
[35m[HTTP][39m [37m-->[39m [37mPOST[39m [37m/wd/hub/session/f1782519-b4fd-4f84-ac81-67b25bd6742e/elements[39m
[35m[HTTP][39m [90m{"using":"-android uiautomator","value":"new UiSelector().className(\"android.view.View\").text(\"MobiMartTheme.PESAN_ICON\")"}[39m
[35m[HTTP][39m [37m<-- POST /wd/hub/session/f1782519-b4fd-4f84-ac81-67b25bd6742e/elements [39m[32m200[39m [90m660 ms - 12[39m
[35m[HTTP][39m [90m[39m
[35m[HTTP][39m [37m-->[39m [37mPOST[39m [37m/wd/hub/session/f1782519-b4fd-4f84-ac81-67b25bd6742e/elements[39m
[35m[HTTP][39m [90m{"using":"-android uiautomator","value":"new UiSelector().className(\"android.view.View\").text(\"MobiMartTheme.PESAN_ICON\")"}[39m
[35m[HTTP][39m [37m<-- POST /wd/hub/session/f1782519-b4fd-4f84-ac81-67b25bd6742e/elements [39m[32m200[39m [90m133 ms - 12[39m
[35m[HTTP][39m [90m[39m
[35m[HTTP][39m [37m-->[39m [37mPOST[39m [37m/wd/hub/session/f1782519-b4fd-4f84-ac81-67b25bd6742e/elements[39m
[35m[HTTP][39m [90m{"using":"-android uiautomator","value":"new UiSelector().className(\"android.view.View\").text(\"MobiMartTheme.PESAN_ICON\")"}[39m
[35m[HTTP][39m [37m<-- POST /wd/hub/session/f1782519-b4fd-4f84-ac81-67b25bd6742e/elements [39m[32m200[39m [90m1083 ms - 12[39m
[35m[HTTP][39m [90m[39m
[35m[HTTP][39m [37m-->[39m [37mPOST[39m [37m/wd/hub/session/f1782519-b4fd-4f84-ac81-67b25bd6742e/elements[39m
[35m[HTTP][39m [90m{"using":"-android uiautomator","value":"new UiSelector().className(\"android.view.View\").text(\"MobiMartTheme.PESAN_ICON\")"}[39m
[35m[HTTP][39m [37m<-- POST /wd/hub/session/f1782519-b4fd-4f84-ac81-67b25bd6742e/elements [39m[32m200[39m [90m493 ms - 12[39m
[35m[HTTP][39m [90m[39m
[35m[HTTP][39m [37m-->[39m [37mPOST[39m [37m/wd/hub/session/f1782519-b4fd-4f84-ac81-67b25bd6742e/elements[39m
[35m[HTTP][39m [90m{"using":"-android uiautomator","value":"new UiSelector().className(\"android.view.View\").text(\"MobiMartTheme.PESAN_ICON\")"}[39m
[35m[HTTP][39m [37m<-- POST /wd/hub/session/f1782519-b4fd-4f84-ac81-67b25bd6742e/elements [39m[32m200[39m [90m341 ms - 12[39m
[35m[HTTP][39m [90m[39m
[35m[HTTP][39m [37m-->[39m [37mPOST[39m [37m/wd/hub/session/f1782519-b4fd-4f84-ac81-67b25bd6742e/elements[39m
[35m[HTTP][39m [90m{"using":"-android uiautomator","value":"new UiSelector().className(\"android.view.View\").text(\"MobiMartTheme.PESAN_ICON\")"}[39m
[35m[HTTP][39m [37m<-- POST /wd/hub/session/f1782519-b4fd-4f84-ac81-67b25bd6742e/elements [39m[32m200[39m [90m162 ms - 12[39m
[35m[HTTP][39m [90m[39m
[35m[HTTP][39m [37m-->[39m [37mPOST[39m [37m/wd/hub/session/f1782519-b4fd-4f84-ac81-67b25bd6742e/elements[39m
[35m[HTTP][39m [90m{"using":"-android uiautomator","value":"new UiSelector().className(\"android.view.View\").text(\"MobiMartTheme.PESAN_ICON\")"}[39m
[35m[HTTP][39m [37m<-- POST /wd/hub/session/f1782519-b4fd-4f84-ac81-67b25bd6742e/elements [39m[32m200[39m [90m137 ms - 12[39m
[35m[HTTP][39m [90m[39m
[35m[HTTP][39m [37m-->[39m [37mPOST[39m [37m/wd/hub/session/f1782519-b4fd-4f84-ac81-67b25bd6742e/elements[39m
[35m[HTTP][39m [90m{"using":"-android uiautomator","value":"new UiSelector().className(\"android.view.View\").text(\"MobiMartTheme.PESAN_ICON\")"}[39m
[35m[HTTP][39m [37m<-- POST /wd/hub/session/f1782519-b4fd-4f84-ac81-67b25bd6742e/elements [39m[32m200[39m [90m125 ms - 12[39m
[35m[HTTP][39m [90m[39m
[35m[HTTP][39m [37m-->[39m [37mPOST[39m [37m/wd/hub/session/f1782519-b4fd-4f84-ac81-67b25bd6742e/elements[39m
[35m[HTTP][39m [90m{"using":"-android uiautomator","value":"new UiSelector().className(\"android.view.View\").text(\"MobiMartTheme.PESAN_ICON\")"}[39m
[35m[HTTP][39m [37m<-- POST /wd/hub/session/f1782519-b4fd-4f84-ac81-67b25bd6742e/elements [39m[32m200[39m [90m119 ms - 12[39m
[35m[HTTP][39m [90m[39m
[35m[HTTP][39m [37m-->[39m [37mPOST[39m [37m/wd/hub/session/f1782519-b4fd-4f84-ac81-67b25bd6742e/elements[39m
[35m[HTTP][39m [90m{"using":"-android uiautomator","value":"new UiSelector().className(\"android.view.View\").text(\"MobiMartTheme.PESAN_ICON\")"}[39m
[35m[HTTP][39m [37m<-- POST /wd/hub/session/f1782519-b4fd-4f84-ac81-67b25bd6742e/elements [39m[32m200[39m [90m116 ms - 12[39m
[35m[HTTP][39m [90m[39m
[35m[HTTP][39m [37m-->[39m [37mPOST[39m [37m/wd/hub/session/f1782519-b4fd-4f84-ac81-67b25bd6742e/elements[39m
[35m[HTTP][39m [90m{"using":"-android uiautomator","value":"new UiSelector().className(\"android.view.View\").text(\"MobiMartTheme.PESAN_ICON\")"}[39m
[35m[HTTP][39m [37m<-- POST /wd/hub/session/f1782519-b4fd-4f84-ac81-67b25bd6742e/elements [39m[32m200[39m [90m122 ms - 12[39m
[35m[HTTP][39m [90m[39m
[35m[HTTP][39m [37m-->[39m [37mPOST[39m [37m/wd/hub/session/f1782519-b4fd-4f84-ac81-67b25bd6742e/elements[39m
[35m[HTTP][39m [90m{"using":"-android uiautomator","value":"new UiSelector().className(\"android.view.View\").text(\"MobiMartTheme.PESAN_ICON\")"}[39m
[35m[HTTP][39m [37m<-- POST /wd/hub/session/f1782519-b4fd-4f84-ac81-67b25bd6742e/elements [39m[32m200[39m [90m118 ms - 12[39m
[35m[HTTP][39m [90m[39m
[35m[HTTP][39m [37m-->[39m [37mPOST[39m [37m/wd/hub/session/f1782519-b4fd-4f84-ac81-67b25bd6742e/elements[39m
[35m[HTTP][39m [90m{"using":"-android uiautomator","value":"new UiSelector().className(\"android.view.View\").text(\"MobiMartTheme.PESAN_ICON\")"}[39m
[35m[HTTP][39m [37m<-- POST /wd/hub/session/f1782519-b4fd-4f84-ac81-67b25bd6742e/elements [39m[32m200[39m [90m117 ms - 12[39m
[35m[HTTP][39m [90m[39m
[35m[HTTP][39m [37m-->[39m [37mPOST[39m [37m/wd/hub/session/f1782519-b4fd-4f84-ac81-67b25bd6742e/elements[39m
[35m[HTTP][39m [90m{"using":"-android uiautomator","value":"new UiSelector().className(\"android.view.View\").text(\"MobiMartTheme.PESAN_ICON\")"}[39m
[35m[HTTP][39m [37m<-- POST /wd/hub/session/f1782519-b4fd-4f84-ac81-67b25bd6742e/elements [39m[32m200[39m [90m108 ms - 12[39m
[35m[HTTP][39m [90m[39m
[35m[HTTP][39m [37m-->[39m [37mPOST[39m [37m/wd/hub/session/f1782519-b4fd-4f84-ac81-67b25bd6742e/elements[39m
[35m[HTTP][39m [90m{"using":"-android uiautomator","value":"new UiSelector().className(\"android.view.View\").text(\"MobiMartTheme.PESAN_ICON\")"}[39m
[35m[HTTP][39m [37m<-- POST /wd/hub/session/f1782519-b4fd-4f84-ac81-67b25bd6742e/elements [39m[32m200[39m [90m111 ms - 12[39m
[35m[HTTP][39m [90m[39m
[35m[HTTP][39m [37m-->[39m [37mPOST[39m [37m/wd/hub/session/f1782519-b4fd-4f84-ac81-67b25bd6742e/elements[39m
[35m[HTTP][39m [90m{"using":"-android uiautomator","value":"new UiSelector().className(\"android.view.View\").text(\"MobiMartTheme.PESAN_ICON\")"}[39m
[35m[HTTP][39m [37m<-- POST /wd/hub/session/f1782519-b4fd-4f84-ac81-67b25bd6742e/elements [39m[32m200[39m [90m106 ms - 12[39m
[35m[HTTP][39m [90m[39m
[35m[HTTP][39m [37m-->[39m [37mPOST[39m [37m/wd/hub/session/f1782519-b4fd-4f84-ac81-67b25bd6742e/elements[39m
[35m[HTTP][39m [90m{"using":"-android uiautomator","value":"new UiSelector().className(\"android.view.View\").text(\"MobiMartTheme.PESAN_ICON\")"}[39m
[35m[HTTP][39m [37m<-- POST /wd/hub/session/f1782519-b4fd-4f84-ac81-67b25bd6742e/elements [39m[32m200[39m [90m117 ms - 12[39m
[35m[HTTP][39m [90m[39m
[35m[HTTP][39m [37m-->[39m [37mPOST[39m [37m/wd/hub/session/f1782519-b4fd-4f84-ac81-67b25bd6742e/elements[39m
[35m[HTTP][39m [90m{"using":"-android uiautomator","value":"new UiSelector().className(\"android.view.View\").text(\"MobiMartTheme.PESAN_ICON\")"}[39m
[35m[HTTP][39m [37m<-- POST /wd/hub/session/f1782519-b4fd-4f84-ac81-67b25bd6742e/elements [39m[32m200[39m [90m141 ms - 12[39m
[35m[HTTP][39m [90m[39m
[35m[HTTP][39m [37m-->[39m [37mPOST[39m [37m/wd/hub/session/f1782519-b4fd-4f84-ac81-67b25bd6742e/elements[39m
[35m[HTTP][39m [90m{"using":"-android uiautomator","value":"new UiSelector().className(\"android.view.View\").text(\"MobiMartTheme.PESAN_ICON\")"}[39m
[35m[HTTP][39m [37m<-- POST /wd/hub/session/f1782519-b4fd-4f84-ac81-67b25bd6742e/elements [39m[32m200[39m [90m100 ms - 12[39m
[35m[HTTP][39m [90m[39m
[35m[HTTP][39m [37m-->[39m [37mPOST[39m [37m/wd/hub/session/f1782519-b4fd-4f84-ac81-67b25bd6742e/elements[39m
[35m[HTTP][39m [90m{"using":"-android uiautomator","value":"new UiSelector().className(\"android.view.View\").text(\"MobiMartTheme.PESAN_ICON\")"}[39m
[35m[HTTP][39m [37m<-- POST /wd/hub/session/f1782519-b4fd-4f84-ac81-67b25bd6742e/elements [39m[32m200[39m [90m120 ms - 12[39m
[35m[HTTP][39m [90m[39m
[35m[HTTP][39m [37m-->[39m [37mPOST[39m [37m/wd/hub/session/f1782519-b4fd-4f84-ac81-67b25bd6742e/elements[39m
[35m[HTTP][39m [90m{"using":"-android uiautomator","value":"new UiSelector().className(\"android.view.View\").text(\"MobiMartTheme.PESAN_ICON\")"}[39m
[35m[HTTP][39m [37m<-- POST /wd/hub/session/f1782519-b4fd-4f84-ac81-67b25bd6742e/elements [39m[32m200[39m [90m89 ms - 12[39m
[35m[HTTP][39m [90m[39m
[35m[HTTP][39m [37m-->[39m [37mPOST[39m [37m/wd/hub/session/f1782519-b4fd-4f84-ac81-67b25bd6742e/elements[39m
[35m[HTTP][39m [90m{"using":"-android uiautomator","value":"new UiSelector().className(\"android.view.View\").text(\"MobiMartTheme.PESAN_ICON\")"}[39m
[35m[HTTP][39m [37m<-- POST /wd/hub/session/f1782519-b4fd-4f84-ac81-67b25bd6742e/elements [39m[32m200[39m [90m141 ms - 12[39m
[35m[HTTP][39m [90m[39m
[35m[HTTP][39m [37m-->[39m [37mPOST[39m [37m/wd/hub/session/f1782519-b4fd-4f84-ac81-67b25bd6742e/elements[39m
[35m[HTTP][39m [90m{"using":"-android uiautomator","value":"new UiSelector().className(\"android.view.View\").text(\"MobiMartTheme.PESAN_ICON\")"}[39m
[35m[HTTP][39m [37m<-- POST /wd/hub/session/f1782519-b4fd-4f84-ac81-67b25bd6742e/elements [39m[32m200[39m [90m108 ms - 12[39m
[35m[HTTP][39m [90m[39m
[35m[HTTP][39m [37m-->[39m [37mPOST[39m [37m/wd/hub/session/f1782519-b4fd-4f84-ac81-67b25bd6742e/elements[39m
[35m[HTTP][39m [90m{"using":"-android uiautomator","value":"new UiSelector().className(\"android.view.View\").text(\"MobiMartTheme.PESAN_ICON\")"}[39m
[35m[HTTP][39m [37m<-- POST /wd/hub/session/f1782519-b4fd-4f84-ac81-67b25bd6742e/elements [39m[32m200[39m [90m95 ms - 12[39m
[35m[HTTP][39m [90m[39m
[35m[HTTP][39m [37m-->[39m [37mPOST[39m [37m/wd/hub/session/f1782519-b4fd-4f84-ac81-67b25bd6742e/elements[39m
[35m[HTTP][39m [90m{"using":"-android uiautomator","value":"new UiSelector().className(\"android.view.View\").text(\"MobiMartTheme.PESAN_ICON\")"}[39m
[35m[HTTP][39m [37m<-- POST /wd/hub/session/f1782519-b4fd-4f84-ac81-67b25bd6742e/elements [39m[32m200[39m [90m112 ms - 12[39m
[35m[HTTP][39m [90m[39m
[35m[HTTP][39m [37m-->[39m [37mPOST[39m [37m/wd/hub/session/f1782519-b4fd-4f84-ac81-67b25bd6742e/elements[39m
[35m[HTTP][39m [90m{"using":"-android uiautomator","value":"new UiSelector().className(\"android.view.View\").text(\"MobiMartTheme.PESAN_ICON\")"}[39m
[35m[HTTP][39m [37m<-- POST /wd/hub/session/f1782519-b4fd-4f84-ac81-67b25bd6742e/elements [39m[32m200[39m [90m104 ms - 12[39m
[35m[HTTP][39m [90m[39m
[35m[HTTP][39m [37m-->[39m [37mPOST[39m [37m/wd/hub/session/f1782519-b4fd-4f84-ac81-67b25bd6742e/elements[39m
[35m[HTTP][39m [90m{"using":"-android uiautomator","value":"new UiSelector().className(\"android.view.View\").text(\"MobiMartTheme.PESAN_ICON\")"}[39m
[35m[HTTP][39m [37m<-- POST /wd/hub/session/f1782519-b4fd-4f84-ac81-67b25bd6742e/elements [39m[32m200[39m [90m107 ms - 12[39m
[35m[HTTP][39m [90m[39m
[35m[HTTP][39m [37m-->[39m [37mPOST[39m [37m/wd/hub/session/f1782519-b4fd-4f84-ac81-67b25bd6742e/elements[39m
[35m[HTTP][39m [90m{"using":"-android uiautomator","value":"new UiSelector().className(\"android.view.View\").text(\"MobiMartTheme.PESAN_ICON\")"}[39m
[35m[HTTP][39m [37m<-- POST /wd/hub/session/f1782519-b4fd-4f84-ac81-67b25bd6742e/elements [39m[32m200[39m [90m1876 ms - 90[39m
[35m[HTTP][39m [90m[39m
[35m[HTTP][39m [37m-->[39m [37mGET[39m [37m/wd/hub/session/f1782519-b4fd-4f84-ac81-67b25bd6742e/element/b1db5102-206a-4357-a3da-32cd9a7aeb55/location[39m
[35m[HTTP][39m [90m{}[39m
[35m[W3C][39m Driver proxy active, passing request on via HTTP proxy
[35m[JSONWP Proxy][39m Replacing sessionId bf4307a3-0d67-483e-80c4-006025ce75d6 with f1782519-b4fd-4f84-ac81-67b25bd6742e
[35m[HTTP][39m [37m<-- GET /wd/hub/session/f1782519-b4fd-4f84-ac81-67b25bd6742e/element/b1db5102-206a-4357-a3da-32cd9a7aeb55/location [39m[32m200[39m [90m126 ms - 89[39m
[35m[HTTP][39m [90m[39m
[35m[HTTP][39m [37m-->[39m [37mPOST[39m [37m/wd/hub/session/f1782519-b4fd-4f84-ac81-67b25bd6742e/timeouts[39m
[35m[HTTP][39m [90m{"implicit":30000}[39m
[35m[HTTP][39m [37m<-- POST /wd/hub/session/f1782519-b4fd-4f84-ac81-67b25bd6742e/timeouts [39m[32m200[39m [90m3 ms - 14[39m
[35m[HTTP][39m [90m[39m
[35m[HTTP][39m [37m-->[39m [37mPOST[39m [37m/wd/hub/session/f1782519-b4fd-4f84-ac81-67b25bd6742e/timeouts[39m
[35m[HTTP][39m [90m{"implicit":50}[39m
[35m[HTTP][39m [37m<-- POST /wd/hub/session/f1782519-b4fd-4f84-ac81-67b25bd6742e/timeouts [39m[32m200[39m [90m5 ms - 14[39m
[35m[HTTP][39m [90m[39m
[35m[HTTP][39m [37m-->[39m [37mGET[39m [37m/wd/hub/session/f1782519-b4fd-4f84-ac81-67b25bd6742e/window/rect[39m
[35m[HTTP][39m [90m{}[39m
[35m[HTTP][39m [37m<-- GET /wd/hub/session/f1782519-b4fd-4f84-ac81-67b25bd6742e/window/rect [39m[32m200[39m [90m45 ms - 50[39m
[35m[HTTP][39m [90m[39m
[35m[HTTP][39m [37m-->[39m [37mPOST[39m [37m/wd/hub/session/f1782519-b4fd-4f84-ac81-67b25bd6742e/elements[39m
[35m[HTTP][39m [90m{"using":"-android uiautomator","value":"new UiSelector().className(\"android.view.View\").text(\"MobiMartTheme.PESAN_ICON\")"}[39m
[35m[HTTP][39m [37m<-- POST /wd/hub/session/f1782519-b4fd-4f84-ac81-67b25bd6742e/elements [39m[32m200[39m [90m226 ms - 90[39m
[35m[HTTP][39m [90m[39m
[35m[HTTP][39m [37m-->[39m [37mGET[39m [37m/wd/hub/session/f1782519-b4fd-4f84-ac81-67b25bd6742e/element/7cb1ac7b-279e-46b4-8063-b9f511b4db50/location[39m
[35m[HTTP][39m [90m{}[39m
[35m[W3C][39m Driver proxy active, passing request on via HTTP proxy
[35m[JSONWP Proxy][39m Replacing sessionId bf4307a3-0d67-483e-80c4-006025ce75d6 with f1782519-b4fd-4f84-ac81-67b25bd6742e
[35m[HTTP][39m [37m<-- GET /wd/hub/session/f1782519-b4fd-4f84-ac81-67b25bd6742e/element/7cb1ac7b-279e-46b4-8063-b9f511b4db50/location [39m[32m200[39m [90m101 ms - 89[39m
[35m[HTTP][39m [90m[39m
[35m[HTTP][39m [37m-->[39m [37mPOST[39m [37m/wd/hub/session/f1782519-b4fd-4f84-ac81-67b25bd6742e/timeouts[39m
[35m[HTTP][39m [90m{"implicit":30000}[39m
[35m[HTTP][39m [37m<-- POST /wd/hub/session/f1782519-b4fd-4f84-ac81-67b25bd6742e/timeouts [39m[32m200[39m [90m4 ms - 14[39m
[35m[HTTP][39m [90m[39m
[35m[HTTP][39m [37m-->[39m [37mPOST[39m [37m/wd/hub/session/f1782519-b4fd-4f84-ac81-67b25bd6742e/touch/perform[39m
[35m[HTTP][39m [90m{"actions":[{"action":"tap","options":{"x":1,"y":1,"element":"7cb1ac7b-279e-46b4-8063-b9f511b4db50"}},{"action":"release","options":{}}]}[39m
[35m[UiAutomator2][39m calling get location: 7cb1ac7b-279e-46b4-8063-b9f511b4db50
[35m[HTTP][39m [37m<-- POST /wd/hub/session/f1782519-b4fd-4f84-ac81-67b25bd6742e/touch/perform [39m[32m200[39m [90m2041 ms - 14[39m
[35m[HTTP][39m [90m[39m
[35m[HTTP][39m [37m-->[39m [37mPOST[39m [37m/wd/hub/session/f1782519-b4fd-4f84-ac81-67b25bd6742e/timeouts[39m
[35m[HTTP][39m [90m{"implicit":50}[39m
[35m[HTTP][39m [37m<-- POST /wd/hub/session/f1782519-b4fd-4f84-ac81-67b25bd6742e/timeouts [39m[32m200[39m [90m4 ms - 14[39m
[35m[HTTP][39m [90m[39m
[35m[HTTP][39m [37m-->[39m [37mGET[39m [37m/wd/hub/session/f1782519-b4fd-4f84-ac81-67b25bd6742e/window/rect[39m
[35m[HTTP][39m [90m{}[39m
[35m[HTTP][39m [37m<-- GET /wd/hub/session/f1782519-b4fd-4f84-ac81-67b25bd6742e/window/rect [39m[32m200[39m [90m44 ms - 50[39m
[35m[HTTP][39m [90m[39m
[35m[HTTP][39m [37m-->[39m [37mPOST[39m [37m/wd/hub/session/f1782519-b4fd-4f84-ac81-67b25bd6742e/elements[39m
[35m[HTTP][39m [90m{"using":"-android uiautomator","value":"new UiSelector().className(\"android.view.View\").text(\"Daftar Sekarang!\")"}[39m
[35m[HTTP][39m [37m<-- POST /wd/hub/session/f1782519-b4fd-4f84-ac81-67b25bd6742e/elements [39m[32m200[39m [90m181 ms - 90[39m
[35m[HTTP][39m [90m[39m
[35m[HTTP][39m [37m-->[39m [37mGET[39m [37m/wd/hub/session/f1782519-b4fd-4f84-ac81-67b25bd6742e/element/b07b2728-8076-431a-9d3b-307e7fd73121/location[39m
[35m[HTTP][39m [90m{}[39m
[35m[W3C][39m Driver proxy active, passing request on via HTTP proxy
[35m[JSONWP Proxy][39m Replacing sessionId bf4307a3-0d67-483e-80c4-006025ce75d6 with f1782519-b4fd-4f84-ac81-67b25bd6742e
[35m[HTTP][39m [37m<-- GET /wd/hub/session/f1782519-b4fd-4f84-ac81-67b25bd6742e/element/b07b2728-8076-431a-9d3b-307e7fd73121/location [39m[32m200[39m [90m88 ms - 90[39m
[35m[HTTP][39m [90m[39m
[35m[HTTP][39m [37m-->[39m [37mPOST[39m [37m/wd/hub/session/f1782519-b4fd-4f84-ac81-67b25bd6742e/timeouts[39m
[35m[HTTP][39m [90m{"implicit":30000}[39m
[35m[HTTP][39m [37m<-- POST /wd/hub/session/f1782519-b4fd-4f84-ac81-67b25bd6742e/timeouts [39m[32m200[39m [90m3 ms - 14[39m
[35m[HTTP][39m [90m[39m
[35m[HTTP][39m [37m-->[39m [37mPOST[39m [37m/wd/hub/session/f1782519-b4fd-4f84-ac81-67b25bd6742e/touch/perform[39m
[35m[HTTP][39m [90m{"actions":[{"action":"tap","options":{"x":1,"y":1,"element":"b07b2728-8076-431a-9d3b-307e7fd73121"}},{"action":"release","options":{}}]}[39m
[35m[UiAutomator2][39m calling get location: b07b2728-8076-431a-9d3b-307e7fd73121
[35m[HTTP][39m [37m<-- POST /wd/hub/session/f1782519-b4fd-4f84-ac81-67b25bd6742e/touch/perform [39m[32m200[39m [90m1656 ms - 14[39m
[35m[HTTP][39m [90m[39m
[35m[HTTP][39m [37m-->[39m [37mPOST[39m [37m/wd/hub/session/f1782519-b4fd-4f84-ac81-67b25bd6742e/timeouts[39m
[35m[HTTP][39m [90m{"implicit":50}[39m
[35m[HTTP][39m [37m<-- POST /wd/hub/session/f1782519-b4fd-4f84-ac81-67b25bd6742e/timeouts [39m[32m200[39m [90m4 ms - 14[39m
[35m[HTTP][39m [90m[39m
[35m[HTTP][39m [37m-->[39m [37mGET[39m [37m/wd/hub/session/f1782519-b4fd-4f84-ac81-67b25bd6742e/window/rect[39m
[35m[HTTP][39m [90m{}[39m
[35m[HTTP][39m [37m<-- GET /wd/hub/session/f1782519-b4fd-4f84-ac81-67b25bd6742e/window/rect [39m[32m200[39m [90m40 ms - 50[39m
[35m[HTTP][39m [90m[39m
[35m[HTTP][39m [37m-->[39m [37mPOST[39m [37m/wd/hub/session/f1782519-b4fd-4f84-ac81-67b25bd6742e/elements[39m
[35m[HTTP][39m [90m{"using":"-android uiautomator","value":"new UiSelector().className(\"android.widget.EditText\").resourceId(\"b2-Input_Username\")"}[39m
[35m[HTTP][39m [37m<-- POST /wd/hub/session/f1782519-b4fd-4f84-ac81-67b25bd6742e/elements [39m[32m200[39m [90m217 ms - 90[39m
[35m[HTTP][39m [90m[39m
[35m[HTTP][39m [37m-->[39m [37mGET[39m [37m/wd/hub/session/f1782519-b4fd-4f84-ac81-67b25bd6742e/element/3cb8c060-4d9b-4870-9e70-ca010954225f/location[39m
[35m[HTTP][39m [90m{}[39m
[35m[W3C][39m Driver proxy active, passing request on via HTTP proxy
[35m[JSONWP Proxy][39m Replacing sessionId bf4307a3-0d67-483e-80c4-006025ce75d6 with f1782519-b4fd-4f84-ac81-67b25bd6742e
[35m[HTTP][39m [37m<-- GET /wd/hub/session/f1782519-b4fd-4f84-ac81-67b25bd6742e/element/3cb8c060-4d9b-4870-9e70-ca010954225f/location [39m[32m200[39m [90m103 ms - 89[39m
[35m[HTTP][39m [90m[39m
[35m[HTTP][39m [37m-->[39m [37mPOST[39m [37m/wd/hub/session/f1782519-b4fd-4f84-ac81-67b25bd6742e/timeouts[39m
[35m[HTTP][39m [90m{"implicit":30000}[39m
[35m[HTTP][39m [37m<-- POST /wd/hub/session/f1782519-b4fd-4f84-ac81-67b25bd6742e/timeouts [39m[32m200[39m [90m2 ms - 14[39m
[35m[HTTP][39m [90m[39m
[35m[HTTP][39m [37m-->[39m [37mPOST[39m [37m/wd/hub/session/f1782519-b4fd-4f84-ac81-67b25bd6742e/element/3cb8c060-4d9b-4870-9e70-ca010954225f/clear[39m
[35m[HTTP][39m [90m{"id":"3cb8c060-4d9b-4870-9e70-ca010954225f"}[39m
[35m[HTTP][39m [37m<-- POST /wd/hub/session/f1782519-b4fd-4f84-ac81-67b25bd6742e/element/3cb8c060-4d9b-4870-9e70-ca010954225f/clear [39m[32m200[39m [90m103 ms - 27[39m
[35m[HTTP][39m [90m[39m
[35m[HTTP][39m [37m-->[39m [37mPOST[39m [37m/wd/hub/session/f1782519-b4fd-4f84-ac81-67b25bd6742e/element/3cb8c060-4d9b-4870-9e70-ca010954225f/value[39m
[35m[HTTP][39m [90m{"id":"3cb8c060-4d9b-4870-9e70-ca010954225f","text":"lieton35","value":["l","i","e","t","o","n","3","5"]}[39m
[35m[HTTP][39m [37m<-- POST /wd/hub/session/f1782519-b4fd-4f84-ac81-67b25bd6742e/element/3cb8c060-4d9b-4870-9e70-ca010954225f/value [39m[32m200[39m [90m916 ms - 12[39m
[35m[HTTP][39m [90m[39m
[35m[HTTP][39m [37m-->[39m [37mPOST[39m [37m/wd/hub/session/f1782519-b4fd-4f84-ac81-67b25bd6742e/timeouts[39m
[35m[HTTP][39m [90m{"implicit":50}[39m
[35m[HTTP][39m [37m<-- POST /wd/hub/session/f1782519-b4fd-4f84-ac81-67b25bd6742e/timeouts [39m[32m200[39m [90m4 ms - 14[39m
[35m[HTTP][39m [90m[39m
[35m[HTTP][39m [37m-->[39m [37mGET[39m [37m/wd/hub/session/f1782519-b4fd-4f84-ac81-67b25bd6742e/window/rect[39m
[35m[HTTP][39m [90m{}[39m
[35m[HTTP][39m [37m<-- GET /wd/hub/session/f1782519-b4fd-4f84-ac81-67b25bd6742e/window/rect [39m[32m200[39m [90m60 ms - 50[39m
[35m[HTTP][39m [90m[39m
[35m[HTTP][39m [37m-->[39m [37mPOST[39m [37m/wd/hub/session/f1782519-b4fd-4f84-ac81-67b25bd6742e/elements[39m
[35m[HTTP][39m [90m{"using":"-android uiautomator","value":"new UiSelector().className(\"android.widget.EditText\").resourceId(\"b2-Input_Nama\")"}[39m
[35m[HTTP][39m [37m<-- POST /wd/hub/session/f1782519-b4fd-4f84-ac81-67b25bd6742e/elements [39m[32m200[39m [90m590 ms - 90[39m
[35m[HTTP][39m [90m[39m
[35m[HTTP][39m [37m-->[39m [37mGET[39m [37m/wd/hub/session/f1782519-b4fd-4f84-ac81-67b25bd6742e/element/15ff9e0a-2d92-4545-9f43-70db24b001bf/location[39m
[35m[HTTP][39m [90m{}[39m
[35m[W3C][39m Driver proxy active, passing request on via HTTP proxy
[35m[JSONWP Proxy][39m Replacing sessionId bf4307a3-0d67-483e-80c4-006025ce75d6 with f1782519-b4fd-4f84-ac81-67b25bd6742e
[35m[HTTP][39m [37m<-- GET /wd/hub/session/f1782519-b4fd-4f84-ac81-67b25bd6742e/element/15ff9e0a-2d92-4545-9f43-70db24b001bf/location [39m[32m200[39m [90m71 ms - 89[39m
[35m[HTTP][39m [90m[39m
[35m[HTTP][39m [37m-->[39m [37mPOST[39m [37m/wd/hub/session/f1782519-b4fd-4f84-ac81-67b25bd6742e/timeouts[39m
[35m[HTTP][39m [90m{"implicit":30000}[39m
[35m[HTTP][39m [37m<-- POST /wd/hub/session/f1782519-b4fd-4f84-ac81-67b25bd6742e/timeouts [39m[32m200[39m [90m4 ms - 14[39m
[35m[HTTP][39m [90m[39m
[35m[HTTP][39m [37m-->[39m [37mPOST[39m [37m/wd/hub/session/f1782519-b4fd-4f84-ac81-67b25bd6742e/element/15ff9e0a-2d92-4545-9f43-70db24b001bf/clear[39m
[35m[HTTP][39m [90m{"id":"15ff9e0a-2d92-4545-9f43-70db24b001bf"}[39m
[35m[HTTP][39m [37m<-- POST /wd/hub/session/f1782519-b4fd-4f84-ac81-67b25bd6742e/element/15ff9e0a-2d92-4545-9f43-70db24b001bf/clear [39m[32m200[39m [90m86 ms - 27[39m
[35m[HTTP][39m [90m[39m
[35m[HTTP][39m [37m-->[39m [37mPOST[39m [37m/wd/hub/session/f1782519-b4fd-4f84-ac81-67b25bd6742e/element/15ff9e0a-2d92-4545-9f43-70db24b001bf/value[39m
[35m[HTTP][39m [90m{"id":"15ff9e0a-2d92-4545-9f43-70db24b001bf","text":"Hartono Rasli","value":["H","a","r","t","o","n","o"," ","R","a","s","l","i"]}[39m
[35m[HTTP][39m [37m<-- POST /wd/hub/session/f1782519-b4fd-4f84-ac81-67b25bd6742e/element/15ff9e0a-2d92-4545-9f43-70db24b001bf/value [39m[32m200[39m [90m954 ms - 12[39m
[35m[HTTP][39m [90m[39m
[35m[HTTP][39m [37m-->[39m [37mPOST[39m [37m/wd/hub/session/f1782519-b4fd-4f84-ac81-67b25bd6742e/timeouts[39m
[35m[HTTP][39m [90m{"implicit":50}[39m
[35m[HTTP][39m [37m<-- POST /wd/hub/session/f1782519-b4fd-4f84-ac81-67b25bd6742e/timeouts [39m[32m200[39m [90m4 ms - 14[39m
[35m[HTTP][39m [90m[39m
[35m[HTTP][39m [37m-->[39m [37mGET[39m [37m/wd/hub/session/f1782519-b4fd-4f84-ac81-67b25bd6742e/window/rect[39m
[35m[HTTP][39m [90m{}[39m
[35m[HTTP][39m [37m<-- GET /wd/hub/session/f1782519-b4fd-4f84-ac81-67b25bd6742e/window/rect [39m[32m200[39m [90m52 ms - 50[39m
[35m[HTTP][39m [90m[39m
[35m[HTTP][39m [37m-->[39m [37mPOST[39m [37m/wd/hub/session/f1782519-b4fd-4f84-ac81-67b25bd6742e/elements[39m
[35m[HTTP][39m [90m{"using":"-android uiautomator","value":"new UiSelector().className(\"android.widget.EditText\").resourceId(\"b2-Input_Email\")"}[39m
[35m[HTTP][39m [37m<-- POST /wd/hub/session/f1782519-b4fd-4f84-ac81-67b25bd6742e/elements [39m[32m200[39m [90m592 ms - 90[39m
[35m[HTTP][39m [90m[39m
[35m[HTTP][39m [37m-->[39m [37mGET[39m [37m/wd/hub/session/f1782519-b4fd-4f84-ac81-67b25bd6742e/element/2ab0b4c1-9ba3-4a0c-baeb-c49ca92d2294/location[39m
[35m[HTTP][39m [90m{}[39m
[35m[W3C][39m Driver proxy active, passing request on via HTTP proxy
[35m[JSONWP Proxy][39m Replacing sessionId bf4307a3-0d67-483e-80c4-006025ce75d6 with f1782519-b4fd-4f84-ac81-67b25bd6742e
[35m[HTTP][39m [37m<-- GET /wd/hub/session/f1782519-b4fd-4f84-ac81-67b25bd6742e/element/2ab0b4c1-9ba3-4a0c-baeb-c49ca92d2294/location [39m[32m200[39m [90m70 ms - 89[39m
[35m[HTTP][39m [90m[39m
[35m[HTTP][39m [37m-->[39m [37mPOST[39m [37m/wd/hub/session/f1782519-b4fd-4f84-ac81-67b25bd6742e/timeouts[39m
[35m[HTTP][39m [90m{"implicit":30000}[39m
[35m[HTTP][39m [37m<-- POST /wd/hub/session/f1782519-b4fd-4f84-ac81-67b25bd6742e/timeouts [39m[32m200[39m [90m3 ms - 14[39m
[35m[HTTP][39m [90m[39m
[35m[HTTP][39m [37m-->[39m [37mPOST[39m [37m/wd/hub/session/f1782519-b4fd-4f84-ac81-67b25bd6742e/element/2ab0b4c1-9ba3-4a0c-baeb-c49ca92d2294/clear[39m
[35m[HTTP][39m [90m{"id":"2ab0b4c1-9ba3-4a0c-baeb-c49ca92d2294"}[39m
[35m[HTTP][39m [37m<-- POST /wd/hub/session/f1782519-b4fd-4f84-ac81-67b25bd6742e/element/2ab0b4c1-9ba3-4a0c-baeb-c49ca92d2294/clear [39m[32m200[39m [90m78 ms - 27[39m
[35m[HTTP][39m [90m[39m
[35m[HTTP][39m [37m-->[39m [37mPOST[39m [37m/wd/hub/session/f1782519-b4fd-4f84-ac81-67b25bd6742e/element/2ab0b4c1-9ba3-4a0c-baeb-c49ca92d2294/value[39m
[35m[HTTP][39m [90m{"id":"2ab0b4c1-9ba3-4a0c-baeb-c49ca92d2294","text":"applicationtester78@mailinator.com","value":["a","p","p","l","i","c","a","t","i","o","n","t","e","s","t","e","r","7","8","@","m","a","i","l","i","n","a","t","o","r",".","c","o","m"]}[39m
[35m[HTTP][39m [37m<-- POST /wd/hub/session/f1782519-b4fd-4f84-ac81-67b25bd6742e/element/2ab0b4c1-9ba3-4a0c-baeb-c49ca92d2294/value [39m[32m200[39m [90m932 ms - 12[39m
[35m[HTTP][39m [90m[39m
[35m[HTTP][39m [37m-->[39m [37mPOST[39m [37m/wd/hub/session/f1782519-b4fd-4f84-ac81-67b25bd6742e/timeouts[39m
[35m[HTTP][39m [90m{"implicit":50}[39m
[35m[HTTP][39m [37m<-- POST /wd/hub/session/f1782519-b4fd-4f84-ac81-67b25bd6742e/timeouts [39m[32m200[39m [90m2 ms - 14[39m
[35m[HTTP][39m [90m[39m
[35m[HTTP][39m [37m-->[39m [37mGET[39m [37m/wd/hub/session/f1782519-b4fd-4f84-ac81-67b25bd6742e/window/rect[39m
[35m[HTTP][39m [90m{}[39m
[35m[HTTP][39m [37m<-- GET /wd/hub/session/f1782519-b4fd-4f84-ac81-67b25bd6742e/window/rect [39m[32m200[39m [90m63 ms - 50[39m
[35m[HTTP][39m [90m[39m
[35m[HTTP][39m [37m-->[39m [37mPOST[39m [37m/wd/hub/session/f1782519-b4fd-4f84-ac81-67b25bd6742e/elements[39m
[35m[HTTP][39m [90m{"using":"-android uiautomator","value":"new UiSelector().className(\"android.widget.EditText\").resourceId(\"b2-Input_Password\")"}[39m
[35m[HTTP][39m [37m<-- POST /wd/hub/session/f1782519-b4fd-4f84-ac81-67b25bd6742e/elements [39m[32m200[39m [90m578 ms - 90[39m
[35m[HTTP][39m [90m[39m
[35m[HTTP][39m [37m-->[39m [37mGET[39m [37m/wd/hub/session/f1782519-b4fd-4f84-ac81-67b25bd6742e/element/47647f35-3d52-4804-9c3a-29b5b0e4851b/location[39m
[35m[HTTP][39m [90m{}[39m
[35m[W3C][39m Driver proxy active, passing request on via HTTP proxy
[35m[JSONWP Proxy][39m Replacing sessionId bf4307a3-0d67-483e-80c4-006025ce75d6 with f1782519-b4fd-4f84-ac81-67b25bd6742e
[35m[HTTP][39m [37m<-- GET /wd/hub/session/f1782519-b4fd-4f84-ac81-67b25bd6742e/element/47647f35-3d52-4804-9c3a-29b5b0e4851b/location [39m[32m200[39m [90m77 ms - 90[39m
[35m[HTTP][39m [90m[39m
[35m[HTTP][39m [37m-->[39m [37mPOST[39m [37m/wd/hub/session/f1782519-b4fd-4f84-ac81-67b25bd6742e/timeouts[39m
[35m[HTTP][39m [90m{"implicit":30000}[39m
[35m[HTTP][39m [37m<-- POST /wd/hub/session/f1782519-b4fd-4f84-ac81-67b25bd6742e/timeouts [39m[32m200[39m [90m4 ms - 14[39m
[35m[HTTP][39m [90m[39m
[35m[HTTP][39m [37m-->[39m [37mPOST[39m [37m/wd/hub/session/f1782519-b4fd-4f84-ac81-67b25bd6742e/element/47647f35-3d52-4804-9c3a-29b5b0e4851b/clear[39m
[35m[HTTP][39m [90m{"id":"47647f35-3d52-4804-9c3a-29b5b0e4851b"}[39m
[35m[HTTP][39m [37m<-- POST /wd/hub/session/f1782519-b4fd-4f84-ac81-67b25bd6742e/element/47647f35-3d52-4804-9c3a-29b5b0e4851b/clear [39m[32m200[39m [90m95 ms - 27[39m
[35m[HTTP][39m [90m[39m
[35m[HTTP][39m [37m-->[39m [37mPOST[39m [37m/wd/hub/session/f1782519-b4fd-4f84-ac81-67b25bd6742e/element/47647f35-3d52-4804-9c3a-29b5b0e4851b/value[39m
[35m[HTTP][39m [90m{"id":"47647f35-3d52-4804-9c3a-29b5b0e4851b","text":"Application1","value":["A","p","p","l","i","c","a","t","i","o","n","1"]}[39m
[35m[HTTP][39m [37m<-- POST /wd/hub/session/f1782519-b4fd-4f84-ac81-67b25bd6742e/element/47647f35-3d52-4804-9c3a-29b5b0e4851b/value [39m[32m200[39m [90m959 ms - 12[39m
[35m[HTTP][39m [90m[39m
[35m[HTTP][39m [37m-->[39m [37mPOST[39m [37m/wd/hub/session/f1782519-b4fd-4f84-ac81-67b25bd6742e/timeouts[39m
[35m[HTTP][39m [90m{"implicit":50}[39m
[35m[HTTP][39m [37m<-- POST /wd/hub/session/f1782519-b4fd-4f84-ac81-67b25bd6742e/timeouts [39m[32m200[39m [90m9 ms - 14[39m
[35m[HTTP][39m [90m[39m
[35m[HTTP][39m [37m-->[39m [37mGET[39m [37m/wd/hub/session/f1782519-b4fd-4f84-ac81-67b25bd6742e/window/rect[39m
[35m[HTTP][39m [90m{}[39m
[35m[HTTP][39m [37m<-- GET /wd/hub/session/f1782519-b4fd-4f84-ac81-67b25bd6742e/window/rect [39m[32m200[39m [90m56 ms - 50[39m
[35m[HTTP][39m [90m[39m
[35m[HTTP][39m [37m-->[39m [37mPOST[39m [37m/wd/hub/session/f1782519-b4fd-4f84-ac81-67b25bd6742e/elements[39m
[35m[HTTP][39m [90m{"using":"-android uiautomator","value":"new UiSelector().className(\"android.widget.EditText\").resourceId(\"b2-Input_KonfirmasiPassword\")"}[39m
[35m[HTTP][39m [37m<-- POST /wd/hub/session/f1782519-b4fd-4f84-ac81-67b25bd6742e/elements [39m[32m200[39m [90m571 ms - 90[39m
[35m[HTTP][39m [90m[39m
[35m[HTTP][39m [37m-->[39m [37mGET[39m [37m/wd/hub/session/f1782519-b4fd-4f84-ac81-67b25bd6742e/element/6ad1ba85-c919-46b1-8c92-78a4164fe1d8/location[39m
[35m[HTTP][39m [90m{}[39m
[35m[W3C][39m Driver proxy active, passing request on via HTTP proxy
[35m[JSONWP Proxy][39m Replacing sessionId bf4307a3-0d67-483e-80c4-006025ce75d6 with f1782519-b4fd-4f84-ac81-67b25bd6742e
[35m[HTTP][39m [37m<-- GET /wd/hub/session/f1782519-b4fd-4f84-ac81-67b25bd6742e/element/6ad1ba85-c919-46b1-8c92-78a4164fe1d8/location [39m[32m200[39m [90m71 ms - 90[39m
[35m[HTTP][39m [90m[39m
[35m[HTTP][39m [37m-->[39m [37mPOST[39m [37m/wd/hub/session/f1782519-b4fd-4f84-ac81-67b25bd6742e/timeouts[39m
[35m[HTTP][39m [90m{"implicit":30000}[39m
[35m[HTTP][39m [37m<-- POST /wd/hub/session/f1782519-b4fd-4f84-ac81-67b25bd6742e/timeouts [39m[32m200[39m [90m3 ms - 14[39m
[35m[HTTP][39m [90m[39m
[35m[HTTP][39m [37m-->[39m [37mPOST[39m [37m/wd/hub/session/f1782519-b4fd-4f84-ac81-67b25bd6742e/element/6ad1ba85-c919-46b1-8c92-78a4164fe1d8/clear[39m
[35m[HTTP][39m [90m{"id":"6ad1ba85-c919-46b1-8c92-78a4164fe1d8"}[39m
[35m[HTTP][39m [37m<-- POST /wd/hub/session/f1782519-b4fd-4f84-ac81-67b25bd6742e/element/6ad1ba85-c919-46b1-8c92-78a4164fe1d8/clear [39m[32m200[39m [90m74 ms - 27[39m
[35m[HTTP][39m [90m[39m
[35m[HTTP][39m [37m-->[39m [37mPOST[39m [37m/wd/hub/session/f1782519-b4fd-4f84-ac81-67b25bd6742e/element/6ad1ba85-c919-46b1-8c92-78a4164fe1d8/value[39m
[35m[HTTP][39m [90m{"id":"6ad1ba85-c919-46b1-8c92-78a4164fe1d8","text":"Application1","value":["A","p","p","l","i","c","a","t","i","o","n","1"]}[39m
[35m[HTTP][39m [37m<-- POST /wd/hub/session/f1782519-b4fd-4f84-ac81-67b25bd6742e/element/6ad1ba85-c919-46b1-8c92-78a4164fe1d8/value [39m[32m200[39m [90m898 ms - 12[39m
[35m[HTTP][39m [90m[39m
[35m[HTTP][39m [37m-->[39m [37mPOST[39m [37m/wd/hub/session/f1782519-b4fd-4f84-ac81-67b25bd6742e/timeouts[39m
[35m[HTTP][39m [90m{"implicit":50}[39m
[35m[HTTP][39m [37m<-- POST /wd/hub/session/f1782519-b4fd-4f84-ac81-67b25bd6742e/timeouts [39m[32m200[39m [90m3 ms - 14[39m
[35m[HTTP][39m [90m[39m
[35m[HTTP][39m [37m-->[39m [37mGET[39m [37m/wd/hub/session/f1782519-b4fd-4f84-ac81-67b25bd6742e/window/rect[39m
[35m[HTTP][39m [90m{}[39m
[35m[HTTP][39m [37m<-- GET /wd/hub/session/f1782519-b4fd-4f84-ac81-67b25bd6742e/window/rect [39m[32m200[39m [90m49 ms - 50[39m
[35m[HTTP][39m [90m[39m
[35m[HTTP][39m [37m-->[39m [37mPOST[39m [37m/wd/hub/session/f1782519-b4fd-4f84-ac81-67b25bd6742e/elements[39m
[35m[HTTP][39m [90m{"using":"-android uiautomator","value":"new UiSelector().className(\"android.widget.EditText\").resourceId(\"b2-Input_Phone\")"}[39m
[35m[HTTP][39m [37m<-- POST /wd/hub/session/f1782519-b4fd-4f84-ac81-67b25bd6742e/elements [39m[32m200[39m [90m1326 ms - 90[39m
[35m[HTTP][39m [90m[39m
[35m[HTTP][39m [37m-->[39m [37mGET[39m [37m/wd/hub/session/f1782519-b4fd-4f84-ac81-67b25bd6742e/element/7db46b14-31cb-4035-9c44-3c0ff3e876c3/location[39m
[35m[HTTP][39m [90m{}[39m
[35m[W3C][39m Driver proxy active, passing request on via HTTP proxy
[35m[JSONWP Proxy][39m Replacing sessionId bf4307a3-0d67-483e-80c4-006025ce75d6 with f1782519-b4fd-4f84-ac81-67b25bd6742e
[35m[HTTP][39m [37m<-- GET /wd/hub/session/f1782519-b4fd-4f84-ac81-67b25bd6742e/element/7db46b14-31cb-4035-9c44-3c0ff3e876c3/location [39m[32m200[39m [90m74 ms - 90[39m
[35m[HTTP][39m [90m[39m
[35m[HTTP][39m [37m-->[39m [37mPOST[39m [37m/wd/hub/session/f1782519-b4fd-4f84-ac81-67b25bd6742e/timeouts[39m
[35m[HTTP][39m [90m{"implicit":30000}[39m
[35m[HTTP][39m [37m<-- POST /wd/hub/session/f1782519-b4fd-4f84-ac81-67b25bd6742e/timeouts [39m[32m200[39m [90m3 ms - 14[39m
[35m[HTTP][39m [90m[39m
[35m[HTTP][39m [37m-->[39m [37mPOST[39m [37m/wd/hub/session/f1782519-b4fd-4f84-ac81-67b25bd6742e/element/7db46b14-31cb-4035-9c44-3c0ff3e876c3/clear[39m
[35m[HTTP][39m [90m{"id":"7db46b14-31cb-4035-9c44-3c0ff3e876c3"}[39m
[35m[HTTP][39m [37m<-- POST /wd/hub/session/f1782519-b4fd-4f84-ac81-67b25bd6742e/element/7db46b14-31cb-4035-9c44-3c0ff3e876c3/clear [39m[32m200[39m [90m81 ms - 27[39m
[35m[HTTP][39m [90m[39m
[35m[HTTP][39m [37m-->[39m [37mPOST[39m [37m/wd/hub/session/f1782519-b4fd-4f84-ac81-67b25bd6742e/element/7db46b14-31cb-4035-9c44-3c0ff3e876c3/value[39m
[35m[HTTP][39m [90m{"id":"7db46b14-31cb-4035-9c44-3c0ff3e876c3","text":"082297476950","value":["0","8","2","2","9","7","4","7","6","9","5","0"]}[39m
[35m[HTTP][39m [37m<-- POST /wd/hub/session/f1782519-b4fd-4f84-ac81-67b25bd6742e/element/7db46b14-31cb-4035-9c44-3c0ff3e876c3/value [39m[32m200[39m [90m963 ms - 12[39m
[35m[HTTP][39m [90m[39m
[35m[HTTP][39m [37m-->[39m [37mDELETE[39m [37m/wd/hub/session/f1782519-b4fd-4f84-ac81-67b25bd6742e[39m
[35m[HTTP][39m [90m{}[39m
[35m[Appium][39m Removing session f1782519-b4fd-4f84-ac81-67b25bd6742e from our master session list
[35m[ADB][39m com.outsystemsenterprise.acctst1.ACCMart was successfully uninstalled
[35m[HTTP][39m [37m<-- DELETE /wd/hub/session/f1782519-b4fd-4f84-ac81-67b25bd6742e [39m[32m200[39m [90m3559 ms - 14[39m
[35m[HTTP][39m [90m[39m
