[35m[Appium][39m Welcome to Appium v1.8.1
[35m[Appium][39m Non-default server args:
[35m[Appium][39m   port: 60030
[35m[Appium][39m   loglevel: info
[35m[Appium][39m   chromeDriverPort: 60031
[35m[Appium][39m   tmpDir: C:\Users\lieto\AppData\Local\Temp\\Katalon\Appium\Temp1567071767585
[35m[Appium][39m Appium REST http interface listener started on 0.0.0.0:60030
[35m[HTTP][39m [37m-->[39m [37mGET[39m [37m/wd/hub/status[39m
[35m[HTTP][39m [90m{}[39m
[35m[HTTP][39m [37m<-- GET /wd/hub/status [39m[32m200[39m [90m14 ms - 83[39m
[35m[HTTP][39m [90m[39m
[35m[HTTP][39m [37m-->[39m [37mPOST[39m [37m/wd/hub/session[39m
[35m[HTTP][39m [90m{"desiredCapabilities":{"app":"D:\\State's Secret\\Internsheeepppppp\\Project\\accmart.apk","noReset":true,"newCommandTimeout":1800,"platformVersion":"9","automationName":"uiautomator2","autoGrantPermissions":true,"platformName":"Android","udid":"32008eeec002a5eb","deviceName":"samsung SM-A750GN (Android 9)","fullReset":false,"platform":"ANDROID"},"capabilities":{"firstMatch":[{"appium:app":"D:\\State's Secret\\Internsheeepppppp\\Project\\accmart.apk","appium:autoGrantPermissions":true,"appium:automationName":"uiautomator2","appium:deviceName":"samsung SM-A750GN (Android 9)","appium:fullReset":false,"appium:newCommandTimeout":1800,"appium:noReset":true,"platform":"ANDROID","platformName":"android","appium:platformVersion":"9","appium:udid":"32008eeec002a5eb"}]}}[39m
[35m[BaseDriver][39m The capabilities ["platform"] are not standard capabilities and should have an extension prefix
[35m[Appium][39m Creating new AndroidUiautomator2Driver (v1.12.0) session
[35m[Appium][39m Capabilities:
[35m[Appium][39m   platform: ANDROID
[35m[Appium][39m   platformName: android
[35m[Appium][39m   app: D:\State's Secret\Internsheeepppppp\Project\accmart.apk
[35m[Appium][39m   autoGrantPermissions: true
[35m[Appium][39m   automationName: uiautomator2
[35m[Appium][39m   deviceName: samsung SM-A750GN (Android 9)
[35m[Appium][39m   fullReset: false
[35m[Appium][39m   newCommandTimeout: 1800
[35m[Appium][39m   noReset: true
[35m[Appium][39m   platformVersion: 9
[35m[Appium][39m   udid: 32008eeec002a5eb
[35m[BaseDriver][39m The following capabilities were provided, but are not recognized by appium: platform.
[35m[BaseDriver][39m Session created with session id: 7a6af03c-a391-4a15-9b3a-4ca06d2db8b4
[35m[BaseDriver][39m Using local app 'D:\State's Secret\Internsheeepppppp\Project\accmart.apk'
[35m[AndroidDriver][39m Java version is: 1.8.0_181
[35m[ADB][39m Checking whether adb is present
[35m[ADB][39m Found 1 'build-tools' folders under 'C:\Users\lieto\.katalon\tools\android_sdk' (newest first):
[35m[ADB][39m     C:/Users/lieto/.katalon/tools/android_sdk/build-tools/29.0.2
[35m[ADB][39m Using adb.exe from C:\Users\lieto\.katalon\tools\android_sdk\platform-tools\adb.exe
[35m[AndroidDriver][39m Retrieving device list
[35m[AndroidDriver][39m Using device: 32008eeec002a5eb
[35m[ADB][39m Using the alternative activity name detection method because of: Could not find apkanalyzer.bat in C:\Users\lieto\.katalon\tools\android_sdk\platform-tools\apkanalyzer.bat,C:\Users\lieto\.katalon\tools\android_sdk\emulator\apkanalyzer.bat,C:\Users\lieto\.katalon\tools\android_sdk\tools\apkanalyzer.bat,C:\Users\lieto\.katalon\tools\android_sdk\tools\bin\apkanalyzer.bat,C:\Users\lieto\.katalon\tools\android_sdk\build-tools\29.0.2\apkanalyzer.bat. Do you have the Android SDK installed at 'C:\Users\lieto\.katalon\tools\android_sdk'?
[35m[ADB][39m Checking whether aapt is present
[35m[ADB][39m Using aapt.exe from C:\Users\lieto\.katalon\tools\android_sdk\build-tools\29.0.2\aapt.exe
[35m[ADB][39m Extracting package and launch activity from manifest
[35m[ADB][39m Package name: 'com.outsystemsenterprise.acctst1.ACCMart'
[35m[ADB][39m Main activity name: 'com.outsystemsenterprise.acctst1.ACCMart.MainActivity'
[35m[ADB][39m Getting device platform version
[35m[ADB][39m Using apksigner.bat from C:\Users\lieto\.katalon\tools\android_sdk\build-tools\29.0.2\apksigner.bat
[35m[ADB][39m Cannot read version codes of 'C:\Users\lieto\AppData\Roaming\npm\node_modules\appium\node_modules\appium-uiautomator2-server\apks\appium-uiautomator2-server-debug-androidTest.apk' and/or 'io.appium.uiautomator2.server.test'
[35m[ADB][39m Cannot read version names of 'C:\Users\lieto\AppData\Roaming\npm\node_modules\appium\node_modules\appium-uiautomator2-server\apks\appium-uiautomator2-server-debug-androidTest.apk' and/or 'io.appium.uiautomator2.server.test'. Assuming correct app version is already installed
[35m[AndroidDriver][39m setDeviceLanguageCountry requires language or country.
[35m[AndroidDriver][39m Got language: 'null' and country: 'null'
[35m[ADB][39m Successfully extracted 43 strings from 'D:\State's Secret\Internsheeepppppp\Project\accmart.apk' resources for '(default)' configuration
[35m[UiAutomator2][39m Starting uiautomator2 server 1.12.0
[35m[UiAutomator2][39m Using UIAutomator2 server from 'C:\Users\lieto\AppData\Roaming\npm\node_modules\appium\node_modules\appium-uiautomator2-server\apks\appium-uiautomator2-server-v1.12.0.apk' and test from 'C:\Users\lieto\AppData\Roaming\npm\node_modules\appium\node_modules\appium-uiautomator2-server\apks\appium-uiautomator2-server-debug-androidTest.apk'
[35m[UiAutomator2][39m Running command: 'adb -s 32008eeec002a5eb shell am instrument -w io.appium.uiautomator2.server.test/android.support.test.runner.AndroidJUnitRunner'
[35m[UiAutomator2][39m Waiting up to 20000ms for UiAutomator2 to be online...
[35m[AndroidDriver][39m Screen already unlocked, doing nothing
[35m[UiAutomator2][39m UiAutomator2 did not start the activity we were waiting for, 'com.outsystemsenterprise.acctst1.ACCMart/com.outsystemsenterprise.acctst1.ACCMart.MainActivity'. Starting it ourselves
[35m[Appium][39m New AndroidUiautomator2Driver session created successfully, session 7a6af03c-a391-4a15-9b3a-4ca06d2db8b4 added to master session list
[35m[HTTP][39m [37m<-- POST /wd/hub/session [39m[32m200[39m [90m23133 ms - 1225[39m
[35m[HTTP][39m [90m[39m
[35m[HTTP][39m [37m-->[39m [37mGET[39m [37m/wd/hub/session/7a6af03c-a391-4a15-9b3a-4ca06d2db8b4[39m
[35m[HTTP][39m [90m{}[39m
[35m[HTTP][39m [37m<-- GET /wd/hub/session/7a6af03c-a391-4a15-9b3a-4ca06d2db8b4 [39m[32m200[39m [90m63 ms - 1157[39m
[35m[HTTP][39m [90m[39m
[35m[HTTP][39m [37m-->[39m [37mGET[39m [37m/wd/hub/session/7a6af03c-a391-4a15-9b3a-4ca06d2db8b4[39m
[35m[HTTP][39m [90m{}[39m
[35m[HTTP][39m [37m<-- GET /wd/hub/session/7a6af03c-a391-4a15-9b3a-4ca06d2db8b4 [39m[32m200[39m [90m49 ms - 1157[39m
[35m[HTTP][39m [90m[39m
[35m[HTTP][39m [37m-->[39m [37mGET[39m [37m/wd/hub/status[39m
[35m[HTTP][39m [90m{}[39m
[35m[HTTP][39m [37m<-- GET /wd/hub/status [39m[32m200[39m [90m5 ms - 55[39m
[35m[HTTP][39m [90m[39m
[35m[HTTP][39m [37m-->[39m [37mPOST[39m [37m/wd/hub/session/7a6af03c-a391-4a15-9b3a-4ca06d2db8b4/timeouts[39m
[35m[HTTP][39m [90m{"implicit":30000}[39m
[35m[HTTP][39m [37m<-- POST /wd/hub/session/7a6af03c-a391-4a15-9b3a-4ca06d2db8b4/timeouts [39m[32m200[39m [90m8 ms - 14[39m
[35m[HTTP][39m [90m[39m
[35m[HTTP][39m [37m-->[39m [37mPOST[39m [37m/wd/hub/session/7a6af03c-a391-4a15-9b3a-4ca06d2db8b4/timeouts[39m
[35m[HTTP][39m [90m{"implicit":50}[39m
[35m[HTTP][39m [37m<-- POST /wd/hub/session/7a6af03c-a391-4a15-9b3a-4ca06d2db8b4/timeouts [39m[32m200[39m [90m3 ms - 14[39m
[35m[HTTP][39m [90m[39m
[35m[HTTP][39m [37m-->[39m [37mGET[39m [37m/wd/hub/session/7a6af03c-a391-4a15-9b3a-4ca06d2db8b4/window/rect[39m
[35m[HTTP][39m [90m{}[39m
[35m[HTTP][39m [37m<-- GET /wd/hub/session/7a6af03c-a391-4a15-9b3a-4ca06d2db8b4/window/rect [39m[32m200[39m [90m70 ms - 50[39m
[35m[HTTP][39m [90m[39m
[35m[HTTP][39m [37m-->[39m [37mPOST[39m [37m/wd/hub/session/7a6af03c-a391-4a15-9b3a-4ca06d2db8b4/elements[39m
[35m[HTTP][39m [90m{"using":"-android uiautomator","value":"new UiSelector().className(\"android.view.View\").text(\"MobiMartTheme.akun_inactive\")"}[39m
[35m[HTTP][39m [37m<-- POST /wd/hub/session/7a6af03c-a391-4a15-9b3a-4ca06d2db8b4/elements [39m[32m200[39m [90m143 ms - 12[39m
[35m[HTTP][39m [90m[39m
[35m[HTTP][39m [37m-->[39m [37mPOST[39m [37m/wd/hub/session/7a6af03c-a391-4a15-9b3a-4ca06d2db8b4/elements[39m
[35m[HTTP][39m [90m{"using":"-android uiautomator","value":"new UiSelector().className(\"android.view.View\").text(\"MobiMartTheme.akun_inactive\")"}[39m
[35m[HTTP][39m [37m<-- POST /wd/hub/session/7a6af03c-a391-4a15-9b3a-4ca06d2db8b4/elements [39m[32m200[39m [90m713 ms - 12[39m
[35m[HTTP][39m [90m[39m
[35m[HTTP][39m [37m-->[39m [37mPOST[39m [37m/wd/hub/session/7a6af03c-a391-4a15-9b3a-4ca06d2db8b4/elements[39m
[35m[HTTP][39m [90m{"using":"-android uiautomator","value":"new UiSelector().className(\"android.view.View\").text(\"MobiMartTheme.akun_inactive\")"}[39m
[35m[HTTP][39m [37m<-- POST /wd/hub/session/7a6af03c-a391-4a15-9b3a-4ca06d2db8b4/elements [39m[32m200[39m [90m851 ms - 12[39m
[35m[HTTP][39m [90m[39m
[35m[HTTP][39m [37m-->[39m [37mPOST[39m [37m/wd/hub/session/7a6af03c-a391-4a15-9b3a-4ca06d2db8b4/elements[39m
[35m[HTTP][39m [90m{"using":"-android uiautomator","value":"new UiSelector().className(\"android.view.View\").text(\"MobiMartTheme.akun_inactive\")"}[39m
[35m[HTTP][39m [37m<-- POST /wd/hub/session/7a6af03c-a391-4a15-9b3a-4ca06d2db8b4/elements [39m[32m200[39m [90m151 ms - 12[39m
[35m[HTTP][39m [90m[39m
[35m[HTTP][39m [37m-->[39m [37mPOST[39m [37m/wd/hub/session/7a6af03c-a391-4a15-9b3a-4ca06d2db8b4/elements[39m
[35m[HTTP][39m [90m{"using":"-android uiautomator","value":"new UiSelector().className(\"android.view.View\").text(\"MobiMartTheme.akun_inactive\")"}[39m
[35m[HTTP][39m [37m<-- POST /wd/hub/session/7a6af03c-a391-4a15-9b3a-4ca06d2db8b4/elements [39m[32m200[39m [90m171 ms - 12[39m
[35m[HTTP][39m [90m[39m
[35m[HTTP][39m [37m-->[39m [37mPOST[39m [37m/wd/hub/session/7a6af03c-a391-4a15-9b3a-4ca06d2db8b4/elements[39m
[35m[HTTP][39m [90m{"using":"-android uiautomator","value":"new UiSelector().className(\"android.view.View\").text(\"MobiMartTheme.akun_inactive\")"}[39m
[35m[HTTP][39m [37m<-- POST /wd/hub/session/7a6af03c-a391-4a15-9b3a-4ca06d2db8b4/elements [39m[32m200[39m [90m166 ms - 12[39m
[35m[HTTP][39m [90m[39m
[35m[HTTP][39m [37m-->[39m [37mPOST[39m [37m/wd/hub/session/7a6af03c-a391-4a15-9b3a-4ca06d2db8b4/elements[39m
[35m[HTTP][39m [90m{"using":"-android uiautomator","value":"new UiSelector().className(\"android.view.View\").text(\"MobiMartTheme.akun_inactive\")"}[39m
[35m[HTTP][39m [37m<-- POST /wd/hub/session/7a6af03c-a391-4a15-9b3a-4ca06d2db8b4/elements [39m[32m200[39m [90m124 ms - 12[39m
[35m[HTTP][39m [90m[39m
[35m[HTTP][39m [37m-->[39m [37mPOST[39m [37m/wd/hub/session/7a6af03c-a391-4a15-9b3a-4ca06d2db8b4/elements[39m
[35m[HTTP][39m [90m{"using":"-android uiautomator","value":"new UiSelector().className(\"android.view.View\").text(\"MobiMartTheme.akun_inactive\")"}[39m
[35m[HTTP][39m [37m<-- POST /wd/hub/session/7a6af03c-a391-4a15-9b3a-4ca06d2db8b4/elements [39m[32m200[39m [90m119 ms - 12[39m
[35m[HTTP][39m [90m[39m
[35m[HTTP][39m [37m-->[39m [37mPOST[39m [37m/wd/hub/session/7a6af03c-a391-4a15-9b3a-4ca06d2db8b4/elements[39m
[35m[HTTP][39m [90m{"using":"-android uiautomator","value":"new UiSelector().className(\"android.view.View\").text(\"MobiMartTheme.akun_inactive\")"}[39m
[35m[HTTP][39m [37m<-- POST /wd/hub/session/7a6af03c-a391-4a15-9b3a-4ca06d2db8b4/elements [39m[32m200[39m [90m110 ms - 12[39m
[35m[HTTP][39m [90m[39m
[35m[HTTP][39m [37m-->[39m [37mPOST[39m [37m/wd/hub/session/7a6af03c-a391-4a15-9b3a-4ca06d2db8b4/elements[39m
[35m[HTTP][39m [90m{"using":"-android uiautomator","value":"new UiSelector().className(\"android.view.View\").text(\"MobiMartTheme.akun_inactive\")"}[39m
[35m[HTTP][39m [37m<-- POST /wd/hub/session/7a6af03c-a391-4a15-9b3a-4ca06d2db8b4/elements [39m[32m200[39m [90m105 ms - 12[39m
[35m[HTTP][39m [90m[39m
[35m[HTTP][39m [37m-->[39m [37mPOST[39m [37m/wd/hub/session/7a6af03c-a391-4a15-9b3a-4ca06d2db8b4/elements[39m
[35m[HTTP][39m [90m{"using":"-android uiautomator","value":"new UiSelector().className(\"android.view.View\").text(\"MobiMartTheme.akun_inactive\")"}[39m
[35m[HTTP][39m [37m<-- POST /wd/hub/session/7a6af03c-a391-4a15-9b3a-4ca06d2db8b4/elements [39m[32m200[39m [90m128 ms - 12[39m
[35m[HTTP][39m [90m[39m
[35m[HTTP][39m [37m-->[39m [37mPOST[39m [37m/wd/hub/session/7a6af03c-a391-4a15-9b3a-4ca06d2db8b4/elements[39m
[35m[HTTP][39m [90m{"using":"-android uiautomator","value":"new UiSelector().className(\"android.view.View\").text(\"MobiMartTheme.akun_inactive\")"}[39m
[35m[HTTP][39m [37m<-- POST /wd/hub/session/7a6af03c-a391-4a15-9b3a-4ca06d2db8b4/elements [39m[32m200[39m [90m119 ms - 12[39m
[35m[HTTP][39m [90m[39m
[35m[HTTP][39m [37m-->[39m [37mPOST[39m [37m/wd/hub/session/7a6af03c-a391-4a15-9b3a-4ca06d2db8b4/elements[39m
[35m[HTTP][39m [90m{"using":"-android uiautomator","value":"new UiSelector().className(\"android.view.View\").text(\"MobiMartTheme.akun_inactive\")"}[39m
[35m[HTTP][39m [37m<-- POST /wd/hub/session/7a6af03c-a391-4a15-9b3a-4ca06d2db8b4/elements [39m[32m200[39m [90m124 ms - 12[39m
[35m[HTTP][39m [90m[39m
[35m[HTTP][39m [37m-->[39m [37mPOST[39m [37m/wd/hub/session/7a6af03c-a391-4a15-9b3a-4ca06d2db8b4/elements[39m
[35m[HTTP][39m [90m{"using":"-android uiautomator","value":"new UiSelector().className(\"android.view.View\").text(\"MobiMartTheme.akun_inactive\")"}[39m
[35m[HTTP][39m [37m<-- POST /wd/hub/session/7a6af03c-a391-4a15-9b3a-4ca06d2db8b4/elements [39m[32m200[39m [90m118 ms - 12[39m
[35m[HTTP][39m [90m[39m
[35m[HTTP][39m [37m-->[39m [37mPOST[39m [37m/wd/hub/session/7a6af03c-a391-4a15-9b3a-4ca06d2db8b4/elements[39m
[35m[HTTP][39m [90m{"using":"-android uiautomator","value":"new UiSelector().className(\"android.view.View\").text(\"MobiMartTheme.akun_inactive\")"}[39m
[35m[HTTP][39m [37m<-- POST /wd/hub/session/7a6af03c-a391-4a15-9b3a-4ca06d2db8b4/elements [39m[32m200[39m [90m102 ms - 12[39m
[35m[HTTP][39m [90m[39m
[35m[HTTP][39m [37m-->[39m [37mPOST[39m [37m/wd/hub/session/7a6af03c-a391-4a15-9b3a-4ca06d2db8b4/elements[39m
[35m[HTTP][39m [90m{"using":"-android uiautomator","value":"new UiSelector().className(\"android.view.View\").text(\"MobiMartTheme.akun_inactive\")"}[39m
[35m[HTTP][39m [37m<-- POST /wd/hub/session/7a6af03c-a391-4a15-9b3a-4ca06d2db8b4/elements [39m[32m200[39m [90m83 ms - 12[39m
[35m[HTTP][39m [90m[39m
[35m[HTTP][39m [37m-->[39m [37mPOST[39m [37m/wd/hub/session/7a6af03c-a391-4a15-9b3a-4ca06d2db8b4/elements[39m
[35m[HTTP][39m [90m{"using":"-android uiautomator","value":"new UiSelector().className(\"android.view.View\").text(\"MobiMartTheme.akun_inactive\")"}[39m
[35m[HTTP][39m [37m<-- POST /wd/hub/session/7a6af03c-a391-4a15-9b3a-4ca06d2db8b4/elements [39m[32m200[39m [90m140 ms - 12[39m
[35m[HTTP][39m [90m[39m
[35m[HTTP][39m [37m-->[39m [37mPOST[39m [37m/wd/hub/session/7a6af03c-a391-4a15-9b3a-4ca06d2db8b4/elements[39m
[35m[HTTP][39m [90m{"using":"-android uiautomator","value":"new UiSelector().className(\"android.view.View\").text(\"MobiMartTheme.akun_inactive\")"}[39m
[35m[HTTP][39m [37m<-- POST /wd/hub/session/7a6af03c-a391-4a15-9b3a-4ca06d2db8b4/elements [39m[32m200[39m [90m88 ms - 12[39m
[35m[HTTP][39m [90m[39m
[35m[HTTP][39m [37m-->[39m [37mPOST[39m [37m/wd/hub/session/7a6af03c-a391-4a15-9b3a-4ca06d2db8b4/elements[39m
[35m[HTTP][39m [90m{"using":"-android uiautomator","value":"new UiSelector().className(\"android.view.View\").text(\"MobiMartTheme.akun_inactive\")"}[39m
[35m[HTTP][39m [37m<-- POST /wd/hub/session/7a6af03c-a391-4a15-9b3a-4ca06d2db8b4/elements [39m[32m200[39m [90m88 ms - 12[39m
[35m[HTTP][39m [90m[39m
[35m[HTTP][39m [37m-->[39m [37mPOST[39m [37m/wd/hub/session/7a6af03c-a391-4a15-9b3a-4ca06d2db8b4/elements[39m
[35m[HTTP][39m [90m{"using":"-android uiautomator","value":"new UiSelector().className(\"android.view.View\").text(\"MobiMartTheme.akun_inactive\")"}[39m
[35m[HTTP][39m [37m<-- POST /wd/hub/session/7a6af03c-a391-4a15-9b3a-4ca06d2db8b4/elements [39m[32m200[39m [90m107 ms - 12[39m
[35m[HTTP][39m [90m[39m
[35m[HTTP][39m [37m-->[39m [37mPOST[39m [37m/wd/hub/session/7a6af03c-a391-4a15-9b3a-4ca06d2db8b4/elements[39m
[35m[HTTP][39m [90m{"using":"-android uiautomator","value":"new UiSelector().className(\"android.view.View\").text(\"MobiMartTheme.akun_inactive\")"}[39m
[35m[HTTP][39m [37m<-- POST /wd/hub/session/7a6af03c-a391-4a15-9b3a-4ca06d2db8b4/elements [39m[32m200[39m [90m95 ms - 12[39m
[35m[HTTP][39m [90m[39m
[35m[HTTP][39m [37m-->[39m [37mPOST[39m [37m/wd/hub/session/7a6af03c-a391-4a15-9b3a-4ca06d2db8b4/elements[39m
[35m[HTTP][39m [90m{"using":"-android uiautomator","value":"new UiSelector().className(\"android.view.View\").text(\"MobiMartTheme.akun_inactive\")"}[39m
[35m[HTTP][39m [37m<-- POST /wd/hub/session/7a6af03c-a391-4a15-9b3a-4ca06d2db8b4/elements [39m[32m200[39m [90m189 ms - 12[39m
[35m[HTTP][39m [90m[39m
[35m[HTTP][39m [37m-->[39m [37mPOST[39m [37m/wd/hub/session/7a6af03c-a391-4a15-9b3a-4ca06d2db8b4/elements[39m
[35m[HTTP][39m [90m{"using":"-android uiautomator","value":"new UiSelector().className(\"android.view.View\").text(\"MobiMartTheme.akun_inactive\")"}[39m
[35m[HTTP][39m [37m<-- POST /wd/hub/session/7a6af03c-a391-4a15-9b3a-4ca06d2db8b4/elements [39m[32m200[39m [90m2082 ms - 90[39m
[35m[HTTP][39m [90m[39m
[35m[HTTP][39m [37m-->[39m [37mGET[39m [37m/wd/hub/session/7a6af03c-a391-4a15-9b3a-4ca06d2db8b4/element/3c9d1695-96f6-4364-af91-9d706bcacb4e/location[39m
[35m[HTTP][39m [90m{}[39m
[35m[W3C][39m Driver proxy active, passing request on via HTTP proxy
[35m[JSONWP Proxy][39m Replacing sessionId 677b5877-1225-410b-a099-3aa70e4009a9 with 7a6af03c-a391-4a15-9b3a-4ca06d2db8b4
[35m[HTTP][39m [37m<-- GET /wd/hub/session/7a6af03c-a391-4a15-9b3a-4ca06d2db8b4/element/3c9d1695-96f6-4364-af91-9d706bcacb4e/location [39m[32m200[39m [90m105 ms - 90[39m
[35m[HTTP][39m [90m[39m
[35m[HTTP][39m [37m-->[39m [37mPOST[39m [37m/wd/hub/session/7a6af03c-a391-4a15-9b3a-4ca06d2db8b4/timeouts[39m
[35m[HTTP][39m [90m{"implicit":30000}[39m
[35m[HTTP][39m [37m<-- POST /wd/hub/session/7a6af03c-a391-4a15-9b3a-4ca06d2db8b4/timeouts [39m[32m200[39m [90m2 ms - 14[39m
[35m[HTTP][39m [90m[39m
[35m[HTTP][39m [37m-->[39m [37mPOST[39m [37m/wd/hub/session/7a6af03c-a391-4a15-9b3a-4ca06d2db8b4/touch/perform[39m
[35m[HTTP][39m [90m{"actions":[{"action":"tap","options":{"x":1,"y":1,"element":"3c9d1695-96f6-4364-af91-9d706bcacb4e"}},{"action":"release","options":{}}]}[39m
[35m[UiAutomator2][39m calling get location: 3c9d1695-96f6-4364-af91-9d706bcacb4e
[35m[HTTP][39m [37m<-- POST /wd/hub/session/7a6af03c-a391-4a15-9b3a-4ca06d2db8b4/touch/perform [39m[32m200[39m [90m2117 ms - 14[39m
[35m[HTTP][39m [90m[39m
[35m[HTTP][39m [37m-->[39m [37mPOST[39m [37m/wd/hub/session/7a6af03c-a391-4a15-9b3a-4ca06d2db8b4/timeouts[39m
[35m[HTTP][39m [90m{"implicit":50}[39m
[35m[HTTP][39m [37m<-- POST /wd/hub/session/7a6af03c-a391-4a15-9b3a-4ca06d2db8b4/timeouts [39m[32m200[39m [90m6 ms - 14[39m
[35m[HTTP][39m [90m[39m
[35m[HTTP][39m [37m-->[39m [37mGET[39m [37m/wd/hub/session/7a6af03c-a391-4a15-9b3a-4ca06d2db8b4/window/rect[39m
[35m[HTTP][39m [90m{}[39m
[35m[HTTP][39m [37m<-- GET /wd/hub/session/7a6af03c-a391-4a15-9b3a-4ca06d2db8b4/window/rect [39m[32m200[39m [90m87 ms - 50[39m
[35m[HTTP][39m [90m[39m
[35m[HTTP][39m [37m-->[39m [37mPOST[39m [37m/wd/hub/session/7a6af03c-a391-4a15-9b3a-4ca06d2db8b4/elements[39m
[35m[HTTP][39m [90m{"using":"-android uiautomator","value":"new UiSelector().className(\"android.view.View\").text(\"Akun Saya\")"}[39m
[35m[HTTP][39m [37m<-- POST /wd/hub/session/7a6af03c-a391-4a15-9b3a-4ca06d2db8b4/elements [39m[32m200[39m [90m328 ms - 90[39m
[35m[HTTP][39m [90m[39m
[35m[HTTP][39m [37m-->[39m [37mGET[39m [37m/wd/hub/session/7a6af03c-a391-4a15-9b3a-4ca06d2db8b4/element/f30fb441-ae45-4c25-bc81-88be29b99a01/location[39m
[35m[HTTP][39m [90m{}[39m
[35m[W3C][39m Driver proxy active, passing request on via HTTP proxy
[35m[JSONWP Proxy][39m Replacing sessionId 677b5877-1225-410b-a099-3aa70e4009a9 with 7a6af03c-a391-4a15-9b3a-4ca06d2db8b4
[35m[HTTP][39m [37m<-- GET /wd/hub/session/7a6af03c-a391-4a15-9b3a-4ca06d2db8b4/element/f30fb441-ae45-4c25-bc81-88be29b99a01/location [39m[32m200[39m [90m86 ms - 89[39m
[35m[HTTP][39m [90m[39m
[35m[HTTP][39m [37m-->[39m [37mPOST[39m [37m/wd/hub/session/7a6af03c-a391-4a15-9b3a-4ca06d2db8b4/timeouts[39m
[35m[HTTP][39m [90m{"implicit":30000}[39m
[35m[HTTP][39m [37m<-- POST /wd/hub/session/7a6af03c-a391-4a15-9b3a-4ca06d2db8b4/timeouts [39m[32m200[39m [90m5 ms - 14[39m
[35m[HTTP][39m [90m[39m
[35m[HTTP][39m [37m-->[39m [37mPOST[39m [37m/wd/hub/session/7a6af03c-a391-4a15-9b3a-4ca06d2db8b4/timeouts[39m
[35m[HTTP][39m [90m{"implicit":50}[39m
[35m[HTTP][39m [37m<-- POST /wd/hub/session/7a6af03c-a391-4a15-9b3a-4ca06d2db8b4/timeouts [39m[32m200[39m [90m5 ms - 14[39m
[35m[HTTP][39m [90m[39m
[35m[HTTP][39m [37m-->[39m [37mGET[39m [37m/wd/hub/session/7a6af03c-a391-4a15-9b3a-4ca06d2db8b4/window/rect[39m
[35m[HTTP][39m [90m{}[39m
[35m[HTTP][39m [37m<-- GET /wd/hub/session/7a6af03c-a391-4a15-9b3a-4ca06d2db8b4/window/rect [39m[32m200[39m [90m54 ms - 50[39m
[35m[HTTP][39m [90m[39m
[35m[HTTP][39m [37m-->[39m [37mPOST[39m [37m/wd/hub/session/7a6af03c-a391-4a15-9b3a-4ca06d2db8b4/elements[39m
[35m[HTTP][39m [90m{"using":"-android uiautomator","value":"new UiSelector().className(\"android.view.View\").text(\"Lihat & Ubah Profile Anda\").resourceId(\"b2-btn_profil\")"}[39m
[35m[HTTP][39m [37m<-- POST /wd/hub/session/7a6af03c-a391-4a15-9b3a-4ca06d2db8b4/elements [39m[32m200[39m [90m203 ms - 90[39m
[35m[HTTP][39m [90m[39m
[35m[HTTP][39m [37m-->[39m [37mGET[39m [37m/wd/hub/session/7a6af03c-a391-4a15-9b3a-4ca06d2db8b4/element/d29b0902-8dde-423b-ac5a-603dc7208f52/location[39m
[35m[HTTP][39m [90m{}[39m
[35m[W3C][39m Driver proxy active, passing request on via HTTP proxy
[35m[JSONWP Proxy][39m Replacing sessionId 677b5877-1225-410b-a099-3aa70e4009a9 with 7a6af03c-a391-4a15-9b3a-4ca06d2db8b4
[35m[HTTP][39m [37m<-- GET /wd/hub/session/7a6af03c-a391-4a15-9b3a-4ca06d2db8b4/element/d29b0902-8dde-423b-ac5a-603dc7208f52/location [39m[32m200[39m [90m83 ms - 87[39m
[35m[HTTP][39m [90m[39m
[35m[HTTP][39m [37m-->[39m [37mPOST[39m [37m/wd/hub/session/7a6af03c-a391-4a15-9b3a-4ca06d2db8b4/timeouts[39m
[35m[HTTP][39m [90m{"implicit":30000}[39m
[35m[HTTP][39m [37m<-- POST /wd/hub/session/7a6af03c-a391-4a15-9b3a-4ca06d2db8b4/timeouts [39m[32m200[39m [90m4 ms - 14[39m
[35m[HTTP][39m [90m[39m
[35m[HTTP][39m [37m-->[39m [37mPOST[39m [37m/wd/hub/session/7a6af03c-a391-4a15-9b3a-4ca06d2db8b4/touch/perform[39m
[35m[HTTP][39m [90m{"actions":[{"action":"tap","options":{"x":1,"y":1,"element":"d29b0902-8dde-423b-ac5a-603dc7208f52"}},{"action":"release","options":{}}]}[39m
[35m[UiAutomator2][39m calling get location: d29b0902-8dde-423b-ac5a-603dc7208f52
[35m[HTTP][39m [37m<-- POST /wd/hub/session/7a6af03c-a391-4a15-9b3a-4ca06d2db8b4/touch/perform [39m[32m200[39m [90m895 ms - 14[39m
[35m[HTTP][39m [90m[39m
[35m[HTTP][39m [37m-->[39m [37mGET[39m [37m/wd/hub/session/7a6af03c-a391-4a15-9b3a-4ca06d2db8b4/context[39m
[35m[HTTP][39m [90m{}[39m
[35m[HTTP][39m [37m<-- GET /wd/hub/session/7a6af03c-a391-4a15-9b3a-4ca06d2db8b4/context [39m[32m200[39m [90m4 ms - 22[39m
[35m[HTTP][39m [90m[39m
[35m[HTTP][39m [37m-->[39m [37mGET[39m [37m/wd/hub/session/7a6af03c-a391-4a15-9b3a-4ca06d2db8b4/contexts[39m
[35m[HTTP][39m [90m{}[39m
[35m[HTTP][39m [37m<-- GET /wd/hub/session/7a6af03c-a391-4a15-9b3a-4ca06d2db8b4/contexts [39m[32m200[39m [90m542 ms - 75[39m
[35m[HTTP][39m [90m[39m
[35m[HTTP][39m [37m-->[39m [37mPOST[39m [37m/wd/hub/session/7a6af03c-a391-4a15-9b3a-4ca06d2db8b4/context[39m
[35m[HTTP][39m [90m{"name":"NATIVE_APP"}[39m
[35m[HTTP][39m [37m<-- POST /wd/hub/session/7a6af03c-a391-4a15-9b3a-4ca06d2db8b4/context [39m[32m200[39m [90m509 ms - 14[39m
[35m[HTTP][39m [90m[39m
[35m[HTTP][39m [37m-->[39m [37mGET[39m [37m/wd/hub/session/7a6af03c-a391-4a15-9b3a-4ca06d2db8b4/window/rect[39m
[35m[HTTP][39m [90m{}[39m
[35m[HTTP][39m [37m<-- GET /wd/hub/session/7a6af03c-a391-4a15-9b3a-4ca06d2db8b4/window/rect [39m[32m200[39m [90m50 ms - 50[39m
[35m[HTTP][39m [90m[39m
[35m[HTTP][39m [37m-->[39m [37mPOST[39m [37m/wd/hub/session/7a6af03c-a391-4a15-9b3a-4ca06d2db8b4/context[39m
[35m[HTTP][39m [90m{"name":"NATIVE_APP"}[39m
[35m[HTTP][39m [37m<-- POST /wd/hub/session/7a6af03c-a391-4a15-9b3a-4ca06d2db8b4/context [39m[32m200[39m [90m532 ms - 14[39m
[35m[HTTP][39m [90m[39m
[35m[HTTP][39m [37m-->[39m [37mGET[39m [37m/wd/hub/session/7a6af03c-a391-4a15-9b3a-4ca06d2db8b4/context[39m
[35m[HTTP][39m [90m{}[39m
[35m[HTTP][39m [37m<-- GET /wd/hub/session/7a6af03c-a391-4a15-9b3a-4ca06d2db8b4/context [39m[32m200[39m [90m3 ms - 22[39m
[35m[HTTP][39m [90m[39m
[35m[HTTP][39m [37m-->[39m [37mGET[39m [37m/wd/hub/session/7a6af03c-a391-4a15-9b3a-4ca06d2db8b4/contexts[39m
[35m[HTTP][39m [90m{}[39m
[35m[HTTP][39m [37m<-- GET /wd/hub/session/7a6af03c-a391-4a15-9b3a-4ca06d2db8b4/contexts [39m[32m200[39m [90m521 ms - 75[39m
[35m[HTTP][39m [90m[39m
[35m[HTTP][39m [37m-->[39m [37mPOST[39m [37m/wd/hub/session/7a6af03c-a391-4a15-9b3a-4ca06d2db8b4/context[39m
[35m[HTTP][39m [90m{"name":"NATIVE_APP"}[39m
[35m[HTTP][39m [37m<-- POST /wd/hub/session/7a6af03c-a391-4a15-9b3a-4ca06d2db8b4/context [39m[32m200[39m [90m530 ms - 14[39m
[35m[HTTP][39m [90m[39m
[35m[HTTP][39m [37m-->[39m [37mGET[39m [37m/wd/hub/session/7a6af03c-a391-4a15-9b3a-4ca06d2db8b4/window/rect[39m
[35m[HTTP][39m [90m{}[39m
[35m[HTTP][39m [37m<-- GET /wd/hub/session/7a6af03c-a391-4a15-9b3a-4ca06d2db8b4/window/rect [39m[32m200[39m [90m49 ms - 50[39m
[35m[HTTP][39m [90m[39m
[35m[HTTP][39m [37m-->[39m [37mPOST[39m [37m/wd/hub/session/7a6af03c-a391-4a15-9b3a-4ca06d2db8b4/context[39m
[35m[HTTP][39m [90m{"name":"NATIVE_APP"}[39m
[35m[HTTP][39m [37m<-- POST /wd/hub/session/7a6af03c-a391-4a15-9b3a-4ca06d2db8b4/context [39m[32m200[39m [90m530 ms - 14[39m
[35m[HTTP][39m [90m[39m
[35m[HTTP][39m [37m-->[39m [37mGET[39m [37m/wd/hub/session/7a6af03c-a391-4a15-9b3a-4ca06d2db8b4/context[39m
[35m[HTTP][39m [90m{}[39m
[35m[HTTP][39m [37m<-- GET /wd/hub/session/7a6af03c-a391-4a15-9b3a-4ca06d2db8b4/context [39m[32m200[39m [90m2 ms - 22[39m
[35m[HTTP][39m [90m[39m
[35m[HTTP][39m [37m-->[39m [37mGET[39m [37m/wd/hub/session/7a6af03c-a391-4a15-9b3a-4ca06d2db8b4/contexts[39m
[35m[HTTP][39m [90m{}[39m
[35m[HTTP][39m [37m<-- GET /wd/hub/session/7a6af03c-a391-4a15-9b3a-4ca06d2db8b4/contexts [39m[32m200[39m [90m553 ms - 75[39m
[35m[HTTP][39m [90m[39m
[35m[HTTP][39m [37m-->[39m [37mPOST[39m [37m/wd/hub/session/7a6af03c-a391-4a15-9b3a-4ca06d2db8b4/context[39m
[35m[HTTP][39m [90m{"name":"NATIVE_APP"}[39m
[35m[HTTP][39m [37m<-- POST /wd/hub/session/7a6af03c-a391-4a15-9b3a-4ca06d2db8b4/context [39m[32m200[39m [90m530 ms - 14[39m
[35m[HTTP][39m [90m[39m
[35m[HTTP][39m [37m-->[39m [37mPOST[39m [37m/wd/hub/session/7a6af03c-a391-4a15-9b3a-4ca06d2db8b4/touch/perform[39m
[35m[HTTP][39m [90m{"actions":[{"action":"press","options":{"x":540,"y":1554}},{"action":"wait","options":{"ms":500}},{"action":"moveTo","options":{"x":540,"y":666}},{"action":"release","options":{}}]}[39m
[35m[HTTP][39m [37m<-- POST /wd/hub/session/7a6af03c-a391-4a15-9b3a-4ca06d2db8b4/touch/perform [39m[32m200[39m [90m1100 ms - 14[39m
[35m[HTTP][39m [90m[39m
[35m[HTTP][39m [37m-->[39m [37mPOST[39m [37m/wd/hub/session/7a6af03c-a391-4a15-9b3a-4ca06d2db8b4/context[39m
[35m[HTTP][39m [90m{"name":"NATIVE_APP"}[39m
[35m[HTTP][39m [37m<-- POST /wd/hub/session/7a6af03c-a391-4a15-9b3a-4ca06d2db8b4/context [39m[32m200[39m [90m519 ms - 14[39m
[35m[HTTP][39m [90m[39m
[35m[HTTP][39m [37m-->[39m [37mPOST[39m [37m/wd/hub/session/7a6af03c-a391-4a15-9b3a-4ca06d2db8b4/timeouts[39m
[35m[HTTP][39m [90m{"implicit":50}[39m
[35m[HTTP][39m [37m<-- POST /wd/hub/session/7a6af03c-a391-4a15-9b3a-4ca06d2db8b4/timeouts [39m[32m200[39m [90m4 ms - 14[39m
[35m[HTTP][39m [90m[39m
[35m[HTTP][39m [37m-->[39m [37mGET[39m [37m/wd/hub/session/7a6af03c-a391-4a15-9b3a-4ca06d2db8b4/window/rect[39m
[35m[HTTP][39m [90m{}[39m
[35m[HTTP][39m [37m<-- GET /wd/hub/session/7a6af03c-a391-4a15-9b3a-4ca06d2db8b4/window/rect [39m[32m200[39m [90m61 ms - 50[39m
[35m[HTTP][39m [90m[39m
[35m[HTTP][39m [37m-->[39m [37mPOST[39m [37m/wd/hub/session/7a6af03c-a391-4a15-9b3a-4ca06d2db8b4/elements[39m
[35m[HTTP][39m [90m{"using":"-android uiautomator","value":"new UiSelector().className(\"android.view.View\").text(\"Kata Sandi\")"}[39m
[35m[HTTP][39m [37m<-- POST /wd/hub/session/7a6af03c-a391-4a15-9b3a-4ca06d2db8b4/elements [39m[32m200[39m [90m285 ms - 90[39m
[35m[HTTP][39m [90m[39m
[35m[HTTP][39m [37m-->[39m [37mGET[39m [37m/wd/hub/session/7a6af03c-a391-4a15-9b3a-4ca06d2db8b4/element/53eaf7cd-8236-428c-adf2-b1cfce301517/location[39m
[35m[HTTP][39m [90m{}[39m
[35m[W3C][39m Driver proxy active, passing request on via HTTP proxy
[35m[JSONWP Proxy][39m Replacing sessionId 677b5877-1225-410b-a099-3aa70e4009a9 with 7a6af03c-a391-4a15-9b3a-4ca06d2db8b4
[35m[HTTP][39m [37m<-- GET /wd/hub/session/7a6af03c-a391-4a15-9b3a-4ca06d2db8b4/element/53eaf7cd-8236-428c-adf2-b1cfce301517/location [39m[32m200[39m [90m69 ms - 89[39m
[35m[HTTP][39m [90m[39m
[35m[HTTP][39m [37m-->[39m [37mPOST[39m [37m/wd/hub/session/7a6af03c-a391-4a15-9b3a-4ca06d2db8b4/timeouts[39m
[35m[HTTP][39m [90m{"implicit":30000}[39m
[35m[HTTP][39m [37m<-- POST /wd/hub/session/7a6af03c-a391-4a15-9b3a-4ca06d2db8b4/timeouts [39m[32m200[39m [90m3 ms - 14[39m
[35m[HTTP][39m [90m[39m
[35m[HTTP][39m [37m-->[39m [37mPOST[39m [37m/wd/hub/session/7a6af03c-a391-4a15-9b3a-4ca06d2db8b4/touch/perform[39m
[35m[HTTP][39m [90m{"actions":[{"action":"tap","options":{"x":1,"y":1,"element":"53eaf7cd-8236-428c-adf2-b1cfce301517"}},{"action":"release","options":{}}]}[39m
[35m[UiAutomator2][39m calling get location: 53eaf7cd-8236-428c-adf2-b1cfce301517
[35m[HTTP][39m [37m<-- POST /wd/hub/session/7a6af03c-a391-4a15-9b3a-4ca06d2db8b4/touch/perform [39m[32m200[39m [90m1522 ms - 14[39m
[35m[HTTP][39m [90m[39m
[35m[HTTP][39m [37m-->[39m [37mPOST[39m [37m/wd/hub/session/7a6af03c-a391-4a15-9b3a-4ca06d2db8b4/timeouts[39m
[35m[HTTP][39m [90m{"implicit":50}[39m
[35m[HTTP][39m [37m<-- POST /wd/hub/session/7a6af03c-a391-4a15-9b3a-4ca06d2db8b4/timeouts [39m[32m200[39m [90m4 ms - 14[39m
[35m[HTTP][39m [90m[39m
[35m[HTTP][39m [37m-->[39m [37mGET[39m [37m/wd/hub/session/7a6af03c-a391-4a15-9b3a-4ca06d2db8b4/window/rect[39m
[35m[HTTP][39m [90m{}[39m
[35m[HTTP][39m [37m<-- GET /wd/hub/session/7a6af03c-a391-4a15-9b3a-4ca06d2db8b4/window/rect [39m[32m200[39m [90m52 ms - 50[39m
[35m[HTTP][39m [90m[39m
[35m[HTTP][39m [37m-->[39m [37mPOST[39m [37m/wd/hub/session/7a6af03c-a391-4a15-9b3a-4ca06d2db8b4/elements[39m
[35m[HTTP][39m [90m{"using":"-android uiautomator","value":"new UiSelector().className(\"android.view.View\").text(\"Ubah Kata Sandi\").resourceId(\"b1-Title\")"}[39m
[35m[HTTP][39m [37m<-- POST /wd/hub/session/7a6af03c-a391-4a15-9b3a-4ca06d2db8b4/elements [39m[32m200[39m [90m190 ms - 90[39m
[35m[HTTP][39m [90m[39m
[35m[HTTP][39m [37m-->[39m [37mGET[39m [37m/wd/hub/session/7a6af03c-a391-4a15-9b3a-4ca06d2db8b4/element/b9756187-5a57-4b04-91b6-5c20cabb0496/location[39m
[35m[HTTP][39m [90m{}[39m
[35m[W3C][39m Driver proxy active, passing request on via HTTP proxy
[35m[JSONWP Proxy][39m Replacing sessionId 677b5877-1225-410b-a099-3aa70e4009a9 with 7a6af03c-a391-4a15-9b3a-4ca06d2db8b4
[35m[HTTP][39m [37m<-- GET /wd/hub/session/7a6af03c-a391-4a15-9b3a-4ca06d2db8b4/element/b9756187-5a57-4b04-91b6-5c20cabb0496/location [39m[32m200[39m [90m71 ms - 88[39m
[35m[HTTP][39m [90m[39m
[35m[HTTP][39m [37m-->[39m [37mPOST[39m [37m/wd/hub/session/7a6af03c-a391-4a15-9b3a-4ca06d2db8b4/timeouts[39m
[35m[HTTP][39m [90m{"implicit":30000}[39m
[35m[HTTP][39m [37m<-- POST /wd/hub/session/7a6af03c-a391-4a15-9b3a-4ca06d2db8b4/timeouts [39m[32m200[39m [90m2 ms - 14[39m
[35m[HTTP][39m [90m[39m
[35m[HTTP][39m [37m-->[39m [37mPOST[39m [37m/wd/hub/session/7a6af03c-a391-4a15-9b3a-4ca06d2db8b4/timeouts[39m
[35m[HTTP][39m [90m{"implicit":50}[39m
[35m[HTTP][39m [37m<-- POST /wd/hub/session/7a6af03c-a391-4a15-9b3a-4ca06d2db8b4/timeouts [39m[32m200[39m [90m4 ms - 14[39m
[35m[HTTP][39m [90m[39m
[35m[HTTP][39m [37m-->[39m [37mGET[39m [37m/wd/hub/session/7a6af03c-a391-4a15-9b3a-4ca06d2db8b4/window/rect[39m
[35m[HTTP][39m [90m{}[39m
[35m[HTTP][39m [37m<-- GET /wd/hub/session/7a6af03c-a391-4a15-9b3a-4ca06d2db8b4/window/rect [39m[32m200[39m [90m39 ms - 50[39m
[35m[HTTP][39m [90m[39m
[35m[HTTP][39m [37m-->[39m [37mPOST[39m [37m/wd/hub/session/7a6af03c-a391-4a15-9b3a-4ca06d2db8b4/elements[39m
[35m[HTTP][39m [90m{"using":"-android uiautomator","value":"new UiSelector().className(\"android.widget.EditText\").resourceId(\"b2-Input_PasswordLama\")"}[39m
[35m[HTTP][39m [37m<-- POST /wd/hub/session/7a6af03c-a391-4a15-9b3a-4ca06d2db8b4/elements [39m[32m200[39m [90m161 ms - 90[39m
[35m[HTTP][39m [90m[39m
[35m[HTTP][39m [37m-->[39m [37mGET[39m [37m/wd/hub/session/7a6af03c-a391-4a15-9b3a-4ca06d2db8b4/element/cb6d3997-9815-4e08-b586-f940c2687389/location[39m
[35m[HTTP][39m [90m{}[39m
[35m[W3C][39m Driver proxy active, passing request on via HTTP proxy
[35m[JSONWP Proxy][39m Replacing sessionId 677b5877-1225-410b-a099-3aa70e4009a9 with 7a6af03c-a391-4a15-9b3a-4ca06d2db8b4
[35m[HTTP][39m [37m<-- GET /wd/hub/session/7a6af03c-a391-4a15-9b3a-4ca06d2db8b4/element/cb6d3997-9815-4e08-b586-f940c2687389/location [39m[32m200[39m [90m72 ms - 88[39m
[35m[HTTP][39m [90m[39m
[35m[HTTP][39m [37m-->[39m [37mPOST[39m [37m/wd/hub/session/7a6af03c-a391-4a15-9b3a-4ca06d2db8b4/timeouts[39m
[35m[HTTP][39m [90m{"implicit":30000}[39m
[35m[HTTP][39m [37m<-- POST /wd/hub/session/7a6af03c-a391-4a15-9b3a-4ca06d2db8b4/timeouts [39m[32m200[39m [90m2 ms - 14[39m
[35m[HTTP][39m [90m[39m
[35m[HTTP][39m [37m-->[39m [37mPOST[39m [37m/wd/hub/session/7a6af03c-a391-4a15-9b3a-4ca06d2db8b4/element/cb6d3997-9815-4e08-b586-f940c2687389/clear[39m
[35m[HTTP][39m [90m{"id":"cb6d3997-9815-4e08-b586-f940c2687389"}[39m
[35m[HTTP][39m [37m<-- POST /wd/hub/session/7a6af03c-a391-4a15-9b3a-4ca06d2db8b4/element/cb6d3997-9815-4e08-b586-f940c2687389/clear [39m[32m200[39m [90m74 ms - 27[39m
[35m[HTTP][39m [90m[39m
[35m[HTTP][39m [37m-->[39m [37mPOST[39m [37m/wd/hub/session/7a6af03c-a391-4a15-9b3a-4ca06d2db8b4/element/cb6d3997-9815-4e08-b586-f940c2687389/value[39m
[35m[HTTP][39m [90m{"id":"cb6d3997-9815-4e08-b586-f940c2687389","text":"Application2!","value":["A","p","p","l","i","c","a","t","i","o","n","2","!"]}[39m
[35m[HTTP][39m [37m<-- POST /wd/hub/session/7a6af03c-a391-4a15-9b3a-4ca06d2db8b4/element/cb6d3997-9815-4e08-b586-f940c2687389/value [39m[32m200[39m [90m1464 ms - 12[39m
[35m[HTTP][39m [90m[39m
[35m[HTTP][39m [37m-->[39m [37mPOST[39m [37m/wd/hub/session/7a6af03c-a391-4a15-9b3a-4ca06d2db8b4/timeouts[39m
[35m[HTTP][39m [90m{"implicit":50}[39m
[35m[HTTP][39m [37m<-- POST /wd/hub/session/7a6af03c-a391-4a15-9b3a-4ca06d2db8b4/timeouts [39m[32m200[39m [90m4 ms - 14[39m
[35m[HTTP][39m [90m[39m
[35m[HTTP][39m [37m-->[39m [37mGET[39m [37m/wd/hub/session/7a6af03c-a391-4a15-9b3a-4ca06d2db8b4/window/rect[39m
[35m[HTTP][39m [90m{}[39m
[35m[HTTP][39m [37m<-- GET /wd/hub/session/7a6af03c-a391-4a15-9b3a-4ca06d2db8b4/window/rect [39m[32m200[39m [90m48 ms - 50[39m
[35m[HTTP][39m [90m[39m
[35m[HTTP][39m [37m-->[39m [37mPOST[39m [37m/wd/hub/session/7a6af03c-a391-4a15-9b3a-4ca06d2db8b4/elements[39m
[35m[HTTP][39m [90m{"using":"-android uiautomator","value":"new UiSelector().className(\"android.widget.EditText\").resourceId(\"b2-Input_PasswordBaru\")"}[39m
[35m[HTTP][39m [37m<-- POST /wd/hub/session/7a6af03c-a391-4a15-9b3a-4ca06d2db8b4/elements [39m[32m200[39m [90m1243 ms - 90[39m
[35m[HTTP][39m [90m[39m
[35m[HTTP][39m [37m-->[39m [37mGET[39m [37m/wd/hub/session/7a6af03c-a391-4a15-9b3a-4ca06d2db8b4/element/7b1b0fc5-cb54-4c85-b23a-21c53c93d58f/location[39m
[35m[HTTP][39m [90m{}[39m
[35m[W3C][39m Driver proxy active, passing request on via HTTP proxy
[35m[JSONWP Proxy][39m Replacing sessionId 677b5877-1225-410b-a099-3aa70e4009a9 with 7a6af03c-a391-4a15-9b3a-4ca06d2db8b4
[35m[HTTP][39m [37m<-- GET /wd/hub/session/7a6af03c-a391-4a15-9b3a-4ca06d2db8b4/element/7b1b0fc5-cb54-4c85-b23a-21c53c93d58f/location [39m[32m200[39m [90m79 ms - 88[39m
[35m[HTTP][39m [90m[39m
[35m[HTTP][39m [37m-->[39m [37mPOST[39m [37m/wd/hub/session/7a6af03c-a391-4a15-9b3a-4ca06d2db8b4/timeouts[39m
[35m[HTTP][39m [90m{"implicit":30000}[39m
[35m[HTTP][39m [37m<-- POST /wd/hub/session/7a6af03c-a391-4a15-9b3a-4ca06d2db8b4/timeouts [39m[32m200[39m [90m2 ms - 14[39m
[35m[HTTP][39m [90m[39m
[35m[HTTP][39m [37m-->[39m [37mPOST[39m [37m/wd/hub/session/7a6af03c-a391-4a15-9b3a-4ca06d2db8b4/element/7b1b0fc5-cb54-4c85-b23a-21c53c93d58f/clear[39m
[35m[HTTP][39m [90m{"id":"7b1b0fc5-cb54-4c85-b23a-21c53c93d58f"}[39m
[35m[HTTP][39m [37m<-- POST /wd/hub/session/7a6af03c-a391-4a15-9b3a-4ca06d2db8b4/element/7b1b0fc5-cb54-4c85-b23a-21c53c93d58f/clear [39m[32m200[39m [90m77 ms - 27[39m
[35m[HTTP][39m [90m[39m
[35m[HTTP][39m [37m-->[39m [37mPOST[39m [37m/wd/hub/session/7a6af03c-a391-4a15-9b3a-4ca06d2db8b4/element/7b1b0fc5-cb54-4c85-b23a-21c53c93d58f/value[39m
[35m[HTTP][39m [90m{"id":"7b1b0fc5-cb54-4c85-b23a-21c53c93d58f","text":"pass","value":["p","a","s","s"]}[39m
[35m[HTTP][39m [37m<-- POST /wd/hub/session/7a6af03c-a391-4a15-9b3a-4ca06d2db8b4/element/7b1b0fc5-cb54-4c85-b23a-21c53c93d58f/value [39m[32m200[39m [90m1890 ms - 12[39m
[35m[HTTP][39m [90m[39m
[35m[HTTP][39m [37m-->[39m [37mPOST[39m [37m/wd/hub/session/7a6af03c-a391-4a15-9b3a-4ca06d2db8b4/timeouts[39m
[35m[HTTP][39m [90m{"implicit":50}[39m
[35m[HTTP][39m [37m<-- POST /wd/hub/session/7a6af03c-a391-4a15-9b3a-4ca06d2db8b4/timeouts [39m[32m200[39m [90m4 ms - 14[39m
[35m[HTTP][39m [90m[39m
[35m[HTTP][39m [37m-->[39m [37mGET[39m [37m/wd/hub/session/7a6af03c-a391-4a15-9b3a-4ca06d2db8b4/window/rect[39m
[35m[HTTP][39m [90m{}[39m
[35m[HTTP][39m [37m<-- GET /wd/hub/session/7a6af03c-a391-4a15-9b3a-4ca06d2db8b4/window/rect [39m[32m200[39m [90m49 ms - 50[39m
[35m[HTTP][39m [90m[39m
[35m[HTTP][39m [37m-->[39m [37mPOST[39m [37m/wd/hub/session/7a6af03c-a391-4a15-9b3a-4ca06d2db8b4/elements[39m
[35m[HTTP][39m [90m{"using":"-android uiautomator","value":"new UiSelector().className(\"android.widget.EditText\").resourceId(\"b2-Input_PasswordBaruKonfirm\")"}[39m
[35m[HTTP][39m [37m<-- POST /wd/hub/session/7a6af03c-a391-4a15-9b3a-4ca06d2db8b4/elements [39m[32m200[39m [90m637 ms - 90[39m
[35m[HTTP][39m [90m[39m
[35m[HTTP][39m [37m-->[39m [37mGET[39m [37m/wd/hub/session/7a6af03c-a391-4a15-9b3a-4ca06d2db8b4/element/c2116c37-16e9-4644-b2f1-cfe6100160f1/location[39m
[35m[HTTP][39m [90m{}[39m
[35m[W3C][39m Driver proxy active, passing request on via HTTP proxy
[35m[JSONWP Proxy][39m Replacing sessionId 677b5877-1225-410b-a099-3aa70e4009a9 with 7a6af03c-a391-4a15-9b3a-4ca06d2db8b4
[35m[HTTP][39m [37m<-- GET /wd/hub/session/7a6af03c-a391-4a15-9b3a-4ca06d2db8b4/element/c2116c37-16e9-4644-b2f1-cfe6100160f1/location [39m[32m200[39m [90m75 ms - 89[39m
[35m[HTTP][39m [90m[39m
[35m[HTTP][39m [37m-->[39m [37mPOST[39m [37m/wd/hub/session/7a6af03c-a391-4a15-9b3a-4ca06d2db8b4/timeouts[39m
[35m[HTTP][39m [90m{"implicit":30000}[39m
[35m[HTTP][39m [37m<-- POST /wd/hub/session/7a6af03c-a391-4a15-9b3a-4ca06d2db8b4/timeouts [39m[32m200[39m [90m2 ms - 14[39m
[35m[HTTP][39m [90m[39m
[35m[HTTP][39m [37m-->[39m [37mPOST[39m [37m/wd/hub/session/7a6af03c-a391-4a15-9b3a-4ca06d2db8b4/element/c2116c37-16e9-4644-b2f1-cfe6100160f1/clear[39m
[35m[HTTP][39m [90m{"id":"c2116c37-16e9-4644-b2f1-cfe6100160f1"}[39m
[35m[HTTP][39m [37m<-- POST /wd/hub/session/7a6af03c-a391-4a15-9b3a-4ca06d2db8b4/element/c2116c37-16e9-4644-b2f1-cfe6100160f1/clear [39m[32m200[39m [90m89 ms - 27[39m
[35m[HTTP][39m [90m[39m
[35m[HTTP][39m [37m-->[39m [37mPOST[39m [37m/wd/hub/session/7a6af03c-a391-4a15-9b3a-4ca06d2db8b4/element/c2116c37-16e9-4644-b2f1-cfe6100160f1/value[39m
[35m[HTTP][39m [90m{"id":"c2116c37-16e9-4644-b2f1-cfe6100160f1","text":"pass","value":["p","a","s","s"]}[39m
[35m[HTTP][39m [37m<-- POST /wd/hub/session/7a6af03c-a391-4a15-9b3a-4ca06d2db8b4/element/c2116c37-16e9-4644-b2f1-cfe6100160f1/value [39m[32m200[39m [90m1412 ms - 12[39m
[35m[HTTP][39m [90m[39m
[35m[HTTP][39m [37m-->[39m [37mPOST[39m [37m/wd/hub/session/7a6af03c-a391-4a15-9b3a-4ca06d2db8b4/timeouts[39m
[35m[HTTP][39m [90m{"implicit":50}[39m
[35m[HTTP][39m [37m<-- POST /wd/hub/session/7a6af03c-a391-4a15-9b3a-4ca06d2db8b4/timeouts [39m[32m200[39m [90m3 ms - 14[39m
[35m[HTTP][39m [90m[39m
[35m[HTTP][39m [37m-->[39m [37mGET[39m [37m/wd/hub/session/7a6af03c-a391-4a15-9b3a-4ca06d2db8b4/window/rect[39m
[35m[HTTP][39m [90m{}[39m
[35m[HTTP][39m [37m<-- GET /wd/hub/session/7a6af03c-a391-4a15-9b3a-4ca06d2db8b4/window/rect [39m[32m200[39m [90m67 ms - 50[39m
[35m[HTTP][39m [90m[39m
[35m[HTTP][39m [37m-->[39m [37mPOST[39m [37m/wd/hub/session/7a6af03c-a391-4a15-9b3a-4ca06d2db8b4/elements[39m
[35m[HTTP][39m [90m{"using":"-android uiautomator","value":"new UiSelector().className(\"android.view.View\").text(\"Kata Sandi Baru Minimal 8 Karakter\")"}[39m
[35m[HTTP][39m [37m<-- POST /wd/hub/session/7a6af03c-a391-4a15-9b3a-4ca06d2db8b4/elements [39m[32m200[39m [90m1012 ms - 12[39m
[35m[HTTP][39m [90m[39m
[35m[HTTP][39m [37m-->[39m [37mPOST[39m [37m/wd/hub/session/7a6af03c-a391-4a15-9b3a-4ca06d2db8b4/elements[39m
[35m[HTTP][39m [90m{"using":"-android uiautomator","value":"new UiSelector().className(\"android.view.View\").text(\"Kata Sandi Baru Minimal 8 Karakter\")"}[39m
[35m[HTTP][39m [37m<-- POST /wd/hub/session/7a6af03c-a391-4a15-9b3a-4ca06d2db8b4/elements [39m[32m200[39m [90m84 ms - 12[39m
[35m[HTTP][39m [90m[39m
[35m[HTTP][39m [37m-->[39m [37mPOST[39m [37m/wd/hub/session/7a6af03c-a391-4a15-9b3a-4ca06d2db8b4/elements[39m
[35m[HTTP][39m [90m{"using":"-android uiautomator","value":"new UiSelector().className(\"android.view.View\").text(\"Kata Sandi Baru Minimal 8 Karakter\")"}[39m
[35m[HTTP][39m [37m<-- POST /wd/hub/session/7a6af03c-a391-4a15-9b3a-4ca06d2db8b4/elements [39m[32m200[39m [90m84 ms - 12[39m
[35m[HTTP][39m [90m[39m
[35m[HTTP][39m [37m-->[39m [37mPOST[39m [37m/wd/hub/session/7a6af03c-a391-4a15-9b3a-4ca06d2db8b4/elements[39m
[35m[HTTP][39m [90m{"using":"-android uiautomator","value":"new UiSelector().className(\"android.view.View\").text(\"Kata Sandi Baru Minimal 8 Karakter\")"}[39m
[35m[HTTP][39m [37m<-- POST /wd/hub/session/7a6af03c-a391-4a15-9b3a-4ca06d2db8b4/elements [39m[32m200[39m [90m86 ms - 12[39m
[35m[HTTP][39m [90m[39m
[35m[HTTP][39m [37m-->[39m [37mPOST[39m [37m/wd/hub/session/7a6af03c-a391-4a15-9b3a-4ca06d2db8b4/elements[39m
[35m[HTTP][39m [90m{"using":"-android uiautomator","value":"new UiSelector().className(\"android.view.View\").text(\"Kata Sandi Baru Minimal 8 Karakter\")"}[39m
[35m[HTTP][39m [37m<-- POST /wd/hub/session/7a6af03c-a391-4a15-9b3a-4ca06d2db8b4/elements [39m[32m200[39m [90m78 ms - 12[39m
[35m[HTTP][39m [90m[39m
[35m[HTTP][39m [37m-->[39m [37mPOST[39m [37m/wd/hub/session/7a6af03c-a391-4a15-9b3a-4ca06d2db8b4/elements[39m
[35m[HTTP][39m [90m{"using":"-android uiautomator","value":"new UiSelector().className(\"android.view.View\").text(\"Kata Sandi Baru Minimal 8 Karakter\")"}[39m
[35m[HTTP][39m [37m<-- POST /wd/hub/session/7a6af03c-a391-4a15-9b3a-4ca06d2db8b4/elements [39m[32m200[39m [90m87 ms - 12[39m
[35m[HTTP][39m [90m[39m
[35m[HTTP][39m [37m-->[39m [37mPOST[39m [37m/wd/hub/session/7a6af03c-a391-4a15-9b3a-4ca06d2db8b4/elements[39m
[35m[HTTP][39m [90m{"using":"-android uiautomator","value":"new UiSelector().className(\"android.view.View\").text(\"Kata Sandi Baru Minimal 8 Karakter\")"}[39m
[35m[HTTP][39m [37m<-- POST /wd/hub/session/7a6af03c-a391-4a15-9b3a-4ca06d2db8b4/elements [39m[32m200[39m [90m84 ms - 12[39m
[35m[HTTP][39m [90m[39m
[35m[HTTP][39m [37m-->[39m [37mPOST[39m [37m/wd/hub/session/7a6af03c-a391-4a15-9b3a-4ca06d2db8b4/elements[39m
[35m[HTTP][39m [90m{"using":"-android uiautomator","value":"new UiSelector().className(\"android.view.View\").text(\"Kata Sandi Baru Minimal 8 Karakter\")"}[39m
[35m[HTTP][39m [37m<-- POST /wd/hub/session/7a6af03c-a391-4a15-9b3a-4ca06d2db8b4/elements [39m[32m200[39m [90m85 ms - 12[39m
[35m[HTTP][39m [90m[39m
[35m[HTTP][39m [37m-->[39m [37mPOST[39m [37m/wd/hub/session/7a6af03c-a391-4a15-9b3a-4ca06d2db8b4/elements[39m
[35m[HTTP][39m [90m{"using":"-android uiautomator","value":"new UiSelector().className(\"android.view.View\").text(\"Kata Sandi Baru Minimal 8 Karakter\")"}[39m
[35m[HTTP][39m [37m<-- POST /wd/hub/session/7a6af03c-a391-4a15-9b3a-4ca06d2db8b4/elements [39m[32m200[39m [90m79 ms - 12[39m
[35m[HTTP][39m [90m[39m
[35m[HTTP][39m [37m-->[39m [37mPOST[39m [37m/wd/hub/session/7a6af03c-a391-4a15-9b3a-4ca06d2db8b4/elements[39m
[35m[HTTP][39m [90m{"using":"-android uiautomator","value":"new UiSelector().className(\"android.view.View\").text(\"Kata Sandi Baru Minimal 8 Karakter\")"}[39m
[35m[HTTP][39m [37m<-- POST /wd/hub/session/7a6af03c-a391-4a15-9b3a-4ca06d2db8b4/elements [39m[32m200[39m [90m82 ms - 12[39m
[35m[HTTP][39m [90m[39m
[35m[HTTP][39m [37m-->[39m [37mPOST[39m [37m/wd/hub/session/7a6af03c-a391-4a15-9b3a-4ca06d2db8b4/elements[39m
[35m[HTTP][39m [90m{"using":"-android uiautomator","value":"new UiSelector().className(\"android.view.View\").text(\"Kata Sandi Baru Minimal 8 Karakter\")"}[39m
[35m[HTTP][39m [37m<-- POST /wd/hub/session/7a6af03c-a391-4a15-9b3a-4ca06d2db8b4/elements [39m[32m200[39m [90m82 ms - 12[39m
[35m[HTTP][39m [90m[39m
[35m[HTTP][39m [37m-->[39m [37mPOST[39m [37m/wd/hub/session/7a6af03c-a391-4a15-9b3a-4ca06d2db8b4/elements[39m
[35m[HTTP][39m [90m{"using":"-android uiautomator","value":"new UiSelector().className(\"android.view.View\").text(\"Kata Sandi Baru Minimal 8 Karakter\")"}[39m
[35m[HTTP][39m [37m<-- POST /wd/hub/session/7a6af03c-a391-4a15-9b3a-4ca06d2db8b4/elements [39m[32m200[39m [90m88 ms - 12[39m
[35m[HTTP][39m [90m[39m
[35m[HTTP][39m [37m-->[39m [37mPOST[39m [37m/wd/hub/session/7a6af03c-a391-4a15-9b3a-4ca06d2db8b4/elements[39m
[35m[HTTP][39m [90m{"using":"-android uiautomator","value":"new UiSelector().className(\"android.view.View\").text(\"Kata Sandi Baru Minimal 8 Karakter\")"}[39m
[35m[HTTP][39m [37m<-- POST /wd/hub/session/7a6af03c-a391-4a15-9b3a-4ca06d2db8b4/elements [39m[32m200[39m [90m84 ms - 12[39m
[35m[HTTP][39m [90m[39m
[35m[HTTP][39m [37m-->[39m [37mPOST[39m [37m/wd/hub/session/7a6af03c-a391-4a15-9b3a-4ca06d2db8b4/elements[39m
[35m[HTTP][39m [90m{"using":"-android uiautomator","value":"new UiSelector().className(\"android.view.View\").text(\"Kata Sandi Baru Minimal 8 Karakter\")"}[39m
[35m[HTTP][39m [37m<-- POST /wd/hub/session/7a6af03c-a391-4a15-9b3a-4ca06d2db8b4/elements [39m[32m200[39m [90m80 ms - 12[39m
[35m[HTTP][39m [90m[39m
[35m[HTTP][39m [37m-->[39m [37mPOST[39m [37m/wd/hub/session/7a6af03c-a391-4a15-9b3a-4ca06d2db8b4/elements[39m
[35m[HTTP][39m [90m{"using":"-android uiautomator","value":"new UiSelector().className(\"android.view.View\").text(\"Kata Sandi Baru Minimal 8 Karakter\")"}[39m
[35m[HTTP][39m [37m<-- POST /wd/hub/session/7a6af03c-a391-4a15-9b3a-4ca06d2db8b4/elements [39m[32m200[39m [90m83 ms - 12[39m
[35m[HTTP][39m [90m[39m
[35m[HTTP][39m [37m-->[39m [37mPOST[39m [37m/wd/hub/session/7a6af03c-a391-4a15-9b3a-4ca06d2db8b4/elements[39m
[35m[HTTP][39m [90m{"using":"-android uiautomator","value":"new UiSelector().className(\"android.view.View\").text(\"Kata Sandi Baru Minimal 8 Karakter\")"}[39m
[35m[HTTP][39m [37m<-- POST /wd/hub/session/7a6af03c-a391-4a15-9b3a-4ca06d2db8b4/elements [39m[32m200[39m [90m82 ms - 12[39m
[35m[HTTP][39m [90m[39m
[35m[HTTP][39m [37m-->[39m [37mPOST[39m [37m/wd/hub/session/7a6af03c-a391-4a15-9b3a-4ca06d2db8b4/elements[39m
[35m[HTTP][39m [90m{"using":"-android uiautomator","value":"new UiSelector().className(\"android.view.View\").text(\"Kata Sandi Baru Minimal 8 Karakter\")"}[39m
[35m[HTTP][39m [37m<-- POST /wd/hub/session/7a6af03c-a391-4a15-9b3a-4ca06d2db8b4/elements [39m[32m200[39m [90m81 ms - 12[39m
[35m[HTTP][39m [90m[39m
[35m[HTTP][39m [37m-->[39m [37mPOST[39m [37m/wd/hub/session/7a6af03c-a391-4a15-9b3a-4ca06d2db8b4/elements[39m
[35m[HTTP][39m [90m{"using":"-android uiautomator","value":"new UiSelector().className(\"android.view.View\").text(\"Kata Sandi Baru Minimal 8 Karakter\")"}[39m
[35m[HTTP][39m [37m<-- POST /wd/hub/session/7a6af03c-a391-4a15-9b3a-4ca06d2db8b4/elements [39m[32m200[39m [90m81 ms - 12[39m
[35m[HTTP][39m [90m[39m
[35m[HTTP][39m [37m-->[39m [37mPOST[39m [37m/wd/hub/session/7a6af03c-a391-4a15-9b3a-4ca06d2db8b4/elements[39m
[35m[HTTP][39m [90m{"using":"-android uiautomator","value":"new UiSelector().className(\"android.view.View\").text(\"Kata Sandi Baru Minimal 8 Karakter\")"}[39m
[35m[HTTP][39m [37m<-- POST /wd/hub/session/7a6af03c-a391-4a15-9b3a-4ca06d2db8b4/elements [39m[32m200[39m [90m76 ms - 12[39m
[35m[HTTP][39m [90m[39m
[35m[HTTP][39m [37m-->[39m [37mPOST[39m [37m/wd/hub/session/7a6af03c-a391-4a15-9b3a-4ca06d2db8b4/elements[39m
[35m[HTTP][39m [90m{"using":"-android uiautomator","value":"new UiSelector().className(\"android.view.View\").text(\"Kata Sandi Baru Minimal 8 Karakter\")"}[39m
[35m[HTTP][39m [37m<-- POST /wd/hub/session/7a6af03c-a391-4a15-9b3a-4ca06d2db8b4/elements [39m[32m200[39m [90m77 ms - 12[39m
[35m[HTTP][39m [90m[39m
[35m[HTTP][39m [37m-->[39m [37mPOST[39m [37m/wd/hub/session/7a6af03c-a391-4a15-9b3a-4ca06d2db8b4/elements[39m
[35m[HTTP][39m [90m{"using":"-android uiautomator","value":"new UiSelector().className(\"android.view.View\").text(\"Kata Sandi Baru Minimal 8 Karakter\")"}[39m
[35m[HTTP][39m [37m<-- POST /wd/hub/session/7a6af03c-a391-4a15-9b3a-4ca06d2db8b4/elements [39m[32m200[39m [90m86 ms - 12[39m
[35m[HTTP][39m [90m[39m
[35m[HTTP][39m [37m-->[39m [37mPOST[39m [37m/wd/hub/session/7a6af03c-a391-4a15-9b3a-4ca06d2db8b4/elements[39m
[35m[HTTP][39m [90m{"using":"-android uiautomator","value":"new UiSelector().className(\"android.view.View\").text(\"Kata Sandi Baru Minimal 8 Karakter\")"}[39m
[35m[HTTP][39m [37m<-- POST /wd/hub/session/7a6af03c-a391-4a15-9b3a-4ca06d2db8b4/elements [39m[32m200[39m [90m79 ms - 12[39m
[35m[HTTP][39m [90m[39m
[35m[HTTP][39m [37m-->[39m [37mPOST[39m [37m/wd/hub/session/7a6af03c-a391-4a15-9b3a-4ca06d2db8b4/elements[39m
[35m[HTTP][39m [90m{"using":"-android uiautomator","value":"new UiSelector().className(\"android.view.View\").text(\"Kata Sandi Baru Minimal 8 Karakter\")"}[39m
[35m[HTTP][39m [37m<-- POST /wd/hub/session/7a6af03c-a391-4a15-9b3a-4ca06d2db8b4/elements [39m[32m200[39m [90m82 ms - 12[39m
[35m[HTTP][39m [90m[39m
[35m[HTTP][39m [37m-->[39m [37mPOST[39m [37m/wd/hub/session/7a6af03c-a391-4a15-9b3a-4ca06d2db8b4/elements[39m
[35m[HTTP][39m [90m{"using":"-android uiautomator","value":"new UiSelector().className(\"android.view.View\").text(\"Kata Sandi Baru Minimal 8 Karakter\")"}[39m
[35m[HTTP][39m [37m<-- POST /wd/hub/session/7a6af03c-a391-4a15-9b3a-4ca06d2db8b4/elements [39m[32m200[39m [90m82 ms - 12[39m
[35m[HTTP][39m [90m[39m
[35m[HTTP][39m [37m-->[39m [37mPOST[39m [37m/wd/hub/session/7a6af03c-a391-4a15-9b3a-4ca06d2db8b4/elements[39m
[35m[HTTP][39m [90m{"using":"-android uiautomator","value":"new UiSelector().className(\"android.view.View\").text(\"Kata Sandi Baru Minimal 8 Karakter\")"}[39m
[35m[HTTP][39m [37m<-- POST /wd/hub/session/7a6af03c-a391-4a15-9b3a-4ca06d2db8b4/elements [39m[32m200[39m [90m85 ms - 12[39m
[35m[HTTP][39m [90m[39m
[35m[HTTP][39m [37m-->[39m [37mPOST[39m [37m/wd/hub/session/7a6af03c-a391-4a15-9b3a-4ca06d2db8b4/elements[39m
[35m[HTTP][39m [90m{"using":"-android uiautomator","value":"new UiSelector().className(\"android.view.View\").text(\"Kata Sandi Baru Minimal 8 Karakter\")"}[39m
[35m[HTTP][39m [37m<-- POST /wd/hub/session/7a6af03c-a391-4a15-9b3a-4ca06d2db8b4/elements [39m[32m200[39m [90m85 ms - 12[39m
[35m[HTTP][39m [90m[39m
[35m[HTTP][39m [37m-->[39m [37mPOST[39m [37m/wd/hub/session/7a6af03c-a391-4a15-9b3a-4ca06d2db8b4/elements[39m
[35m[HTTP][39m [90m{"using":"-android uiautomator","value":"new UiSelector().className(\"android.view.View\").text(\"Kata Sandi Baru Minimal 8 Karakter\")"}[39m
[35m[HTTP][39m [37m<-- POST /wd/hub/session/7a6af03c-a391-4a15-9b3a-4ca06d2db8b4/elements [39m[32m200[39m [90m77 ms - 12[39m
[35m[HTTP][39m [90m[39m
[35m[HTTP][39m [37m-->[39m [37mPOST[39m [37m/wd/hub/session/7a6af03c-a391-4a15-9b3a-4ca06d2db8b4/elements[39m
[35m[HTTP][39m [90m{"using":"-android uiautomator","value":"new UiSelector().className(\"android.view.View\").text(\"Kata Sandi Baru Minimal 8 Karakter\")"}[39m
[35m[HTTP][39m [37m<-- POST /wd/hub/session/7a6af03c-a391-4a15-9b3a-4ca06d2db8b4/elements [39m[32m200[39m [90m78 ms - 12[39m
[35m[HTTP][39m [90m[39m
[35m[HTTP][39m [37m-->[39m [37mPOST[39m [37m/wd/hub/session/7a6af03c-a391-4a15-9b3a-4ca06d2db8b4/elements[39m
[35m[HTTP][39m [90m{"using":"-android uiautomator","value":"new UiSelector().className(\"android.view.View\").text(\"Kata Sandi Baru Minimal 8 Karakter\")"}[39m
[35m[HTTP][39m [37m<-- POST /wd/hub/session/7a6af03c-a391-4a15-9b3a-4ca06d2db8b4/elements [39m[32m200[39m [90m86 ms - 12[39m
[35m[HTTP][39m [90m[39m
[35m[HTTP][39m [37m-->[39m [37mPOST[39m [37m/wd/hub/session/7a6af03c-a391-4a15-9b3a-4ca06d2db8b4/elements[39m
[35m[HTTP][39m [90m{"using":"-android uiautomator","value":"new UiSelector().className(\"android.view.View\").text(\"Kata Sandi Baru Minimal 8 Karakter\")"}[39m
[35m[HTTP][39m [37m<-- POST /wd/hub/session/7a6af03c-a391-4a15-9b3a-4ca06d2db8b4/elements [39m[32m200[39m [90m81 ms - 12[39m
[35m[HTTP][39m [90m[39m
[35m[HTTP][39m [37m-->[39m [37mPOST[39m [37m/wd/hub/session/7a6af03c-a391-4a15-9b3a-4ca06d2db8b4/elements[39m
[35m[HTTP][39m [90m{"using":"-android uiautomator","value":"new UiSelector().className(\"android.view.View\").text(\"Kata Sandi Baru Minimal 8 Karakter\")"}[39m
[35m[HTTP][39m [37m<-- POST /wd/hub/session/7a6af03c-a391-4a15-9b3a-4ca06d2db8b4/elements [39m[32m200[39m [90m82 ms - 12[39m
[35m[HTTP][39m [90m[39m
[35m[HTTP][39m [37m-->[39m [37mPOST[39m [37m/wd/hub/session/7a6af03c-a391-4a15-9b3a-4ca06d2db8b4/elements[39m
[35m[HTTP][39m [90m{"using":"-android uiautomator","value":"new UiSelector().className(\"android.view.View\").text(\"Kata Sandi Baru Minimal 8 Karakter\")"}[39m
[35m[HTTP][39m [37m<-- POST /wd/hub/session/7a6af03c-a391-4a15-9b3a-4ca06d2db8b4/elements [39m[32m200[39m [90m80 ms - 12[39m
[35m[HTTP][39m [90m[39m
[35m[HTTP][39m [37m-->[39m [37mPOST[39m [37m/wd/hub/session/7a6af03c-a391-4a15-9b3a-4ca06d2db8b4/elements[39m
[35m[HTTP][39m [90m{"using":"-android uiautomator","value":"new UiSelector().className(\"android.view.View\").text(\"Kata Sandi Baru Minimal 8 Karakter\")"}[39m
[35m[HTTP][39m [37m<-- POST /wd/hub/session/7a6af03c-a391-4a15-9b3a-4ca06d2db8b4/elements [39m[32m200[39m [90m81 ms - 12[39m
[35m[HTTP][39m [90m[39m
[35m[HTTP][39m [37m-->[39m [37mPOST[39m [37m/wd/hub/session/7a6af03c-a391-4a15-9b3a-4ca06d2db8b4/elements[39m
[35m[HTTP][39m [90m{"using":"-android uiautomator","value":"new UiSelector().className(\"android.view.View\").text(\"Kata Sandi Baru Minimal 8 Karakter\")"}[39m
[35m[HTTP][39m [37m<-- POST /wd/hub/session/7a6af03c-a391-4a15-9b3a-4ca06d2db8b4/elements [39m[32m200[39m [90m75 ms - 12[39m
[35m[HTTP][39m [90m[39m
[35m[HTTP][39m [37m-->[39m [37mPOST[39m [37m/wd/hub/session/7a6af03c-a391-4a15-9b3a-4ca06d2db8b4/elements[39m
[35m[HTTP][39m [90m{"using":"-android uiautomator","value":"new UiSelector().className(\"android.view.View\").text(\"Kata Sandi Baru Minimal 8 Karakter\")"}[39m
[35m[HTTP][39m [37m<-- POST /wd/hub/session/7a6af03c-a391-4a15-9b3a-4ca06d2db8b4/elements [39m[32m200[39m [90m83 ms - 12[39m
[35m[HTTP][39m [90m[39m
[35m[HTTP][39m [37m-->[39m [37mPOST[39m [37m/wd/hub/session/7a6af03c-a391-4a15-9b3a-4ca06d2db8b4/elements[39m
[35m[HTTP][39m [90m{"using":"-android uiautomator","value":"new UiSelector().className(\"android.view.View\").text(\"Kata Sandi Baru Minimal 8 Karakter\")"}[39m
[35m[HTTP][39m [37m<-- POST /wd/hub/session/7a6af03c-a391-4a15-9b3a-4ca06d2db8b4/elements [39m[32m200[39m [90m84 ms - 12[39m
[35m[HTTP][39m [90m[39m
[35m[HTTP][39m [37m-->[39m [37mPOST[39m [37m/wd/hub/session/7a6af03c-a391-4a15-9b3a-4ca06d2db8b4/elements[39m
[35m[HTTP][39m [90m{"using":"-android uiautomator","value":"new UiSelector().className(\"android.view.View\").text(\"Kata Sandi Baru Minimal 8 Karakter\")"}[39m
[35m[HTTP][39m [37m<-- POST /wd/hub/session/7a6af03c-a391-4a15-9b3a-4ca06d2db8b4/elements [39m[32m200[39m [90m79 ms - 12[39m
[35m[HTTP][39m [90m[39m
[35m[HTTP][39m [37m-->[39m [37mPOST[39m [37m/wd/hub/session/7a6af03c-a391-4a15-9b3a-4ca06d2db8b4/elements[39m
[35m[HTTP][39m [90m{"using":"-android uiautomator","value":"new UiSelector().className(\"android.view.View\").text(\"Kata Sandi Baru Minimal 8 Karakter\")"}[39m
[35m[HTTP][39m [37m<-- POST /wd/hub/session/7a6af03c-a391-4a15-9b3a-4ca06d2db8b4/elements [39m[32m200[39m [90m86 ms - 12[39m
[35m[HTTP][39m [90m[39m
[35m[HTTP][39m [37m-->[39m [37mPOST[39m [37m/wd/hub/session/7a6af03c-a391-4a15-9b3a-4ca06d2db8b4/elements[39m
[35m[HTTP][39m [90m{"using":"-android uiautomator","value":"new UiSelector().className(\"android.view.View\").text(\"Kata Sandi Baru Minimal 8 Karakter\")"}[39m
[35m[HTTP][39m [37m<-- POST /wd/hub/session/7a6af03c-a391-4a15-9b3a-4ca06d2db8b4/elements [39m[32m200[39m [90m76 ms - 12[39m
[35m[HTTP][39m [90m[39m
[35m[HTTP][39m [37m-->[39m [37mPOST[39m [37m/wd/hub/session/7a6af03c-a391-4a15-9b3a-4ca06d2db8b4/elements[39m
[35m[HTTP][39m [90m{"using":"-android uiautomator","value":"new UiSelector().className(\"android.view.View\").text(\"Kata Sandi Baru Minimal 8 Karakter\")"}[39m
[35m[HTTP][39m [37m<-- POST /wd/hub/session/7a6af03c-a391-4a15-9b3a-4ca06d2db8b4/elements [39m[32m200[39m [90m80 ms - 12[39m
[35m[HTTP][39m [90m[39m
[35m[HTTP][39m [37m-->[39m [37mPOST[39m [37m/wd/hub/session/7a6af03c-a391-4a15-9b3a-4ca06d2db8b4/elements[39m
[35m[HTTP][39m [90m{"using":"-android uiautomator","value":"new UiSelector().className(\"android.view.View\").text(\"Kata Sandi Baru Minimal 8 Karakter\")"}[39m
[35m[HTTP][39m [37m<-- POST /wd/hub/session/7a6af03c-a391-4a15-9b3a-4ca06d2db8b4/elements [39m[32m200[39m [90m78 ms - 12[39m
[35m[HTTP][39m [90m[39m
[35m[HTTP][39m [37m-->[39m [37mPOST[39m [37m/wd/hub/session/7a6af03c-a391-4a15-9b3a-4ca06d2db8b4/elements[39m
[35m[HTTP][39m [90m{"using":"-android uiautomator","value":"new UiSelector().className(\"android.view.View\").text(\"Kata Sandi Baru Minimal 8 Karakter\")"}[39m
[35m[HTTP][39m [37m<-- POST /wd/hub/session/7a6af03c-a391-4a15-9b3a-4ca06d2db8b4/elements [39m[32m200[39m [90m87 ms - 12[39m
[35m[HTTP][39m [90m[39m
[35m[HTTP][39m [37m-->[39m [37mPOST[39m [37m/wd/hub/session/7a6af03c-a391-4a15-9b3a-4ca06d2db8b4/elements[39m
[35m[HTTP][39m [90m{"using":"-android uiautomator","value":"new UiSelector().className(\"android.view.View\").text(\"Kata Sandi Baru Minimal 8 Karakter\")"}[39m
[35m[HTTP][39m [37m<-- POST /wd/hub/session/7a6af03c-a391-4a15-9b3a-4ca06d2db8b4/elements [39m[32m200[39m [90m76 ms - 12[39m
[35m[HTTP][39m [90m[39m
[35m[HTTP][39m [37m-->[39m [37mPOST[39m [37m/wd/hub/session/7a6af03c-a391-4a15-9b3a-4ca06d2db8b4/elements[39m
[35m[HTTP][39m [90m{"using":"-android uiautomator","value":"new UiSelector().className(\"android.view.View\").text(\"Kata Sandi Baru Minimal 8 Karakter\")"}[39m
[35m[HTTP][39m [37m<-- POST /wd/hub/session/7a6af03c-a391-4a15-9b3a-4ca06d2db8b4/elements [39m[32m200[39m [90m75 ms - 12[39m
[35m[HTTP][39m [90m[39m
[35m[HTTP][39m [37m-->[39m [37mPOST[39m [37m/wd/hub/session/7a6af03c-a391-4a15-9b3a-4ca06d2db8b4/elements[39m
[35m[HTTP][39m [90m{"using":"-android uiautomator","value":"new UiSelector().className(\"android.view.View\").text(\"Kata Sandi Baru Minimal 8 Karakter\")"}[39m
[35m[HTTP][39m [37m<-- POST /wd/hub/session/7a6af03c-a391-4a15-9b3a-4ca06d2db8b4/elements [39m[32m200[39m [90m86 ms - 12[39m
[35m[HTTP][39m [90m[39m
[35m[HTTP][39m [37m-->[39m [37mPOST[39m [37m/wd/hub/session/7a6af03c-a391-4a15-9b3a-4ca06d2db8b4/elements[39m
[35m[HTTP][39m [90m{"using":"-android uiautomator","value":"new UiSelector().className(\"android.view.View\").text(\"Kata Sandi Baru Minimal 8 Karakter\")"}[39m
[35m[HTTP][39m [37m<-- POST /wd/hub/session/7a6af03c-a391-4a15-9b3a-4ca06d2db8b4/elements [39m[32m200[39m [90m82 ms - 12[39m
[35m[HTTP][39m [90m[39m
[35m[HTTP][39m [37m-->[39m [37mPOST[39m [37m/wd/hub/session/7a6af03c-a391-4a15-9b3a-4ca06d2db8b4/elements[39m
[35m[HTTP][39m [90m{"using":"-android uiautomator","value":"new UiSelector().className(\"android.view.View\").text(\"Kata Sandi Baru Minimal 8 Karakter\")"}[39m
[35m[HTTP][39m [37m<-- POST /wd/hub/session/7a6af03c-a391-4a15-9b3a-4ca06d2db8b4/elements [39m[32m200[39m [90m77 ms - 12[39m
[35m[HTTP][39m [90m[39m
[35m[HTTP][39m [37m-->[39m [37mPOST[39m [37m/wd/hub/session/7a6af03c-a391-4a15-9b3a-4ca06d2db8b4/elements[39m
[35m[HTTP][39m [90m{"using":"-android uiautomator","value":"new UiSelector().className(\"android.view.View\").text(\"Kata Sandi Baru Minimal 8 Karakter\")"}[39m
[35m[HTTP][39m [37m<-- POST /wd/hub/session/7a6af03c-a391-4a15-9b3a-4ca06d2db8b4/elements [39m[32m200[39m [90m79 ms - 12[39m
[35m[HTTP][39m [90m[39m
[35m[HTTP][39m [37m-->[39m [37mPOST[39m [37m/wd/hub/session/7a6af03c-a391-4a15-9b3a-4ca06d2db8b4/elements[39m
[35m[HTTP][39m [90m{"using":"-android uiautomator","value":"new UiSelector().className(\"android.view.View\").text(\"Kata Sandi Baru Minimal 8 Karakter\")"}[39m
[35m[HTTP][39m [37m<-- POST /wd/hub/session/7a6af03c-a391-4a15-9b3a-4ca06d2db8b4/elements [39m[32m200[39m [90m76 ms - 12[39m
[35m[HTTP][39m [90m[39m
[35m[HTTP][39m [37m-->[39m [37mPOST[39m [37m/wd/hub/session/7a6af03c-a391-4a15-9b3a-4ca06d2db8b4/elements[39m
[35m[HTTP][39m [90m{"using":"-android uiautomator","value":"new UiSelector().className(\"android.view.View\").text(\"Kata Sandi Baru Minimal 8 Karakter\")"}[39m
[35m[HTTP][39m [37m<-- POST /wd/hub/session/7a6af03c-a391-4a15-9b3a-4ca06d2db8b4/elements [39m[32m200[39m [90m75 ms - 12[39m
[35m[HTTP][39m [90m[39m
[35m[HTTP][39m [37m-->[39m [37mPOST[39m [37m/wd/hub/session/7a6af03c-a391-4a15-9b3a-4ca06d2db8b4/elements[39m
[35m[HTTP][39m [90m{"using":"-android uiautomator","value":"new UiSelector().className(\"android.view.View\").text(\"Kata Sandi Baru Minimal 8 Karakter\")"}[39m
[35m[HTTP][39m [37m<-- POST /wd/hub/session/7a6af03c-a391-4a15-9b3a-4ca06d2db8b4/elements [39m[32m200[39m [90m89 ms - 12[39m
[35m[HTTP][39m [90m[39m
[35m[HTTP][39m [37m-->[39m [37mPOST[39m [37m/wd/hub/session/7a6af03c-a391-4a15-9b3a-4ca06d2db8b4/elements[39m
[35m[HTTP][39m [90m{"using":"-android uiautomator","value":"new UiSelector().className(\"android.view.View\").text(\"Kata Sandi Baru Minimal 8 Karakter\")"}[39m
[35m[HTTP][39m [37m<-- POST /wd/hub/session/7a6af03c-a391-4a15-9b3a-4ca06d2db8b4/elements [39m[32m200[39m [90m81 ms - 12[39m
[35m[HTTP][39m [90m[39m
[35m[HTTP][39m [37m-->[39m [37mPOST[39m [37m/wd/hub/session/7a6af03c-a391-4a15-9b3a-4ca06d2db8b4/elements[39m
[35m[HTTP][39m [90m{"using":"-android uiautomator","value":"new UiSelector().className(\"android.view.View\").text(\"Kata Sandi Baru Minimal 8 Karakter\")"}[39m
[35m[HTTP][39m [37m<-- POST /wd/hub/session/7a6af03c-a391-4a15-9b3a-4ca06d2db8b4/elements [39m[32m200[39m [90m104 ms - 12[39m
[35m[HTTP][39m [90m[39m
[35m[HTTP][39m [37m-->[39m [37mPOST[39m [37m/wd/hub/session/7a6af03c-a391-4a15-9b3a-4ca06d2db8b4/elements[39m
[35m[HTTP][39m [90m{"using":"-android uiautomator","value":"new UiSelector().className(\"android.view.View\").text(\"Kata Sandi Baru Minimal 8 Karakter\")"}[39m
[35m[HTTP][39m [37m<-- POST /wd/hub/session/7a6af03c-a391-4a15-9b3a-4ca06d2db8b4/elements [39m[32m200[39m [90m78 ms - 12[39m
[35m[HTTP][39m [90m[39m
[35m[HTTP][39m [37m-->[39m [37mPOST[39m [37m/wd/hub/session/7a6af03c-a391-4a15-9b3a-4ca06d2db8b4/elements[39m
[35m[HTTP][39m [90m{"using":"-android uiautomator","value":"new UiSelector().className(\"android.view.View\").text(\"Kata Sandi Baru Minimal 8 Karakter\")"}[39m
[35m[HTTP][39m [37m<-- POST /wd/hub/session/7a6af03c-a391-4a15-9b3a-4ca06d2db8b4/elements [39m[32m200[39m [90m83 ms - 12[39m
[35m[HTTP][39m [90m[39m
