[35m[Appium][39m Welcome to Appium v1.8.1
[35m[Appium][39m Non-default server args:
[35m[Appium][39m   port: 54527
[35m[Appium][39m   loglevel: info
[35m[Appium][39m   chromeDriverPort: 54528
[35m[Appium][39m   tmpDir: C:\Users\lieto\AppData\Local\Temp\\Katalon\Appium\Temp1567070147206
[35m[Appium][39m Appium REST http interface listener started on 0.0.0.0:54527
[35m[HTTP][39m [37m-->[39m [37mGET[39m [37m/wd/hub/status[39m
[35m[HTTP][39m [90m{}[39m
[35m[HTTP][39m [37m<-- GET /wd/hub/status [39m[32m200[39m [90m14 ms - 83[39m
[35m[HTTP][39m [90m[39m
[35m[HTTP][39m [37m-->[39m [37mPOST[39m [37m/wd/hub/session[39m
[35m[HTTP][39m [90m{"desiredCapabilities":{"app":"D:\\State's Secret\\Internsheeepppppp\\Project\\accmart.apk","noReset":false,"newCommandTimeout":1800,"platformVersion":"9","automationName":"uiautomator2","autoGrantPermissions":true,"platformName":"Android","udid":"32008eeec002a5eb","deviceName":"samsung SM-A750GN (Android 9)","fullReset":true,"platform":"ANDROID"},"capabilities":{"firstMatch":[{"appium:app":"D:\\State's Secret\\Internsheeepppppp\\Project\\accmart.apk","appium:autoGrantPermissions":true,"appium:automationName":"uiautomator2","appium:deviceName":"samsung SM-A750GN (Android 9)","appium:fullReset":true,"appium:newCommandTimeout":1800,"appium:noReset":false,"platform":"ANDROID","platformName":"android","appium:platformVersion":"9","appium:udid":"32008eeec002a5eb"}]}}[39m
[35m[BaseDriver][39m The capabilities ["platform"] are not standard capabilities and should have an extension prefix
[35m[Appium][39m Creating new AndroidUiautomator2Driver (v1.12.0) session
[35m[Appium][39m Capabilities:
[35m[Appium][39m   platform: ANDROID
[35m[Appium][39m   platformName: android
[35m[Appium][39m   app: D:\State's Secret\Internsheeepppppp\Project\accmart.apk
[35m[Appium][39m   autoGrantPermissions: true
[35m[Appium][39m   automationName: uiautomator2
[35m[Appium][39m   deviceName: samsung SM-A750GN (Android 9)
[35m[Appium][39m   fullReset: true
[35m[Appium][39m   newCommandTimeout: 1800
[35m[Appium][39m   noReset: false
[35m[Appium][39m   platformVersion: 9
[35m[Appium][39m   udid: 32008eeec002a5eb
[35m[BaseDriver][39m The following capabilities were provided, but are not recognized by appium: platform.
[35m[BaseDriver][39m Session created with session id: 9c37ba2e-89b6-40ad-8221-f40862166728
[35m[BaseDriver][39m Using local app 'D:\State's Secret\Internsheeepppppp\Project\accmart.apk'
[35m[AndroidDriver][39m Java version is: 1.8.0_181
[35m[ADB][39m Checking whether adb is present
[35m[ADB][39m Found 1 'build-tools' folders under 'C:\Users\lieto\.katalon\tools\android_sdk' (newest first):
[35m[ADB][39m     C:/Users/lieto/.katalon/tools/android_sdk/build-tools/29.0.2
[35m[ADB][39m Using adb.exe from C:\Users\lieto\.katalon\tools\android_sdk\platform-tools\adb.exe
[35m[AndroidDriver][39m Retrieving device list
[35m[AndroidDriver][39m Using device: 32008eeec002a5eb
[35m[ADB][39m Using the alternative activity name detection method because of: Could not find apkanalyzer.bat in C:\Users\lieto\.katalon\tools\android_sdk\platform-tools\apkanalyzer.bat,C:\Users\lieto\.katalon\tools\android_sdk\emulator\apkanalyzer.bat,C:\Users\lieto\.katalon\tools\android_sdk\tools\apkanalyzer.bat,C:\Users\lieto\.katalon\tools\android_sdk\tools\bin\apkanalyzer.bat,C:\Users\lieto\.katalon\tools\android_sdk\build-tools\29.0.2\apkanalyzer.bat. Do you have the Android SDK installed at 'C:\Users\lieto\.katalon\tools\android_sdk'?
[35m[ADB][39m Checking whether aapt is present
[35m[ADB][39m Using aapt.exe from C:\Users\lieto\.katalon\tools\android_sdk\build-tools\29.0.2\aapt.exe
[35m[ADB][39m Extracting package and launch activity from manifest
[35m[ADB][39m Package name: 'com.outsystemsenterprise.acctst1.ACCMart'
[35m[ADB][39m Main activity name: 'com.outsystemsenterprise.acctst1.ACCMart.MainActivity'
[35m[ADB][39m Getting device platform version
[35m[ADB][39m Using apksigner.bat from C:\Users\lieto\.katalon\tools\android_sdk\build-tools\29.0.2\apksigner.bat
[35m[ADB][39m Cannot read version codes of 'C:\Users\lieto\AppData\Roaming\npm\node_modules\appium\node_modules\appium-uiautomator2-server\apks\appium-uiautomator2-server-debug-androidTest.apk' and/or 'io.appium.uiautomator2.server.test'
[35m[ADB][39m Cannot read version names of 'C:\Users\lieto\AppData\Roaming\npm\node_modules\appium\node_modules\appium-uiautomator2-server\apks\appium-uiautomator2-server-debug-androidTest.apk' and/or 'io.appium.uiautomator2.server.test'. Assuming correct app version is already installed
[35m[AndroidDriver][39m setDeviceLanguageCountry requires language or country.
[35m[AndroidDriver][39m Got language: 'null' and country: 'null'
[35m[ADB][39m Successfully extracted 43 strings from 'D:\State's Secret\Internsheeepppppp\Project\accmart.apk' resources for '(default)' configuration
[35m[ADB][39m com.outsystemsenterprise.acctst1.ACCMart was successfully uninstalled
[35m[UiAutomator2][39m Starting uiautomator2 server 1.12.0
[35m[UiAutomator2][39m Using UIAutomator2 server from 'C:\Users\lieto\AppData\Roaming\npm\node_modules\appium\node_modules\appium-uiautomator2-server\apks\appium-uiautomator2-server-v1.12.0.apk' and test from 'C:\Users\lieto\AppData\Roaming\npm\node_modules\appium\node_modules\appium-uiautomator2-server\apks\appium-uiautomator2-server-debug-androidTest.apk'
[35m[UiAutomator2][39m Running command: 'adb -s 32008eeec002a5eb shell am instrument -w io.appium.uiautomator2.server.test/android.support.test.runner.AndroidJUnitRunner'
[35m[UiAutomator2][39m Waiting up to 20000ms for UiAutomator2 to be online...
[35m[HTTP][39m [37m<-- POST /wd/hub/session [39m[32m-[39m [90m- ms - -[39m
[35m[HTTP][39m [90m[39m
[35m[AndroidDriver][39m Screen already unlocked, doing nothing
[35m[UiAutomator2][39m UiAutomator2 did not start the activity we were waiting for, 'com.outsystemsenterprise.acctst1.ACCMart/com.outsystemsenterprise.acctst1.ACCMart.MainActivity'. Starting it ourselves
[35m[Appium][39m New AndroidUiautomator2Driver session created successfully, session 9c37ba2e-89b6-40ad-8221-f40862166728 added to master session list
