<?xml version="1.0" encoding="UTF-8" standalone="no"?>
<!DOCTYPE log SYSTEM "logger.dtd">
<log>
<record>
  <date>2019-08-29T16:15:44</date>
  <millis>1567070144582</millis>
  <sequence>0</sequence>
  <level>START</level>
  <class>com.kms.katalon.core.logging.XmlKeywordLogger</class>
  <method>startSuite</method>
  <thread>1</thread>
  <message>Start Test Suite : Test Suites/ProfileSuite</message>
  <nestedLevel>0</nestedLevel>
  <property name="name">ProfileSuite</property>
  <property name="description"></property>
  <property name="id">Test Suites/ProfileSuite</property>
</record>
<record>
  <date>2019-08-29T16:15:44</date>
  <millis>1567070144605</millis>
  <sequence>1</sequence>
  <level>RUN_DATA</level>
  <class>com.kms.katalon.core.logging.XmlKeywordLogger</class>
  <method>logMessage</method>
  <thread>1</thread>
  <message>hostName = lieto - DESKTOP-H7OCS16</message>
  <nestedLevel>0</nestedLevel>
  <property name="hostName">lieto - DESKTOP-H7OCS16</property>
</record>
<record>
  <date>2019-08-29T16:15:44</date>
  <millis>1567070144607</millis>
  <sequence>2</sequence>
  <level>RUN_DATA</level>
  <class>com.kms.katalon.core.logging.XmlKeywordLogger</class>
  <method>logMessage</method>
  <thread>1</thread>
  <message>os = Windows 10 64bit</message>
  <nestedLevel>0</nestedLevel>
  <property name="os">Windows 10 64bit</property>
</record>
<record>
  <date>2019-08-29T16:15:44</date>
  <millis>1567070144608</millis>
  <sequence>3</sequence>
  <level>RUN_DATA</level>
  <class>com.kms.katalon.core.logging.XmlKeywordLogger</class>
  <method>logMessage</method>
  <thread>1</thread>
  <message>hostAddress = 192.168.0.145</message>
  <nestedLevel>0</nestedLevel>
  <property name="hostAddress">192.168.0.145</property>
</record>
<record>
  <date>2019-08-29T16:15:44</date>
  <millis>1567070144610</millis>
  <sequence>4</sequence>
  <level>RUN_DATA</level>
  <class>com.kms.katalon.core.logging.XmlKeywordLogger</class>
  <method>logMessage</method>
  <thread>1</thread>
  <message>katalonVersion = 6.2.2.4</message>
  <nestedLevel>0</nestedLevel>
  <property name="katalonVersion">6.2.2.4</property>
</record>
<record>
  <date>2019-08-29T16:15:45</date>
  <millis>1567070145073</millis>
  <sequence>5</sequence>
  <level>START</level>
  <class>com.kms.katalon.core.logging.XmlKeywordLogger</class>
  <method>startTest</method>
  <thread>1</thread>
  <message>Start Test Case : Test Cases/Profile/GantiPasswordTest</message>
  <nestedLevel>1</nestedLevel>
  <property name="name">Test Cases/Profile/GantiPasswordTest</property>
  <property name="description"></property>
  <property name="id">Test Cases/Profile/GantiPasswordTest</property>
  <property name="source">C:\\Users\\lieto\\git\\acctest\\Test Cases\\Profile\\GantiPasswordTest.tc</property>
  <property name="tag"></property>
  <property name="isOptional">false</property>
</record>
<record>
  <date>2019-08-29T16:15:45</date>
  <millis>1567070145158</millis>
  <sequence>7</sequence>
  <level>INFO</level>
  <class>com.kms.katalon.core.logging.XmlKeywordLogger</class>
  <method>logMessage</method>
  <thread>1</thread>
  <message>oldPassword = Application3!</message>
  <nestedLevel>1</nestedLevel>
</record>
<record>
  <date>2019-08-29T16:15:45</date>
  <millis>1567070145160</millis>
  <sequence>8</sequence>
  <level>INFO</level>
  <class>com.kms.katalon.core.logging.XmlKeywordLogger</class>
  <method>logMessage</method>
  <thread>1</thread>
  <message>newPassword = Application4!</message>
  <nestedLevel>1</nestedLevel>
</record>
<record>
  <date>2019-08-29T16:15:45</date>
  <millis>1567070145161</millis>
  <sequence>9</sequence>
  <level>INFO</level>
  <class>com.kms.katalon.core.logging.XmlKeywordLogger</class>
  <method>logMessage</method>
  <thread>1</thread>
  <message>newConfPassword = Application4!</message>
  <nestedLevel>1</nestedLevel>
</record>
<record>
  <date>2019-08-29T16:15:45</date>
  <millis>1567070145161</millis>
  <sequence>10</sequence>
  <level>INFO</level>
  <class>com.kms.katalon.core.logging.XmlKeywordLogger</class>
  <method>logMessage</method>
  <thread>1</thread>
  <message>result = Failed</message>
  <nestedLevel>1</nestedLevel>
</record>
<record>
  <date>2019-08-29T16:15:45</date>
  <millis>1567070145163</millis>
  <sequence>11</sequence>
  <level>INFO</level>
  <class>com.kms.katalon.core.logging.XmlKeywordLogger</class>
  <method>logMessage</method>
  <thread>1</thread>
  <message>condition = oldPassNotMatch</message>
  <nestedLevel>1</nestedLevel>
</record>
<record>
  <date>2019-08-29T16:15:45</date>
  <millis>1567070145955</millis>
  <sequence>12</sequence>
  <level>START</level>
  <class>com.kms.katalon.core.logging.XmlKeywordLogger</class>
  <method>startKeyword</method>
  <thread>1</thread>
  <message>Start action : callTestCase(findTestCase(\&amp;quot;Profile/LoginCase\&amp;quot;), [:], STOP_ON_FAILURE)</message>
  <nestedLevel>1</nestedLevel>
  <property name="startLine">16</property>
  <property name="stepIndex">1</property>
</record>
<record>
  <date>2019-08-29T16:15:46</date>
  <millis>1567070146334</millis>
  <sequence>15</sequence>
  <level>START</level>
  <class>com.kms.katalon.core.logging.XmlKeywordLogger</class>
  <method>startTest</method>
  <thread>1</thread>
  <message>Start Test Case : Test Cases/Profile/LoginCase</message>
  <nestedLevel>2</nestedLevel>
  <property name="name">Test Cases/Profile/LoginCase</property>
  <property name="description"></property>
  <property name="id">Test Cases/Profile/LoginCase</property>
  <property name="source">C:\\Users\\lieto\\git\\acctest\\Test Cases\\Profile\\LoginCase.tc</property>
  <property name="tag"></property>
  <property name="isOptional">false</property>
</record>
<record>
  <date>2019-08-29T16:15:46</date>
  <millis>1567070146763</millis>
  <sequence>17</sequence>
  <level>START</level>
  <class>com.kms.katalon.core.logging.XmlKeywordLogger</class>
  <method>startKeyword</method>
  <thread>1</thread>
  <message>Start action : startApplication(\&amp;quot;D:\\State&amp;apos;s Secret\\Internsheeepppppp\\Project\\accmart.apk\&amp;quot;, true)</message>
  <nestedLevel>1</nestedLevel>
  <property name="startLine">16</property>
  <property name="stepIndex">1</property>
</record>
<record>
  <date>2019-08-29T16:15:58</date>
  <millis>1567070158089</millis>
  <sequence>19</sequence>
  <level>INFO</level>
  <class>com.kms.katalon.core.logging.XmlKeywordLogger</class>
  <method>logMessage</method>
  <thread>1</thread>
  <message>Appium server started on port 54,527</message>
  <nestedLevel>2</nestedLevel>
</record>
