[35m[Appium][39m Welcome to Appium v1.8.1
[35m[Appium][39m Non-default server args:
[35m[Appium][39m   port: 58287
[35m[Appium][39m   loglevel: info
[35m[Appium][39m   chromeDriverPort: 58288
[35m[Appium][39m   tmpDir: C:\Users\lieto\AppData\Local\Temp\\Katalon\Appium\Temp1566210514706
[35m[Appium][39m Appium REST http interface listener started on 0.0.0.0:58287
[35m[HTTP][39m [37m-->[39m [37mGET[39m [37m/wd/hub/status[39m
[35m[HTTP][39m [90m{}[39m
[35m[HTTP][39m [37m<-- GET /wd/hub/status [39m[32m200[39m [90m15 ms - 83[39m
[35m[HTTP][39m [90m[39m
[35m[HTTP][39m [37m-->[39m [37mPOST[39m [37m/wd/hub/session[39m
[35m[HTTP][39m [90m{"desiredCapabilities":{"app":"D:\\State's Secret\\Internsheeepppppp\\Project\\accmart.apk","noReset":false,"newCommandTimeout":1800,"platformVersion":"9","automationName":"uiautomator2","autoGrantPermissions":true,"platformName":"Android","udid":"32008eeec002a5eb","deviceName":"samsung SM-A750GN (Android 9)","fullReset":true,"platform":"ANDROID"},"capabilities":{"firstMatch":[{"appium:app":"D:\\State's Secret\\Internsheeepppppp\\Project\\accmart.apk","appium:autoGrantPermissions":true,"appium:automationName":"uiautomator2","appium:deviceName":"samsung SM-A750GN (Android 9)","appium:fullReset":true,"appium:newCommandTimeout":1800,"appium:noReset":false,"platform":"ANDROID","platformName":"android","appium:platformVersion":"9","appium:udid":"32008eeec002a5eb"}]}}[39m
[35m[BaseDriver][39m The capabilities ["platform"] are not standard capabilities and should have an extension prefix
[35m[Appium][39m Creating new AndroidUiautomator2Driver (v1.12.0) session
[35m[Appium][39m Capabilities:
[35m[Appium][39m   platform: ANDROID
[35m[Appium][39m   platformName: android
[35m[Appium][39m   app: D:\State's Secret\Internsheeepppppp\Project\accmart.apk
[35m[Appium][39m   autoGrantPermissions: true
[35m[Appium][39m   automationName: uiautomator2
[35m[Appium][39m   deviceName: samsung SM-A750GN (Android 9)
[35m[Appium][39m   fullReset: true
[35m[Appium][39m   newCommandTimeout: 1800
[35m[Appium][39m   noReset: false
[35m[Appium][39m   platformVersion: 9
[35m[Appium][39m   udid: 32008eeec002a5eb
[35m[BaseDriver][39m The following capabilities were provided, but are not recognized by appium: platform.
[35m[BaseDriver][39m Session created with session id: 743000d5-44a2-413e-a92a-54b6d09e0de1
[35m[BaseDriver][39m Using local app 'D:\State's Secret\Internsheeepppppp\Project\accmart.apk'
[35m[AndroidDriver][39m Java version is: 1.8.0_181
[35m[ADB][39m Checking whether adb is present
[35m[ADB][39m Found 1 'build-tools' folders under 'C:\Users\lieto\.katalon\tools\android_sdk' (newest first):
[35m[ADB][39m     C:/Users/lieto/.katalon/tools/android_sdk/build-tools/29.0.2
[35m[ADB][39m Using adb.exe from C:\Users\lieto\.katalon\tools\android_sdk\platform-tools\adb.exe
[35m[AndroidDriver][39m Retrieving device list
[35m[AndroidDriver][39m Using device: 32008eeec002a5eb
[35m[ADB][39m Using the alternative activity name detection method because of: Could not find apkanalyzer.bat in C:\Users\lieto\.katalon\tools\android_sdk\platform-tools\apkanalyzer.bat,C:\Users\lieto\.katalon\tools\android_sdk\emulator\apkanalyzer.bat,C:\Users\lieto\.katalon\tools\android_sdk\tools\apkanalyzer.bat,C:\Users\lieto\.katalon\tools\android_sdk\tools\bin\apkanalyzer.bat,C:\Users\lieto\.katalon\tools\android_sdk\build-tools\29.0.2\apkanalyzer.bat. Do you have the Android SDK installed at 'C:\Users\lieto\.katalon\tools\android_sdk'?
[35m[ADB][39m Checking whether aapt is present
[35m[ADB][39m Using aapt.exe from C:\Users\lieto\.katalon\tools\android_sdk\build-tools\29.0.2\aapt.exe
[35m[ADB][39m Extracting package and launch activity from manifest
[35m[ADB][39m Package name: 'com.outsystemsenterprise.acctst1.ACCMart'
[35m[ADB][39m Main activity name: 'com.outsystemsenterprise.acctst1.ACCMart.MainActivity'
[35m[ADB][39m Getting device platform version
[35m[ADB][39m Using apksigner.bat from C:\Users\lieto\.katalon\tools\android_sdk\build-tools\29.0.2\apksigner.bat
[35m[ADB][39m Cannot read version codes of 'C:\Users\lieto\AppData\Roaming\npm\node_modules\appium\node_modules\appium-uiautomator2-server\apks\appium-uiautomator2-server-debug-androidTest.apk' and/or 'io.appium.uiautomator2.server.test'
[35m[ADB][39m Cannot read version names of 'C:\Users\lieto\AppData\Roaming\npm\node_modules\appium\node_modules\appium-uiautomator2-server\apks\appium-uiautomator2-server-debug-androidTest.apk' and/or 'io.appium.uiautomator2.server.test'. Assuming correct app version is already installed
[35m[AndroidDriver][39m setDeviceLanguageCountry requires language or country.
[35m[AndroidDriver][39m Got language: 'null' and country: 'null'
[35m[ADB][39m Successfully extracted 43 strings from 'D:\State's Secret\Internsheeepppppp\Project\accmart.apk' resources for '(default)' configuration
[35m[ADB][39m com.outsystemsenterprise.acctst1.ACCMart was successfully uninstalled
[35m[UiAutomator2][39m Starting uiautomator2 server 1.12.0
[35m[UiAutomator2][39m Using UIAutomator2 server from 'C:\Users\lieto\AppData\Roaming\npm\node_modules\appium\node_modules\appium-uiautomator2-server\apks\appium-uiautomator2-server-v1.12.0.apk' and test from 'C:\Users\lieto\AppData\Roaming\npm\node_modules\appium\node_modules\appium-uiautomator2-server\apks\appium-uiautomator2-server-debug-androidTest.apk'
[35m[UiAutomator2][39m Running command: 'adb -s 32008eeec002a5eb shell am instrument -w io.appium.uiautomator2.server.test/android.support.test.runner.AndroidJUnitRunner'
[35m[UiAutomator2][39m Waiting up to 20000ms for UiAutomator2 to be online...
[35m[AndroidDriver][39m Screen already unlocked, doing nothing
[35m[UiAutomator2][39m UiAutomator2 did not start the activity we were waiting for, 'com.outsystemsenterprise.acctst1.ACCMart/com.outsystemsenterprise.acctst1.ACCMart.MainActivity'. Starting it ourselves
[35m[Appium][39m New AndroidUiautomator2Driver session created successfully, session 743000d5-44a2-413e-a92a-54b6d09e0de1 added to master session list
[35m[HTTP][39m [37m<-- POST /wd/hub/session [39m[32m200[39m [90m47462 ms - 1225[39m
[35m[HTTP][39m [90m[39m
[35m[HTTP][39m [37m-->[39m [37mGET[39m [37m/wd/hub/session/743000d5-44a2-413e-a92a-54b6d09e0de1[39m
[35m[HTTP][39m [90m{}[39m
[35m[HTTP][39m [37m<-- GET /wd/hub/session/743000d5-44a2-413e-a92a-54b6d09e0de1 [39m[32m200[39m [90m40 ms - 1157[39m
[35m[HTTP][39m [90m[39m
[35m[HTTP][39m [37m-->[39m [37mGET[39m [37m/wd/hub/session/743000d5-44a2-413e-a92a-54b6d09e0de1[39m
[35m[HTTP][39m [90m{}[39m
[35m[HTTP][39m [37m<-- GET /wd/hub/session/743000d5-44a2-413e-a92a-54b6d09e0de1 [39m[32m200[39m [90m46 ms - 1157[39m
[35m[HTTP][39m [90m[39m
[35m[HTTP][39m [37m-->[39m [37mGET[39m [37m/wd/hub/status[39m
[35m[HTTP][39m [90m{}[39m
[35m[HTTP][39m [37m<-- GET /wd/hub/status [39m[32m200[39m [90m7 ms - 55[39m
[35m[HTTP][39m [90m[39m
[35m[HTTP][39m [37m-->[39m [37mPOST[39m [37m/wd/hub/session/743000d5-44a2-413e-a92a-54b6d09e0de1/timeouts[39m
[35m[HTTP][39m [90m{"implicit":30000}[39m
[35m[HTTP][39m [37m<-- POST /wd/hub/session/743000d5-44a2-413e-a92a-54b6d09e0de1/timeouts [39m[32m200[39m [90m13 ms - 14[39m
[35m[HTTP][39m [90m[39m
[35m[HTTP][39m [37m-->[39m [37mPOST[39m [37m/wd/hub/session/743000d5-44a2-413e-a92a-54b6d09e0de1/timeouts[39m
[35m[HTTP][39m [90m{"implicit":50}[39m
[35m[HTTP][39m [37m<-- POST /wd/hub/session/743000d5-44a2-413e-a92a-54b6d09e0de1/timeouts [39m[32m200[39m [90m6 ms - 14[39m
[35m[HTTP][39m [90m[39m
[35m[HTTP][39m [37m-->[39m [37mGET[39m [37m/wd/hub/session/743000d5-44a2-413e-a92a-54b6d09e0de1/window/rect[39m
[35m[HTTP][39m [90m{}[39m
[35m[HTTP][39m [37m<-- GET /wd/hub/session/743000d5-44a2-413e-a92a-54b6d09e0de1/window/rect [39m[32m200[39m [90m89 ms - 50[39m
[35m[HTTP][39m [90m[39m
[35m[HTTP][39m [37m-->[39m [37mPOST[39m [37m/wd/hub/session/743000d5-44a2-413e-a92a-54b6d09e0de1/elements[39m
[35m[HTTP][39m [90m{"using":"-android uiautomator","value":"new UiSelector().className(\"android.view.View\").text(\"MobiMartTheme.PESAN_ICON\")"}[39m
[35m[HTTP][39m [37m<-- POST /wd/hub/session/743000d5-44a2-413e-a92a-54b6d09e0de1/elements [39m[32m200[39m [90m192 ms - 12[39m
[35m[HTTP][39m [90m[39m
[35m[HTTP][39m [37m-->[39m [37mPOST[39m [37m/wd/hub/session/743000d5-44a2-413e-a92a-54b6d09e0de1/elements[39m
[35m[HTTP][39m [90m{"using":"-android uiautomator","value":"new UiSelector().className(\"android.view.View\").text(\"MobiMartTheme.PESAN_ICON\")"}[39m
[35m[HTTP][39m [37m<-- POST /wd/hub/session/743000d5-44a2-413e-a92a-54b6d09e0de1/elements [39m[32m200[39m [90m1313 ms - 12[39m
[35m[HTTP][39m [90m[39m
[35m[HTTP][39m [37m-->[39m [37mPOST[39m [37m/wd/hub/session/743000d5-44a2-413e-a92a-54b6d09e0de1/elements[39m
[35m[HTTP][39m [90m{"using":"-android uiautomator","value":"new UiSelector().className(\"android.view.View\").text(\"MobiMartTheme.PESAN_ICON\")"}[39m
[35m[HTTP][39m [37m<-- POST /wd/hub/session/743000d5-44a2-413e-a92a-54b6d09e0de1/elements [39m[32m200[39m [90m144 ms - 12[39m
[35m[HTTP][39m [90m[39m
[35m[HTTP][39m [37m-->[39m [37mPOST[39m [37m/wd/hub/session/743000d5-44a2-413e-a92a-54b6d09e0de1/elements[39m
[35m[HTTP][39m [90m{"using":"-android uiautomator","value":"new UiSelector().className(\"android.view.View\").text(\"MobiMartTheme.PESAN_ICON\")"}[39m
[35m[HTTP][39m [37m<-- POST /wd/hub/session/743000d5-44a2-413e-a92a-54b6d09e0de1/elements [39m[32m200[39m [90m154 ms - 12[39m
[35m[HTTP][39m [90m[39m
[35m[HTTP][39m [37m-->[39m [37mPOST[39m [37m/wd/hub/session/743000d5-44a2-413e-a92a-54b6d09e0de1/elements[39m
[35m[HTTP][39m [90m{"using":"-android uiautomator","value":"new UiSelector().className(\"android.view.View\").text(\"MobiMartTheme.PESAN_ICON\")"}[39m
[35m[HTTP][39m [37m<-- POST /wd/hub/session/743000d5-44a2-413e-a92a-54b6d09e0de1/elements [39m[32m200[39m [90m143 ms - 12[39m
[35m[HTTP][39m [90m[39m
[35m[HTTP][39m [37m-->[39m [37mPOST[39m [37m/wd/hub/session/743000d5-44a2-413e-a92a-54b6d09e0de1/elements[39m
[35m[HTTP][39m [90m{"using":"-android uiautomator","value":"new UiSelector().className(\"android.view.View\").text(\"MobiMartTheme.PESAN_ICON\")"}[39m
[35m[HTTP][39m [37m<-- POST /wd/hub/session/743000d5-44a2-413e-a92a-54b6d09e0de1/elements [39m[32m200[39m [90m134 ms - 12[39m
[35m[HTTP][39m [90m[39m
[35m[HTTP][39m [37m-->[39m [37mPOST[39m [37m/wd/hub/session/743000d5-44a2-413e-a92a-54b6d09e0de1/elements[39m
[35m[HTTP][39m [90m{"using":"-android uiautomator","value":"new UiSelector().className(\"android.view.View\").text(\"MobiMartTheme.PESAN_ICON\")"}[39m
[35m[HTTP][39m [37m<-- POST /wd/hub/session/743000d5-44a2-413e-a92a-54b6d09e0de1/elements [39m[32m200[39m [90m131 ms - 12[39m
[35m[HTTP][39m [90m[39m
[35m[HTTP][39m [37m-->[39m [37mPOST[39m [37m/wd/hub/session/743000d5-44a2-413e-a92a-54b6d09e0de1/elements[39m
[35m[HTTP][39m [90m{"using":"-android uiautomator","value":"new UiSelector().className(\"android.view.View\").text(\"MobiMartTheme.PESAN_ICON\")"}[39m
[35m[HTTP][39m [37m<-- POST /wd/hub/session/743000d5-44a2-413e-a92a-54b6d09e0de1/elements [39m[32m200[39m [90m130 ms - 12[39m
[35m[HTTP][39m [90m[39m
[35m[HTTP][39m [37m-->[39m [37mPOST[39m [37m/wd/hub/session/743000d5-44a2-413e-a92a-54b6d09e0de1/elements[39m
[35m[HTTP][39m [90m{"using":"-android uiautomator","value":"new UiSelector().className(\"android.view.View\").text(\"MobiMartTheme.PESAN_ICON\")"}[39m
[35m[HTTP][39m [37m<-- POST /wd/hub/session/743000d5-44a2-413e-a92a-54b6d09e0de1/elements [39m[32m200[39m [90m110 ms - 12[39m
[35m[HTTP][39m [90m[39m
[35m[HTTP][39m [37m-->[39m [37mPOST[39m [37m/wd/hub/session/743000d5-44a2-413e-a92a-54b6d09e0de1/elements[39m
[35m[HTTP][39m [90m{"using":"-android uiautomator","value":"new UiSelector().className(\"android.view.View\").text(\"MobiMartTheme.PESAN_ICON\")"}[39m
[35m[HTTP][39m [37m<-- POST /wd/hub/session/743000d5-44a2-413e-a92a-54b6d09e0de1/elements [39m[32m200[39m [90m121 ms - 12[39m
[35m[HTTP][39m [90m[39m
[35m[HTTP][39m [37m-->[39m [37mPOST[39m [37m/wd/hub/session/743000d5-44a2-413e-a92a-54b6d09e0de1/elements[39m
[35m[HTTP][39m [90m{"using":"-android uiautomator","value":"new UiSelector().className(\"android.view.View\").text(\"MobiMartTheme.PESAN_ICON\")"}[39m
[35m[HTTP][39m [37m<-- POST /wd/hub/session/743000d5-44a2-413e-a92a-54b6d09e0de1/elements [39m[32m200[39m [90m135 ms - 12[39m
[35m[HTTP][39m [90m[39m
[35m[HTTP][39m [37m-->[39m [37mPOST[39m [37m/wd/hub/session/743000d5-44a2-413e-a92a-54b6d09e0de1/elements[39m
[35m[HTTP][39m [90m{"using":"-android uiautomator","value":"new UiSelector().className(\"android.view.View\").text(\"MobiMartTheme.PESAN_ICON\")"}[39m
[35m[HTTP][39m [37m<-- POST /wd/hub/session/743000d5-44a2-413e-a92a-54b6d09e0de1/elements [39m[32m200[39m [90m117 ms - 12[39m
[35m[HTTP][39m [90m[39m
[35m[HTTP][39m [37m-->[39m [37mPOST[39m [37m/wd/hub/session/743000d5-44a2-413e-a92a-54b6d09e0de1/elements[39m
[35m[HTTP][39m [90m{"using":"-android uiautomator","value":"new UiSelector().className(\"android.view.View\").text(\"MobiMartTheme.PESAN_ICON\")"}[39m
[35m[HTTP][39m [37m<-- POST /wd/hub/session/743000d5-44a2-413e-a92a-54b6d09e0de1/elements [39m[32m200[39m [90m112 ms - 12[39m
[35m[HTTP][39m [90m[39m
[35m[HTTP][39m [37m-->[39m [37mPOST[39m [37m/wd/hub/session/743000d5-44a2-413e-a92a-54b6d09e0de1/elements[39m
[35m[HTTP][39m [90m{"using":"-android uiautomator","value":"new UiSelector().className(\"android.view.View\").text(\"MobiMartTheme.PESAN_ICON\")"}[39m
[35m[HTTP][39m [37m<-- POST /wd/hub/session/743000d5-44a2-413e-a92a-54b6d09e0de1/elements [39m[32m200[39m [90m130 ms - 12[39m
[35m[HTTP][39m [90m[39m
[35m[HTTP][39m [37m-->[39m [37mPOST[39m [37m/wd/hub/session/743000d5-44a2-413e-a92a-54b6d09e0de1/elements[39m
[35m[HTTP][39m [90m{"using":"-android uiautomator","value":"new UiSelector().className(\"android.view.View\").text(\"MobiMartTheme.PESAN_ICON\")"}[39m
[35m[HTTP][39m [37m<-- POST /wd/hub/session/743000d5-44a2-413e-a92a-54b6d09e0de1/elements [39m[32m200[39m [90m123 ms - 12[39m
[35m[HTTP][39m [90m[39m
[35m[HTTP][39m [37m-->[39m [37mPOST[39m [37m/wd/hub/session/743000d5-44a2-413e-a92a-54b6d09e0de1/elements[39m
[35m[HTTP][39m [90m{"using":"-android uiautomator","value":"new UiSelector().className(\"android.view.View\").text(\"MobiMartTheme.PESAN_ICON\")"}[39m
[35m[HTTP][39m [37m<-- POST /wd/hub/session/743000d5-44a2-413e-a92a-54b6d09e0de1/elements [39m[32m200[39m [90m106 ms - 12[39m
[35m[HTTP][39m [90m[39m
[35m[HTTP][39m [37m-->[39m [37mPOST[39m [37m/wd/hub/session/743000d5-44a2-413e-a92a-54b6d09e0de1/elements[39m
[35m[HTTP][39m [90m{"using":"-android uiautomator","value":"new UiSelector().className(\"android.view.View\").text(\"MobiMartTheme.PESAN_ICON\")"}[39m
[35m[HTTP][39m [37m<-- POST /wd/hub/session/743000d5-44a2-413e-a92a-54b6d09e0de1/elements [39m[32m200[39m [90m114 ms - 12[39m
[35m[HTTP][39m [90m[39m
[35m[HTTP][39m [37m-->[39m [37mPOST[39m [37m/wd/hub/session/743000d5-44a2-413e-a92a-54b6d09e0de1/elements[39m
[35m[HTTP][39m [90m{"using":"-android uiautomator","value":"new UiSelector().className(\"android.view.View\").text(\"MobiMartTheme.PESAN_ICON\")"}[39m
[35m[HTTP][39m [37m<-- POST /wd/hub/session/743000d5-44a2-413e-a92a-54b6d09e0de1/elements [39m[32m200[39m [90m95 ms - 12[39m
[35m[HTTP][39m [90m[39m
[35m[HTTP][39m [37m-->[39m [37mPOST[39m [37m/wd/hub/session/743000d5-44a2-413e-a92a-54b6d09e0de1/elements[39m
[35m[HTTP][39m [90m{"using":"-android uiautomator","value":"new UiSelector().className(\"android.view.View\").text(\"MobiMartTheme.PESAN_ICON\")"}[39m
[35m[HTTP][39m [37m<-- POST /wd/hub/session/743000d5-44a2-413e-a92a-54b6d09e0de1/elements [39m[32m200[39m [90m103 ms - 12[39m
[35m[HTTP][39m [90m[39m
[35m[HTTP][39m [37m-->[39m [37mPOST[39m [37m/wd/hub/session/743000d5-44a2-413e-a92a-54b6d09e0de1/elements[39m
[35m[HTTP][39m [90m{"using":"-android uiautomator","value":"new UiSelector().className(\"android.view.View\").text(\"MobiMartTheme.PESAN_ICON\")"}[39m
[35m[HTTP][39m [37m<-- POST /wd/hub/session/743000d5-44a2-413e-a92a-54b6d09e0de1/elements [39m[32m200[39m [90m94 ms - 12[39m
[35m[HTTP][39m [90m[39m
[35m[HTTP][39m [37m-->[39m [37mPOST[39m [37m/wd/hub/session/743000d5-44a2-413e-a92a-54b6d09e0de1/elements[39m
[35m[HTTP][39m [90m{"using":"-android uiautomator","value":"new UiSelector().className(\"android.view.View\").text(\"MobiMartTheme.PESAN_ICON\")"}[39m
[35m[HTTP][39m [37m<-- POST /wd/hub/session/743000d5-44a2-413e-a92a-54b6d09e0de1/elements [39m[32m200[39m [90m103 ms - 12[39m
[35m[HTTP][39m [90m[39m
[35m[HTTP][39m [37m-->[39m [37mPOST[39m [37m/wd/hub/session/743000d5-44a2-413e-a92a-54b6d09e0de1/elements[39m
[35m[HTTP][39m [90m{"using":"-android uiautomator","value":"new UiSelector().className(\"android.view.View\").text(\"MobiMartTheme.PESAN_ICON\")"}[39m
[35m[HTTP][39m [37m<-- POST /wd/hub/session/743000d5-44a2-413e-a92a-54b6d09e0de1/elements [39m[32m200[39m [90m109 ms - 12[39m
[35m[HTTP][39m [90m[39m
[35m[HTTP][39m [37m-->[39m [37mPOST[39m [37m/wd/hub/session/743000d5-44a2-413e-a92a-54b6d09e0de1/elements[39m
[35m[HTTP][39m [90m{"using":"-android uiautomator","value":"new UiSelector().className(\"android.view.View\").text(\"MobiMartTheme.PESAN_ICON\")"}[39m
[35m[HTTP][39m [37m<-- POST /wd/hub/session/743000d5-44a2-413e-a92a-54b6d09e0de1/elements [39m[32m200[39m [90m3046 ms - 90[39m
[35m[HTTP][39m [90m[39m
[35m[HTTP][39m [37m-->[39m [37mGET[39m [37m/wd/hub/session/743000d5-44a2-413e-a92a-54b6d09e0de1/element/01aa22df-1d7c-4119-b781-ca330d87b966/location[39m
[35m[HTTP][39m [90m{}[39m
[35m[W3C][39m Driver proxy active, passing request on via HTTP proxy
[35m[JSONWP Proxy][39m Replacing sessionId 017972c3-92a3-42fa-937c-26c278cd252e with 743000d5-44a2-413e-a92a-54b6d09e0de1
[35m[HTTP][39m [37m<-- GET /wd/hub/session/743000d5-44a2-413e-a92a-54b6d09e0de1/element/01aa22df-1d7c-4119-b781-ca330d87b966/location [39m[32m200[39m [90m127 ms - 89[39m
[35m[HTTP][39m [90m[39m
[35m[HTTP][39m [37m-->[39m [37mPOST[39m [37m/wd/hub/session/743000d5-44a2-413e-a92a-54b6d09e0de1/timeouts[39m
[35m[HTTP][39m [90m{"implicit":30000}[39m
[35m[HTTP][39m [37m<-- POST /wd/hub/session/743000d5-44a2-413e-a92a-54b6d09e0de1/timeouts [39m[32m200[39m [90m2 ms - 14[39m
[35m[HTTP][39m [90m[39m
[35m[HTTP][39m [37m-->[39m [37mPOST[39m [37m/wd/hub/session/743000d5-44a2-413e-a92a-54b6d09e0de1/timeouts[39m
[35m[HTTP][39m [90m{"implicit":50}[39m
[35m[HTTP][39m [37m<-- POST /wd/hub/session/743000d5-44a2-413e-a92a-54b6d09e0de1/timeouts [39m[32m200[39m [90m4 ms - 14[39m
[35m[HTTP][39m [90m[39m
[35m[HTTP][39m [37m-->[39m [37mGET[39m [37m/wd/hub/session/743000d5-44a2-413e-a92a-54b6d09e0de1/window/rect[39m
[35m[HTTP][39m [90m{}[39m
[35m[HTTP][39m [37m<-- GET /wd/hub/session/743000d5-44a2-413e-a92a-54b6d09e0de1/window/rect [39m[32m200[39m [90m39 ms - 50[39m
[35m[HTTP][39m [90m[39m
[35m[HTTP][39m [37m-->[39m [37mPOST[39m [37m/wd/hub/session/743000d5-44a2-413e-a92a-54b6d09e0de1/elements[39m
[35m[HTTP][39m [90m{"using":"-android uiautomator","value":"new UiSelector().className(\"android.view.View\").text(\"MobiMartTheme.PESAN_ICON\")"}[39m
[35m[HTTP][39m [37m<-- POST /wd/hub/session/743000d5-44a2-413e-a92a-54b6d09e0de1/elements [39m[32m200[39m [90m251 ms - 90[39m
[35m[HTTP][39m [90m[39m
[35m[HTTP][39m [37m-->[39m [37mGET[39m [37m/wd/hub/session/743000d5-44a2-413e-a92a-54b6d09e0de1/element/a3ce3317-2f21-4bb1-be33-6a1712a485ec/location[39m
[35m[HTTP][39m [90m{}[39m
[35m[W3C][39m Driver proxy active, passing request on via HTTP proxy
[35m[JSONWP Proxy][39m Replacing sessionId 017972c3-92a3-42fa-937c-26c278cd252e with 743000d5-44a2-413e-a92a-54b6d09e0de1
[35m[HTTP][39m [37m<-- GET /wd/hub/session/743000d5-44a2-413e-a92a-54b6d09e0de1/element/a3ce3317-2f21-4bb1-be33-6a1712a485ec/location [39m[32m200[39m [90m102 ms - 89[39m
[35m[HTTP][39m [90m[39m
[35m[HTTP][39m [37m-->[39m [37mPOST[39m [37m/wd/hub/session/743000d5-44a2-413e-a92a-54b6d09e0de1/timeouts[39m
[35m[HTTP][39m [90m{"implicit":30000}[39m
[35m[HTTP][39m [37m<-- POST /wd/hub/session/743000d5-44a2-413e-a92a-54b6d09e0de1/timeouts [39m[32m200[39m [90m3 ms - 14[39m
[35m[HTTP][39m [90m[39m
[35m[HTTP][39m [37m-->[39m [37mPOST[39m [37m/wd/hub/session/743000d5-44a2-413e-a92a-54b6d09e0de1/touch/perform[39m
[35m[HTTP][39m [90m{"actions":[{"action":"tap","options":{"x":1,"y":1,"element":"a3ce3317-2f21-4bb1-be33-6a1712a485ec"}},{"action":"release","options":{}}]}[39m
[35m[UiAutomator2][39m calling get location: a3ce3317-2f21-4bb1-be33-6a1712a485ec
[35m[HTTP][39m [37m<-- POST /wd/hub/session/743000d5-44a2-413e-a92a-54b6d09e0de1/touch/perform [39m[32m200[39m [90m2060 ms - 14[39m
[35m[HTTP][39m [90m[39m
[35m[HTTP][39m [37m-->[39m [37mPOST[39m [37m/wd/hub/session/743000d5-44a2-413e-a92a-54b6d09e0de1/timeouts[39m
[35m[HTTP][39m [90m{"implicit":50}[39m
[35m[HTTP][39m [37m<-- POST /wd/hub/session/743000d5-44a2-413e-a92a-54b6d09e0de1/timeouts [39m[32m200[39m [90m4 ms - 14[39m
[35m[HTTP][39m [90m[39m
[35m[HTTP][39m [37m-->[39m [37mGET[39m [37m/wd/hub/session/743000d5-44a2-413e-a92a-54b6d09e0de1/window/rect[39m
[35m[HTTP][39m [90m{}[39m
[35m[HTTP][39m [37m<-- GET /wd/hub/session/743000d5-44a2-413e-a92a-54b6d09e0de1/window/rect [39m[32m200[39m [90m71 ms - 50[39m
[35m[HTTP][39m [90m[39m
[35m[HTTP][39m [37m-->[39m [37mPOST[39m [37m/wd/hub/session/743000d5-44a2-413e-a92a-54b6d09e0de1/elements[39m
[35m[HTTP][39m [90m{"using":"-android uiautomator","value":"new UiSelector().className(\"android.view.View\").text(\"Daftar Sekarang!\")"}[39m
[35m[HTTP][39m [37m<-- POST /wd/hub/session/743000d5-44a2-413e-a92a-54b6d09e0de1/elements [39m[32m200[39m [90m168 ms - 90[39m
[35m[HTTP][39m [90m[39m
[35m[HTTP][39m [37m-->[39m [37mGET[39m [37m/wd/hub/session/743000d5-44a2-413e-a92a-54b6d09e0de1/element/e58d02bb-d0e4-4f0a-bf67-531eba73ac9f/location[39m
[35m[HTTP][39m [90m{}[39m
[35m[W3C][39m Driver proxy active, passing request on via HTTP proxy
[35m[JSONWP Proxy][39m Replacing sessionId 017972c3-92a3-42fa-937c-26c278cd252e with 743000d5-44a2-413e-a92a-54b6d09e0de1
[35m[HTTP][39m [37m<-- GET /wd/hub/session/743000d5-44a2-413e-a92a-54b6d09e0de1/element/e58d02bb-d0e4-4f0a-bf67-531eba73ac9f/location [39m[32m200[39m [90m69 ms - 90[39m
[35m[HTTP][39m [90m[39m
[35m[HTTP][39m [37m-->[39m [37mPOST[39m [37m/wd/hub/session/743000d5-44a2-413e-a92a-54b6d09e0de1/timeouts[39m
[35m[HTTP][39m [90m{"implicit":30000}[39m
[35m[HTTP][39m [37m<-- POST /wd/hub/session/743000d5-44a2-413e-a92a-54b6d09e0de1/timeouts [39m[32m200[39m [90m3 ms - 14[39m
[35m[HTTP][39m [90m[39m
[35m[HTTP][39m [37m-->[39m [37mPOST[39m [37m/wd/hub/session/743000d5-44a2-413e-a92a-54b6d09e0de1/touch/perform[39m
[35m[HTTP][39m [90m{"actions":[{"action":"tap","options":{"x":1,"y":1,"element":"e58d02bb-d0e4-4f0a-bf67-531eba73ac9f"}},{"action":"release","options":{}}]}[39m
[35m[UiAutomator2][39m calling get location: e58d02bb-d0e4-4f0a-bf67-531eba73ac9f
[35m[HTTP][39m [37m<-- POST /wd/hub/session/743000d5-44a2-413e-a92a-54b6d09e0de1/touch/perform [39m[32m200[39m [90m1693 ms - 14[39m
[35m[HTTP][39m [90m[39m
[35m[HTTP][39m [37m-->[39m [37mPOST[39m [37m/wd/hub/session/743000d5-44a2-413e-a92a-54b6d09e0de1/timeouts[39m
[35m[HTTP][39m [90m{"implicit":50}[39m
[35m[HTTP][39m [37m<-- POST /wd/hub/session/743000d5-44a2-413e-a92a-54b6d09e0de1/timeouts [39m[32m200[39m [90m2 ms - 14[39m
[35m[HTTP][39m [90m[39m
[35m[HTTP][39m [37m-->[39m [37mGET[39m [37m/wd/hub/session/743000d5-44a2-413e-a92a-54b6d09e0de1/window/rect[39m
[35m[HTTP][39m [90m{}[39m
[35m[HTTP][39m [37m<-- GET /wd/hub/session/743000d5-44a2-413e-a92a-54b6d09e0de1/window/rect [39m[32m200[39m [90m66 ms - 50[39m
[35m[HTTP][39m [90m[39m
[35m[HTTP][39m [37m-->[39m [37mPOST[39m [37m/wd/hub/session/743000d5-44a2-413e-a92a-54b6d09e0de1/elements[39m
[35m[HTTP][39m [90m{"using":"-android uiautomator","value":"new UiSelector().className(\"android.widget.EditText\").resourceId(\"b2-Input_Username\")"}[39m
[35m[HTTP][39m [37m<-- POST /wd/hub/session/743000d5-44a2-413e-a92a-54b6d09e0de1/elements [39m[32m200[39m [90m265 ms - 90[39m
[35m[HTTP][39m [90m[39m
[35m[HTTP][39m [37m-->[39m [37mGET[39m [37m/wd/hub/session/743000d5-44a2-413e-a92a-54b6d09e0de1/element/6b390587-f9ee-41e8-9627-1d04bacdc728/location[39m
[35m[HTTP][39m [90m{}[39m
[35m[W3C][39m Driver proxy active, passing request on via HTTP proxy
[35m[JSONWP Proxy][39m Replacing sessionId 017972c3-92a3-42fa-937c-26c278cd252e with 743000d5-44a2-413e-a92a-54b6d09e0de1
[35m[HTTP][39m [37m<-- GET /wd/hub/session/743000d5-44a2-413e-a92a-54b6d09e0de1/element/6b390587-f9ee-41e8-9627-1d04bacdc728/location [39m[32m200[39m [90m100 ms - 89[39m
[35m[HTTP][39m [90m[39m
[35m[HTTP][39m [37m-->[39m [37mPOST[39m [37m/wd/hub/session/743000d5-44a2-413e-a92a-54b6d09e0de1/timeouts[39m
[35m[HTTP][39m [90m{"implicit":30000}[39m
[35m[HTTP][39m [37m<-- POST /wd/hub/session/743000d5-44a2-413e-a92a-54b6d09e0de1/timeouts [39m[32m200[39m [90m3 ms - 14[39m
[35m[HTTP][39m [90m[39m
[35m[HTTP][39m [37m-->[39m [37mPOST[39m [37m/wd/hub/session/743000d5-44a2-413e-a92a-54b6d09e0de1/element/6b390587-f9ee-41e8-9627-1d04bacdc728/clear[39m
[35m[HTTP][39m [90m{"id":"6b390587-f9ee-41e8-9627-1d04bacdc728"}[39m
[35m[HTTP][39m [37m<-- POST /wd/hub/session/743000d5-44a2-413e-a92a-54b6d09e0de1/element/6b390587-f9ee-41e8-9627-1d04bacdc728/clear [39m[32m200[39m [90m96 ms - 27[39m
[35m[HTTP][39m [90m[39m
[35m[HTTP][39m [37m-->[39m [37mPOST[39m [37m/wd/hub/session/743000d5-44a2-413e-a92a-54b6d09e0de1/element/6b390587-f9ee-41e8-9627-1d04bacdc728/value[39m
[35m[HTTP][39m [90m{"id":"6b390587-f9ee-41e8-9627-1d04bacdc728","text":"lieton30","value":["l","i","e","t","o","n","3","0"]}[39m
[35m[HTTP][39m [37m<-- POST /wd/hub/session/743000d5-44a2-413e-a92a-54b6d09e0de1/element/6b390587-f9ee-41e8-9627-1d04bacdc728/value [39m[32m200[39m [90m1676 ms - 12[39m
[35m[HTTP][39m [90m[39m
[35m[HTTP][39m [37m-->[39m [37mPOST[39m [37m/wd/hub/session/743000d5-44a2-413e-a92a-54b6d09e0de1/timeouts[39m
[35m[HTTP][39m [90m{"implicit":50}[39m
[35m[HTTP][39m [37m<-- POST /wd/hub/session/743000d5-44a2-413e-a92a-54b6d09e0de1/timeouts [39m[32m200[39m [90m4 ms - 14[39m
[35m[HTTP][39m [90m[39m
[35m[HTTP][39m [37m-->[39m [37mGET[39m [37m/wd/hub/session/743000d5-44a2-413e-a92a-54b6d09e0de1/window/rect[39m
[35m[HTTP][39m [90m{}[39m
[35m[HTTP][39m [37m<-- GET /wd/hub/session/743000d5-44a2-413e-a92a-54b6d09e0de1/window/rect [39m[32m200[39m [90m59 ms - 50[39m
[35m[HTTP][39m [90m[39m
[35m[HTTP][39m [37m-->[39m [37mPOST[39m [37m/wd/hub/session/743000d5-44a2-413e-a92a-54b6d09e0de1/elements[39m
[35m[HTTP][39m [90m{"using":"-android uiautomator","value":"new UiSelector().className(\"android.widget.EditText\").resourceId(\"b2-Input_Nama\")"}[39m
[35m[HTTP][39m [37m<-- POST /wd/hub/session/743000d5-44a2-413e-a92a-54b6d09e0de1/elements [39m[32m200[39m [90m477 ms - 90[39m
[35m[HTTP][39m [90m[39m
[35m[HTTP][39m [37m-->[39m [37mGET[39m [37m/wd/hub/session/743000d5-44a2-413e-a92a-54b6d09e0de1/element/087d5962-b51b-4eea-96d7-c72792bc6233/location[39m
[35m[HTTP][39m [90m{}[39m
[35m[W3C][39m Driver proxy active, passing request on via HTTP proxy
[35m[JSONWP Proxy][39m Replacing sessionId 017972c3-92a3-42fa-937c-26c278cd252e with 743000d5-44a2-413e-a92a-54b6d09e0de1
[35m[HTTP][39m [37m<-- GET /wd/hub/session/743000d5-44a2-413e-a92a-54b6d09e0de1/element/087d5962-b51b-4eea-96d7-c72792bc6233/location [39m[32m200[39m [90m74 ms - 89[39m
[35m[HTTP][39m [90m[39m
[35m[HTTP][39m [37m-->[39m [37mPOST[39m [37m/wd/hub/session/743000d5-44a2-413e-a92a-54b6d09e0de1/timeouts[39m
[35m[HTTP][39m [90m{"implicit":30000}[39m
[35m[HTTP][39m [37m<-- POST /wd/hub/session/743000d5-44a2-413e-a92a-54b6d09e0de1/timeouts [39m[32m200[39m [90m3 ms - 14[39m
[35m[HTTP][39m [90m[39m
[35m[HTTP][39m [37m-->[39m [37mPOST[39m [37m/wd/hub/session/743000d5-44a2-413e-a92a-54b6d09e0de1/element/087d5962-b51b-4eea-96d7-c72792bc6233/clear[39m
[35m[HTTP][39m [90m{"id":"087d5962-b51b-4eea-96d7-c72792bc6233"}[39m
[35m[HTTP][39m [37m<-- POST /wd/hub/session/743000d5-44a2-413e-a92a-54b6d09e0de1/element/087d5962-b51b-4eea-96d7-c72792bc6233/clear [39m[32m200[39m [90m99 ms - 27[39m
[35m[HTTP][39m [90m[39m
[35m[HTTP][39m [37m-->[39m [37mPOST[39m [37m/wd/hub/session/743000d5-44a2-413e-a92a-54b6d09e0de1/element/087d5962-b51b-4eea-96d7-c72792bc6233/value[39m
[35m[HTTP][39m [90m{"id":"087d5962-b51b-4eea-96d7-c72792bc6233","text":"Hartono Rusli","value":["H","a","r","t","o","n","o"," ","R","u","s","l","i"]}[39m
[35m[HTTP][39m [37m<-- POST /wd/hub/session/743000d5-44a2-413e-a92a-54b6d09e0de1/element/087d5962-b51b-4eea-96d7-c72792bc6233/value [39m[32m200[39m [90m1006 ms - 12[39m
[35m[HTTP][39m [90m[39m
[35m[HTTP][39m [37m-->[39m [37mPOST[39m [37m/wd/hub/session/743000d5-44a2-413e-a92a-54b6d09e0de1/timeouts[39m
[35m[HTTP][39m [90m{"implicit":50}[39m
[35m[HTTP][39m [37m<-- POST /wd/hub/session/743000d5-44a2-413e-a92a-54b6d09e0de1/timeouts [39m[32m200[39m [90m4 ms - 14[39m
[35m[HTTP][39m [90m[39m
[35m[HTTP][39m [37m-->[39m [37mGET[39m [37m/wd/hub/session/743000d5-44a2-413e-a92a-54b6d09e0de1/window/rect[39m
[35m[HTTP][39m [90m{}[39m
[35m[HTTP][39m [37m<-- GET /wd/hub/session/743000d5-44a2-413e-a92a-54b6d09e0de1/window/rect [39m[32m200[39m [90m48 ms - 50[39m
[35m[HTTP][39m [90m[39m
[35m[HTTP][39m [37m-->[39m [37mPOST[39m [37m/wd/hub/session/743000d5-44a2-413e-a92a-54b6d09e0de1/elements[39m
[35m[HTTP][39m [90m{"using":"-android uiautomator","value":"new UiSelector().className(\"android.widget.EditText\").resourceId(\"b2-Input_Email\")"}[39m
[35m[HTTP][39m [37m<-- POST /wd/hub/session/743000d5-44a2-413e-a92a-54b6d09e0de1/elements [39m[32m200[39m [90m647 ms - 90[39m
[35m[HTTP][39m [90m[39m
[35m[HTTP][39m [37m-->[39m [37mGET[39m [37m/wd/hub/session/743000d5-44a2-413e-a92a-54b6d09e0de1/element/19026941-cfe9-4a5c-93a3-305b692ea3de/location[39m
[35m[HTTP][39m [90m{}[39m
[35m[W3C][39m Driver proxy active, passing request on via HTTP proxy
[35m[JSONWP Proxy][39m Replacing sessionId 017972c3-92a3-42fa-937c-26c278cd252e with 743000d5-44a2-413e-a92a-54b6d09e0de1
[35m[HTTP][39m [37m<-- GET /wd/hub/session/743000d5-44a2-413e-a92a-54b6d09e0de1/element/19026941-cfe9-4a5c-93a3-305b692ea3de/location [39m[32m200[39m [90m82 ms - 89[39m
[35m[HTTP][39m [90m[39m
[35m[HTTP][39m [37m-->[39m [37mPOST[39m [37m/wd/hub/session/743000d5-44a2-413e-a92a-54b6d09e0de1/timeouts[39m
[35m[HTTP][39m [90m{"implicit":30000}[39m
[35m[HTTP][39m [37m<-- POST /wd/hub/session/743000d5-44a2-413e-a92a-54b6d09e0de1/timeouts [39m[32m200[39m [90m3 ms - 14[39m
[35m[HTTP][39m [90m[39m
[35m[HTTP][39m [37m-->[39m [37mPOST[39m [37m/wd/hub/session/743000d5-44a2-413e-a92a-54b6d09e0de1/element/19026941-cfe9-4a5c-93a3-305b692ea3de/clear[39m
[35m[HTTP][39m [90m{"id":"19026941-cfe9-4a5c-93a3-305b692ea3de"}[39m
[35m[HTTP][39m [37m<-- POST /wd/hub/session/743000d5-44a2-413e-a92a-54b6d09e0de1/element/19026941-cfe9-4a5c-93a3-305b692ea3de/clear [39m[32m200[39m [90m89 ms - 27[39m
[35m[HTTP][39m [90m[39m
[35m[HTTP][39m [37m-->[39m [37mPOST[39m [37m/wd/hub/session/743000d5-44a2-413e-a92a-54b6d09e0de1/element/19026941-cfe9-4a5c-93a3-305b692ea3de/value[39m
[35m[HTTP][39m [90m{"id":"19026941-cfe9-4a5c-93a3-305b692ea3de","text":"lieton27@gmail.com","value":["l","i","e","t","o","n","2","7","@","g","m","a","i","l",".","c","o","m"]}[39m
[35m[HTTP][39m [37m<-- POST /wd/hub/session/743000d5-44a2-413e-a92a-54b6d09e0de1/element/19026941-cfe9-4a5c-93a3-305b692ea3de/value [39m[32m200[39m [90m923 ms - 12[39m
[35m[HTTP][39m [90m[39m
[35m[HTTP][39m [37m-->[39m [37mPOST[39m [37m/wd/hub/session/743000d5-44a2-413e-a92a-54b6d09e0de1/timeouts[39m
[35m[HTTP][39m [90m{"implicit":50}[39m
[35m[HTTP][39m [37m<-- POST /wd/hub/session/743000d5-44a2-413e-a92a-54b6d09e0de1/timeouts [39m[32m200[39m [90m5 ms - 14[39m
[35m[HTTP][39m [90m[39m
[35m[HTTP][39m [37m-->[39m [37mGET[39m [37m/wd/hub/session/743000d5-44a2-413e-a92a-54b6d09e0de1/window/rect[39m
[35m[HTTP][39m [90m{}[39m
[35m[HTTP][39m [37m<-- GET /wd/hub/session/743000d5-44a2-413e-a92a-54b6d09e0de1/window/rect [39m[32m200[39m [90m57 ms - 50[39m
[35m[HTTP][39m [90m[39m
[35m[HTTP][39m [37m-->[39m [37mPOST[39m [37m/wd/hub/session/743000d5-44a2-413e-a92a-54b6d09e0de1/elements[39m
[35m[HTTP][39m [90m{"using":"-android uiautomator","value":"new UiSelector().className(\"android.widget.EditText\").resourceId(\"b2-Input_Password\")"}[39m
[35m[HTTP][39m [37m<-- POST /wd/hub/session/743000d5-44a2-413e-a92a-54b6d09e0de1/elements [39m[32m200[39m [90m560 ms - 90[39m
[35m[HTTP][39m [90m[39m
[35m[HTTP][39m [37m-->[39m [37mGET[39m [37m/wd/hub/session/743000d5-44a2-413e-a92a-54b6d09e0de1/element/4b72bfd0-8262-437c-9e91-4767f846a610/location[39m
[35m[HTTP][39m [90m{}[39m
[35m[W3C][39m Driver proxy active, passing request on via HTTP proxy
[35m[JSONWP Proxy][39m Replacing sessionId 017972c3-92a3-42fa-937c-26c278cd252e with 743000d5-44a2-413e-a92a-54b6d09e0de1
[35m[HTTP][39m [37m<-- GET /wd/hub/session/743000d5-44a2-413e-a92a-54b6d09e0de1/element/4b72bfd0-8262-437c-9e91-4767f846a610/location [39m[32m200[39m [90m75 ms - 90[39m
[35m[HTTP][39m [90m[39m
[35m[HTTP][39m [37m-->[39m [37mPOST[39m [37m/wd/hub/session/743000d5-44a2-413e-a92a-54b6d09e0de1/timeouts[39m
[35m[HTTP][39m [90m{"implicit":30000}[39m
[35m[HTTP][39m [37m<-- POST /wd/hub/session/743000d5-44a2-413e-a92a-54b6d09e0de1/timeouts [39m[32m200[39m [90m2 ms - 14[39m
[35m[HTTP][39m [90m[39m
[35m[HTTP][39m [37m-->[39m [37mPOST[39m [37m/wd/hub/session/743000d5-44a2-413e-a92a-54b6d09e0de1/element/4b72bfd0-8262-437c-9e91-4767f846a610/clear[39m
[35m[HTTP][39m [90m{"id":"4b72bfd0-8262-437c-9e91-4767f846a610"}[39m
[35m[HTTP][39m [37m<-- POST /wd/hub/session/743000d5-44a2-413e-a92a-54b6d09e0de1/element/4b72bfd0-8262-437c-9e91-4767f846a610/clear [39m[32m200[39m [90m75 ms - 27[39m
[35m[HTTP][39m [90m[39m
[35m[HTTP][39m [37m-->[39m [37mPOST[39m [37m/wd/hub/session/743000d5-44a2-413e-a92a-54b6d09e0de1/element/4b72bfd0-8262-437c-9e91-4767f846a610/value[39m
[35m[HTTP][39m [90m{"id":"4b72bfd0-8262-437c-9e91-4767f846a610","text":"Application1","value":["A","p","p","l","i","c","a","t","i","o","n","1"]}[39m
[35m[HTTP][39m [37m<-- POST /wd/hub/session/743000d5-44a2-413e-a92a-54b6d09e0de1/element/4b72bfd0-8262-437c-9e91-4767f846a610/value [39m[32m200[39m [90m939 ms - 12[39m
[35m[HTTP][39m [90m[39m
[35m[HTTP][39m [37m-->[39m [37mPOST[39m [37m/wd/hub/session/743000d5-44a2-413e-a92a-54b6d09e0de1/timeouts[39m
[35m[HTTP][39m [90m{"implicit":50}[39m
[35m[HTTP][39m [37m<-- POST /wd/hub/session/743000d5-44a2-413e-a92a-54b6d09e0de1/timeouts [39m[32m200[39m [90m6 ms - 14[39m
[35m[HTTP][39m [90m[39m
[35m[HTTP][39m [37m-->[39m [37mGET[39m [37m/wd/hub/session/743000d5-44a2-413e-a92a-54b6d09e0de1/window/rect[39m
[35m[HTTP][39m [90m{}[39m
[35m[HTTP][39m [37m<-- GET /wd/hub/session/743000d5-44a2-413e-a92a-54b6d09e0de1/window/rect [39m[32m200[39m [90m62 ms - 50[39m
[35m[HTTP][39m [90m[39m
[35m[HTTP][39m [37m-->[39m [37mPOST[39m [37m/wd/hub/session/743000d5-44a2-413e-a92a-54b6d09e0de1/elements[39m
[35m[HTTP][39m [90m{"using":"-android uiautomator","value":"new UiSelector().className(\"android.widget.EditText\").resourceId(\"b2-Input_KonfirmasiPassword\")"}[39m
[35m[HTTP][39m [37m<-- POST /wd/hub/session/743000d5-44a2-413e-a92a-54b6d09e0de1/elements [39m[32m200[39m [90m590 ms - 90[39m
[35m[HTTP][39m [90m[39m
[35m[HTTP][39m [37m-->[39m [37mGET[39m [37m/wd/hub/session/743000d5-44a2-413e-a92a-54b6d09e0de1/element/161e65ac-412f-4bdf-89f0-021461b0e3e8/location[39m
[35m[HTTP][39m [90m{}[39m
[35m[W3C][39m Driver proxy active, passing request on via HTTP proxy
[35m[JSONWP Proxy][39m Replacing sessionId 017972c3-92a3-42fa-937c-26c278cd252e with 743000d5-44a2-413e-a92a-54b6d09e0de1
[35m[HTTP][39m [37m<-- GET /wd/hub/session/743000d5-44a2-413e-a92a-54b6d09e0de1/element/161e65ac-412f-4bdf-89f0-021461b0e3e8/location [39m[32m200[39m [90m74 ms - 90[39m
[35m[HTTP][39m [90m[39m
[35m[HTTP][39m [37m-->[39m [37mPOST[39m [37m/wd/hub/session/743000d5-44a2-413e-a92a-54b6d09e0de1/timeouts[39m
[35m[HTTP][39m [90m{"implicit":30000}[39m
[35m[HTTP][39m [37m<-- POST /wd/hub/session/743000d5-44a2-413e-a92a-54b6d09e0de1/timeouts [39m[32m200[39m [90m3 ms - 14[39m
[35m[HTTP][39m [90m[39m
[35m[HTTP][39m [37m-->[39m [37mPOST[39m [37m/wd/hub/session/743000d5-44a2-413e-a92a-54b6d09e0de1/element/161e65ac-412f-4bdf-89f0-021461b0e3e8/clear[39m
[35m[HTTP][39m [90m{"id":"161e65ac-412f-4bdf-89f0-021461b0e3e8"}[39m
[35m[HTTP][39m [37m<-- POST /wd/hub/session/743000d5-44a2-413e-a92a-54b6d09e0de1/element/161e65ac-412f-4bdf-89f0-021461b0e3e8/clear [39m[32m200[39m [90m79 ms - 27[39m
[35m[HTTP][39m [90m[39m
[35m[HTTP][39m [37m-->[39m [37mPOST[39m [37m/wd/hub/session/743000d5-44a2-413e-a92a-54b6d09e0de1/element/161e65ac-412f-4bdf-89f0-021461b0e3e8/value[39m
[35m[HTTP][39m [90m{"id":"161e65ac-412f-4bdf-89f0-021461b0e3e8","text":"Application1","value":["A","p","p","l","i","c","a","t","i","o","n","1"]}[39m
[35m[HTTP][39m [37m<-- POST /wd/hub/session/743000d5-44a2-413e-a92a-54b6d09e0de1/element/161e65ac-412f-4bdf-89f0-021461b0e3e8/value [39m[32m200[39m [90m984 ms - 12[39m
[35m[HTTP][39m [90m[39m
[35m[HTTP][39m [37m-->[39m [37mPOST[39m [37m/wd/hub/session/743000d5-44a2-413e-a92a-54b6d09e0de1/timeouts[39m
[35m[HTTP][39m [90m{"implicit":50}[39m
[35m[HTTP][39m [37m<-- POST /wd/hub/session/743000d5-44a2-413e-a92a-54b6d09e0de1/timeouts [39m[32m200[39m [90m4 ms - 14[39m
[35m[HTTP][39m [90m[39m
[35m[HTTP][39m [37m-->[39m [37mGET[39m [37m/wd/hub/session/743000d5-44a2-413e-a92a-54b6d09e0de1/window/rect[39m
[35m[HTTP][39m [90m{}[39m
[35m[HTTP][39m [37m<-- GET /wd/hub/session/743000d5-44a2-413e-a92a-54b6d09e0de1/window/rect [39m[32m200[39m [90m62 ms - 50[39m
[35m[HTTP][39m [90m[39m
[35m[HTTP][39m [37m-->[39m [37mPOST[39m [37m/wd/hub/session/743000d5-44a2-413e-a92a-54b6d09e0de1/elements[39m
[35m[HTTP][39m [90m{"using":"-android uiautomator","value":"new UiSelector().className(\"android.widget.EditText\").resourceId(\"b2-Input_Phone\")"}[39m
[35m[HTTP][39m [37m<-- POST /wd/hub/session/743000d5-44a2-413e-a92a-54b6d09e0de1/elements [39m[32m200[39m [90m575 ms - 90[39m
[35m[HTTP][39m [90m[39m
[35m[HTTP][39m [37m-->[39m [37mGET[39m [37m/wd/hub/session/743000d5-44a2-413e-a92a-54b6d09e0de1/element/8b954e2a-0607-421c-ac3f-5fd06ae4dd7a/location[39m
[35m[HTTP][39m [90m{}[39m
[35m[W3C][39m Driver proxy active, passing request on via HTTP proxy
[35m[JSONWP Proxy][39m Replacing sessionId 017972c3-92a3-42fa-937c-26c278cd252e with 743000d5-44a2-413e-a92a-54b6d09e0de1
[35m[HTTP][39m [37m<-- GET /wd/hub/session/743000d5-44a2-413e-a92a-54b6d09e0de1/element/8b954e2a-0607-421c-ac3f-5fd06ae4dd7a/location [39m[32m200[39m [90m70 ms - 90[39m
[35m[HTTP][39m [90m[39m
[35m[HTTP][39m [37m-->[39m [37mPOST[39m [37m/wd/hub/session/743000d5-44a2-413e-a92a-54b6d09e0de1/timeouts[39m
[35m[HTTP][39m [90m{"implicit":30000}[39m
[35m[HTTP][39m [37m<-- POST /wd/hub/session/743000d5-44a2-413e-a92a-54b6d09e0de1/timeouts [39m[32m200[39m [90m2 ms - 14[39m
[35m[HTTP][39m [90m[39m
[35m[HTTP][39m [37m-->[39m [37mPOST[39m [37m/wd/hub/session/743000d5-44a2-413e-a92a-54b6d09e0de1/element/8b954e2a-0607-421c-ac3f-5fd06ae4dd7a/clear[39m
[35m[HTTP][39m [90m{"id":"8b954e2a-0607-421c-ac3f-5fd06ae4dd7a"}[39m
[35m[HTTP][39m [37m<-- POST /wd/hub/session/743000d5-44a2-413e-a92a-54b6d09e0de1/element/8b954e2a-0607-421c-ac3f-5fd06ae4dd7a/clear [39m[32m200[39m [90m73 ms - 27[39m
[35m[HTTP][39m [90m[39m
[35m[HTTP][39m [37m-->[39m [37mPOST[39m [37m/wd/hub/session/743000d5-44a2-413e-a92a-54b6d09e0de1/element/8b954e2a-0607-421c-ac3f-5fd06ae4dd7a/value[39m
[35m[HTTP][39m [90m{"id":"8b954e2a-0607-421c-ac3f-5fd06ae4dd7a","text":"082297476950","value":["0","8","2","2","9","7","4","7","6","9","5","0"]}[39m
[35m[HTTP][39m [37m<-- POST /wd/hub/session/743000d5-44a2-413e-a92a-54b6d09e0de1/element/8b954e2a-0607-421c-ac3f-5fd06ae4dd7a/value [39m[32m200[39m [90m847 ms - 12[39m
[35m[HTTP][39m [90m[39m
[35m[HTTP][39m [37m-->[39m [37mPOST[39m [37m/wd/hub/session/743000d5-44a2-413e-a92a-54b6d09e0de1/timeouts[39m
[35m[HTTP][39m [90m{"implicit":50}[39m
[35m[HTTP][39m [37m<-- POST /wd/hub/session/743000d5-44a2-413e-a92a-54b6d09e0de1/timeouts [39m[32m200[39m [90m5 ms - 14[39m
[35m[HTTP][39m [90m[39m
[35m[HTTP][39m [37m-->[39m [37mGET[39m [37m/wd/hub/session/743000d5-44a2-413e-a92a-54b6d09e0de1/window/rect[39m
[35m[HTTP][39m [90m{}[39m
[35m[HTTP][39m [37m<-- GET /wd/hub/session/743000d5-44a2-413e-a92a-54b6d09e0de1/window/rect [39m[32m200[39m [90m51 ms - 50[39m
[35m[HTTP][39m [90m[39m
[35m[HTTP][39m [37m-->[39m [37mPOST[39m [37m/wd/hub/session/743000d5-44a2-413e-a92a-54b6d09e0de1/elements[39m
[35m[HTTP][39m [90m{"using":"-android uiautomator","value":"new UiSelector().className(\"android.widget.EditText\").resourceId(\"b2-Input_Username\")"}[39m
[35m[HTTP][39m [37m<-- POST /wd/hub/session/743000d5-44a2-413e-a92a-54b6d09e0de1/elements [39m[32m200[39m [90m579 ms - 90[39m
[35m[HTTP][39m [90m[39m
[35m[HTTP][39m [37m-->[39m [37mGET[39m [37m/wd/hub/session/743000d5-44a2-413e-a92a-54b6d09e0de1/element/33dd6753-ec9c-4a6f-ba9e-98f14bfb1abc/location[39m
[35m[HTTP][39m [90m{}[39m
[35m[W3C][39m Driver proxy active, passing request on via HTTP proxy
[35m[JSONWP Proxy][39m Replacing sessionId 017972c3-92a3-42fa-937c-26c278cd252e with 743000d5-44a2-413e-a92a-54b6d09e0de1
[35m[HTTP][39m [37m<-- GET /wd/hub/session/743000d5-44a2-413e-a92a-54b6d09e0de1/element/33dd6753-ec9c-4a6f-ba9e-98f14bfb1abc/location [39m[32m200[39m [90m72 ms - 89[39m
[35m[HTTP][39m [90m[39m
[35m[HTTP][39m [37m-->[39m [37mPOST[39m [37m/wd/hub/session/743000d5-44a2-413e-a92a-54b6d09e0de1/timeouts[39m
[35m[HTTP][39m [90m{"implicit":30000}[39m
[35m[HTTP][39m [37m<-- POST /wd/hub/session/743000d5-44a2-413e-a92a-54b6d09e0de1/timeouts [39m[32m200[39m [90m2 ms - 14[39m
[35m[HTTP][39m [90m[39m
[35m[HTTP][39m [37m-->[39m [37mPOST[39m [37m/wd/hub/session/743000d5-44a2-413e-a92a-54b6d09e0de1/element/33dd6753-ec9c-4a6f-ba9e-98f14bfb1abc/clear[39m
[35m[HTTP][39m [90m{"id":"33dd6753-ec9c-4a6f-ba9e-98f14bfb1abc"}[39m
[35m[HTTP][39m [37m<-- POST /wd/hub/session/743000d5-44a2-413e-a92a-54b6d09e0de1/element/33dd6753-ec9c-4a6f-ba9e-98f14bfb1abc/clear [39m[32m200[39m [90m81 ms - 27[39m
[35m[HTTP][39m [90m[39m
[35m[HTTP][39m [37m-->[39m [37mPOST[39m [37m/wd/hub/session/743000d5-44a2-413e-a92a-54b6d09e0de1/timeouts[39m
[35m[HTTP][39m [90m{"implicit":50}[39m
[35m[HTTP][39m [37m<-- POST /wd/hub/session/743000d5-44a2-413e-a92a-54b6d09e0de1/timeouts [39m[32m200[39m [90m4 ms - 14[39m
[35m[HTTP][39m [90m[39m
[35m[HTTP][39m [37m-->[39m [37mGET[39m [37m/wd/hub/session/743000d5-44a2-413e-a92a-54b6d09e0de1/window/rect[39m
[35m[HTTP][39m [90m{}[39m
[35m[HTTP][39m [37m<-- GET /wd/hub/session/743000d5-44a2-413e-a92a-54b6d09e0de1/window/rect [39m[32m200[39m [90m49 ms - 50[39m
[35m[HTTP][39m [90m[39m
[35m[HTTP][39m [37m-->[39m [37mPOST[39m [37m/wd/hub/session/743000d5-44a2-413e-a92a-54b6d09e0de1/elements[39m
[35m[HTTP][39m [90m{"using":"-android uiautomator","value":"new UiSelector().className(\"android.widget.Button\").text(\"Daftar\")"}[39m
[35m[HTTP][39m [37m<-- POST /wd/hub/session/743000d5-44a2-413e-a92a-54b6d09e0de1/elements [39m[32m200[39m [90m583 ms - 90[39m
[35m[HTTP][39m [90m[39m
[35m[HTTP][39m [37m-->[39m [37mGET[39m [37m/wd/hub/session/743000d5-44a2-413e-a92a-54b6d09e0de1/element/7802930c-7e67-4e88-b892-b783b1952a09/location[39m
[35m[HTTP][39m [90m{}[39m
[35m[W3C][39m Driver proxy active, passing request on via HTTP proxy
[35m[JSONWP Proxy][39m Replacing sessionId 017972c3-92a3-42fa-937c-26c278cd252e with 743000d5-44a2-413e-a92a-54b6d09e0de1
[35m[HTTP][39m [37m<-- GET /wd/hub/session/743000d5-44a2-413e-a92a-54b6d09e0de1/element/7802930c-7e67-4e88-b892-b783b1952a09/location [39m[32m200[39m [90m74 ms - 90[39m
[35m[HTTP][39m [90m[39m
[35m[HTTP][39m [37m-->[39m [37mPOST[39m [37m/wd/hub/session/743000d5-44a2-413e-a92a-54b6d09e0de1/timeouts[39m
[35m[HTTP][39m [90m{"implicit":30000}[39m
[35m[HTTP][39m [37m<-- POST /wd/hub/session/743000d5-44a2-413e-a92a-54b6d09e0de1/timeouts [39m[32m200[39m [90m5 ms - 14[39m
[35m[HTTP][39m [90m[39m
[35m[HTTP][39m [37m-->[39m [37mPOST[39m [37m/wd/hub/session/743000d5-44a2-413e-a92a-54b6d09e0de1/touch/perform[39m
[35m[HTTP][39m [90m{"actions":[{"action":"tap","options":{"x":1,"y":1,"element":"7802930c-7e67-4e88-b892-b783b1952a09"}},{"action":"release","options":{}}]}[39m
[35m[UiAutomator2][39m calling get location: 7802930c-7e67-4e88-b892-b783b1952a09
[35m[HTTP][39m [37m<-- POST /wd/hub/session/743000d5-44a2-413e-a92a-54b6d09e0de1/touch/perform [39m[32m200[39m [90m892 ms - 14[39m
[35m[HTTP][39m [90m[39m
[35m[HTTP][39m [37m-->[39m [37mPOST[39m [37m/wd/hub/session/743000d5-44a2-413e-a92a-54b6d09e0de1/timeouts[39m
[35m[HTTP][39m [90m{"implicit":50}[39m
[35m[HTTP][39m [37m<-- POST /wd/hub/session/743000d5-44a2-413e-a92a-54b6d09e0de1/timeouts [39m[32m200[39m [90m4 ms - 14[39m
[35m[HTTP][39m [90m[39m
[35m[HTTP][39m [37m-->[39m [37mGET[39m [37m/wd/hub/session/743000d5-44a2-413e-a92a-54b6d09e0de1/window/rect[39m
[35m[HTTP][39m [90m{}[39m
[35m[HTTP][39m [37m<-- GET /wd/hub/session/743000d5-44a2-413e-a92a-54b6d09e0de1/window/rect [39m[32m200[39m [90m71 ms - 50[39m
[35m[HTTP][39m [90m[39m
[35m[HTTP][39m [37m-->[39m [37mPOST[39m [37m/wd/hub/session/743000d5-44a2-413e-a92a-54b6d09e0de1/elements[39m
[35m[HTTP][39m [90m{"using":"-android uiautomator","value":"new UiSelector().className(\"android.view.View\").text(\"Username harus diisi!\")"}[39m
[35m[HTTP][39m [37m<-- POST /wd/hub/session/743000d5-44a2-413e-a92a-54b6d09e0de1/elements [39m[32m200[39m [90m170 ms - 90[39m
[35m[HTTP][39m [90m[39m
[35m[HTTP][39m [37m-->[39m [37mGET[39m [37m/wd/hub/session/743000d5-44a2-413e-a92a-54b6d09e0de1/element/bc0836e5-e780-4ef6-bdfc-2c7b1ab0a4e3/location[39m
[35m[HTTP][39m [90m{}[39m
[35m[W3C][39m Driver proxy active, passing request on via HTTP proxy
[35m[JSONWP Proxy][39m Replacing sessionId 017972c3-92a3-42fa-937c-26c278cd252e with 743000d5-44a2-413e-a92a-54b6d09e0de1
[35m[HTTP][39m [37m<-- GET /wd/hub/session/743000d5-44a2-413e-a92a-54b6d09e0de1/element/bc0836e5-e780-4ef6-bdfc-2c7b1ab0a4e3/location [39m[32m200[39m [90m86 ms - 89[39m
[35m[HTTP][39m [90m[39m
[35m[HTTP][39m [37m-->[39m [37mPOST[39m [37m/wd/hub/session/743000d5-44a2-413e-a92a-54b6d09e0de1/timeouts[39m
[35m[HTTP][39m [90m{"implicit":30000}[39m
[35m[HTTP][39m [37m<-- POST /wd/hub/session/743000d5-44a2-413e-a92a-54b6d09e0de1/timeouts [39m[32m200[39m [90m8 ms - 14[39m
[35m[HTTP][39m [90m[39m
[35m[HTTP][39m [37m-->[39m [37mGET[39m [37m/wd/hub/session/743000d5-44a2-413e-a92a-54b6d09e0de1/element/bc0836e5-e780-4ef6-bdfc-2c7b1ab0a4e3/displayed[39m
[35m[HTTP][39m [90m{}[39m
[35m[HTTP][39m [37m<-- GET /wd/hub/session/743000d5-44a2-413e-a92a-54b6d09e0de1/element/bc0836e5-e780-4ef6-bdfc-2c7b1ab0a4e3/displayed [39m[32m200[39m [90m64 ms - 14[39m
[35m[HTTP][39m [90m[39m
[35m[HTTP][39m [37m-->[39m [37mGET[39m [37m/wd/hub/status[39m
[35m[HTTP][39m [90m{}[39m
[35m[HTTP][39m [37m<-- GET /wd/hub/status [39m[32m200[39m [90m8 ms - 55[39m
[35m[HTTP][39m [90m[39m
[35m[HTTP][39m [37m-->[39m [37mPOST[39m [37m/wd/hub/session[39m
[35m[HTTP][39m [90m{"desiredCapabilities":{"app":"D:\\State's Secret\\Internsheeepppppp\\Project\\accmart.apk","noReset":false,"newCommandTimeout":1800,"platformVersion":"9","automationName":"uiautomator2","autoGrantPermissions":true,"platformName":"Android","udid":"32008eeec002a5eb","deviceName":"samsung SM-A750GN (Android 9)","fullReset":true,"platform":"ANDROID"},"capabilities":{"firstMatch":[{"appium:app":"D:\\State's Secret\\Internsheeepppppp\\Project\\accmart.apk","appium:autoGrantPermissions":true,"appium:automationName":"uiautomator2","appium:deviceName":"samsung SM-A750GN (Android 9)","appium:fullReset":true,"appium:newCommandTimeout":1800,"appium:noReset":false,"platform":"ANDROID","platformName":"android","appium:platformVersion":"9","appium:udid":"32008eeec002a5eb"}]}}[39m
[35m[BaseDriver][39m The capabilities ["platform"] are not standard capabilities and should have an extension prefix
[35m[Appium][39m Creating new AndroidUiautomator2Driver (v1.12.0) session
[35m[Appium][39m Capabilities:
[35m[Appium][39m   platform: ANDROID
[35m[Appium][39m   platformName: android
[35m[Appium][39m   app: D:\State's Secret\Internsheeepppppp\Project\accmart.apk
[35m[Appium][39m   autoGrantPermissions: true
[35m[Appium][39m   automationName: uiautomator2
[35m[Appium][39m   deviceName: samsung SM-A750GN (Android 9)
[35m[Appium][39m   fullReset: true
[35m[Appium][39m   newCommandTimeout: 1800
[35m[Appium][39m   noReset: false
[35m[Appium][39m   platformVersion: 9
[35m[Appium][39m   udid: 32008eeec002a5eb
[35m[BaseDriver][39m The following capabilities were provided, but are not recognized by appium: platform.
[35m[BaseDriver][39m Session created with session id: 8ee684c3-03c8-4c38-b509-cd33405f4405
[35m[BaseDriver][39m Using local app 'D:\State's Secret\Internsheeepppppp\Project\accmart.apk'
[35m[AndroidDriver][39m Java version is: 1.8.0_181
[35m[AndroidDriver][39m Retrieving device list
[35m[AndroidDriver][39m Using device: 32008eeec002a5eb
[35m[ADB][39m Using the alternative activity name detection method because of: Could not find apkanalyzer.bat in C:\Users\lieto\.katalon\tools\android_sdk\platform-tools\apkanalyzer.bat,C:\Users\lieto\.katalon\tools\android_sdk\emulator\apkanalyzer.bat,C:\Users\lieto\.katalon\tools\android_sdk\tools\apkanalyzer.bat,C:\Users\lieto\.katalon\tools\android_sdk\tools\bin\apkanalyzer.bat,C:\Users\lieto\.katalon\tools\android_sdk\build-tools\29.0.2\apkanalyzer.bat. Do you have the Android SDK installed at 'C:\Users\lieto\.katalon\tools\android_sdk'?
[35m[ADB][39m Extracting package and launch activity from manifest
[35m[ADB][39m Package name: 'com.outsystemsenterprise.acctst1.ACCMart'
[35m[ADB][39m Main activity name: 'com.outsystemsenterprise.acctst1.ACCMart.MainActivity'
[35m[ADB][39m Getting device platform version
[35m[ADB][39m Cannot read version codes of 'C:\Users\lieto\AppData\Roaming\npm\node_modules\appium\node_modules\appium-uiautomator2-server\apks\appium-uiautomator2-server-debug-androidTest.apk' and/or 'io.appium.uiautomator2.server.test'
[35m[ADB][39m Cannot read version names of 'C:\Users\lieto\AppData\Roaming\npm\node_modules\appium\node_modules\appium-uiautomator2-server\apks\appium-uiautomator2-server-debug-androidTest.apk' and/or 'io.appium.uiautomator2.server.test'. Assuming correct app version is already installed
[35m[HTTP][39m [37m<-- POST /wd/hub/session [39m[32m-[39m [90m- ms - -[39m
[35m[HTTP][39m [90m[39m
[35m[AndroidDriver][39m setDeviceLanguageCountry requires language or country.
[35m[AndroidDriver][39m Got language: 'null' and country: 'null'
[35m[ADB][39m Successfully extracted 43 strings from 'D:\State's Secret\Internsheeepppppp\Project\accmart.apk' resources for '(default)' configuration
[35m[ADB][39m com.outsystemsenterprise.acctst1.ACCMart was successfully uninstalled
[35m[UiAutomator2][39m Starting uiautomator2 server 1.12.0
[35m[UiAutomator2][39m Using UIAutomator2 server from 'C:\Users\lieto\AppData\Roaming\npm\node_modules\appium\node_modules\appium-uiautomator2-server\apks\appium-uiautomator2-server-v1.12.0.apk' and test from 'C:\Users\lieto\AppData\Roaming\npm\node_modules\appium\node_modules\appium-uiautomator2-server\apks\appium-uiautomator2-server-debug-androidTest.apk'
[35m[UiAutomator2][39m Running command: 'adb -s 32008eeec002a5eb shell am instrument -w io.appium.uiautomator2.server.test/android.support.test.runner.AndroidJUnitRunner'
[35m[UiAutomator2][39m Waiting up to 20000ms for UiAutomator2 to be online...
[35m[AndroidDriver][39m Screen already unlocked, doing nothing
[35m[UiAutomator2][39m UiAutomator2 did not start the activity we were waiting for, 'com.outsystemsenterprise.acctst1.ACCMart/com.outsystemsenterprise.acctst1.ACCMart.MainActivity'. Starting it ourselves
[35m[Appium][39m New AndroidUiautomator2Driver session created successfully, session 8ee684c3-03c8-4c38-b509-cd33405f4405 added to master session list
[35m[BaseDriver][39m Shutting down because we waited 1800 seconds for a command
[35m[Appium][39m Closing session, cause was 'New Command Timeout of 1800 seconds expired. Try customizing the timeout using the 'newCommandTimeout' desired capability'
[35m[Appium][39m Removing session 743000d5-44a2-413e-a92a-54b6d09e0de1 from our master session list
[35m[ADB][39m com.outsystemsenterprise.acctst1.ACCMart was successfully uninstalled
[35m[BaseDriver][39m Shutting down because we waited 1800 seconds for a command
[35m[Appium][39m Closing session, cause was 'New Command Timeout of 1800 seconds expired. Try customizing the timeout using the 'newCommandTimeout' desired capability'
[35m[Appium][39m Removing session 8ee684c3-03c8-4c38-b509-cd33405f4405 from our master session list
[35m[UiAutomator2][39m Did not get confirmation UiAutomator2 deleteSession worked; Error was: ProxyRequestError: Could not proxy command to remote server. Original error: Error: socket hang up
[35m[ADB][39m com.outsystemsenterprise.acctst1.ACCMart was not uninstalled, because it was not present on the device
