[35m[Appium][39m Welcome to Appium v1.8.1
[35m[Appium][39m Non-default server args:
[35m[Appium][39m   port: 53889
[35m[Appium][39m   loglevel: info
[35m[Appium][39m   chromeDriverPort: 53890
[35m[Appium][39m   tmpDir: C:\Users\lieto\AppData\Local\Temp\\Katalon\Appium\Temp1565877510196
[35m[Appium][39m Appium REST http interface listener started on 0.0.0.0:53889
[35m[HTTP][39m [37m-->[39m [37mGET[39m [37m/wd/hub/status[39m
[35m[HTTP][39m [90m{}[39m
[35m[HTTP][39m [37m<-- GET /wd/hub/status [39m[32m200[39m [90m15 ms - 83[39m
[35m[HTTP][39m [90m[39m
[35m[HTTP][39m [37m-->[39m [37mPOST[39m [37m/wd/hub/session[39m
[35m[HTTP][39m [90m{"desiredCapabilities":{"app":"D:\\State's Secret\\Internsheeepppppp\\Project\\accmart.apk","noReset":false,"newCommandTimeout":1800,"platformVersion":"9","automationName":"uiautomator2","autoGrantPermissions":true,"platformName":"Android","udid":"32008eeec002a5eb","deviceName":"samsung SM-A750GN (Android 9)","fullReset":true,"platform":"ANDROID"},"capabilities":{"firstMatch":[{"appium:app":"D:\\State's Secret\\Internsheeepppppp\\Project\\accmart.apk","appium:autoGrantPermissions":true,"appium:automationName":"uiautomator2","appium:deviceName":"samsung SM-A750GN (Android 9)","appium:fullReset":true,"appium:newCommandTimeout":1800,"appium:noReset":false,"platform":"ANDROID","platformName":"android","appium:platformVersion":"9","appium:udid":"32008eeec002a5eb"}]}}[39m
[35m[BaseDriver][39m The capabilities ["platform"] are not standard capabilities and should have an extension prefix
[35m[Appium][39m Creating new AndroidUiautomator2Driver (v1.12.0) session
[35m[Appium][39m Capabilities:
[35m[Appium][39m   platform: ANDROID
[35m[Appium][39m   platformName: android
[35m[Appium][39m   app: D:\State's Secret\Internsheeepppppp\Project\accmart.apk
[35m[Appium][39m   autoGrantPermissions: true
[35m[Appium][39m   automationName: uiautomator2
[35m[Appium][39m   deviceName: samsung SM-A750GN (Android 9)
[35m[Appium][39m   fullReset: true
[35m[Appium][39m   newCommandTimeout: 1800
[35m[Appium][39m   noReset: false
[35m[Appium][39m   platformVersion: 9
[35m[Appium][39m   udid: 32008eeec002a5eb
[35m[BaseDriver][39m The following capabilities were provided, but are not recognized by appium: platform.
[35m[BaseDriver][39m Session created with session id: 101951f2-5919-4388-9834-2417c1bb6693
[35m[BaseDriver][39m Using local app 'D:\State's Secret\Internsheeepppppp\Project\accmart.apk'
[35m[AndroidDriver][39m Java version is: 1.8.0_181
[35m[ADB][39m Checking whether adb is present
[35m[ADB][39m Found 1 'build-tools' folders under 'C:\Users\lieto\.katalon\tools\android_sdk' (newest first):
[35m[ADB][39m     C:/Users/lieto/.katalon/tools/android_sdk/build-tools/29.0.2
[35m[ADB][39m Using adb.exe from C:\Users\lieto\.katalon\tools\android_sdk\platform-tools\adb.exe
[35m[AndroidDriver][39m Retrieving device list
[35m[AndroidDriver][39m Using device: 32008eeec002a5eb
[35m[ADB][39m Using the alternative activity name detection method because of: Could not find apkanalyzer.bat in C:\Users\lieto\.katalon\tools\android_sdk\platform-tools\apkanalyzer.bat,C:\Users\lieto\.katalon\tools\android_sdk\emulator\apkanalyzer.bat,C:\Users\lieto\.katalon\tools\android_sdk\tools\apkanalyzer.bat,C:\Users\lieto\.katalon\tools\android_sdk\tools\bin\apkanalyzer.bat,C:\Users\lieto\.katalon\tools\android_sdk\build-tools\29.0.2\apkanalyzer.bat. Do you have the Android SDK installed at 'C:\Users\lieto\.katalon\tools\android_sdk'?
[35m[ADB][39m Checking whether aapt is present
[35m[ADB][39m Using aapt.exe from C:\Users\lieto\.katalon\tools\android_sdk\build-tools\29.0.2\aapt.exe
[35m[ADB][39m Extracting package and launch activity from manifest
[35m[ADB][39m Package name: 'com.outsystemsenterprise.acctst1.ACCMart'
[35m[ADB][39m Main activity name: 'com.outsystemsenterprise.acctst1.ACCMart.MainActivity'
[35m[ADB][39m Getting device platform version
[35m[ADB][39m Using apksigner.bat from C:\Users\lieto\.katalon\tools\android_sdk\build-tools\29.0.2\apksigner.bat
[35m[ADB][39m Cannot read version codes of 'C:\Users\lieto\AppData\Roaming\npm\node_modules\appium\node_modules\appium-uiautomator2-server\apks\appium-uiautomator2-server-debug-androidTest.apk' and/or 'io.appium.uiautomator2.server.test'
[35m[ADB][39m Cannot read version names of 'C:\Users\lieto\AppData\Roaming\npm\node_modules\appium\node_modules\appium-uiautomator2-server\apks\appium-uiautomator2-server-debug-androidTest.apk' and/or 'io.appium.uiautomator2.server.test'. Assuming correct app version is already installed
[35m[AndroidDriver][39m setDeviceLanguageCountry requires language or country.
[35m[AndroidDriver][39m Got language: 'null' and country: 'null'
[35m[ADB][39m Successfully extracted 43 strings from 'D:\State's Secret\Internsheeepppppp\Project\accmart.apk' resources for '(default)' configuration
[35m[ADB][39m com.outsystemsenterprise.acctst1.ACCMart was successfully uninstalled
[35m[UiAutomator2][39m Starting uiautomator2 server 1.12.0
[35m[UiAutomator2][39m Using UIAutomator2 server from 'C:\Users\lieto\AppData\Roaming\npm\node_modules\appium\node_modules\appium-uiautomator2-server\apks\appium-uiautomator2-server-v1.12.0.apk' and test from 'C:\Users\lieto\AppData\Roaming\npm\node_modules\appium\node_modules\appium-uiautomator2-server\apks\appium-uiautomator2-server-debug-androidTest.apk'
[35m[UiAutomator2][39m Running command: 'adb -s 32008eeec002a5eb shell am instrument -w io.appium.uiautomator2.server.test/android.support.test.runner.AndroidJUnitRunner'
[35m[UiAutomator2][39m Waiting up to 20000ms for UiAutomator2 to be online...
[35m[AndroidDriver][39m Screen already unlocked, doing nothing
[35m[UiAutomator2][39m UiAutomator2 did not start the activity we were waiting for, 'com.outsystemsenterprise.acctst1.ACCMart/com.outsystemsenterprise.acctst1.ACCMart.MainActivity'. Starting it ourselves
[35m[Appium][39m New AndroidUiautomator2Driver session created successfully, session 101951f2-5919-4388-9834-2417c1bb6693 added to master session list
[35m[HTTP][39m [37m<-- POST /wd/hub/session [39m[32m200[39m [90m41399 ms - 1225[39m
[35m[HTTP][39m [90m[39m
[35m[HTTP][39m [37m-->[39m [37mGET[39m [37m/wd/hub/session/101951f2-5919-4388-9834-2417c1bb6693[39m
[35m[HTTP][39m [90m{}[39m
[35m[HTTP][39m [37m<-- GET /wd/hub/session/101951f2-5919-4388-9834-2417c1bb6693 [39m[32m200[39m [90m33 ms - 1157[39m
[35m[HTTP][39m [90m[39m
[35m[HTTP][39m [37m-->[39m [37mGET[39m [37m/wd/hub/session/101951f2-5919-4388-9834-2417c1bb6693[39m
[35m[HTTP][39m [90m{}[39m
[35m[HTTP][39m [37m<-- GET /wd/hub/session/101951f2-5919-4388-9834-2417c1bb6693 [39m[32m200[39m [90m30 ms - 1157[39m
[35m[HTTP][39m [90m[39m
[35m[HTTP][39m [37m-->[39m [37mGET[39m [37m/wd/hub/status[39m
[35m[HTTP][39m [90m{}[39m
[35m[HTTP][39m [37m<-- GET /wd/hub/status [39m[32m200[39m [90m7 ms - 55[39m
[35m[HTTP][39m [90m[39m
[35m[HTTP][39m [37m-->[39m [37mPOST[39m [37m/wd/hub/session/101951f2-5919-4388-9834-2417c1bb6693/timeouts[39m
[35m[HTTP][39m [90m{"implicit":30000}[39m
[35m[HTTP][39m [37m<-- POST /wd/hub/session/101951f2-5919-4388-9834-2417c1bb6693/timeouts [39m[32m200[39m [90m9 ms - 14[39m
[35m[HTTP][39m [90m[39m
[35m[HTTP][39m [37m-->[39m [37mPOST[39m [37m/wd/hub/session/101951f2-5919-4388-9834-2417c1bb6693/timeouts[39m
[35m[HTTP][39m [90m{"implicit":50}[39m
[35m[HTTP][39m [37m<-- POST /wd/hub/session/101951f2-5919-4388-9834-2417c1bb6693/timeouts [39m[32m200[39m [90m4 ms - 14[39m
[35m[HTTP][39m [90m[39m
[35m[HTTP][39m [37m-->[39m [37mGET[39m [37m/wd/hub/session/101951f2-5919-4388-9834-2417c1bb6693/window/rect[39m
[35m[HTTP][39m [90m{}[39m
[35m[HTTP][39m [37m<-- GET /wd/hub/session/101951f2-5919-4388-9834-2417c1bb6693/window/rect [39m[32m200[39m [90m79 ms - 50[39m
[35m[HTTP][39m [90m[39m
[35m[HTTP][39m [37m-->[39m [37mPOST[39m [37m/wd/hub/session/101951f2-5919-4388-9834-2417c1bb6693/elements[39m
[35m[HTTP][39m [90m{"using":"-android uiautomator","value":"new UiSelector().className(\"android.view.View\").text(\"MobiMartTheme.PESAN_ICON\")"}[39m
[35m[HTTP][39m [37m<-- POST /wd/hub/session/101951f2-5919-4388-9834-2417c1bb6693/elements [39m[32m200[39m [90m113 ms - 12[39m
[35m[HTTP][39m [90m[39m
[35m[HTTP][39m [37m-->[39m [37mPOST[39m [37m/wd/hub/session/101951f2-5919-4388-9834-2417c1bb6693/elements[39m
[35m[HTTP][39m [90m{"using":"-android uiautomator","value":"new UiSelector().className(\"android.view.View\").text(\"MobiMartTheme.PESAN_ICON\")"}[39m
[35m[HTTP][39m [37m<-- POST /wd/hub/session/101951f2-5919-4388-9834-2417c1bb6693/elements [39m[32m200[39m [90m614 ms - 12[39m
[35m[HTTP][39m [90m[39m
[35m[HTTP][39m [37m-->[39m [37mPOST[39m [37m/wd/hub/session/101951f2-5919-4388-9834-2417c1bb6693/elements[39m
[35m[HTTP][39m [90m{"using":"-android uiautomator","value":"new UiSelector().className(\"android.view.View\").text(\"MobiMartTheme.PESAN_ICON\")"}[39m
[35m[HTTP][39m [37m<-- POST /wd/hub/session/101951f2-5919-4388-9834-2417c1bb6693/elements [39m[32m200[39m [90m812 ms - 12[39m
[35m[HTTP][39m [90m[39m
[35m[HTTP][39m [37m-->[39m [37mPOST[39m [37m/wd/hub/session/101951f2-5919-4388-9834-2417c1bb6693/elements[39m
[35m[HTTP][39m [90m{"using":"-android uiautomator","value":"new UiSelector().className(\"android.view.View\").text(\"MobiMartTheme.PESAN_ICON\")"}[39m
[35m[HTTP][39m [37m<-- POST /wd/hub/session/101951f2-5919-4388-9834-2417c1bb6693/elements [39m[32m200[39m [90m152 ms - 12[39m
[35m[HTTP][39m [90m[39m
[35m[HTTP][39m [37m-->[39m [37mPOST[39m [37m/wd/hub/session/101951f2-5919-4388-9834-2417c1bb6693/elements[39m
[35m[HTTP][39m [90m{"using":"-android uiautomator","value":"new UiSelector().className(\"android.view.View\").text(\"MobiMartTheme.PESAN_ICON\")"}[39m
[35m[HTTP][39m [37m<-- POST /wd/hub/session/101951f2-5919-4388-9834-2417c1bb6693/elements [39m[32m200[39m [90m162 ms - 12[39m
[35m[HTTP][39m [90m[39m
[35m[HTTP][39m [37m-->[39m [37mPOST[39m [37m/wd/hub/session/101951f2-5919-4388-9834-2417c1bb6693/elements[39m
[35m[HTTP][39m [90m{"using":"-android uiautomator","value":"new UiSelector().className(\"android.view.View\").text(\"MobiMartTheme.PESAN_ICON\")"}[39m
[35m[HTTP][39m [37m<-- POST /wd/hub/session/101951f2-5919-4388-9834-2417c1bb6693/elements [39m[32m200[39m [90m191 ms - 12[39m
[35m[HTTP][39m [90m[39m
[35m[HTTP][39m [37m-->[39m [37mPOST[39m [37m/wd/hub/session/101951f2-5919-4388-9834-2417c1bb6693/elements[39m
[35m[HTTP][39m [90m{"using":"-android uiautomator","value":"new UiSelector().className(\"android.view.View\").text(\"MobiMartTheme.PESAN_ICON\")"}[39m
[35m[HTTP][39m [37m<-- POST /wd/hub/session/101951f2-5919-4388-9834-2417c1bb6693/elements [39m[32m200[39m [90m187 ms - 12[39m
[35m[HTTP][39m [90m[39m
[35m[HTTP][39m [37m-->[39m [37mPOST[39m [37m/wd/hub/session/101951f2-5919-4388-9834-2417c1bb6693/elements[39m
[35m[HTTP][39m [90m{"using":"-android uiautomator","value":"new UiSelector().className(\"android.view.View\").text(\"MobiMartTheme.PESAN_ICON\")"}[39m
[35m[HTTP][39m [37m<-- POST /wd/hub/session/101951f2-5919-4388-9834-2417c1bb6693/elements [39m[32m200[39m [90m160 ms - 12[39m
[35m[HTTP][39m [90m[39m
[35m[HTTP][39m [37m-->[39m [37mPOST[39m [37m/wd/hub/session/101951f2-5919-4388-9834-2417c1bb6693/elements[39m
[35m[HTTP][39m [90m{"using":"-android uiautomator","value":"new UiSelector().className(\"android.view.View\").text(\"MobiMartTheme.PESAN_ICON\")"}[39m
[35m[HTTP][39m [37m<-- POST /wd/hub/session/101951f2-5919-4388-9834-2417c1bb6693/elements [39m[32m200[39m [90m144 ms - 12[39m
[35m[HTTP][39m [90m[39m
[35m[HTTP][39m [37m-->[39m [37mPOST[39m [37m/wd/hub/session/101951f2-5919-4388-9834-2417c1bb6693/elements[39m
[35m[HTTP][39m [90m{"using":"-android uiautomator","value":"new UiSelector().className(\"android.view.View\").text(\"MobiMartTheme.PESAN_ICON\")"}[39m
[35m[HTTP][39m [37m<-- POST /wd/hub/session/101951f2-5919-4388-9834-2417c1bb6693/elements [39m[32m200[39m [90m135 ms - 12[39m
[35m[HTTP][39m [90m[39m
[35m[HTTP][39m [37m-->[39m [37mPOST[39m [37m/wd/hub/session/101951f2-5919-4388-9834-2417c1bb6693/elements[39m
[35m[HTTP][39m [90m{"using":"-android uiautomator","value":"new UiSelector().className(\"android.view.View\").text(\"MobiMartTheme.PESAN_ICON\")"}[39m
[35m[HTTP][39m [37m<-- POST /wd/hub/session/101951f2-5919-4388-9834-2417c1bb6693/elements [39m[32m200[39m [90m147 ms - 12[39m
[35m[HTTP][39m [90m[39m
[35m[HTTP][39m [37m-->[39m [37mPOST[39m [37m/wd/hub/session/101951f2-5919-4388-9834-2417c1bb6693/elements[39m
[35m[HTTP][39m [90m{"using":"-android uiautomator","value":"new UiSelector().className(\"android.view.View\").text(\"MobiMartTheme.PESAN_ICON\")"}[39m
[35m[HTTP][39m [37m<-- POST /wd/hub/session/101951f2-5919-4388-9834-2417c1bb6693/elements [39m[32m200[39m [90m141 ms - 12[39m
[35m[HTTP][39m [90m[39m
[35m[HTTP][39m [37m-->[39m [37mPOST[39m [37m/wd/hub/session/101951f2-5919-4388-9834-2417c1bb6693/elements[39m
[35m[HTTP][39m [90m{"using":"-android uiautomator","value":"new UiSelector().className(\"android.view.View\").text(\"MobiMartTheme.PESAN_ICON\")"}[39m
[35m[HTTP][39m [37m<-- POST /wd/hub/session/101951f2-5919-4388-9834-2417c1bb6693/elements [39m[32m200[39m [90m118 ms - 12[39m
[35m[HTTP][39m [90m[39m
[35m[HTTP][39m [37m-->[39m [37mPOST[39m [37m/wd/hub/session/101951f2-5919-4388-9834-2417c1bb6693/elements[39m
[35m[HTTP][39m [90m{"using":"-android uiautomator","value":"new UiSelector().className(\"android.view.View\").text(\"MobiMartTheme.PESAN_ICON\")"}[39m
[35m[HTTP][39m [37m<-- POST /wd/hub/session/101951f2-5919-4388-9834-2417c1bb6693/elements [39m[32m200[39m [90m112 ms - 12[39m
[35m[HTTP][39m [90m[39m
[35m[HTTP][39m [37m-->[39m [37mPOST[39m [37m/wd/hub/session/101951f2-5919-4388-9834-2417c1bb6693/elements[39m
[35m[HTTP][39m [90m{"using":"-android uiautomator","value":"new UiSelector().className(\"android.view.View\").text(\"MobiMartTheme.PESAN_ICON\")"}[39m
[35m[HTTP][39m [37m<-- POST /wd/hub/session/101951f2-5919-4388-9834-2417c1bb6693/elements [39m[32m200[39m [90m105 ms - 12[39m
[35m[HTTP][39m [90m[39m
[35m[HTTP][39m [37m-->[39m [37mPOST[39m [37m/wd/hub/session/101951f2-5919-4388-9834-2417c1bb6693/elements[39m
[35m[HTTP][39m [90m{"using":"-android uiautomator","value":"new UiSelector().className(\"android.view.View\").text(\"MobiMartTheme.PESAN_ICON\")"}[39m
[35m[HTTP][39m [37m<-- POST /wd/hub/session/101951f2-5919-4388-9834-2417c1bb6693/elements [39m[32m200[39m [90m124 ms - 12[39m
[35m[HTTP][39m [90m[39m
[35m[HTTP][39m [37m-->[39m [37mPOST[39m [37m/wd/hub/session/101951f2-5919-4388-9834-2417c1bb6693/elements[39m
[35m[HTTP][39m [90m{"using":"-android uiautomator","value":"new UiSelector().className(\"android.view.View\").text(\"MobiMartTheme.PESAN_ICON\")"}[39m
[35m[HTTP][39m [37m<-- POST /wd/hub/session/101951f2-5919-4388-9834-2417c1bb6693/elements [39m[32m200[39m [90m111 ms - 12[39m
[35m[HTTP][39m [90m[39m
[35m[HTTP][39m [37m-->[39m [37mPOST[39m [37m/wd/hub/session/101951f2-5919-4388-9834-2417c1bb6693/elements[39m
[35m[HTTP][39m [90m{"using":"-android uiautomator","value":"new UiSelector().className(\"android.view.View\").text(\"MobiMartTheme.PESAN_ICON\")"}[39m
[35m[HTTP][39m [37m<-- POST /wd/hub/session/101951f2-5919-4388-9834-2417c1bb6693/elements [39m[32m200[39m [90m102 ms - 12[39m
[35m[HTTP][39m [90m[39m
[35m[HTTP][39m [37m-->[39m [37mPOST[39m [37m/wd/hub/session/101951f2-5919-4388-9834-2417c1bb6693/elements[39m
[35m[HTTP][39m [90m{"using":"-android uiautomator","value":"new UiSelector().className(\"android.view.View\").text(\"MobiMartTheme.PESAN_ICON\")"}[39m
[35m[HTTP][39m [37m<-- POST /wd/hub/session/101951f2-5919-4388-9834-2417c1bb6693/elements [39m[32m200[39m [90m99 ms - 12[39m
[35m[HTTP][39m [90m[39m
[35m[HTTP][39m [37m-->[39m [37mPOST[39m [37m/wd/hub/session/101951f2-5919-4388-9834-2417c1bb6693/elements[39m
[35m[HTTP][39m [90m{"using":"-android uiautomator","value":"new UiSelector().className(\"android.view.View\").text(\"MobiMartTheme.PESAN_ICON\")"}[39m
[35m[HTTP][39m [37m<-- POST /wd/hub/session/101951f2-5919-4388-9834-2417c1bb6693/elements [39m[32m200[39m [90m96 ms - 12[39m
[35m[HTTP][39m [90m[39m
[35m[HTTP][39m [37m-->[39m [37mPOST[39m [37m/wd/hub/session/101951f2-5919-4388-9834-2417c1bb6693/elements[39m
[35m[HTTP][39m [90m{"using":"-android uiautomator","value":"new UiSelector().className(\"android.view.View\").text(\"MobiMartTheme.PESAN_ICON\")"}[39m
[35m[HTTP][39m [37m<-- POST /wd/hub/session/101951f2-5919-4388-9834-2417c1bb6693/elements [39m[32m200[39m [90m119 ms - 12[39m
[35m[HTTP][39m [90m[39m
[35m[HTTP][39m [37m-->[39m [37mPOST[39m [37m/wd/hub/session/101951f2-5919-4388-9834-2417c1bb6693/elements[39m
[35m[HTTP][39m [90m{"using":"-android uiautomator","value":"new UiSelector().className(\"android.view.View\").text(\"MobiMartTheme.PESAN_ICON\")"}[39m
[35m[HTTP][39m [37m<-- POST /wd/hub/session/101951f2-5919-4388-9834-2417c1bb6693/elements [39m[32m200[39m [90m84 ms - 12[39m
[35m[HTTP][39m [90m[39m
[35m[HTTP][39m [37m-->[39m [37mPOST[39m [37m/wd/hub/session/101951f2-5919-4388-9834-2417c1bb6693/elements[39m
[35m[HTTP][39m [90m{"using":"-android uiautomator","value":"new UiSelector().className(\"android.view.View\").text(\"MobiMartTheme.PESAN_ICON\")"}[39m
[35m[HTTP][39m [37m<-- POST /wd/hub/session/101951f2-5919-4388-9834-2417c1bb6693/elements [39m[32m200[39m [90m91 ms - 12[39m
[35m[HTTP][39m [90m[39m
[35m[HTTP][39m [37m-->[39m [37mPOST[39m [37m/wd/hub/session/101951f2-5919-4388-9834-2417c1bb6693/elements[39m
[35m[HTTP][39m [90m{"using":"-android uiautomator","value":"new UiSelector().className(\"android.view.View\").text(\"MobiMartTheme.PESAN_ICON\")"}[39m
[35m[HTTP][39m [37m<-- POST /wd/hub/session/101951f2-5919-4388-9834-2417c1bb6693/elements [39m[32m200[39m [90m94 ms - 12[39m
[35m[HTTP][39m [90m[39m
[35m[HTTP][39m [37m-->[39m [37mPOST[39m [37m/wd/hub/session/101951f2-5919-4388-9834-2417c1bb6693/elements[39m
[35m[HTTP][39m [90m{"using":"-android uiautomator","value":"new UiSelector().className(\"android.view.View\").text(\"MobiMartTheme.PESAN_ICON\")"}[39m
[35m[HTTP][39m [37m<-- POST /wd/hub/session/101951f2-5919-4388-9834-2417c1bb6693/elements [39m[32m200[39m [90m93 ms - 12[39m
[35m[HTTP][39m [90m[39m
[35m[HTTP][39m [37m-->[39m [37mPOST[39m [37m/wd/hub/session/101951f2-5919-4388-9834-2417c1bb6693/elements[39m
[35m[HTTP][39m [90m{"using":"-android uiautomator","value":"new UiSelector().className(\"android.view.View\").text(\"MobiMartTheme.PESAN_ICON\")"}[39m
[35m[HTTP][39m [37m<-- POST /wd/hub/session/101951f2-5919-4388-9834-2417c1bb6693/elements [39m[32m200[39m [90m122 ms - 12[39m
[35m[HTTP][39m [90m[39m
[35m[HTTP][39m [37m-->[39m [37mPOST[39m [37m/wd/hub/session/101951f2-5919-4388-9834-2417c1bb6693/elements[39m
[35m[HTTP][39m [90m{"using":"-android uiautomator","value":"new UiSelector().className(\"android.view.View\").text(\"MobiMartTheme.PESAN_ICON\")"}[39m
[35m[HTTP][39m [37m<-- POST /wd/hub/session/101951f2-5919-4388-9834-2417c1bb6693/elements [39m[32m200[39m [90m2625 ms - 90[39m
[35m[HTTP][39m [90m[39m
[35m[HTTP][39m [37m-->[39m [37mGET[39m [37m/wd/hub/session/101951f2-5919-4388-9834-2417c1bb6693/element/b3d24ce0-2ec5-4d52-9369-d0c2aec2d302/location[39m
[35m[HTTP][39m [90m{}[39m
[35m[W3C][39m Driver proxy active, passing request on via HTTP proxy
[35m[JSONWP Proxy][39m Replacing sessionId 4d29ac76-b10a-4b26-af55-5e52b9fe41f4 with 101951f2-5919-4388-9834-2417c1bb6693
[35m[HTTP][39m [37m<-- GET /wd/hub/session/101951f2-5919-4388-9834-2417c1bb6693/element/b3d24ce0-2ec5-4d52-9369-d0c2aec2d302/location [39m[32m200[39m [90m118 ms - 89[39m
[35m[HTTP][39m [90m[39m
[35m[HTTP][39m [37m-->[39m [37mPOST[39m [37m/wd/hub/session/101951f2-5919-4388-9834-2417c1bb6693/timeouts[39m
[35m[HTTP][39m [90m{"implicit":30000}[39m
[35m[HTTP][39m [37m<-- POST /wd/hub/session/101951f2-5919-4388-9834-2417c1bb6693/timeouts [39m[32m200[39m [90m6 ms - 14[39m
[35m[HTTP][39m [90m[39m
[35m[HTTP][39m [37m-->[39m [37mPOST[39m [37m/wd/hub/session/101951f2-5919-4388-9834-2417c1bb6693/timeouts[39m
[35m[HTTP][39m [90m{"implicit":50}[39m
[35m[HTTP][39m [37m<-- POST /wd/hub/session/101951f2-5919-4388-9834-2417c1bb6693/timeouts [39m[32m200[39m [90m8 ms - 14[39m
[35m[HTTP][39m [90m[39m
[35m[HTTP][39m [37m-->[39m [37mGET[39m [37m/wd/hub/session/101951f2-5919-4388-9834-2417c1bb6693/window/rect[39m
[35m[HTTP][39m [90m{}[39m
[35m[HTTP][39m [37m<-- GET /wd/hub/session/101951f2-5919-4388-9834-2417c1bb6693/window/rect [39m[32m200[39m [90m45 ms - 50[39m
[35m[HTTP][39m [90m[39m
[35m[HTTP][39m [37m-->[39m [37mPOST[39m [37m/wd/hub/session/101951f2-5919-4388-9834-2417c1bb6693/elements[39m
[35m[HTTP][39m [90m{"using":"-android uiautomator","value":"new UiSelector().className(\"android.view.View\").text(\"MobiMartTheme.PESAN_ICON\")"}[39m
[35m[HTTP][39m [37m<-- POST /wd/hub/session/101951f2-5919-4388-9834-2417c1bb6693/elements [39m[32m200[39m [90m229 ms - 90[39m
[35m[HTTP][39m [90m[39m
[35m[HTTP][39m [37m-->[39m [37mGET[39m [37m/wd/hub/session/101951f2-5919-4388-9834-2417c1bb6693/element/652a111f-c354-40cc-90ab-d969d258b050/location[39m
[35m[HTTP][39m [90m{}[39m
[35m[W3C][39m Driver proxy active, passing request on via HTTP proxy
[35m[JSONWP Proxy][39m Replacing sessionId 4d29ac76-b10a-4b26-af55-5e52b9fe41f4 with 101951f2-5919-4388-9834-2417c1bb6693
[35m[HTTP][39m [37m<-- GET /wd/hub/session/101951f2-5919-4388-9834-2417c1bb6693/element/652a111f-c354-40cc-90ab-d969d258b050/location [39m[32m200[39m [90m87 ms - 89[39m
[35m[HTTP][39m [90m[39m
[35m[HTTP][39m [37m-->[39m [37mPOST[39m [37m/wd/hub/session/101951f2-5919-4388-9834-2417c1bb6693/timeouts[39m
[35m[HTTP][39m [90m{"implicit":30000}[39m
[35m[HTTP][39m [37m<-- POST /wd/hub/session/101951f2-5919-4388-9834-2417c1bb6693/timeouts [39m[32m200[39m [90m3 ms - 14[39m
[35m[HTTP][39m [90m[39m
[35m[HTTP][39m [37m-->[39m [37mPOST[39m [37m/wd/hub/session/101951f2-5919-4388-9834-2417c1bb6693/touch/perform[39m
[35m[HTTP][39m [90m{"actions":[{"action":"tap","options":{"x":1,"y":1,"element":"652a111f-c354-40cc-90ab-d969d258b050"}},{"action":"release","options":{}}]}[39m
[35m[UiAutomator2][39m calling get location: 652a111f-c354-40cc-90ab-d969d258b050
[35m[HTTP][39m [37m<-- POST /wd/hub/session/101951f2-5919-4388-9834-2417c1bb6693/touch/perform [39m[32m200[39m [90m1948 ms - 14[39m
[35m[HTTP][39m [90m[39m
[35m[HTTP][39m [37m-->[39m [37mPOST[39m [37m/wd/hub/session/101951f2-5919-4388-9834-2417c1bb6693/timeouts[39m
[35m[HTTP][39m [90m{"implicit":50}[39m
[35m[HTTP][39m [37m<-- POST /wd/hub/session/101951f2-5919-4388-9834-2417c1bb6693/timeouts [39m[32m200[39m [90m4 ms - 14[39m
[35m[HTTP][39m [90m[39m
[35m[HTTP][39m [37m-->[39m [37mGET[39m [37m/wd/hub/session/101951f2-5919-4388-9834-2417c1bb6693/window/rect[39m
[35m[HTTP][39m [90m{}[39m
[35m[HTTP][39m [37m<-- GET /wd/hub/session/101951f2-5919-4388-9834-2417c1bb6693/window/rect [39m[32m200[39m [90m46 ms - 50[39m
[35m[HTTP][39m [90m[39m
[35m[HTTP][39m [37m-->[39m [37mPOST[39m [37m/wd/hub/session/101951f2-5919-4388-9834-2417c1bb6693/elements[39m
[35m[HTTP][39m [90m{"using":"-android uiautomator","value":"new UiSelector().className(\"android.view.View\").text(\"Daftar Sekarang!\")"}[39m
[35m[HTTP][39m [37m<-- POST /wd/hub/session/101951f2-5919-4388-9834-2417c1bb6693/elements [39m[32m200[39m [90m163 ms - 90[39m
[35m[HTTP][39m [90m[39m
[35m[HTTP][39m [37m-->[39m [37mGET[39m [37m/wd/hub/session/101951f2-5919-4388-9834-2417c1bb6693/element/4d13c2db-d161-416f-a6bf-d8528253c637/location[39m
[35m[HTTP][39m [90m{}[39m
[35m[W3C][39m Driver proxy active, passing request on via HTTP proxy
[35m[JSONWP Proxy][39m Replacing sessionId 4d29ac76-b10a-4b26-af55-5e52b9fe41f4 with 101951f2-5919-4388-9834-2417c1bb6693
[35m[HTTP][39m [37m<-- GET /wd/hub/session/101951f2-5919-4388-9834-2417c1bb6693/element/4d13c2db-d161-416f-a6bf-d8528253c637/location [39m[32m200[39m [90m77 ms - 90[39m
[35m[HTTP][39m [90m[39m
[35m[HTTP][39m [37m-->[39m [37mPOST[39m [37m/wd/hub/session/101951f2-5919-4388-9834-2417c1bb6693/timeouts[39m
[35m[HTTP][39m [90m{"implicit":30000}[39m
[35m[HTTP][39m [37m<-- POST /wd/hub/session/101951f2-5919-4388-9834-2417c1bb6693/timeouts [39m[32m200[39m [90m2 ms - 14[39m
[35m[HTTP][39m [90m[39m
[35m[HTTP][39m [37m-->[39m [37mPOST[39m [37m/wd/hub/session/101951f2-5919-4388-9834-2417c1bb6693/touch/perform[39m
[35m[HTTP][39m [90m{"actions":[{"action":"tap","options":{"x":1,"y":1,"element":"4d13c2db-d161-416f-a6bf-d8528253c637"}},{"action":"release","options":{}}]}[39m
[35m[UiAutomator2][39m calling get location: 4d13c2db-d161-416f-a6bf-d8528253c637
[35m[HTTP][39m [37m<-- POST /wd/hub/session/101951f2-5919-4388-9834-2417c1bb6693/touch/perform [39m[32m200[39m [90m1671 ms - 14[39m
[35m[HTTP][39m [90m[39m
[35m[HTTP][39m [37m-->[39m [37mPOST[39m [37m/wd/hub/session/101951f2-5919-4388-9834-2417c1bb6693/timeouts[39m
[35m[HTTP][39m [90m{"implicit":50}[39m
[35m[HTTP][39m [37m<-- POST /wd/hub/session/101951f2-5919-4388-9834-2417c1bb6693/timeouts [39m[32m200[39m [90m3 ms - 14[39m
[35m[HTTP][39m [90m[39m
[35m[HTTP][39m [37m-->[39m [37mGET[39m [37m/wd/hub/session/101951f2-5919-4388-9834-2417c1bb6693/window/rect[39m
[35m[HTTP][39m [90m{}[39m
[35m[HTTP][39m [37m<-- GET /wd/hub/session/101951f2-5919-4388-9834-2417c1bb6693/window/rect [39m[32m200[39m [90m40 ms - 50[39m
[35m[HTTP][39m [90m[39m
[35m[HTTP][39m [37m-->[39m [37mPOST[39m [37m/wd/hub/session/101951f2-5919-4388-9834-2417c1bb6693/elements[39m
[35m[HTTP][39m [90m{"using":"-android uiautomator","value":"new UiSelector().className(\"android.widget.EditText\").resourceId(\"b2-Input_Username\")"}[39m
[35m[HTTP][39m [37m<-- POST /wd/hub/session/101951f2-5919-4388-9834-2417c1bb6693/elements [39m[32m200[39m [90m223 ms - 90[39m
[35m[HTTP][39m [90m[39m
[35m[HTTP][39m [37m-->[39m [37mGET[39m [37m/wd/hub/session/101951f2-5919-4388-9834-2417c1bb6693/element/89f6f6be-4bc1-44dd-8070-30c2e83c1622/location[39m
[35m[HTTP][39m [90m{}[39m
[35m[W3C][39m Driver proxy active, passing request on via HTTP proxy
[35m[JSONWP Proxy][39m Replacing sessionId 4d29ac76-b10a-4b26-af55-5e52b9fe41f4 with 101951f2-5919-4388-9834-2417c1bb6693
[35m[HTTP][39m [37m<-- GET /wd/hub/session/101951f2-5919-4388-9834-2417c1bb6693/element/89f6f6be-4bc1-44dd-8070-30c2e83c1622/location [39m[32m200[39m [90m99 ms - 89[39m
[35m[HTTP][39m [90m[39m
[35m[HTTP][39m [37m-->[39m [37mPOST[39m [37m/wd/hub/session/101951f2-5919-4388-9834-2417c1bb6693/timeouts[39m
[35m[HTTP][39m [90m{"implicit":30000}[39m
[35m[HTTP][39m [37m<-- POST /wd/hub/session/101951f2-5919-4388-9834-2417c1bb6693/timeouts [39m[32m200[39m [90m2 ms - 14[39m
[35m[HTTP][39m [90m[39m
[35m[HTTP][39m [37m-->[39m [37mPOST[39m [37m/wd/hub/session/101951f2-5919-4388-9834-2417c1bb6693/element/89f6f6be-4bc1-44dd-8070-30c2e83c1622/clear[39m
[35m[HTTP][39m [90m{"id":"89f6f6be-4bc1-44dd-8070-30c2e83c1622"}[39m
[35m[HTTP][39m [37m<-- POST /wd/hub/session/101951f2-5919-4388-9834-2417c1bb6693/element/89f6f6be-4bc1-44dd-8070-30c2e83c1622/clear [39m[32m200[39m [90m109 ms - 27[39m
[35m[HTTP][39m [90m[39m
[35m[HTTP][39m [37m-->[39m [37mPOST[39m [37m/wd/hub/session/101951f2-5919-4388-9834-2417c1bb6693/element/89f6f6be-4bc1-44dd-8070-30c2e83c1622/value[39m
[35m[HTTP][39m [90m{"id":"89f6f6be-4bc1-44dd-8070-30c2e83c1622","text":"lieton27","value":["l","i","e","t","o","n","2","7"]}[39m
[35m[HTTP][39m [37m<-- POST /wd/hub/session/101951f2-5919-4388-9834-2417c1bb6693/element/89f6f6be-4bc1-44dd-8070-30c2e83c1622/value [39m[32m200[39m [90m1048 ms - 12[39m
[35m[HTTP][39m [90m[39m
[35m[HTTP][39m [37m-->[39m [37mPOST[39m [37m/wd/hub/session/101951f2-5919-4388-9834-2417c1bb6693/timeouts[39m
[35m[HTTP][39m [90m{"implicit":50}[39m
[35m[HTTP][39m [37m<-- POST /wd/hub/session/101951f2-5919-4388-9834-2417c1bb6693/timeouts [39m[32m200[39m [90m5 ms - 14[39m
[35m[HTTP][39m [90m[39m
[35m[HTTP][39m [37m-->[39m [37mGET[39m [37m/wd/hub/session/101951f2-5919-4388-9834-2417c1bb6693/window/rect[39m
[35m[HTTP][39m [90m{}[39m
[35m[HTTP][39m [37m<-- GET /wd/hub/session/101951f2-5919-4388-9834-2417c1bb6693/window/rect [39m[32m200[39m [90m47 ms - 50[39m
[35m[HTTP][39m [90m[39m
[35m[HTTP][39m [37m-->[39m [37mPOST[39m [37m/wd/hub/session/101951f2-5919-4388-9834-2417c1bb6693/elements[39m
[35m[HTTP][39m [90m{"using":"-android uiautomator","value":"new UiSelector().className(\"android.widget.EditText\").resourceId(\"b2-Input_Nama\")"}[39m
[35m[HTTP][39m [37m<-- POST /wd/hub/session/101951f2-5919-4388-9834-2417c1bb6693/elements [39m[32m200[39m [90m611 ms - 90[39m
[35m[HTTP][39m [90m[39m
[35m[HTTP][39m [37m-->[39m [37mGET[39m [37m/wd/hub/session/101951f2-5919-4388-9834-2417c1bb6693/element/2327f7c8-ee4e-4dfe-8fab-75fe15bad6e9/location[39m
[35m[HTTP][39m [90m{}[39m
[35m[W3C][39m Driver proxy active, passing request on via HTTP proxy
[35m[JSONWP Proxy][39m Replacing sessionId 4d29ac76-b10a-4b26-af55-5e52b9fe41f4 with 101951f2-5919-4388-9834-2417c1bb6693
[35m[HTTP][39m [37m<-- GET /wd/hub/session/101951f2-5919-4388-9834-2417c1bb6693/element/2327f7c8-ee4e-4dfe-8fab-75fe15bad6e9/location [39m[32m200[39m [90m82 ms - 89[39m
[35m[HTTP][39m [90m[39m
[35m[HTTP][39m [37m-->[39m [37mPOST[39m [37m/wd/hub/session/101951f2-5919-4388-9834-2417c1bb6693/timeouts[39m
[35m[HTTP][39m [90m{"implicit":30000}[39m
[35m[HTTP][39m [37m<-- POST /wd/hub/session/101951f2-5919-4388-9834-2417c1bb6693/timeouts [39m[32m200[39m [90m2 ms - 14[39m
[35m[HTTP][39m [90m[39m
[35m[HTTP][39m [37m-->[39m [37mPOST[39m [37m/wd/hub/session/101951f2-5919-4388-9834-2417c1bb6693/element/2327f7c8-ee4e-4dfe-8fab-75fe15bad6e9/clear[39m
[35m[HTTP][39m [90m{"id":"2327f7c8-ee4e-4dfe-8fab-75fe15bad6e9"}[39m
[35m[HTTP][39m [37m<-- POST /wd/hub/session/101951f2-5919-4388-9834-2417c1bb6693/element/2327f7c8-ee4e-4dfe-8fab-75fe15bad6e9/clear [39m[32m200[39m [90m86 ms - 27[39m
[35m[HTTP][39m [90m[39m
[35m[HTTP][39m [37m-->[39m [37mPOST[39m [37m/wd/hub/session/101951f2-5919-4388-9834-2417c1bb6693/element/2327f7c8-ee4e-4dfe-8fab-75fe15bad6e9/value[39m
[35m[HTTP][39m [90m{"id":"2327f7c8-ee4e-4dfe-8fab-75fe15bad6e9","text":"Hartono Rusli","value":["H","a","r","t","o","n","o"," ","R","u","s","l","i"]}[39m
[35m[HTTP][39m [37m<-- POST /wd/hub/session/101951f2-5919-4388-9834-2417c1bb6693/element/2327f7c8-ee4e-4dfe-8fab-75fe15bad6e9/value [39m[32m200[39m [90m964 ms - 12[39m
[35m[HTTP][39m [90m[39m
[35m[HTTP][39m [37m-->[39m [37mPOST[39m [37m/wd/hub/session/101951f2-5919-4388-9834-2417c1bb6693/timeouts[39m
[35m[HTTP][39m [90m{"implicit":50}[39m
[35m[HTTP][39m [37m<-- POST /wd/hub/session/101951f2-5919-4388-9834-2417c1bb6693/timeouts [39m[32m200[39m [90m4 ms - 14[39m
[35m[HTTP][39m [90m[39m
[35m[HTTP][39m [37m-->[39m [37mGET[39m [37m/wd/hub/session/101951f2-5919-4388-9834-2417c1bb6693/window/rect[39m
[35m[HTTP][39m [90m{}[39m
[35m[HTTP][39m [37m<-- GET /wd/hub/session/101951f2-5919-4388-9834-2417c1bb6693/window/rect [39m[32m200[39m [90m59 ms - 50[39m
[35m[HTTP][39m [90m[39m
[35m[HTTP][39m [37m-->[39m [37mPOST[39m [37m/wd/hub/session/101951f2-5919-4388-9834-2417c1bb6693/elements[39m
[35m[HTTP][39m [90m{"using":"-android uiautomator","value":"new UiSelector().className(\"android.widget.EditText\").resourceId(\"b2-Input_Email\")"}[39m
[35m[HTTP][39m [37m<-- POST /wd/hub/session/101951f2-5919-4388-9834-2417c1bb6693/elements [39m[32m200[39m [90m585 ms - 90[39m
[35m[HTTP][39m [90m[39m
[35m[HTTP][39m [37m-->[39m [37mGET[39m [37m/wd/hub/session/101951f2-5919-4388-9834-2417c1bb6693/element/5fe97808-fbbd-4d76-b1c0-0744c049a1b3/location[39m
[35m[HTTP][39m [90m{}[39m
[35m[W3C][39m Driver proxy active, passing request on via HTTP proxy
[35m[JSONWP Proxy][39m Replacing sessionId 4d29ac76-b10a-4b26-af55-5e52b9fe41f4 with 101951f2-5919-4388-9834-2417c1bb6693
[35m[HTTP][39m [37m<-- GET /wd/hub/session/101951f2-5919-4388-9834-2417c1bb6693/element/5fe97808-fbbd-4d76-b1c0-0744c049a1b3/location [39m[32m200[39m [90m73 ms - 89[39m
[35m[HTTP][39m [90m[39m
[35m[HTTP][39m [37m-->[39m [37mPOST[39m [37m/wd/hub/session/101951f2-5919-4388-9834-2417c1bb6693/timeouts[39m
[35m[HTTP][39m [90m{"implicit":30000}[39m
[35m[HTTP][39m [37m<-- POST /wd/hub/session/101951f2-5919-4388-9834-2417c1bb6693/timeouts [39m[32m200[39m [90m3 ms - 14[39m
[35m[HTTP][39m [90m[39m
[35m[HTTP][39m [37m-->[39m [37mPOST[39m [37m/wd/hub/session/101951f2-5919-4388-9834-2417c1bb6693/element/5fe97808-fbbd-4d76-b1c0-0744c049a1b3/clear[39m
[35m[HTTP][39m [90m{"id":"5fe97808-fbbd-4d76-b1c0-0744c049a1b3"}[39m
[35m[HTTP][39m [37m<-- POST /wd/hub/session/101951f2-5919-4388-9834-2417c1bb6693/element/5fe97808-fbbd-4d76-b1c0-0744c049a1b3/clear [39m[32m200[39m [90m78 ms - 27[39m
[35m[HTTP][39m [90m[39m
[35m[HTTP][39m [37m-->[39m [37mPOST[39m [37m/wd/hub/session/101951f2-5919-4388-9834-2417c1bb6693/element/5fe97808-fbbd-4d76-b1c0-0744c049a1b3/value[39m
[35m[HTTP][39m [90m{"id":"5fe97808-fbbd-4d76-b1c0-0744c049a1b3","text":"applicationtester77@gmail.com","value":["a","p","p","l","i","c","a","t","i","o","n","t","e","s","t","e","r","7","7","@","g","m","a","i","l",".","c","o","m"]}[39m
[35m[HTTP][39m [37m<-- POST /wd/hub/session/101951f2-5919-4388-9834-2417c1bb6693/element/5fe97808-fbbd-4d76-b1c0-0744c049a1b3/value [39m[32m200[39m [90m980 ms - 12[39m
[35m[HTTP][39m [90m[39m
[35m[HTTP][39m [37m-->[39m [37mPOST[39m [37m/wd/hub/session/101951f2-5919-4388-9834-2417c1bb6693/timeouts[39m
[35m[HTTP][39m [90m{"implicit":50}[39m
[35m[HTTP][39m [37m<-- POST /wd/hub/session/101951f2-5919-4388-9834-2417c1bb6693/timeouts [39m[32m200[39m [90m4 ms - 14[39m
[35m[HTTP][39m [90m[39m
[35m[HTTP][39m [37m-->[39m [37mGET[39m [37m/wd/hub/session/101951f2-5919-4388-9834-2417c1bb6693/window/rect[39m
[35m[HTTP][39m [90m{}[39m
[35m[HTTP][39m [37m<-- GET /wd/hub/session/101951f2-5919-4388-9834-2417c1bb6693/window/rect [39m[32m200[39m [90m45 ms - 50[39m
[35m[HTTP][39m [90m[39m
[35m[HTTP][39m [37m-->[39m [37mPOST[39m [37m/wd/hub/session/101951f2-5919-4388-9834-2417c1bb6693/elements[39m
[35m[HTTP][39m [90m{"using":"-android uiautomator","value":"new UiSelector().className(\"android.widget.EditText\").resourceId(\"b2-Input_Password\")"}[39m
[35m[HTTP][39m [37m<-- POST /wd/hub/session/101951f2-5919-4388-9834-2417c1bb6693/elements [39m[32m200[39m [90m629 ms - 90[39m
[35m[HTTP][39m [90m[39m
[35m[HTTP][39m [37m-->[39m [37mGET[39m [37m/wd/hub/session/101951f2-5919-4388-9834-2417c1bb6693/element/54cf816b-8247-4263-822d-bf037a86ff38/location[39m
[35m[HTTP][39m [90m{}[39m
[35m[W3C][39m Driver proxy active, passing request on via HTTP proxy
[35m[JSONWP Proxy][39m Replacing sessionId 4d29ac76-b10a-4b26-af55-5e52b9fe41f4 with 101951f2-5919-4388-9834-2417c1bb6693
[35m[HTTP][39m [37m<-- GET /wd/hub/session/101951f2-5919-4388-9834-2417c1bb6693/element/54cf816b-8247-4263-822d-bf037a86ff38/location [39m[32m200[39m [90m78 ms - 90[39m
[35m[HTTP][39m [90m[39m
[35m[HTTP][39m [37m-->[39m [37mPOST[39m [37m/wd/hub/session/101951f2-5919-4388-9834-2417c1bb6693/timeouts[39m
[35m[HTTP][39m [90m{"implicit":30000}[39m
[35m[HTTP][39m [37m<-- POST /wd/hub/session/101951f2-5919-4388-9834-2417c1bb6693/timeouts [39m[32m200[39m [90m4 ms - 14[39m
[35m[HTTP][39m [90m[39m
[35m[HTTP][39m [37m-->[39m [37mPOST[39m [37m/wd/hub/session/101951f2-5919-4388-9834-2417c1bb6693/element/54cf816b-8247-4263-822d-bf037a86ff38/clear[39m
[35m[HTTP][39m [90m{"id":"54cf816b-8247-4263-822d-bf037a86ff38"}[39m
[35m[HTTP][39m [37m<-- POST /wd/hub/session/101951f2-5919-4388-9834-2417c1bb6693/element/54cf816b-8247-4263-822d-bf037a86ff38/clear [39m[32m200[39m [90m106 ms - 27[39m
[35m[HTTP][39m [90m[39m
[35m[HTTP][39m [37m-->[39m [37mPOST[39m [37m/wd/hub/session/101951f2-5919-4388-9834-2417c1bb6693/element/54cf816b-8247-4263-822d-bf037a86ff38/value[39m
[35m[HTTP][39m [90m{"id":"54cf816b-8247-4263-822d-bf037a86ff38","text":"applicationtest","value":["a","p","p","l","i","c","a","t","i","o","n","t","e","s","t"]}[39m
[35m[HTTP][39m [37m<-- POST /wd/hub/session/101951f2-5919-4388-9834-2417c1bb6693/element/54cf816b-8247-4263-822d-bf037a86ff38/value [39m[32m200[39m [90m954 ms - 12[39m
[35m[HTTP][39m [90m[39m
[35m[HTTP][39m [37m-->[39m [37mPOST[39m [37m/wd/hub/session/101951f2-5919-4388-9834-2417c1bb6693/timeouts[39m
[35m[HTTP][39m [90m{"implicit":50}[39m
[35m[HTTP][39m [37m<-- POST /wd/hub/session/101951f2-5919-4388-9834-2417c1bb6693/timeouts [39m[32m200[39m [90m3 ms - 14[39m
[35m[HTTP][39m [90m[39m
[35m[HTTP][39m [37m-->[39m [37mGET[39m [37m/wd/hub/session/101951f2-5919-4388-9834-2417c1bb6693/window/rect[39m
[35m[HTTP][39m [90m{}[39m
[35m[HTTP][39m [37m<-- GET /wd/hub/session/101951f2-5919-4388-9834-2417c1bb6693/window/rect [39m[32m200[39m [90m48 ms - 50[39m
[35m[HTTP][39m [90m[39m
[35m[HTTP][39m [37m-->[39m [37mPOST[39m [37m/wd/hub/session/101951f2-5919-4388-9834-2417c1bb6693/elements[39m
[35m[HTTP][39m [90m{"using":"-android uiautomator","value":"new UiSelector().className(\"android.widget.EditText\").resourceId(\"b2-Input_KonfirmasiPassword\")"}[39m
[35m[HTTP][39m [37m<-- POST /wd/hub/session/101951f2-5919-4388-9834-2417c1bb6693/elements [39m[32m200[39m [90m588 ms - 90[39m
[35m[HTTP][39m [90m[39m
[35m[HTTP][39m [37m-->[39m [37mGET[39m [37m/wd/hub/session/101951f2-5919-4388-9834-2417c1bb6693/element/aaddf49d-47b4-4069-bd20-cef65645aa4c/location[39m
[35m[HTTP][39m [90m{}[39m
[35m[W3C][39m Driver proxy active, passing request on via HTTP proxy
[35m[JSONWP Proxy][39m Replacing sessionId 4d29ac76-b10a-4b26-af55-5e52b9fe41f4 with 101951f2-5919-4388-9834-2417c1bb6693
[35m[HTTP][39m [37m<-- GET /wd/hub/session/101951f2-5919-4388-9834-2417c1bb6693/element/aaddf49d-47b4-4069-bd20-cef65645aa4c/location [39m[32m200[39m [90m71 ms - 90[39m
[35m[HTTP][39m [90m[39m
[35m[HTTP][39m [37m-->[39m [37mPOST[39m [37m/wd/hub/session/101951f2-5919-4388-9834-2417c1bb6693/timeouts[39m
[35m[HTTP][39m [90m{"implicit":30000}[39m
[35m[HTTP][39m [37m<-- POST /wd/hub/session/101951f2-5919-4388-9834-2417c1bb6693/timeouts [39m[32m200[39m [90m2 ms - 14[39m
[35m[HTTP][39m [90m[39m
[35m[HTTP][39m [37m-->[39m [37mPOST[39m [37m/wd/hub/session/101951f2-5919-4388-9834-2417c1bb6693/element/aaddf49d-47b4-4069-bd20-cef65645aa4c/clear[39m
[35m[HTTP][39m [90m{"id":"aaddf49d-47b4-4069-bd20-cef65645aa4c"}[39m
[35m[HTTP][39m [37m<-- POST /wd/hub/session/101951f2-5919-4388-9834-2417c1bb6693/element/aaddf49d-47b4-4069-bd20-cef65645aa4c/clear [39m[32m200[39m [90m94 ms - 27[39m
[35m[HTTP][39m [90m[39m
[35m[HTTP][39m [37m-->[39m [37mPOST[39m [37m/wd/hub/session/101951f2-5919-4388-9834-2417c1bb6693/element/aaddf49d-47b4-4069-bd20-cef65645aa4c/value[39m
[35m[HTTP][39m [90m{"id":"aaddf49d-47b4-4069-bd20-cef65645aa4c","text":"applicationtest","value":["a","p","p","l","i","c","a","t","i","o","n","t","e","s","t"]}[39m
[35m[HTTP][39m [37m<-- POST /wd/hub/session/101951f2-5919-4388-9834-2417c1bb6693/element/aaddf49d-47b4-4069-bd20-cef65645aa4c/value [39m[32m200[39m [90m891 ms - 12[39m
[35m[HTTP][39m [90m[39m
[35m[HTTP][39m [37m-->[39m [37mPOST[39m [37m/wd/hub/session/101951f2-5919-4388-9834-2417c1bb6693/timeouts[39m
[35m[HTTP][39m [90m{"implicit":50}[39m
[35m[HTTP][39m [37m<-- POST /wd/hub/session/101951f2-5919-4388-9834-2417c1bb6693/timeouts [39m[32m200[39m [90m3 ms - 14[39m
[35m[HTTP][39m [90m[39m
[35m[HTTP][39m [37m-->[39m [37mGET[39m [37m/wd/hub/session/101951f2-5919-4388-9834-2417c1bb6693/window/rect[39m
[35m[HTTP][39m [90m{}[39m
[35m[HTTP][39m [37m<-- GET /wd/hub/session/101951f2-5919-4388-9834-2417c1bb6693/window/rect [39m[32m200[39m [90m52 ms - 50[39m
[35m[HTTP][39m [90m[39m
[35m[HTTP][39m [37m-->[39m [37mPOST[39m [37m/wd/hub/session/101951f2-5919-4388-9834-2417c1bb6693/elements[39m
[35m[HTTP][39m [90m{"using":"-android uiautomator","value":"new UiSelector().className(\"android.widget.EditText\").resourceId(\"b2-Input_Phone\")"}[39m
[35m[HTTP][39m [37m<-- POST /wd/hub/session/101951f2-5919-4388-9834-2417c1bb6693/elements [39m[32m200[39m [90m598 ms - 90[39m
[35m[HTTP][39m [90m[39m
[35m[HTTP][39m [37m-->[39m [37mGET[39m [37m/wd/hub/session/101951f2-5919-4388-9834-2417c1bb6693/element/2beba9fb-9535-4973-946d-a457d8d5f477/location[39m
[35m[HTTP][39m [90m{}[39m
[35m[W3C][39m Driver proxy active, passing request on via HTTP proxy
[35m[JSONWP Proxy][39m Replacing sessionId 4d29ac76-b10a-4b26-af55-5e52b9fe41f4 with 101951f2-5919-4388-9834-2417c1bb6693
[35m[HTTP][39m [37m<-- GET /wd/hub/session/101951f2-5919-4388-9834-2417c1bb6693/element/2beba9fb-9535-4973-946d-a457d8d5f477/location [39m[32m200[39m [90m71 ms - 90[39m
[35m[HTTP][39m [90m[39m
[35m[HTTP][39m [37m-->[39m [37mPOST[39m [37m/wd/hub/session/101951f2-5919-4388-9834-2417c1bb6693/timeouts[39m
[35m[HTTP][39m [90m{"implicit":30000}[39m
[35m[HTTP][39m [37m<-- POST /wd/hub/session/101951f2-5919-4388-9834-2417c1bb6693/timeouts [39m[32m200[39m [90m2 ms - 14[39m
[35m[HTTP][39m [90m[39m
[35m[HTTP][39m [37m-->[39m [37mPOST[39m [37m/wd/hub/session/101951f2-5919-4388-9834-2417c1bb6693/element/2beba9fb-9535-4973-946d-a457d8d5f477/clear[39m
[35m[HTTP][39m [90m{"id":"2beba9fb-9535-4973-946d-a457d8d5f477"}[39m
[35m[HTTP][39m [37m<-- POST /wd/hub/session/101951f2-5919-4388-9834-2417c1bb6693/element/2beba9fb-9535-4973-946d-a457d8d5f477/clear [39m[32m200[39m [90m71 ms - 27[39m
[35m[HTTP][39m [90m[39m
[35m[HTTP][39m [37m-->[39m [37mPOST[39m [37m/wd/hub/session/101951f2-5919-4388-9834-2417c1bb6693/element/2beba9fb-9535-4973-946d-a457d8d5f477/value[39m
[35m[HTTP][39m [90m{"id":"2beba9fb-9535-4973-946d-a457d8d5f477","text":"082297476950","value":["0","8","2","2","9","7","4","7","6","9","5","0"]}[39m
[35m[HTTP][39m [37m<-- POST /wd/hub/session/101951f2-5919-4388-9834-2417c1bb6693/element/2beba9fb-9535-4973-946d-a457d8d5f477/value [39m[32m200[39m [90m943 ms - 12[39m
[35m[HTTP][39m [90m[39m
[35m[HTTP][39m [37m-->[39m [37mPOST[39m [37m/wd/hub/session/101951f2-5919-4388-9834-2417c1bb6693/timeouts[39m
[35m[HTTP][39m [90m{"implicit":50}[39m
[35m[HTTP][39m [37m<-- POST /wd/hub/session/101951f2-5919-4388-9834-2417c1bb6693/timeouts [39m[32m200[39m [90m3 ms - 14[39m
[35m[HTTP][39m [90m[39m
[35m[HTTP][39m [37m-->[39m [37mGET[39m [37m/wd/hub/session/101951f2-5919-4388-9834-2417c1bb6693/window/rect[39m
[35m[HTTP][39m [90m{}[39m
[35m[HTTP][39m [37m<-- GET /wd/hub/session/101951f2-5919-4388-9834-2417c1bb6693/window/rect [39m[32m200[39m [90m59 ms - 50[39m
[35m[HTTP][39m [90m[39m
[35m[HTTP][39m [37m-->[39m [37mPOST[39m [37m/wd/hub/session/101951f2-5919-4388-9834-2417c1bb6693/elements[39m
[35m[HTTP][39m [90m{"using":"-android uiautomator","value":"new UiSelector().className(\"android.widget.Button\").text(\"Daftar\")"}[39m
[35m[HTTP][39m [37m<-- POST /wd/hub/session/101951f2-5919-4388-9834-2417c1bb6693/elements [39m[32m200[39m [90m586 ms - 90[39m
[35m[HTTP][39m [90m[39m
[35m[HTTP][39m [37m-->[39m [37mGET[39m [37m/wd/hub/session/101951f2-5919-4388-9834-2417c1bb6693/element/30a2200f-3711-4a28-b5b9-1f3c34afb57a/location[39m
[35m[HTTP][39m [90m{}[39m
[35m[W3C][39m Driver proxy active, passing request on via HTTP proxy
[35m[JSONWP Proxy][39m Replacing sessionId 4d29ac76-b10a-4b26-af55-5e52b9fe41f4 with 101951f2-5919-4388-9834-2417c1bb6693
[35m[HTTP][39m [37m<-- GET /wd/hub/session/101951f2-5919-4388-9834-2417c1bb6693/element/30a2200f-3711-4a28-b5b9-1f3c34afb57a/location [39m[32m200[39m [90m79 ms - 90[39m
[35m[HTTP][39m [90m[39m
[35m[HTTP][39m [37m-->[39m [37mPOST[39m [37m/wd/hub/session/101951f2-5919-4388-9834-2417c1bb6693/timeouts[39m
[35m[HTTP][39m [90m{"implicit":30000}[39m
[35m[HTTP][39m [37m<-- POST /wd/hub/session/101951f2-5919-4388-9834-2417c1bb6693/timeouts [39m[32m200[39m [90m4 ms - 14[39m
[35m[HTTP][39m [90m[39m
[35m[HTTP][39m [37m-->[39m [37mPOST[39m [37m/wd/hub/session/101951f2-5919-4388-9834-2417c1bb6693/touch/perform[39m
[35m[HTTP][39m [90m{"actions":[{"action":"tap","options":{"x":1,"y":1,"element":"30a2200f-3711-4a28-b5b9-1f3c34afb57a"}},{"action":"release","options":{}}]}[39m
[35m[UiAutomator2][39m calling get location: 30a2200f-3711-4a28-b5b9-1f3c34afb57a
[35m[HTTP][39m [37m<-- POST /wd/hub/session/101951f2-5919-4388-9834-2417c1bb6693/touch/perform [39m[32m200[39m [90m913 ms - 14[39m
[35m[HTTP][39m [90m[39m
[35m[HTTP][39m [37m-->[39m [37mGET[39m [37m/wd/hub/session/101951f2-5919-4388-9834-2417c1bb6693/context[39m
[35m[HTTP][39m [90m{}[39m
[35m[HTTP][39m [37m<-- GET /wd/hub/session/101951f2-5919-4388-9834-2417c1bb6693/context [39m[32m200[39m [90m4 ms - 22[39m
[35m[HTTP][39m [90m[39m
[35m[HTTP][39m [37m-->[39m [37mGET[39m [37m/wd/hub/session/101951f2-5919-4388-9834-2417c1bb6693/contexts[39m
[35m[HTTP][39m [90m{}[39m
[35m[HTTP][39m [37m<-- GET /wd/hub/session/101951f2-5919-4388-9834-2417c1bb6693/contexts [39m[32m200[39m [90m611 ms - 75[39m
[35m[HTTP][39m [90m[39m
[35m[HTTP][39m [37m-->[39m [37mPOST[39m [37m/wd/hub/session/101951f2-5919-4388-9834-2417c1bb6693/context[39m
[35m[HTTP][39m [90m{"name":"NATIVE_APP"}[39m
[35m[HTTP][39m [37m<-- POST /wd/hub/session/101951f2-5919-4388-9834-2417c1bb6693/context [39m[32m200[39m [90m535 ms - 14[39m
[35m[HTTP][39m [90m[39m
[35m[HTTP][39m [37m-->[39m [37mGET[39m [37m/wd/hub/session/101951f2-5919-4388-9834-2417c1bb6693/screenshot[39m
[35m[HTTP][39m [90m{}[39m
[35m[HTTP][39m [37m<-- GET /wd/hub/session/101951f2-5919-4388-9834-2417c1bb6693/screenshot [39m[32m200[39m [90m837 ms - 162734[39m
[35m[HTTP][39m [90m[39m
[35m[HTTP][39m [37m-->[39m [37mPOST[39m [37m/wd/hub/session/101951f2-5919-4388-9834-2417c1bb6693/context[39m
[35m[HTTP][39m [90m{"name":"NATIVE_APP"}[39m
[35m[HTTP][39m [37m<-- POST /wd/hub/session/101951f2-5919-4388-9834-2417c1bb6693/context [39m[32m200[39m [90m506 ms - 14[39m
[35m[HTTP][39m [90m[39m
[35m[HTTP][39m [37m-->[39m [37mGET[39m [37m/wd/hub/status[39m
[35m[HTTP][39m [90m{}[39m
[35m[HTTP][39m [37m<-- GET /wd/hub/status [39m[32m200[39m [90m8 ms - 55[39m
[35m[HTTP][39m [90m[39m
[35m[HTTP][39m [37m-->[39m [37mPOST[39m [37m/wd/hub/session[39m
[35m[HTTP][39m [90m{"desiredCapabilities":{"app":"D:\\State's Secret\\Internsheeepppppp\\Project\\accmart.apk","noReset":false,"newCommandTimeout":1800,"platformVersion":"9","automationName":"uiautomator2","autoGrantPermissions":true,"platformName":"Android","udid":"32008eeec002a5eb","deviceName":"samsung SM-A750GN (Android 9)","fullReset":true,"platform":"ANDROID"},"capabilities":{"firstMatch":[{"appium:app":"D:\\State's Secret\\Internsheeepppppp\\Project\\accmart.apk","appium:autoGrantPermissions":true,"appium:automationName":"uiautomator2","appium:deviceName":"samsung SM-A750GN (Android 9)","appium:fullReset":true,"appium:newCommandTimeout":1800,"appium:noReset":false,"platform":"ANDROID","platformName":"android","appium:platformVersion":"9","appium:udid":"32008eeec002a5eb"}]}}[39m
[35m[BaseDriver][39m The capabilities ["platform"] are not standard capabilities and should have an extension prefix
[35m[Appium][39m Creating new AndroidUiautomator2Driver (v1.12.0) session
[35m[Appium][39m Capabilities:
[35m[Appium][39m   platform: ANDROID
[35m[Appium][39m   platformName: android
[35m[Appium][39m   app: D:\State's Secret\Internsheeepppppp\Project\accmart.apk
[35m[Appium][39m   autoGrantPermissions: true
[35m[Appium][39m   automationName: uiautomator2
[35m[Appium][39m   deviceName: samsung SM-A750GN (Android 9)
[35m[Appium][39m   fullReset: true
[35m[Appium][39m   newCommandTimeout: 1800
[35m[Appium][39m   noReset: false
[35m[Appium][39m   platformVersion: 9
[35m[Appium][39m   udid: 32008eeec002a5eb
[35m[BaseDriver][39m The following capabilities were provided, but are not recognized by appium: platform.
[35m[BaseDriver][39m Session created with session id: 9d8687ff-ee06-4645-a982-7d134901b9d6
[35m[BaseDriver][39m Using local app 'D:\State's Secret\Internsheeepppppp\Project\accmart.apk'
[35m[AndroidDriver][39m Java version is: 1.8.0_181
[35m[AndroidDriver][39m Retrieving device list
[35m[AndroidDriver][39m Using device: 32008eeec002a5eb
[35m[ADB][39m Using the alternative activity name detection method because of: Could not find apkanalyzer.bat in C:\Users\lieto\.katalon\tools\android_sdk\platform-tools\apkanalyzer.bat,C:\Users\lieto\.katalon\tools\android_sdk\emulator\apkanalyzer.bat,C:\Users\lieto\.katalon\tools\android_sdk\tools\apkanalyzer.bat,C:\Users\lieto\.katalon\tools\android_sdk\tools\bin\apkanalyzer.bat,C:\Users\lieto\.katalon\tools\android_sdk\build-tools\29.0.2\apkanalyzer.bat. Do you have the Android SDK installed at 'C:\Users\lieto\.katalon\tools\android_sdk'?
[35m[ADB][39m Extracting package and launch activity from manifest
[35m[ADB][39m Package name: 'com.outsystemsenterprise.acctst1.ACCMart'
[35m[ADB][39m Main activity name: 'com.outsystemsenterprise.acctst1.ACCMart.MainActivity'
[35m[ADB][39m Getting device platform version
[35m[HTTP][39m [37m<-- POST /wd/hub/session [39m[32m-[39m [90m- ms - -[39m
[35m[HTTP][39m [90m[39m
[35m[ADB][39m Cannot read version codes of 'C:\Users\lieto\AppData\Roaming\npm\node_modules\appium\node_modules\appium-uiautomator2-server\apks\appium-uiautomator2-server-debug-androidTest.apk' and/or 'io.appium.uiautomator2.server.test'
[35m[ADB][39m Cannot read version names of 'C:\Users\lieto\AppData\Roaming\npm\node_modules\appium\node_modules\appium-uiautomator2-server\apks\appium-uiautomator2-server-debug-androidTest.apk' and/or 'io.appium.uiautomator2.server.test'. Assuming correct app version is already installed
[35m[AndroidDriver][39m setDeviceLanguageCountry requires language or country.
[35m[AndroidDriver][39m Got language: 'null' and country: 'null'
[35m[ADB][39m Successfully extracted 43 strings from 'D:\State's Secret\Internsheeepppppp\Project\accmart.apk' resources for '(default)' configuration
[35m[ADB][39m com.outsystemsenterprise.acctst1.ACCMart was successfully uninstalled
[35m[UiAutomator2][39m Starting uiautomator2 server 1.12.0
[35m[UiAutomator2][39m Using UIAutomator2 server from 'C:\Users\lieto\AppData\Roaming\npm\node_modules\appium\node_modules\appium-uiautomator2-server\apks\appium-uiautomator2-server-v1.12.0.apk' and test from 'C:\Users\lieto\AppData\Roaming\npm\node_modules\appium\node_modules\appium-uiautomator2-server\apks\appium-uiautomator2-server-debug-androidTest.apk'
[35m[UiAutomator2][39m Running command: 'adb -s 32008eeec002a5eb shell am instrument -w io.appium.uiautomator2.server.test/android.support.test.runner.AndroidJUnitRunner'
[35m[UiAutomator2][39m Waiting up to 20000ms for UiAutomator2 to be online...
[35m[AndroidDriver][39m Screen already unlocked, doing nothing
[35m[UiAutomator2][39m UiAutomator2 did not start the activity we were waiting for, 'com.outsystemsenterprise.acctst1.ACCMart/com.outsystemsenterprise.acctst1.ACCMart.MainActivity'. Starting it ourselves
[35m[Appium][39m New AndroidUiautomator2Driver session created successfully, session 9d8687ff-ee06-4645-a982-7d134901b9d6 added to master session list
[35m[BaseDriver][39m Shutting down because we waited 1800 seconds for a command
[35m[Appium][39m Closing session, cause was 'New Command Timeout of 1800 seconds expired. Try customizing the timeout using the 'newCommandTimeout' desired capability'
[35m[Appium][39m Removing session 101951f2-5919-4388-9834-2417c1bb6693 from our master session list
[35m[UiAutomator2][39m Did not get confirmation UiAutomator2 deleteSession worked; Error was: ProxyRequestError: Could not proxy command to remote server. Original error: Error: connect ECONNREFUSED 127.0.0.1:8206
[35m[UiAutomator2][39m Unable to force stop app: Error executing adbExec. Original error: 'Command 'C\:\\Users\\lieto\\.katalon\\tools\\android_sdk\\platform-tools\\adb.exe -P 5037 -s 32008eeec002a5eb shell am force-stop com.outsystemsenterprise.acctst1.ACCMart' exited with code 1'; Stderr: 'error: device '32008eeec002a5eb' not found'; Code: '1'
[35m[UiAutomator2][39m Unable to uninstall app: Error finding if app is installed. Original error: Error executing adbExec. Original error: 'Command 'C\:\\Users\\lieto\\.katalon\\tools\\android_sdk\\platform-tools\\adb.exe -P 5037 -s 32008eeec002a5eb shell pm list packages com.outsystemsenterprise.acctst1.ACCMart' exited with code 1'; Stderr: 'error: device '32008eeec002a5eb' not found'; Code: '1'
[35m[UiAutomator2][39m Unable to remove port forward 'Error executing adbExec. Original error: 'Command 'C\:\\Users\\lieto\\.katalon\\tools\\android_sdk\\platform-tools\\adb.exe -P 5037 -s 32008eeec002a5eb forward --remove tcp\:8206' exited with code 1'; Stderr: 'adb.exe: error: device '32008eeec002a5eb' not found'; Code: '1''
[35m[BaseDriver][39m Shutting down because we waited 1800 seconds for a command
[35m[Appium][39m Closing session, cause was 'New Command Timeout of 1800 seconds expired. Try customizing the timeout using the 'newCommandTimeout' desired capability'
[35m[Appium][39m Removing session 9d8687ff-ee06-4645-a982-7d134901b9d6 from our master session list
[35m[UiAutomator2][39m Did not get confirmation UiAutomator2 deleteSession worked; Error was: ProxyRequestError: Could not proxy command to remote server. Original error: Error: connect ECONNREFUSED 127.0.0.1:8207
[35m[UiAutomator2][39m Unable to force stop app: Error executing adbExec. Original error: 'Command 'C\:\\Users\\lieto\\.katalon\\tools\\android_sdk\\platform-tools\\adb.exe -P 5037 -s 32008eeec002a5eb shell am force-stop com.outsystemsenterprise.acctst1.ACCMart' exited with code 1'; Stderr: 'error: device '32008eeec002a5eb' not found'; Code: '1'
[35m[UiAutomator2][39m Unable to uninstall app: Error finding if app is installed. Original error: Error executing adbExec. Original error: 'Command 'C\:\\Users\\lieto\\.katalon\\tools\\android_sdk\\platform-tools\\adb.exe -P 5037 -s 32008eeec002a5eb shell pm list packages com.outsystemsenterprise.acctst1.ACCMart' exited with code 1'; Stderr: 'error: device '32008eeec002a5eb' not found'; Code: '1'
[35m[UiAutomator2][39m Unable to remove port forward 'Error executing adbExec. Original error: 'Command 'C\:\\Users\\lieto\\.katalon\\tools\\android_sdk\\platform-tools\\adb.exe -P 5037 -s 32008eeec002a5eb forward --remove tcp\:8207' exited with code 1'; Stderr: 'adb.exe: error: device '32008eeec002a5eb' not found'; Code: '1''
