<?xml version="1.0" encoding="UTF-8" standalone="no"?>
<!DOCTYPE log SYSTEM "logger.dtd">
<log>
<record>
  <date>2019-08-19T17:25:22</date>
  <millis>1566210322139</millis>
  <sequence>0</sequence>
  <level>START</level>
  <class>com.kms.katalon.core.logging.XmlKeywordLogger</class>
  <method>startSuite</method>
  <thread>1</thread>
  <message>Start Test Suite : Test Suites/DaftarSuite</message>
  <nestedLevel>0</nestedLevel>
  <property name="name">DaftarSuite</property>
  <property name="description"></property>
  <property name="id">Test Suites/DaftarSuite</property>
</record>
<record>
  <date>2019-08-19T17:25:22</date>
  <millis>1566210322180</millis>
  <sequence>1</sequence>
  <level>RUN_DATA</level>
  <class>com.kms.katalon.core.logging.XmlKeywordLogger</class>
  <method>logMessage</method>
  <thread>1</thread>
  <message>hostName = lieto - DESKTOP-H7OCS16</message>
  <nestedLevel>0</nestedLevel>
  <property name="hostName">lieto - DESKTOP-H7OCS16</property>
</record>
<record>
  <date>2019-08-19T17:25:22</date>
  <millis>1566210322182</millis>
  <sequence>2</sequence>
  <level>RUN_DATA</level>
  <class>com.kms.katalon.core.logging.XmlKeywordLogger</class>
  <method>logMessage</method>
  <thread>1</thread>
  <message>os = Windows 10 64bit</message>
  <nestedLevel>0</nestedLevel>
  <property name="os">Windows 10 64bit</property>
</record>
<record>
  <date>2019-08-19T17:25:22</date>
  <millis>1566210322183</millis>
  <sequence>3</sequence>
  <level>RUN_DATA</level>
  <class>com.kms.katalon.core.logging.XmlKeywordLogger</class>
  <method>logMessage</method>
  <thread>1</thread>
  <message>hostAddress = 192.168.1.2</message>
  <nestedLevel>0</nestedLevel>
  <property name="hostAddress">192.168.1.2</property>
</record>
<record>
  <date>2019-08-19T17:25:22</date>
  <millis>1566210322186</millis>
  <sequence>4</sequence>
  <level>RUN_DATA</level>
  <class>com.kms.katalon.core.logging.XmlKeywordLogger</class>
  <method>logMessage</method>
  <thread>1</thread>
  <message>katalonVersion = 6.2.2.4</message>
  <nestedLevel>0</nestedLevel>
  <property name="katalonVersion">6.2.2.4</property>
</record>
<record>
  <date>2019-08-19T17:25:22</date>
  <millis>1566210322996</millis>
  <sequence>5</sequence>
  <level>START</level>
  <class>com.kms.katalon.core.logging.XmlKeywordLogger</class>
  <method>startTest</method>
  <thread>1</thread>
  <message>Start Test Case : Test Cases/Daftar/Daftar Test - Empty Field</message>
  <nestedLevel>1</nestedLevel>
  <property name="name">Test Cases/Daftar/Daftar Test - Empty Field</property>
  <property name="description"></property>
  <property name="id">Test Cases/Daftar/Daftar Test - Empty Field</property>
  <property name="source">D:\\State&apos;s Secret\\Internsheeepppppp\\Project\\ACCMart\\Test Cases\\Daftar\\Daftar Test - Empty Field.tc</property>
  <property name="tag"></property>
  <property name="isOptional">false</property>
</record>
<record>
  <date>2019-08-19T17:25:23</date>
  <millis>1566210323084</millis>
  <sequence>7</sequence>
  <level>INFO</level>
  <class>com.kms.katalon.core.logging.XmlKeywordLogger</class>
  <method>logMessage</method>
  <thread>1</thread>
  <message>username = lieton30</message>
  <nestedLevel>1</nestedLevel>
</record>
<record>
  <date>2019-08-19T17:25:23</date>
  <millis>1566210323122</millis>
  <sequence>8</sequence>
  <level>INFO</level>
  <class>com.kms.katalon.core.logging.XmlKeywordLogger</class>
  <method>logMessage</method>
  <thread>1</thread>
  <message>fullname = Hartono Rusli</message>
  <nestedLevel>1</nestedLevel>
</record>
<record>
  <date>2019-08-19T17:25:23</date>
  <millis>1566210323123</millis>
  <sequence>9</sequence>
  <level>INFO</level>
  <class>com.kms.katalon.core.logging.XmlKeywordLogger</class>
  <method>logMessage</method>
  <thread>1</thread>
  <message>email = lieton27@gmail.com</message>
  <nestedLevel>1</nestedLevel>
</record>
<record>
  <date>2019-08-19T17:25:23</date>
  <millis>1566210323124</millis>
  <sequence>10</sequence>
  <level>INFO</level>
  <class>com.kms.katalon.core.logging.XmlKeywordLogger</class>
  <method>logMessage</method>
  <thread>1</thread>
  <message>password = Application1</message>
  <nestedLevel>1</nestedLevel>
</record>
<record>
  <date>2019-08-19T17:25:23</date>
  <millis>1566210323126</millis>
  <sequence>11</sequence>
  <level>INFO</level>
  <class>com.kms.katalon.core.logging.XmlKeywordLogger</class>
  <method>logMessage</method>
  <thread>1</thread>
  <message>vPassword = Application1</message>
  <nestedLevel>1</nestedLevel>
</record>
<record>
  <date>2019-08-19T17:25:23</date>
  <millis>1566210323126</millis>
  <sequence>12</sequence>
  <level>INFO</level>
  <class>com.kms.katalon.core.logging.XmlKeywordLogger</class>
  <method>logMessage</method>
  <thread>1</thread>
  <message>phone = 082297476950</message>
  <nestedLevel>1</nestedLevel>
</record>
<record>
  <date>2019-08-19T17:25:23</date>
  <millis>1566210323129</millis>
  <sequence>13</sequence>
  <level>INFO</level>
  <class>com.kms.katalon.core.logging.XmlKeywordLogger</class>
  <method>logMessage</method>
  <thread>1</thread>
  <message>isEmpty = username</message>
  <nestedLevel>1</nestedLevel>
</record>
<record>
  <date>2019-08-19T17:25:24</date>
  <millis>1566210324142</millis>
  <sequence>14</sequence>
  <level>START</level>
  <class>com.kms.katalon.core.logging.XmlKeywordLogger</class>
  <method>startKeyword</method>
  <thread>1</thread>
  <message>Start action : startApplication(\&amp;quot;D:\\State&amp;apos;s Secret\\Internsheeepppppp\\Project\\accmart.apk\&amp;quot;, true)</message>
  <nestedLevel>1</nestedLevel>
  <property name="startLine">16</property>
  <property name="stepIndex">1</property>
</record>
<record>
  <date>2019-08-19T17:25:34</date>
  <millis>1566210334156</millis>
  <sequence>16</sequence>
  <level>INFO</level>
  <class>com.kms.katalon.core.logging.XmlKeywordLogger</class>
  <method>logMessage</method>
  <thread>1</thread>
  <message>Appium server started on port 57,604</message>
  <nestedLevel>1</nestedLevel>
</record>
<record>
  <date>2019-08-19T17:26:17</date>
  <millis>1566210377573</millis>
  <sequence>18</sequence>
  <level>RUN_DATA</level>
  <class>com.kms.katalon.core.logging.XmlKeywordLogger</class>
  <method>logMessage</method>
  <thread>1</thread>
  <message>appiumVersion = 1.8.1</message>
  <nestedLevel>1</nestedLevel>
  <property name="appiumVersion">1.8.1</property>
</record>
<record>
  <date>2019-08-19T17:26:17</date>
  <millis>1566210377599</millis>
  <sequence>19</sequence>
  <level>RUN_DATA</level>
  <class>com.kms.katalon.core.logging.XmlKeywordLogger</class>
  <method>logMessage</method>
  <thread>1</thread>
  <message>deviceId = 32008eeec002a5eb</message>
  <nestedLevel>1</nestedLevel>
  <property name="deviceId">32008eeec002a5eb</property>
</record>
<record>
  <date>2019-08-19T17:26:17</date>
  <millis>1566210377600</millis>
  <sequence>20</sequence>
  <level>RUN_DATA</level>
  <class>com.kms.katalon.core.logging.XmlKeywordLogger</class>
  <method>logMessage</method>
  <thread>1</thread>
  <message>deviceName = samsung SM-A750GN (Android 9)</message>
  <nestedLevel>1</nestedLevel>
  <property name="deviceName">samsung SM-A750GN (Android 9)</property>
</record>
<record>
  <date>2019-08-19T17:26:17</date>
  <millis>1566210377602</millis>
  <sequence>21</sequence>
  <level>RUN_DATA</level>
  <class>com.kms.katalon.core.logging.XmlKeywordLogger</class>
  <method>logMessage</method>
  <thread>1</thread>
  <message>deviceModel = SM-A750GN</message>
  <nestedLevel>1</nestedLevel>
  <property name="deviceModel">SM-A750GN</property>
</record>
<record>
  <date>2019-08-19T17:26:17</date>
  <millis>1566210377604</millis>
  <sequence>22</sequence>
  <level>RUN_DATA</level>
  <class>com.kms.katalon.core.logging.XmlKeywordLogger</class>
  <method>logMessage</method>
  <thread>1</thread>
  <message>deviceManufacturer = samsung</message>
  <nestedLevel>1</nestedLevel>
  <property name="deviceManufacturer">samsung</property>
</record>
<record>
  <date>2019-08-19T17:26:17</date>
  <millis>1566210377605</millis>
  <sequence>23</sequence>
  <level>RUN_DATA</level>
  <class>com.kms.katalon.core.logging.XmlKeywordLogger</class>
  <method>logMessage</method>
  <thread>1</thread>
  <message>deviceOS = Android</message>
  <nestedLevel>1</nestedLevel>
  <property name="deviceOS">Android</property>
</record>
<record>
  <date>2019-08-19T17:26:17</date>
  <millis>1566210377606</millis>
  <sequence>24</sequence>
  <level>RUN_DATA</level>
  <class>com.kms.katalon.core.logging.XmlKeywordLogger</class>
  <method>logMessage</method>
  <thread>1</thread>
  <message>deviceOSVersion = 9</message>
  <nestedLevel>1</nestedLevel>
  <property name="deviceOSVersion">9</property>
</record>
<record>
  <date>2019-08-19T17:26:17</date>
  <millis>1566210377634</millis>
  <sequence>25</sequence>
  <level>PASSED</level>
  <class>com.kms.katalon.core.logging.XmlKeywordLogger</class>
  <method>logMessage</method>
  <thread>1</thread>
  <message>Started app at: &amp;apos;D:\\State&amp;apos;s Secret\\Internsheeepppppp\\Project\\accmart.apk&amp;apos;</message>
  <nestedLevel>1</nestedLevel>
</record>
<record>
  <date>2019-08-19T17:26:17</date>
  <millis>1566210377636</millis>
  <sequence>26</sequence>
  <level>END</level>
  <class>com.kms.katalon.core.logging.XmlKeywordLogger</class>
  <method>endKeyword</method>
  <thread>1</thread>
  <message>End action : startApplication(\&amp;quot;D:\\State&amp;apos;s Secret\\Internsheeepppppp\\Project\\accmart.apk\&amp;quot;, true)</message>
  <nestedLevel>1</nestedLevel>
</record>
<record>
  <date>2019-08-19T17:26:17</date>
  <millis>1566210377636</millis>
  <sequence>27</sequence>
  <level>START</level>
  <class>com.kms.katalon.core.logging.XmlKeywordLogger</class>
  <method>startKeyword</method>
  <thread>1</thread>
  <message>Start action : waitForElementPresent(findTestObject(\&amp;quot;Homepage/IconPesan\&amp;quot;), 0)</message>
  <nestedLevel>1</nestedLevel>
  <property name="startLine">18</property>
  <property name="stepIndex">2</property>
</record>
<record>
  <date>2019-08-19T17:26:17</date>
  <millis>1566210377740</millis>
  <sequence>31</sequence>
  <level>WARNING</level>
  <class>com.kms.katalon.core.logging.XmlKeywordLogger</class>
  <method>logMessage</method>
  <thread>1</thread>
  <message>Timeout &amp;apos;0&amp;apos; is invalid. Using default page load timeout: &amp;apos;30&amp;apos;</message>
  <nestedLevel>1</nestedLevel>
</record>
<record>
  <date>2019-08-19T17:26:24</date>
  <millis>1566210384878</millis>
  <sequence>32</sequence>
  <level>PASSED</level>
  <class>com.kms.katalon.core.logging.XmlKeywordLogger</class>
  <method>logMessage</method>
  <thread>1</thread>
  <message>Element &amp;apos;Object Repository/Homepage/IconPesan&amp;apos; is present</message>
  <nestedLevel>1</nestedLevel>
</record>
<record>
  <date>2019-08-19T17:26:24</date>
  <millis>1566210384880</millis>
  <sequence>33</sequence>
  <level>END</level>
  <class>com.kms.katalon.core.logging.XmlKeywordLogger</class>
  <method>endKeyword</method>
  <thread>1</thread>
  <message>End action : waitForElementPresent(findTestObject(\&amp;quot;Homepage/IconPesan\&amp;quot;), 0)</message>
  <nestedLevel>1</nestedLevel>
</record>
<record>
  <date>2019-08-19T17:26:24</date>
  <millis>1566210384881</millis>
  <sequence>34</sequence>
  <level>START</level>
  <class>com.kms.katalon.core.logging.XmlKeywordLogger</class>
  <method>startKeyword</method>
  <thread>1</thread>
  <message>Start action : tap(findTestObject(\&amp;quot;Homepage/IconPesan\&amp;quot;), 0)</message>
  <nestedLevel>1</nestedLevel>
  <property name="startLine">20</property>
  <property name="stepIndex">3</property>
</record>
<record>
  <date>2019-08-19T17:26:24</date>
  <millis>1566210384957</millis>
  <sequence>38</sequence>
  <level>WARNING</level>
  <class>com.kms.katalon.core.logging.XmlKeywordLogger</class>
  <method>logMessage</method>
  <thread>1</thread>
  <message>Timeout &amp;apos;0&amp;apos; is invalid. Using default page load timeout: &amp;apos;30&amp;apos;</message>
  <nestedLevel>1</nestedLevel>
</record>
<record>
  <date>2019-08-19T17:26:26</date>
  <millis>1566210386824</millis>
  <sequence>39</sequence>
  <level>PASSED</level>
  <class>com.kms.katalon.core.logging.XmlKeywordLogger</class>
  <method>logMessage</method>
  <thread>1</thread>
  <message>Tapped on element &amp;apos;Object Repository/Homepage/IconPesan&amp;apos;</message>
  <nestedLevel>1</nestedLevel>
</record>
<record>
  <date>2019-08-19T17:26:26</date>
  <millis>1566210386825</millis>
  <sequence>40</sequence>
  <level>END</level>
  <class>com.kms.katalon.core.logging.XmlKeywordLogger</class>
  <method>endKeyword</method>
  <thread>1</thread>
  <message>End action : tap(findTestObject(\&amp;quot;Homepage/IconPesan\&amp;quot;), 0)</message>
  <nestedLevel>1</nestedLevel>
</record>
<record>
  <date>2019-08-19T17:26:26</date>
  <millis>1566210386825</millis>
  <sequence>41</sequence>
  <level>START</level>
  <class>com.kms.katalon.core.logging.XmlKeywordLogger</class>
  <method>startKeyword</method>
  <thread>1</thread>
  <message>Start action : tap(findTestObject(\&amp;quot;Daftar/Miscellanous/LinkDaftar\&amp;quot;), 0)</message>
  <nestedLevel>1</nestedLevel>
  <property name="startLine">22</property>
  <property name="stepIndex">4</property>
</record>
<record>
  <date>2019-08-19T17:26:26</date>
  <millis>1566210386841</millis>
  <sequence>45</sequence>
  <level>WARNING</level>
  <class>com.kms.katalon.core.logging.XmlKeywordLogger</class>
  <method>logMessage</method>
  <thread>1</thread>
  <message>Timeout &amp;apos;0&amp;apos; is invalid. Using default page load timeout: &amp;apos;30&amp;apos;</message>
  <nestedLevel>1</nestedLevel>
</record>
<record>
  <date>2019-08-19T17:26:29</date>
  <millis>1566210389719</millis>
  <sequence>46</sequence>
  <level>PASSED</level>
  <class>com.kms.katalon.core.logging.XmlKeywordLogger</class>
  <method>logMessage</method>
  <thread>1</thread>
  <message>Tapped on element &amp;apos;Object Repository/Daftar/Miscellanous/LinkDaftar&amp;apos;</message>
  <nestedLevel>1</nestedLevel>
</record>
<record>
  <date>2019-08-19T17:26:29</date>
  <millis>1566210389720</millis>
  <sequence>47</sequence>
  <level>END</level>
  <class>com.kms.katalon.core.logging.XmlKeywordLogger</class>
  <method>endKeyword</method>
  <thread>1</thread>
  <message>End action : tap(findTestObject(\&amp;quot;Daftar/Miscellanous/LinkDaftar\&amp;quot;), 0)</message>
  <nestedLevel>1</nestedLevel>
</record>
<record>
  <date>2019-08-19T17:26:29</date>
  <millis>1566210389720</millis>
  <sequence>48</sequence>
  <level>START</level>
  <class>com.kms.katalon.core.logging.XmlKeywordLogger</class>
  <method>startKeyword</method>
  <thread>1</thread>
  <message>Start action : setText(findTestObject(\&amp;quot;Daftar/Miscellanous/FieldUname\&amp;quot;), username, 0)</message>
  <nestedLevel>1</nestedLevel>
  <property name="startLine">24</property>
  <property name="stepIndex">5</property>
</record>
<record>
  <date>2019-08-19T17:26:29</date>
  <millis>1566210389755</millis>
  <sequence>52</sequence>
  <level>WARNING</level>
  <class>com.kms.katalon.core.logging.XmlKeywordLogger</class>
  <method>logMessage</method>
  <thread>1</thread>
  <message>Timeout &amp;apos;0&amp;apos; is invalid. Using default page load timeout: &amp;apos;30&amp;apos;</message>
  <nestedLevel>1</nestedLevel>
</record>
<record>
  <date>2019-08-19T17:26:31</date>
  <millis>1566210391249</millis>
  <sequence>53</sequence>
  <level>PASSED</level>
  <class>com.kms.katalon.core.logging.XmlKeywordLogger</class>
  <method>logMessage</method>
  <thread>1</thread>
  <message>Text &amp;apos;lieton30&amp;apos; has been set to element &amp;apos;Object Repository/Daftar/Miscellanous/FieldUname&amp;apos;</message>
  <nestedLevel>1</nestedLevel>
</record>
<record>
  <date>2019-08-19T17:26:31</date>
  <millis>1566210391250</millis>
  <sequence>54</sequence>
  <level>END</level>
  <class>com.kms.katalon.core.logging.XmlKeywordLogger</class>
  <method>endKeyword</method>
  <thread>1</thread>
  <message>End action : setText(findTestObject(\&amp;quot;Daftar/Miscellanous/FieldUname\&amp;quot;), username, 0)</message>
  <nestedLevel>1</nestedLevel>
</record>
<record>
  <date>2019-08-19T17:26:31</date>
  <millis>1566210391250</millis>
  <sequence>55</sequence>
  <level>START</level>
  <class>com.kms.katalon.core.logging.XmlKeywordLogger</class>
  <method>startKeyword</method>
  <thread>1</thread>
  <message>Start action : setText(findTestObject(\&amp;quot;Daftar/Miscellanous/FieldFullName\&amp;quot;), fullname, 0)</message>
  <nestedLevel>1</nestedLevel>
  <property name="startLine">26</property>
  <property name="stepIndex">6</property>
</record>
<record>
  <date>2019-08-19T17:26:31</date>
  <millis>1566210391262</millis>
  <sequence>59</sequence>
  <level>WARNING</level>
  <class>com.kms.katalon.core.logging.XmlKeywordLogger</class>
  <method>logMessage</method>
  <thread>1</thread>
  <message>Timeout &amp;apos;0&amp;apos; is invalid. Using default page load timeout: &amp;apos;30&amp;apos;</message>
  <nestedLevel>1</nestedLevel>
</record>
<record>
  <date>2019-08-19T17:26:33</date>
  <millis>1566210393030</millis>
  <sequence>60</sequence>
  <level>PASSED</level>
  <class>com.kms.katalon.core.logging.XmlKeywordLogger</class>
  <method>logMessage</method>
  <thread>1</thread>
  <message>Text &amp;apos;Hartono Rusli&amp;apos; has been set to element &amp;apos;Object Repository/Daftar/Miscellanous/FieldFullName&amp;apos;</message>
  <nestedLevel>1</nestedLevel>
</record>
<record>
  <date>2019-08-19T17:26:33</date>
  <millis>1566210393031</millis>
  <sequence>61</sequence>
  <level>END</level>
  <class>com.kms.katalon.core.logging.XmlKeywordLogger</class>
  <method>endKeyword</method>
  <thread>1</thread>
  <message>End action : setText(findTestObject(\&amp;quot;Daftar/Miscellanous/FieldFullName\&amp;quot;), fullname, 0)</message>
  <nestedLevel>1</nestedLevel>
</record>
<record>
  <date>2019-08-19T17:26:33</date>
  <millis>1566210393031</millis>
  <sequence>62</sequence>
  <level>START</level>
  <class>com.kms.katalon.core.logging.XmlKeywordLogger</class>
  <method>startKeyword</method>
  <thread>1</thread>
  <message>Start action : setText(findTestObject(\&amp;quot;Daftar/Miscellanous/FieldEmail\&amp;quot;), email, 0)</message>
  <nestedLevel>1</nestedLevel>
  <property name="startLine">28</property>
  <property name="stepIndex">7</property>
</record>
<record>
  <date>2019-08-19T17:26:33</date>
  <millis>1566210393047</millis>
  <sequence>66</sequence>
  <level>WARNING</level>
  <class>com.kms.katalon.core.logging.XmlKeywordLogger</class>
  <method>logMessage</method>
  <thread>1</thread>
  <message>Timeout &amp;apos;0&amp;apos; is invalid. Using default page load timeout: &amp;apos;30&amp;apos;</message>
  <nestedLevel>1</nestedLevel>
</record>
<record>
  <date>2019-08-19T17:26:34</date>
  <millis>1566210394797</millis>
  <sequence>67</sequence>
  <level>PASSED</level>
  <class>com.kms.katalon.core.logging.XmlKeywordLogger</class>
  <method>logMessage</method>
  <thread>1</thread>
  <message>Text &amp;apos;lieton27@gmail.com&amp;apos; has been set to element &amp;apos;Object Repository/Daftar/Miscellanous/FieldEmail&amp;apos;</message>
  <nestedLevel>1</nestedLevel>
</record>
<record>
  <date>2019-08-19T17:26:34</date>
  <millis>1566210394797</millis>
  <sequence>68</sequence>
  <level>END</level>
  <class>com.kms.katalon.core.logging.XmlKeywordLogger</class>
  <method>endKeyword</method>
  <thread>1</thread>
  <message>End action : setText(findTestObject(\&amp;quot;Daftar/Miscellanous/FieldEmail\&amp;quot;), email, 0)</message>
  <nestedLevel>1</nestedLevel>
</record>
<record>
  <date>2019-08-19T17:26:34</date>
  <millis>1566210394798</millis>
  <sequence>69</sequence>
  <level>START</level>
  <class>com.kms.katalon.core.logging.XmlKeywordLogger</class>
  <method>startKeyword</method>
  <thread>1</thread>
  <message>Start action : setText(findTestObject(\&amp;quot;Daftar/Miscellanous/FieldPassword\&amp;quot;), password, 0)</message>
  <nestedLevel>1</nestedLevel>
  <property name="startLine">30</property>
  <property name="stepIndex">8</property>
</record>
<record>
  <date>2019-08-19T17:26:34</date>
  <millis>1566210394811</millis>
  <sequence>73</sequence>
  <level>WARNING</level>
  <class>com.kms.katalon.core.logging.XmlKeywordLogger</class>
  <method>logMessage</method>
  <thread>1</thread>
  <message>Timeout &amp;apos;0&amp;apos; is invalid. Using default page load timeout: &amp;apos;30&amp;apos;</message>
  <nestedLevel>1</nestedLevel>
</record>
<record>
  <date>2019-08-19T17:26:36</date>
  <millis>1566210396730</millis>
  <sequence>74</sequence>
  <level>PASSED</level>
  <class>com.kms.katalon.core.logging.XmlKeywordLogger</class>
  <method>logMessage</method>
  <thread>1</thread>
  <message>Text &amp;apos;Application1&amp;apos; has been set to element &amp;apos;Object Repository/Daftar/Miscellanous/FieldPassword&amp;apos;</message>
  <nestedLevel>1</nestedLevel>
</record>
<record>
  <date>2019-08-19T17:26:36</date>
  <millis>1566210396731</millis>
  <sequence>75</sequence>
  <level>END</level>
  <class>com.kms.katalon.core.logging.XmlKeywordLogger</class>
  <method>endKeyword</method>
  <thread>1</thread>
  <message>End action : setText(findTestObject(\&amp;quot;Daftar/Miscellanous/FieldPassword\&amp;quot;), password, 0)</message>
  <nestedLevel>1</nestedLevel>
</record>
<record>
  <date>2019-08-19T17:26:36</date>
  <millis>1566210396731</millis>
  <sequence>76</sequence>
  <level>START</level>
  <class>com.kms.katalon.core.logging.XmlKeywordLogger</class>
  <method>startKeyword</method>
  <thread>1</thread>
  <message>Start action : setText(findTestObject(\&amp;quot;Daftar/Miscellanous/FieldVerifPass\&amp;quot;), vPassword, 0)</message>
  <nestedLevel>1</nestedLevel>
  <property name="startLine">32</property>
  <property name="stepIndex">9</property>
</record>
<record>
  <date>2019-08-19T17:26:36</date>
  <millis>1566210396746</millis>
  <sequence>80</sequence>
  <level>WARNING</level>
  <class>com.kms.katalon.core.logging.XmlKeywordLogger</class>
  <method>logMessage</method>
  <thread>1</thread>
  <message>Timeout &amp;apos;0&amp;apos; is invalid. Using default page load timeout: &amp;apos;30&amp;apos;</message>
  <nestedLevel>1</nestedLevel>
</record>
<record>
  <date>2019-08-19T17:26:39</date>
  <millis>1566210399061</millis>
  <sequence>81</sequence>
  <level>PASSED</level>
  <class>com.kms.katalon.core.logging.XmlKeywordLogger</class>
  <method>logMessage</method>
  <thread>1</thread>
  <message>Text &amp;apos;Application1&amp;apos; has been set to element &amp;apos;Object Repository/Daftar/Miscellanous/FieldVerifPass&amp;apos;</message>
  <nestedLevel>1</nestedLevel>
</record>
<record>
  <date>2019-08-19T17:26:39</date>
  <millis>1566210399062</millis>
  <sequence>82</sequence>
  <level>END</level>
  <class>com.kms.katalon.core.logging.XmlKeywordLogger</class>
  <method>endKeyword</method>
  <thread>1</thread>
  <message>End action : setText(findTestObject(\&amp;quot;Daftar/Miscellanous/FieldVerifPass\&amp;quot;), vPassword, 0)</message>
  <nestedLevel>1</nestedLevel>
</record>
<record>
  <date>2019-08-19T17:26:39</date>
  <millis>1566210399062</millis>
  <sequence>83</sequence>
  <level>START</level>
  <class>com.kms.katalon.core.logging.XmlKeywordLogger</class>
  <method>startKeyword</method>
  <thread>1</thread>
  <message>Start action : setText(findTestObject(\&amp;quot;Daftar/Miscellanous/FieldPhone\&amp;quot;), phone, 0)</message>
  <nestedLevel>1</nestedLevel>
  <property name="startLine">34</property>
  <property name="stepIndex">10</property>
</record>
<record>
  <date>2019-08-19T17:26:39</date>
  <millis>1566210399077</millis>
  <sequence>87</sequence>
  <level>WARNING</level>
  <class>com.kms.katalon.core.logging.XmlKeywordLogger</class>
  <method>logMessage</method>
  <thread>1</thread>
  <message>Timeout &amp;apos;0&amp;apos; is invalid. Using default page load timeout: &amp;apos;30&amp;apos;</message>
  <nestedLevel>1</nestedLevel>
</record>
<record>
  <date>2019-08-19T17:26:40</date>
  <millis>1566210400854</millis>
  <sequence>88</sequence>
  <level>PASSED</level>
  <class>com.kms.katalon.core.logging.XmlKeywordLogger</class>
  <method>logMessage</method>
  <thread>1</thread>
  <message>Text &amp;apos;082297476950&amp;apos; has been set to element &amp;apos;Object Repository/Daftar/Miscellanous/FieldPhone&amp;apos;</message>
  <nestedLevel>1</nestedLevel>
</record>
<record>
  <date>2019-08-19T17:26:40</date>
  <millis>1566210400854</millis>
  <sequence>89</sequence>
  <level>END</level>
  <class>com.kms.katalon.core.logging.XmlKeywordLogger</class>
  <method>endKeyword</method>
  <thread>1</thread>
  <message>End action : setText(findTestObject(\&amp;quot;Daftar/Miscellanous/FieldPhone\&amp;quot;), phone, 0)</message>
  <nestedLevel>1</nestedLevel>
</record>
<record>
  <date>2019-08-19T17:26:40</date>
  <millis>1566210400855</millis>
  <sequence>90</sequence>
  <level>START</level>
  <class>com.kms.katalon.core.logging.XmlKeywordLogger</class>
  <method>startKeyword</method>
  <thread>1</thread>
  <message>Start action : if (isEmpty.toString() == \&amp;quot;username\&amp;quot;)</message>
  <nestedLevel>1</nestedLevel>
  <property name="startLine">36</property>
  <property name="stepIndex">11</property>
</record>
<record>
  <date>2019-08-19T17:26:40</date>
  <millis>1566210400859</millis>
  <sequence>91</sequence>
  <level>START</level>
  <class>com.kms.katalon.core.logging.XmlKeywordLogger</class>
  <method>startKeyword</method>
  <thread>1</thread>
  <message>Start action : clearText(findTestObject(\&amp;quot;Daftar/Miscellanous/FieldUname\&amp;quot;), 0)</message>
  <nestedLevel>2</nestedLevel>
  <property name="startLine">37</property>
  <property name="stepIndex">1</property>
</record>
<record>
  <date>2019-08-19T17:26:40</date>
  <millis>1566210400885</millis>
  <sequence>95</sequence>
  <level>WARNING</level>
  <class>com.kms.katalon.core.logging.XmlKeywordLogger</class>
  <method>logMessage</method>
  <thread>1</thread>
  <message>Timeout &amp;apos;0&amp;apos; is invalid. Using default page load timeout: &amp;apos;30&amp;apos;</message>
  <nestedLevel>1</nestedLevel>
</record>
<record>
  <date>2019-08-19T17:26:41</date>
  <millis>1566210401688</millis>
  <sequence>96</sequence>
  <level>PASSED</level>
  <class>com.kms.katalon.core.logging.XmlKeywordLogger</class>
  <method>logMessage</method>
  <thread>1</thread>
  <message>Element &amp;apos;Object Repository/Daftar/Miscellanous/FieldUname&amp;apos; text is cleared</message>
  <nestedLevel>1</nestedLevel>
</record>
<record>
  <date>2019-08-19T17:26:41</date>
  <millis>1566210401689</millis>
  <sequence>97</sequence>
  <level>END</level>
  <class>com.kms.katalon.core.logging.XmlKeywordLogger</class>
  <method>endKeyword</method>
  <thread>1</thread>
  <message>End action : clearText(findTestObject(\&amp;quot;Daftar/Miscellanous/FieldUname\&amp;quot;), 0)</message>
  <nestedLevel>2</nestedLevel>
</record>
<record>
  <date>2019-08-19T17:26:41</date>
  <millis>1566210401690</millis>
  <sequence>98</sequence>
  <level>START</level>
  <class>com.kms.katalon.core.logging.XmlKeywordLogger</class>
  <method>startKeyword</method>
  <thread>1</thread>
  <message>Start action : tap(findTestObject(\&amp;quot;Daftar/Miscellanous/BtnDaftar\&amp;quot;), 0)</message>
  <nestedLevel>2</nestedLevel>
  <property name="startLine">39</property>
  <property name="stepIndex">2</property>
</record>
<record>
  <date>2019-08-19T17:26:41</date>
  <millis>1566210401701</millis>
  <sequence>102</sequence>
  <level>WARNING</level>
  <class>com.kms.katalon.core.logging.XmlKeywordLogger</class>
  <method>logMessage</method>
  <thread>1</thread>
  <message>Timeout &amp;apos;0&amp;apos; is invalid. Using default page load timeout: &amp;apos;30&amp;apos;</message>
  <nestedLevel>1</nestedLevel>
</record>
<record>
  <date>2019-08-19T17:26:43</date>
  <millis>1566210403331</millis>
  <sequence>103</sequence>
  <level>PASSED</level>
  <class>com.kms.katalon.core.logging.XmlKeywordLogger</class>
  <method>logMessage</method>
  <thread>1</thread>
  <message>Tapped on element &amp;apos;Object Repository/Daftar/Miscellanous/BtnDaftar&amp;apos;</message>
  <nestedLevel>1</nestedLevel>
</record>
<record>
  <date>2019-08-19T17:26:43</date>
  <millis>1566210403332</millis>
  <sequence>104</sequence>
  <level>END</level>
  <class>com.kms.katalon.core.logging.XmlKeywordLogger</class>
  <method>endKeyword</method>
  <thread>1</thread>
  <message>End action : tap(findTestObject(\&amp;quot;Daftar/Miscellanous/BtnDaftar\&amp;quot;), 0)</message>
  <nestedLevel>2</nestedLevel>
</record>
<record>
  <date>2019-08-19T17:26:43</date>
  <millis>1566210403332</millis>
  <sequence>105</sequence>
  <level>START</level>
  <class>com.kms.katalon.core.logging.XmlKeywordLogger</class>
  <method>startKeyword</method>
  <thread>1</thread>
  <message>Start action : delay(3, STOP_ON_FAILURE)</message>
  <nestedLevel>2</nestedLevel>
  <property name="startLine">41</property>
  <property name="stepIndex">3</property>
</record>
<record>
  <date>2019-08-19T17:26:46</date>
  <millis>1566210406381</millis>
  <sequence>107</sequence>
  <level>PASSED</level>
  <class>com.kms.katalon.core.logging.XmlKeywordLogger</class>
  <method>logMessage</method>
  <thread>1</thread>
  <message>Delayed 3 second(s)</message>
  <nestedLevel>1</nestedLevel>
</record>
<record>
  <date>2019-08-19T17:26:46</date>
  <millis>1566210406382</millis>
  <sequence>108</sequence>
  <level>END</level>
  <class>com.kms.katalon.core.logging.XmlKeywordLogger</class>
  <method>endKeyword</method>
  <thread>1</thread>
  <message>End action : delay(3, STOP_ON_FAILURE)</message>
  <nestedLevel>2</nestedLevel>
</record>
<record>
  <date>2019-08-19T17:26:46</date>
  <millis>1566210406382</millis>
  <sequence>109</sequence>
  <level>START</level>
  <class>com.kms.katalon.core.logging.XmlKeywordLogger</class>
  <method>startKeyword</method>
  <thread>1</thread>
  <message>Start action : verifyElementVisible(findTestObject(\&amp;quot;Daftar/Warnings/WarnEmail\&amp;quot;), 0)</message>
  <nestedLevel>2</nestedLevel>
  <property name="startLine">43</property>
  <property name="stepIndex">4</property>
</record>
<record>
  <date>2019-08-19T17:26:46</date>
  <millis>1566210406413</millis>
  <sequence>113</sequence>
  <level>WARNING</level>
  <class>com.kms.katalon.core.logging.XmlKeywordLogger</class>
  <method>logMessage</method>
  <thread>1</thread>
  <message>Timeout &amp;apos;0&amp;apos; is invalid. Using default page load timeout: &amp;apos;30&amp;apos;</message>
  <nestedLevel>1</nestedLevel>
</record>
