[35m[Appium][39m Welcome to Appium v1.8.1
[35m[Appium][39m Non-default server args:
[35m[Appium][39m   port: 51055
[35m[Appium][39m   loglevel: info
[35m[Appium][39m   chromeDriverPort: 51056
[35m[Appium][39m   tmpDir: C:\Users\lieto\AppData\Local\Temp\\Katalon\Appium\Temp1566283542867
[35m[Appium][39m Appium REST http interface listener started on 0.0.0.0:51055
[35m[HTTP][39m [37m-->[39m [37mGET[39m [37m/wd/hub/status[39m
[35m[HTTP][39m [90m{}[39m
[35m[HTTP][39m [37m<-- GET /wd/hub/status [39m[32m200[39m [90m16 ms - 83[39m
[35m[HTTP][39m [90m[39m
[35m[HTTP][39m [37m-->[39m [37mPOST[39m [37m/wd/hub/session[39m
[35m[HTTP][39m [90m{"desiredCapabilities":{"app":"D:\\State's Secret\\Internsheeepppppp\\Project\\accmart.apk","noReset":false,"newCommandTimeout":1800,"platformVersion":"9","automationName":"uiautomator2","autoGrantPermissions":true,"platformName":"Android","udid":"32008eeec002a5eb","deviceName":"samsung SM-A750GN (Android 9)","fullReset":true,"platform":"ANDROID"},"capabilities":{"firstMatch":[{"appium:app":"D:\\State's Secret\\Internsheeepppppp\\Project\\accmart.apk","appium:autoGrantPermissions":true,"appium:automationName":"uiautomator2","appium:deviceName":"samsung SM-A750GN (Android 9)","appium:fullReset":true,"appium:newCommandTimeout":1800,"appium:noReset":false,"platform":"ANDROID","platformName":"android","appium:platformVersion":"9","appium:udid":"32008eeec002a5eb"}]}}[39m
[35m[BaseDriver][39m The capabilities ["platform"] are not standard capabilities and should have an extension prefix
[35m[Appium][39m Creating new AndroidUiautomator2Driver (v1.12.0) session
[35m[Appium][39m Capabilities:
[35m[Appium][39m   platform: ANDROID
[35m[Appium][39m   platformName: android
[35m[Appium][39m   app: D:\State's Secret\Internsheeepppppp\Project\accmart.apk
[35m[Appium][39m   autoGrantPermissions: true
[35m[Appium][39m   automationName: uiautomator2
[35m[Appium][39m   deviceName: samsung SM-A750GN (Android 9)
[35m[Appium][39m   fullReset: true
[35m[Appium][39m   newCommandTimeout: 1800
[35m[Appium][39m   noReset: false
[35m[Appium][39m   platformVersion: 9
[35m[Appium][39m   udid: 32008eeec002a5eb
[35m[BaseDriver][39m The following capabilities were provided, but are not recognized by appium: platform.
[35m[BaseDriver][39m Session created with session id: a77340e4-53df-4914-9d64-9c7fbe90bafd
[35m[BaseDriver][39m Using local app 'D:\State's Secret\Internsheeepppppp\Project\accmart.apk'
[35m[AndroidDriver][39m Java version is: 1.8.0_181
[35m[ADB][39m Checking whether adb is present
[35m[ADB][39m Found 1 'build-tools' folders under 'C:\Users\lieto\.katalon\tools\android_sdk' (newest first):
[35m[ADB][39m     C:/Users/lieto/.katalon/tools/android_sdk/build-tools/29.0.2
[35m[ADB][39m Using adb.exe from C:\Users\lieto\.katalon\tools\android_sdk\platform-tools\adb.exe
[35m[AndroidDriver][39m Retrieving device list
[35m[AndroidDriver][39m Using device: 32008eeec002a5eb
[35m[ADB][39m Using the alternative activity name detection method because of: Could not find apkanalyzer.bat in C:\Users\lieto\.katalon\tools\android_sdk\platform-tools\apkanalyzer.bat,C:\Users\lieto\.katalon\tools\android_sdk\emulator\apkanalyzer.bat,C:\Users\lieto\.katalon\tools\android_sdk\tools\apkanalyzer.bat,C:\Users\lieto\.katalon\tools\android_sdk\tools\bin\apkanalyzer.bat,C:\Users\lieto\.katalon\tools\android_sdk\build-tools\29.0.2\apkanalyzer.bat. Do you have the Android SDK installed at 'C:\Users\lieto\.katalon\tools\android_sdk'?
[35m[ADB][39m Checking whether aapt is present
[35m[ADB][39m Using aapt.exe from C:\Users\lieto\.katalon\tools\android_sdk\build-tools\29.0.2\aapt.exe
[35m[ADB][39m Extracting package and launch activity from manifest
[35m[ADB][39m Package name: 'com.outsystemsenterprise.acctst1.ACCMart'
[35m[ADB][39m Main activity name: 'com.outsystemsenterprise.acctst1.ACCMart.MainActivity'
[35m[ADB][39m Getting device platform version
[35m[ADB][39m Using apksigner.bat from C:\Users\lieto\.katalon\tools\android_sdk\build-tools\29.0.2\apksigner.bat
[35m[ADB][39m Cannot read version codes of 'C:\Users\lieto\AppData\Roaming\npm\node_modules\appium\node_modules\appium-uiautomator2-server\apks\appium-uiautomator2-server-debug-androidTest.apk' and/or 'io.appium.uiautomator2.server.test'
[35m[ADB][39m Cannot read version names of 'C:\Users\lieto\AppData\Roaming\npm\node_modules\appium\node_modules\appium-uiautomator2-server\apks\appium-uiautomator2-server-debug-androidTest.apk' and/or 'io.appium.uiautomator2.server.test'. Assuming correct app version is already installed
[35m[AndroidDriver][39m setDeviceLanguageCountry requires language or country.
[35m[AndroidDriver][39m Got language: 'null' and country: 'null'
[35m[ADB][39m Successfully extracted 43 strings from 'D:\State's Secret\Internsheeepppppp\Project\accmart.apk' resources for '(default)' configuration
[35m[ADB][39m com.outsystemsenterprise.acctst1.ACCMart was not uninstalled, because it was not present on the device
[35m[UiAutomator2][39m Starting uiautomator2 server 1.12.0
[35m[UiAutomator2][39m Using UIAutomator2 server from 'C:\Users\lieto\AppData\Roaming\npm\node_modules\appium\node_modules\appium-uiautomator2-server\apks\appium-uiautomator2-server-v1.12.0.apk' and test from 'C:\Users\lieto\AppData\Roaming\npm\node_modules\appium\node_modules\appium-uiautomator2-server\apks\appium-uiautomator2-server-debug-androidTest.apk'
[35m[UiAutomator2][39m Running command: 'adb -s 32008eeec002a5eb shell am instrument -w io.appium.uiautomator2.server.test/android.support.test.runner.AndroidJUnitRunner'
[35m[UiAutomator2][39m Waiting up to 20000ms for UiAutomator2 to be online...
[35m[AndroidDriver][39m Screen already unlocked, doing nothing
[35m[UiAutomator2][39m UiAutomator2 did not start the activity we were waiting for, 'com.outsystemsenterprise.acctst1.ACCMart/com.outsystemsenterprise.acctst1.ACCMart.MainActivity'. Starting it ourselves
[35m[Appium][39m New AndroidUiautomator2Driver session created successfully, session a77340e4-53df-4914-9d64-9c7fbe90bafd added to master session list
[35m[HTTP][39m [37m<-- POST /wd/hub/session [39m[32m200[39m [90m37789 ms - 1225[39m
[35m[HTTP][39m [90m[39m
[35m[HTTP][39m [37m-->[39m [37mGET[39m [37m/wd/hub/session/a77340e4-53df-4914-9d64-9c7fbe90bafd[39m
[35m[HTTP][39m [90m{}[39m
[35m[HTTP][39m [37m<-- GET /wd/hub/session/a77340e4-53df-4914-9d64-9c7fbe90bafd [39m[32m200[39m [90m40 ms - 1157[39m
[35m[HTTP][39m [90m[39m
[35m[HTTP][39m [37m-->[39m [37mGET[39m [37m/wd/hub/session/a77340e4-53df-4914-9d64-9c7fbe90bafd[39m
[35m[HTTP][39m [90m{}[39m
[35m[HTTP][39m [37m<-- GET /wd/hub/session/a77340e4-53df-4914-9d64-9c7fbe90bafd [39m[32m200[39m [90m35 ms - 1157[39m
[35m[HTTP][39m [90m[39m
[35m[HTTP][39m [37m-->[39m [37mGET[39m [37m/wd/hub/status[39m
[35m[HTTP][39m [90m{}[39m
[35m[HTTP][39m [37m<-- GET /wd/hub/status [39m[32m200[39m [90m6 ms - 55[39m
[35m[HTTP][39m [90m[39m
[35m[HTTP][39m [37m-->[39m [37mPOST[39m [37m/wd/hub/session/a77340e4-53df-4914-9d64-9c7fbe90bafd/timeouts[39m
[35m[HTTP][39m [90m{"implicit":30000}[39m
[35m[HTTP][39m [37m<-- POST /wd/hub/session/a77340e4-53df-4914-9d64-9c7fbe90bafd/timeouts [39m[32m200[39m [90m11 ms - 14[39m
[35m[HTTP][39m [90m[39m
[35m[HTTP][39m [37m-->[39m [37mPOST[39m [37m/wd/hub/session/a77340e4-53df-4914-9d64-9c7fbe90bafd/timeouts[39m
[35m[HTTP][39m [90m{"implicit":50}[39m
[35m[HTTP][39m [37m<-- POST /wd/hub/session/a77340e4-53df-4914-9d64-9c7fbe90bafd/timeouts [39m[32m200[39m [90m4 ms - 14[39m
[35m[HTTP][39m [90m[39m
[35m[HTTP][39m [37m-->[39m [37mGET[39m [37m/wd/hub/session/a77340e4-53df-4914-9d64-9c7fbe90bafd/window/rect[39m
[35m[HTTP][39m [90m{}[39m
[35m[HTTP][39m [37m<-- GET /wd/hub/session/a77340e4-53df-4914-9d64-9c7fbe90bafd/window/rect [39m[32m200[39m [90m111 ms - 50[39m
[35m[HTTP][39m [90m[39m
[35m[HTTP][39m [37m-->[39m [37mPOST[39m [37m/wd/hub/session/a77340e4-53df-4914-9d64-9c7fbe90bafd/elements[39m
[35m[HTTP][39m [90m{"using":"-android uiautomator","value":"new UiSelector().className(\"android.view.View\").text(\"MobiMartTheme.PESAN_ICON\")"}[39m
[35m[HTTP][39m [37m<-- POST /wd/hub/session/a77340e4-53df-4914-9d64-9c7fbe90bafd/elements [39m[32m200[39m [90m122 ms - 12[39m
[35m[HTTP][39m [90m[39m
[35m[HTTP][39m [37m-->[39m [37mPOST[39m [37m/wd/hub/session/a77340e4-53df-4914-9d64-9c7fbe90bafd/elements[39m
[35m[HTTP][39m [90m{"using":"-android uiautomator","value":"new UiSelector().className(\"android.view.View\").text(\"MobiMartTheme.PESAN_ICON\")"}[39m
[35m[HTTP][39m [37m<-- POST /wd/hub/session/a77340e4-53df-4914-9d64-9c7fbe90bafd/elements [39m[32m200[39m [90m694 ms - 12[39m
[35m[HTTP][39m [90m[39m
[35m[HTTP][39m [37m-->[39m [37mPOST[39m [37m/wd/hub/session/a77340e4-53df-4914-9d64-9c7fbe90bafd/elements[39m
[35m[HTTP][39m [90m{"using":"-android uiautomator","value":"new UiSelector().className(\"android.view.View\").text(\"MobiMartTheme.PESAN_ICON\")"}[39m
[35m[HTTP][39m [37m<-- POST /wd/hub/session/a77340e4-53df-4914-9d64-9c7fbe90bafd/elements [39m[32m200[39m [90m1436 ms - 12[39m
[35m[HTTP][39m [90m[39m
[35m[HTTP][39m [37m-->[39m [37mPOST[39m [37m/wd/hub/session/a77340e4-53df-4914-9d64-9c7fbe90bafd/elements[39m
[35m[HTTP][39m [90m{"using":"-android uiautomator","value":"new UiSelector().className(\"android.view.View\").text(\"MobiMartTheme.PESAN_ICON\")"}[39m
[35m[HTTP][39m [37m<-- POST /wd/hub/session/a77340e4-53df-4914-9d64-9c7fbe90bafd/elements [39m[32m200[39m [90m133 ms - 12[39m
[35m[HTTP][39m [90m[39m
[35m[HTTP][39m [37m-->[39m [37mPOST[39m [37m/wd/hub/session/a77340e4-53df-4914-9d64-9c7fbe90bafd/elements[39m
[35m[HTTP][39m [90m{"using":"-android uiautomator","value":"new UiSelector().className(\"android.view.View\").text(\"MobiMartTheme.PESAN_ICON\")"}[39m
[35m[HTTP][39m [37m<-- POST /wd/hub/session/a77340e4-53df-4914-9d64-9c7fbe90bafd/elements [39m[32m200[39m [90m103 ms - 12[39m
[35m[HTTP][39m [90m[39m
[35m[HTTP][39m [37m-->[39m [37mPOST[39m [37m/wd/hub/session/a77340e4-53df-4914-9d64-9c7fbe90bafd/elements[39m
[35m[HTTP][39m [90m{"using":"-android uiautomator","value":"new UiSelector().className(\"android.view.View\").text(\"MobiMartTheme.PESAN_ICON\")"}[39m
[35m[HTTP][39m [37m<-- POST /wd/hub/session/a77340e4-53df-4914-9d64-9c7fbe90bafd/elements [39m[32m200[39m [90m102 ms - 12[39m
[35m[HTTP][39m [90m[39m
[35m[HTTP][39m [37m-->[39m [37mPOST[39m [37m/wd/hub/session/a77340e4-53df-4914-9d64-9c7fbe90bafd/elements[39m
[35m[HTTP][39m [90m{"using":"-android uiautomator","value":"new UiSelector().className(\"android.view.View\").text(\"MobiMartTheme.PESAN_ICON\")"}[39m
[35m[HTTP][39m [37m<-- POST /wd/hub/session/a77340e4-53df-4914-9d64-9c7fbe90bafd/elements [39m[32m200[39m [90m88 ms - 12[39m
[35m[HTTP][39m [90m[39m
[35m[HTTP][39m [37m-->[39m [37mPOST[39m [37m/wd/hub/session/a77340e4-53df-4914-9d64-9c7fbe90bafd/elements[39m
[35m[HTTP][39m [90m{"using":"-android uiautomator","value":"new UiSelector().className(\"android.view.View\").text(\"MobiMartTheme.PESAN_ICON\")"}[39m
[35m[HTTP][39m [37m<-- POST /wd/hub/session/a77340e4-53df-4914-9d64-9c7fbe90bafd/elements [39m[32m200[39m [90m137 ms - 12[39m
[35m[HTTP][39m [90m[39m
[35m[HTTP][39m [37m-->[39m [37mPOST[39m [37m/wd/hub/session/a77340e4-53df-4914-9d64-9c7fbe90bafd/elements[39m
[35m[HTTP][39m [90m{"using":"-android uiautomator","value":"new UiSelector().className(\"android.view.View\").text(\"MobiMartTheme.PESAN_ICON\")"}[39m
[35m[HTTP][39m [37m<-- POST /wd/hub/session/a77340e4-53df-4914-9d64-9c7fbe90bafd/elements [39m[32m200[39m [90m130 ms - 12[39m
[35m[HTTP][39m [90m[39m
[35m[HTTP][39m [37m-->[39m [37mPOST[39m [37m/wd/hub/session/a77340e4-53df-4914-9d64-9c7fbe90bafd/elements[39m
[35m[HTTP][39m [90m{"using":"-android uiautomator","value":"new UiSelector().className(\"android.view.View\").text(\"MobiMartTheme.PESAN_ICON\")"}[39m
[35m[HTTP][39m [37m<-- POST /wd/hub/session/a77340e4-53df-4914-9d64-9c7fbe90bafd/elements [39m[32m200[39m [90m117 ms - 12[39m
[35m[HTTP][39m [90m[39m
[35m[HTTP][39m [37m-->[39m [37mPOST[39m [37m/wd/hub/session/a77340e4-53df-4914-9d64-9c7fbe90bafd/elements[39m
[35m[HTTP][39m [90m{"using":"-android uiautomator","value":"new UiSelector().className(\"android.view.View\").text(\"MobiMartTheme.PESAN_ICON\")"}[39m
[35m[HTTP][39m [37m<-- POST /wd/hub/session/a77340e4-53df-4914-9d64-9c7fbe90bafd/elements [39m[32m200[39m [90m119 ms - 12[39m
[35m[HTTP][39m [90m[39m
[35m[HTTP][39m [37m-->[39m [37mPOST[39m [37m/wd/hub/session/a77340e4-53df-4914-9d64-9c7fbe90bafd/elements[39m
[35m[HTTP][39m [90m{"using":"-android uiautomator","value":"new UiSelector().className(\"android.view.View\").text(\"MobiMartTheme.PESAN_ICON\")"}[39m
[35m[HTTP][39m [37m<-- POST /wd/hub/session/a77340e4-53df-4914-9d64-9c7fbe90bafd/elements [39m[32m200[39m [90m123 ms - 12[39m
[35m[HTTP][39m [90m[39m
[35m[HTTP][39m [37m-->[39m [37mPOST[39m [37m/wd/hub/session/a77340e4-53df-4914-9d64-9c7fbe90bafd/elements[39m
[35m[HTTP][39m [90m{"using":"-android uiautomator","value":"new UiSelector().className(\"android.view.View\").text(\"MobiMartTheme.PESAN_ICON\")"}[39m
[35m[HTTP][39m [37m<-- POST /wd/hub/session/a77340e4-53df-4914-9d64-9c7fbe90bafd/elements [39m[32m200[39m [90m118 ms - 12[39m
[35m[HTTP][39m [90m[39m
[35m[HTTP][39m [37m-->[39m [37mPOST[39m [37m/wd/hub/session/a77340e4-53df-4914-9d64-9c7fbe90bafd/elements[39m
[35m[HTTP][39m [90m{"using":"-android uiautomator","value":"new UiSelector().className(\"android.view.View\").text(\"MobiMartTheme.PESAN_ICON\")"}[39m
[35m[HTTP][39m [37m<-- POST /wd/hub/session/a77340e4-53df-4914-9d64-9c7fbe90bafd/elements [39m[32m200[39m [90m124 ms - 12[39m
[35m[HTTP][39m [90m[39m
[35m[HTTP][39m [37m-->[39m [37mPOST[39m [37m/wd/hub/session/a77340e4-53df-4914-9d64-9c7fbe90bafd/elements[39m
[35m[HTTP][39m [90m{"using":"-android uiautomator","value":"new UiSelector().className(\"android.view.View\").text(\"MobiMartTheme.PESAN_ICON\")"}[39m
[35m[HTTP][39m [37m<-- POST /wd/hub/session/a77340e4-53df-4914-9d64-9c7fbe90bafd/elements [39m[32m200[39m [90m100 ms - 12[39m
[35m[HTTP][39m [90m[39m
[35m[HTTP][39m [37m-->[39m [37mPOST[39m [37m/wd/hub/session/a77340e4-53df-4914-9d64-9c7fbe90bafd/elements[39m
[35m[HTTP][39m [90m{"using":"-android uiautomator","value":"new UiSelector().className(\"android.view.View\").text(\"MobiMartTheme.PESAN_ICON\")"}[39m
[35m[HTTP][39m [37m<-- POST /wd/hub/session/a77340e4-53df-4914-9d64-9c7fbe90bafd/elements [39m[32m200[39m [90m97 ms - 12[39m
[35m[HTTP][39m [90m[39m
[35m[HTTP][39m [37m-->[39m [37mPOST[39m [37m/wd/hub/session/a77340e4-53df-4914-9d64-9c7fbe90bafd/elements[39m
[35m[HTTP][39m [90m{"using":"-android uiautomator","value":"new UiSelector().className(\"android.view.View\").text(\"MobiMartTheme.PESAN_ICON\")"}[39m
[35m[HTTP][39m [37m<-- POST /wd/hub/session/a77340e4-53df-4914-9d64-9c7fbe90bafd/elements [39m[32m200[39m [90m106 ms - 12[39m
[35m[HTTP][39m [90m[39m
[35m[HTTP][39m [37m-->[39m [37mPOST[39m [37m/wd/hub/session/a77340e4-53df-4914-9d64-9c7fbe90bafd/elements[39m
[35m[HTTP][39m [90m{"using":"-android uiautomator","value":"new UiSelector().className(\"android.view.View\").text(\"MobiMartTheme.PESAN_ICON\")"}[39m
[35m[HTTP][39m [37m<-- POST /wd/hub/session/a77340e4-53df-4914-9d64-9c7fbe90bafd/elements [39m[32m200[39m [90m95 ms - 12[39m
[35m[HTTP][39m [90m[39m
[35m[HTTP][39m [37m-->[39m [37mPOST[39m [37m/wd/hub/session/a77340e4-53df-4914-9d64-9c7fbe90bafd/elements[39m
[35m[HTTP][39m [90m{"using":"-android uiautomator","value":"new UiSelector().className(\"android.view.View\").text(\"MobiMartTheme.PESAN_ICON\")"}[39m
[35m[HTTP][39m [37m<-- POST /wd/hub/session/a77340e4-53df-4914-9d64-9c7fbe90bafd/elements [39m[32m200[39m [90m102 ms - 12[39m
[35m[HTTP][39m [90m[39m
[35m[HTTP][39m [37m-->[39m [37mPOST[39m [37m/wd/hub/session/a77340e4-53df-4914-9d64-9c7fbe90bafd/elements[39m
[35m[HTTP][39m [90m{"using":"-android uiautomator","value":"new UiSelector().className(\"android.view.View\").text(\"MobiMartTheme.PESAN_ICON\")"}[39m
[35m[HTTP][39m [37m<-- POST /wd/hub/session/a77340e4-53df-4914-9d64-9c7fbe90bafd/elements [39m[32m200[39m [90m110 ms - 12[39m
[35m[HTTP][39m [90m[39m
[35m[HTTP][39m [37m-->[39m [37mPOST[39m [37m/wd/hub/session/a77340e4-53df-4914-9d64-9c7fbe90bafd/elements[39m
[35m[HTTP][39m [90m{"using":"-android uiautomator","value":"new UiSelector().className(\"android.view.View\").text(\"MobiMartTheme.PESAN_ICON\")"}[39m
[35m[HTTP][39m [37m<-- POST /wd/hub/session/a77340e4-53df-4914-9d64-9c7fbe90bafd/elements [39m[32m200[39m [90m121 ms - 12[39m
[35m[HTTP][39m [90m[39m
[35m[HTTP][39m [37m-->[39m [37mPOST[39m [37m/wd/hub/session/a77340e4-53df-4914-9d64-9c7fbe90bafd/elements[39m
[35m[HTTP][39m [90m{"using":"-android uiautomator","value":"new UiSelector().className(\"android.view.View\").text(\"MobiMartTheme.PESAN_ICON\")"}[39m
[35m[HTTP][39m [37m<-- POST /wd/hub/session/a77340e4-53df-4914-9d64-9c7fbe90bafd/elements [39m[32m200[39m [90m124 ms - 12[39m
[35m[HTTP][39m [90m[39m
[35m[HTTP][39m [37m-->[39m [37mPOST[39m [37m/wd/hub/session/a77340e4-53df-4914-9d64-9c7fbe90bafd/elements[39m
[35m[HTTP][39m [90m{"using":"-android uiautomator","value":"new UiSelector().className(\"android.view.View\").text(\"MobiMartTheme.PESAN_ICON\")"}[39m
[35m[HTTP][39m [37m<-- POST /wd/hub/session/a77340e4-53df-4914-9d64-9c7fbe90bafd/elements [39m[32m200[39m [90m88 ms - 12[39m
[35m[HTTP][39m [90m[39m
[35m[HTTP][39m [37m-->[39m [37mPOST[39m [37m/wd/hub/session/a77340e4-53df-4914-9d64-9c7fbe90bafd/elements[39m
[35m[HTTP][39m [90m{"using":"-android uiautomator","value":"new UiSelector().className(\"android.view.View\").text(\"MobiMartTheme.PESAN_ICON\")"}[39m
[35m[HTTP][39m [37m<-- POST /wd/hub/session/a77340e4-53df-4914-9d64-9c7fbe90bafd/elements [39m[32m200[39m [90m73 ms - 12[39m
[35m[HTTP][39m [90m[39m
[35m[HTTP][39m [37m-->[39m [37mPOST[39m [37m/wd/hub/session/a77340e4-53df-4914-9d64-9c7fbe90bafd/elements[39m
[35m[HTTP][39m [90m{"using":"-android uiautomator","value":"new UiSelector().className(\"android.view.View\").text(\"MobiMartTheme.PESAN_ICON\")"}[39m
[35m[HTTP][39m [37m<-- POST /wd/hub/session/a77340e4-53df-4914-9d64-9c7fbe90bafd/elements [39m[32m200[39m [90m71 ms - 12[39m
[35m[HTTP][39m [90m[39m
[35m[HTTP][39m [37m-->[39m [37mPOST[39m [37m/wd/hub/session/a77340e4-53df-4914-9d64-9c7fbe90bafd/elements[39m
[35m[HTTP][39m [90m{"using":"-android uiautomator","value":"new UiSelector().className(\"android.view.View\").text(\"MobiMartTheme.PESAN_ICON\")"}[39m
[35m[HTTP][39m [37m<-- POST /wd/hub/session/a77340e4-53df-4914-9d64-9c7fbe90bafd/elements [39m[32m200[39m [90m71 ms - 12[39m
[35m[HTTP][39m [90m[39m
[35m[HTTP][39m [37m-->[39m [37mPOST[39m [37m/wd/hub/session/a77340e4-53df-4914-9d64-9c7fbe90bafd/elements[39m
[35m[HTTP][39m [90m{"using":"-android uiautomator","value":"new UiSelector().className(\"android.view.View\").text(\"MobiMartTheme.PESAN_ICON\")"}[39m
[35m[HTTP][39m [37m<-- POST /wd/hub/session/a77340e4-53df-4914-9d64-9c7fbe90bafd/elements [39m[32m200[39m [90m102 ms - 12[39m
[35m[HTTP][39m [90m[39m
[35m[HTTP][39m [37m-->[39m [37mPOST[39m [37m/wd/hub/session/a77340e4-53df-4914-9d64-9c7fbe90bafd/elements[39m
[35m[HTTP][39m [90m{"using":"-android uiautomator","value":"new UiSelector().className(\"android.view.View\").text(\"MobiMartTheme.PESAN_ICON\")"}[39m
[35m[HTTP][39m [37m<-- POST /wd/hub/session/a77340e4-53df-4914-9d64-9c7fbe90bafd/elements [39m[32m200[39m [90m82 ms - 12[39m
[35m[HTTP][39m [90m[39m
[35m[HTTP][39m [37m-->[39m [37mPOST[39m [37m/wd/hub/session/a77340e4-53df-4914-9d64-9c7fbe90bafd/elements[39m
[35m[HTTP][39m [90m{"using":"-android uiautomator","value":"new UiSelector().className(\"android.view.View\").text(\"MobiMartTheme.PESAN_ICON\")"}[39m
[35m[HTTP][39m [37m<-- POST /wd/hub/session/a77340e4-53df-4914-9d64-9c7fbe90bafd/elements [39m[32m200[39m [90m81 ms - 12[39m
[35m[HTTP][39m [90m[39m
[35m[HTTP][39m [37m-->[39m [37mPOST[39m [37m/wd/hub/session/a77340e4-53df-4914-9d64-9c7fbe90bafd/elements[39m
[35m[HTTP][39m [90m{"using":"-android uiautomator","value":"new UiSelector().className(\"android.view.View\").text(\"MobiMartTheme.PESAN_ICON\")"}[39m
[35m[HTTP][39m [37m<-- POST /wd/hub/session/a77340e4-53df-4914-9d64-9c7fbe90bafd/elements [39m[32m200[39m [90m90 ms - 12[39m
[35m[HTTP][39m [90m[39m
[35m[HTTP][39m [37m-->[39m [37mPOST[39m [37m/wd/hub/session/a77340e4-53df-4914-9d64-9c7fbe90bafd/elements[39m
[35m[HTTP][39m [90m{"using":"-android uiautomator","value":"new UiSelector().className(\"android.view.View\").text(\"MobiMartTheme.PESAN_ICON\")"}[39m
[35m[HTTP][39m [37m<-- POST /wd/hub/session/a77340e4-53df-4914-9d64-9c7fbe90bafd/elements [39m[32m200[39m [90m90 ms - 12[39m
[35m[HTTP][39m [90m[39m
[35m[HTTP][39m [37m-->[39m [37mPOST[39m [37m/wd/hub/session/a77340e4-53df-4914-9d64-9c7fbe90bafd/elements[39m
[35m[HTTP][39m [90m{"using":"-android uiautomator","value":"new UiSelector().className(\"android.view.View\").text(\"MobiMartTheme.PESAN_ICON\")"}[39m
[35m[HTTP][39m [37m<-- POST /wd/hub/session/a77340e4-53df-4914-9d64-9c7fbe90bafd/elements [39m[32m200[39m [90m2754 ms - 90[39m
[35m[HTTP][39m [90m[39m
[35m[HTTP][39m [37m-->[39m [37mGET[39m [37m/wd/hub/session/a77340e4-53df-4914-9d64-9c7fbe90bafd/element/e79508da-fc02-40a4-8461-9bf7bd11aa06/location[39m
[35m[HTTP][39m [90m{}[39m
[35m[W3C][39m Driver proxy active, passing request on via HTTP proxy
[35m[JSONWP Proxy][39m Replacing sessionId f185a038-b3cc-426b-823e-cb1219d80673 with a77340e4-53df-4914-9d64-9c7fbe90bafd
[35m[HTTP][39m [37m<-- GET /wd/hub/session/a77340e4-53df-4914-9d64-9c7fbe90bafd/element/e79508da-fc02-40a4-8461-9bf7bd11aa06/location [39m[32m200[39m [90m108 ms - 89[39m
[35m[HTTP][39m [90m[39m
[35m[HTTP][39m [37m-->[39m [37mPOST[39m [37m/wd/hub/session/a77340e4-53df-4914-9d64-9c7fbe90bafd/timeouts[39m
[35m[HTTP][39m [90m{"implicit":30000}[39m
[35m[HTTP][39m [37m<-- POST /wd/hub/session/a77340e4-53df-4914-9d64-9c7fbe90bafd/timeouts [39m[32m200[39m [90m3 ms - 14[39m
[35m[HTTP][39m [90m[39m
[35m[HTTP][39m [37m-->[39m [37mPOST[39m [37m/wd/hub/session/a77340e4-53df-4914-9d64-9c7fbe90bafd/timeouts[39m
[35m[HTTP][39m [90m{"implicit":50}[39m
[35m[HTTP][39m [37m<-- POST /wd/hub/session/a77340e4-53df-4914-9d64-9c7fbe90bafd/timeouts [39m[32m200[39m [90m3 ms - 14[39m
[35m[HTTP][39m [90m[39m
[35m[HTTP][39m [37m-->[39m [37mGET[39m [37m/wd/hub/session/a77340e4-53df-4914-9d64-9c7fbe90bafd/window/rect[39m
[35m[HTTP][39m [90m{}[39m
[35m[HTTP][39m [37m<-- GET /wd/hub/session/a77340e4-53df-4914-9d64-9c7fbe90bafd/window/rect [39m[32m200[39m [90m44 ms - 50[39m
[35m[HTTP][39m [90m[39m
[35m[HTTP][39m [37m-->[39m [37mPOST[39m [37m/wd/hub/session/a77340e4-53df-4914-9d64-9c7fbe90bafd/elements[39m
[35m[HTTP][39m [90m{"using":"-android uiautomator","value":"new UiSelector().className(\"android.view.View\").text(\"MobiMartTheme.PESAN_ICON\")"}[39m
[35m[HTTP][39m [37m<-- POST /wd/hub/session/a77340e4-53df-4914-9d64-9c7fbe90bafd/elements [39m[32m200[39m [90m202 ms - 90[39m
[35m[HTTP][39m [90m[39m
[35m[HTTP][39m [37m-->[39m [37mGET[39m [37m/wd/hub/session/a77340e4-53df-4914-9d64-9c7fbe90bafd/element/8636d48e-062b-45ab-a091-61c77838ac9a/location[39m
[35m[HTTP][39m [90m{}[39m
[35m[W3C][39m Driver proxy active, passing request on via HTTP proxy
[35m[JSONWP Proxy][39m Replacing sessionId f185a038-b3cc-426b-823e-cb1219d80673 with a77340e4-53df-4914-9d64-9c7fbe90bafd
[35m[HTTP][39m [37m<-- GET /wd/hub/session/a77340e4-53df-4914-9d64-9c7fbe90bafd/element/8636d48e-062b-45ab-a091-61c77838ac9a/location [39m[32m200[39m [90m87 ms - 89[39m
[35m[HTTP][39m [90m[39m
[35m[HTTP][39m [37m-->[39m [37mPOST[39m [37m/wd/hub/session/a77340e4-53df-4914-9d64-9c7fbe90bafd/timeouts[39m
[35m[HTTP][39m [90m{"implicit":30000}[39m
[35m[HTTP][39m [37m<-- POST /wd/hub/session/a77340e4-53df-4914-9d64-9c7fbe90bafd/timeouts [39m[32m200[39m [90m3 ms - 14[39m
[35m[HTTP][39m [90m[39m
[35m[HTTP][39m [37m-->[39m [37mPOST[39m [37m/wd/hub/session/a77340e4-53df-4914-9d64-9c7fbe90bafd/touch/perform[39m
[35m[HTTP][39m [90m{"actions":[{"action":"tap","options":{"x":1,"y":1,"element":"8636d48e-062b-45ab-a091-61c77838ac9a"}},{"action":"release","options":{}}]}[39m
[35m[UiAutomator2][39m calling get location: 8636d48e-062b-45ab-a091-61c77838ac9a
[35m[HTTP][39m [37m<-- POST /wd/hub/session/a77340e4-53df-4914-9d64-9c7fbe90bafd/touch/perform [39m[32m200[39m [90m1974 ms - 14[39m
[35m[HTTP][39m [90m[39m
[35m[HTTP][39m [37m-->[39m [37mPOST[39m [37m/wd/hub/session/a77340e4-53df-4914-9d64-9c7fbe90bafd/timeouts[39m
[35m[HTTP][39m [90m{"implicit":50}[39m
[35m[HTTP][39m [37m<-- POST /wd/hub/session/a77340e4-53df-4914-9d64-9c7fbe90bafd/timeouts [39m[32m200[39m [90m4 ms - 14[39m
[35m[HTTP][39m [90m[39m
[35m[HTTP][39m [37m-->[39m [37mGET[39m [37m/wd/hub/session/a77340e4-53df-4914-9d64-9c7fbe90bafd/window/rect[39m
[35m[HTTP][39m [90m{}[39m
[35m[HTTP][39m [37m<-- GET /wd/hub/session/a77340e4-53df-4914-9d64-9c7fbe90bafd/window/rect [39m[32m200[39m [90m61 ms - 50[39m
[35m[HTTP][39m [90m[39m
[35m[HTTP][39m [37m-->[39m [37mPOST[39m [37m/wd/hub/session/a77340e4-53df-4914-9d64-9c7fbe90bafd/elements[39m
[35m[HTTP][39m [90m{"using":"-android uiautomator","value":"new UiSelector().className(\"android.view.View\").text(\"Daftar Sekarang!\")"}[39m
[35m[HTTP][39m [37m<-- POST /wd/hub/session/a77340e4-53df-4914-9d64-9c7fbe90bafd/elements [39m[32m200[39m [90m170 ms - 90[39m
[35m[HTTP][39m [90m[39m
[35m[HTTP][39m [37m-->[39m [37mGET[39m [37m/wd/hub/session/a77340e4-53df-4914-9d64-9c7fbe90bafd/element/e476daf0-dc49-4832-b079-25366b03c618/location[39m
[35m[HTTP][39m [90m{}[39m
[35m[W3C][39m Driver proxy active, passing request on via HTTP proxy
[35m[JSONWP Proxy][39m Replacing sessionId f185a038-b3cc-426b-823e-cb1219d80673 with a77340e4-53df-4914-9d64-9c7fbe90bafd
[35m[HTTP][39m [37m<-- GET /wd/hub/session/a77340e4-53df-4914-9d64-9c7fbe90bafd/element/e476daf0-dc49-4832-b079-25366b03c618/location [39m[32m200[39m [90m87 ms - 90[39m
[35m[HTTP][39m [90m[39m
[35m[HTTP][39m [37m-->[39m [37mPOST[39m [37m/wd/hub/session/a77340e4-53df-4914-9d64-9c7fbe90bafd/timeouts[39m
[35m[HTTP][39m [90m{"implicit":30000}[39m
[35m[HTTP][39m [37m<-- POST /wd/hub/session/a77340e4-53df-4914-9d64-9c7fbe90bafd/timeouts [39m[32m200[39m [90m4 ms - 14[39m
[35m[HTTP][39m [90m[39m
[35m[HTTP][39m [37m-->[39m [37mPOST[39m [37m/wd/hub/session/a77340e4-53df-4914-9d64-9c7fbe90bafd/timeouts[39m
[35m[HTTP][39m [90m{"implicit":50}[39m
[35m[HTTP][39m [37m<-- POST /wd/hub/session/a77340e4-53df-4914-9d64-9c7fbe90bafd/timeouts [39m[32m200[39m [90m4 ms - 14[39m
[35m[HTTP][39m [90m[39m
[35m[HTTP][39m [37m-->[39m [37mGET[39m [37m/wd/hub/session/a77340e4-53df-4914-9d64-9c7fbe90bafd/window/rect[39m
[35m[HTTP][39m [90m{}[39m
[35m[HTTP][39m [37m<-- GET /wd/hub/session/a77340e4-53df-4914-9d64-9c7fbe90bafd/window/rect [39m[32m200[39m [90m84 ms - 50[39m
[35m[HTTP][39m [90m[39m
[35m[HTTP][39m [37m-->[39m [37mPOST[39m [37m/wd/hub/session/a77340e4-53df-4914-9d64-9c7fbe90bafd/elements[39m
[35m[HTTP][39m [90m{"using":"-android uiautomator","value":"new UiSelector().className(\"android.view.View\").text(\"Daftar Sekarang!\")"}[39m
[35m[HTTP][39m [37m<-- POST /wd/hub/session/a77340e4-53df-4914-9d64-9c7fbe90bafd/elements [39m[32m200[39m [90m176 ms - 90[39m
[35m[HTTP][39m [90m[39m
[35m[HTTP][39m [37m-->[39m [37mGET[39m [37m/wd/hub/session/a77340e4-53df-4914-9d64-9c7fbe90bafd/element/acf7eccc-e827-4517-9b56-5972f58f8518/location[39m
[35m[HTTP][39m [90m{}[39m
[35m[W3C][39m Driver proxy active, passing request on via HTTP proxy
[35m[JSONWP Proxy][39m Replacing sessionId f185a038-b3cc-426b-823e-cb1219d80673 with a77340e4-53df-4914-9d64-9c7fbe90bafd
[35m[HTTP][39m [37m<-- GET /wd/hub/session/a77340e4-53df-4914-9d64-9c7fbe90bafd/element/acf7eccc-e827-4517-9b56-5972f58f8518/location [39m[32m200[39m [90m73 ms - 90[39m
[35m[HTTP][39m [90m[39m
[35m[HTTP][39m [37m-->[39m [37mPOST[39m [37m/wd/hub/session/a77340e4-53df-4914-9d64-9c7fbe90bafd/timeouts[39m
[35m[HTTP][39m [90m{"implicit":30000}[39m
[35m[HTTP][39m [37m<-- POST /wd/hub/session/a77340e4-53df-4914-9d64-9c7fbe90bafd/timeouts [39m[32m200[39m [90m4 ms - 14[39m
[35m[HTTP][39m [90m[39m
[35m[HTTP][39m [37m-->[39m [37mPOST[39m [37m/wd/hub/session/a77340e4-53df-4914-9d64-9c7fbe90bafd/touch/perform[39m
[35m[HTTP][39m [90m{"actions":[{"action":"tap","options":{"x":1,"y":1,"element":"acf7eccc-e827-4517-9b56-5972f58f8518"}},{"action":"release","options":{}}]}[39m
[35m[UiAutomator2][39m calling get location: acf7eccc-e827-4517-9b56-5972f58f8518
[35m[HTTP][39m [37m<-- POST /wd/hub/session/a77340e4-53df-4914-9d64-9c7fbe90bafd/touch/perform [39m[32m200[39m [90m1758 ms - 14[39m
[35m[HTTP][39m [90m[39m
[35m[HTTP][39m [37m-->[39m [37mPOST[39m [37m/wd/hub/session/a77340e4-53df-4914-9d64-9c7fbe90bafd/timeouts[39m
[35m[HTTP][39m [90m{"implicit":50}[39m
[35m[HTTP][39m [37m<-- POST /wd/hub/session/a77340e4-53df-4914-9d64-9c7fbe90bafd/timeouts [39m[32m200[39m [90m4 ms - 14[39m
[35m[HTTP][39m [90m[39m
[35m[HTTP][39m [37m-->[39m [37mGET[39m [37m/wd/hub/session/a77340e4-53df-4914-9d64-9c7fbe90bafd/window/rect[39m
[35m[HTTP][39m [90m{}[39m
[35m[HTTP][39m [37m<-- GET /wd/hub/session/a77340e4-53df-4914-9d64-9c7fbe90bafd/window/rect [39m[32m200[39m [90m97 ms - 50[39m
[35m[HTTP][39m [90m[39m
[35m[HTTP][39m [37m-->[39m [37mPOST[39m [37m/wd/hub/session/a77340e4-53df-4914-9d64-9c7fbe90bafd/elements[39m
[35m[HTTP][39m [90m{"using":"-android uiautomator","value":"new UiSelector().className(\"android.widget.EditText\").resourceId(\"b2-Input_Username\")"}[39m
[35m[HTTP][39m [37m<-- POST /wd/hub/session/a77340e4-53df-4914-9d64-9c7fbe90bafd/elements [39m[32m200[39m [90m228 ms - 90[39m
[35m[HTTP][39m [90m[39m
[35m[HTTP][39m [37m-->[39m [37mGET[39m [37m/wd/hub/session/a77340e4-53df-4914-9d64-9c7fbe90bafd/element/8fa12690-c904-4d3f-aec7-4bf6938d5c66/location[39m
[35m[HTTP][39m [90m{}[39m
[35m[W3C][39m Driver proxy active, passing request on via HTTP proxy
[35m[JSONWP Proxy][39m Replacing sessionId f185a038-b3cc-426b-823e-cb1219d80673 with a77340e4-53df-4914-9d64-9c7fbe90bafd
[35m[HTTP][39m [37m<-- GET /wd/hub/session/a77340e4-53df-4914-9d64-9c7fbe90bafd/element/8fa12690-c904-4d3f-aec7-4bf6938d5c66/location [39m[32m200[39m [90m93 ms - 89[39m
[35m[HTTP][39m [90m[39m
[35m[HTTP][39m [37m-->[39m [37mPOST[39m [37m/wd/hub/session/a77340e4-53df-4914-9d64-9c7fbe90bafd/timeouts[39m
[35m[HTTP][39m [90m{"implicit":30000}[39m
[35m[HTTP][39m [37m<-- POST /wd/hub/session/a77340e4-53df-4914-9d64-9c7fbe90bafd/timeouts [39m[32m200[39m [90m7 ms - 14[39m
[35m[HTTP][39m [90m[39m
[35m[HTTP][39m [37m-->[39m [37mPOST[39m [37m/wd/hub/session/a77340e4-53df-4914-9d64-9c7fbe90bafd/element/8fa12690-c904-4d3f-aec7-4bf6938d5c66/clear[39m
[35m[HTTP][39m [90m{"id":"8fa12690-c904-4d3f-aec7-4bf6938d5c66"}[39m
[35m[HTTP][39m [37m<-- POST /wd/hub/session/a77340e4-53df-4914-9d64-9c7fbe90bafd/element/8fa12690-c904-4d3f-aec7-4bf6938d5c66/clear [39m[32m200[39m [90m102 ms - 27[39m
[35m[HTTP][39m [90m[39m
[35m[HTTP][39m [37m-->[39m [37mPOST[39m [37m/wd/hub/session/a77340e4-53df-4914-9d64-9c7fbe90bafd/element/8fa12690-c904-4d3f-aec7-4bf6938d5c66/value[39m
[35m[HTTP][39m [90m{"id":"8fa12690-c904-4d3f-aec7-4bf6938d5c66","text":"lieton35","value":["l","i","e","t","o","n","3","5"]}[39m
[35m[HTTP][39m [37m<-- POST /wd/hub/session/a77340e4-53df-4914-9d64-9c7fbe90bafd/element/8fa12690-c904-4d3f-aec7-4bf6938d5c66/value [39m[32m200[39m [90m973 ms - 12[39m
[35m[HTTP][39m [90m[39m
[35m[HTTP][39m [37m-->[39m [37mPOST[39m [37m/wd/hub/session/a77340e4-53df-4914-9d64-9c7fbe90bafd/timeouts[39m
[35m[HTTP][39m [90m{"implicit":50}[39m
[35m[HTTP][39m [37m<-- POST /wd/hub/session/a77340e4-53df-4914-9d64-9c7fbe90bafd/timeouts [39m[32m200[39m [90m4 ms - 14[39m
[35m[HTTP][39m [90m[39m
[35m[HTTP][39m [37m-->[39m [37mGET[39m [37m/wd/hub/session/a77340e4-53df-4914-9d64-9c7fbe90bafd/window/rect[39m
[35m[HTTP][39m [90m{}[39m
[35m[HTTP][39m [37m<-- GET /wd/hub/session/a77340e4-53df-4914-9d64-9c7fbe90bafd/window/rect [39m[32m200[39m [90m61 ms - 50[39m
[35m[HTTP][39m [90m[39m
[35m[HTTP][39m [37m-->[39m [37mPOST[39m [37m/wd/hub/session/a77340e4-53df-4914-9d64-9c7fbe90bafd/elements[39m
[35m[HTTP][39m [90m{"using":"-android uiautomator","value":"new UiSelector().className(\"android.widget.EditText\").resourceId(\"b2-Input_Nama\")"}[39m
[35m[HTTP][39m [37m<-- POST /wd/hub/session/a77340e4-53df-4914-9d64-9c7fbe90bafd/elements [39m[32m200[39m [90m705 ms - 90[39m
[35m[HTTP][39m [90m[39m
[35m[HTTP][39m [37m-->[39m [37mGET[39m [37m/wd/hub/session/a77340e4-53df-4914-9d64-9c7fbe90bafd/element/e70d742a-30fe-4349-80ec-0c61af3f24f3/location[39m
[35m[HTTP][39m [90m{}[39m
[35m[W3C][39m Driver proxy active, passing request on via HTTP proxy
[35m[JSONWP Proxy][39m Replacing sessionId f185a038-b3cc-426b-823e-cb1219d80673 with a77340e4-53df-4914-9d64-9c7fbe90bafd
[35m[HTTP][39m [37m<-- GET /wd/hub/session/a77340e4-53df-4914-9d64-9c7fbe90bafd/element/e70d742a-30fe-4349-80ec-0c61af3f24f3/location [39m[32m200[39m [90m82 ms - 89[39m
[35m[HTTP][39m [90m[39m
[35m[HTTP][39m [37m-->[39m [37mPOST[39m [37m/wd/hub/session/a77340e4-53df-4914-9d64-9c7fbe90bafd/timeouts[39m
[35m[HTTP][39m [90m{"implicit":30000}[39m
[35m[HTTP][39m [37m<-- POST /wd/hub/session/a77340e4-53df-4914-9d64-9c7fbe90bafd/timeouts [39m[32m200[39m [90m4 ms - 14[39m
[35m[HTTP][39m [90m[39m
[35m[HTTP][39m [37m-->[39m [37mPOST[39m [37m/wd/hub/session/a77340e4-53df-4914-9d64-9c7fbe90bafd/element/e70d742a-30fe-4349-80ec-0c61af3f24f3/clear[39m
[35m[HTTP][39m [90m{"id":"e70d742a-30fe-4349-80ec-0c61af3f24f3"}[39m
[35m[HTTP][39m [37m<-- POST /wd/hub/session/a77340e4-53df-4914-9d64-9c7fbe90bafd/element/e70d742a-30fe-4349-80ec-0c61af3f24f3/clear [39m[32m200[39m [90m79 ms - 27[39m
[35m[HTTP][39m [90m[39m
[35m[HTTP][39m [37m-->[39m [37mPOST[39m [37m/wd/hub/session/a77340e4-53df-4914-9d64-9c7fbe90bafd/element/e70d742a-30fe-4349-80ec-0c61af3f24f3/value[39m
[35m[HTTP][39m [90m{"id":"e70d742a-30fe-4349-80ec-0c61af3f24f3","text":"Hartono Rasli","value":["H","a","r","t","o","n","o"," ","R","a","s","l","i"]}[39m
[35m[HTTP][39m [37m<-- POST /wd/hub/session/a77340e4-53df-4914-9d64-9c7fbe90bafd/element/e70d742a-30fe-4349-80ec-0c61af3f24f3/value [39m[32m200[39m [90m948 ms - 12[39m
[35m[HTTP][39m [90m[39m
[35m[HTTP][39m [37m-->[39m [37mPOST[39m [37m/wd/hub/session/a77340e4-53df-4914-9d64-9c7fbe90bafd/timeouts[39m
[35m[HTTP][39m [90m{"implicit":50}[39m
[35m[HTTP][39m [37m<-- POST /wd/hub/session/a77340e4-53df-4914-9d64-9c7fbe90bafd/timeouts [39m[32m200[39m [90m6 ms - 14[39m
[35m[HTTP][39m [90m[39m
[35m[HTTP][39m [37m-->[39m [37mGET[39m [37m/wd/hub/session/a77340e4-53df-4914-9d64-9c7fbe90bafd/window/rect[39m
[35m[HTTP][39m [90m{}[39m
[35m[HTTP][39m [37m<-- GET /wd/hub/session/a77340e4-53df-4914-9d64-9c7fbe90bafd/window/rect [39m[32m200[39m [90m58 ms - 50[39m
[35m[HTTP][39m [90m[39m
[35m[HTTP][39m [37m-->[39m [37mPOST[39m [37m/wd/hub/session/a77340e4-53df-4914-9d64-9c7fbe90bafd/elements[39m
[35m[HTTP][39m [90m{"using":"-android uiautomator","value":"new UiSelector().className(\"android.widget.EditText\").resourceId(\"b2-Input_Email\")"}[39m
[35m[HTTP][39m [37m<-- POST /wd/hub/session/a77340e4-53df-4914-9d64-9c7fbe90bafd/elements [39m[32m200[39m [90m630 ms - 90[39m
[35m[HTTP][39m [90m[39m
[35m[HTTP][39m [37m-->[39m [37mGET[39m [37m/wd/hub/session/a77340e4-53df-4914-9d64-9c7fbe90bafd/element/75aa01f0-ef81-4b4b-9b24-5ed3dcab48e4/location[39m
[35m[HTTP][39m [90m{}[39m
[35m[W3C][39m Driver proxy active, passing request on via HTTP proxy
[35m[JSONWP Proxy][39m Replacing sessionId f185a038-b3cc-426b-823e-cb1219d80673 with a77340e4-53df-4914-9d64-9c7fbe90bafd
[35m[HTTP][39m [37m<-- GET /wd/hub/session/a77340e4-53df-4914-9d64-9c7fbe90bafd/element/75aa01f0-ef81-4b4b-9b24-5ed3dcab48e4/location [39m[32m200[39m [90m82 ms - 89[39m
[35m[HTTP][39m [90m[39m
[35m[HTTP][39m [37m-->[39m [37mPOST[39m [37m/wd/hub/session/a77340e4-53df-4914-9d64-9c7fbe90bafd/timeouts[39m
[35m[HTTP][39m [90m{"implicit":30000}[39m
[35m[HTTP][39m [37m<-- POST /wd/hub/session/a77340e4-53df-4914-9d64-9c7fbe90bafd/timeouts [39m[32m200[39m [90m3 ms - 14[39m
[35m[HTTP][39m [90m[39m
[35m[HTTP][39m [37m-->[39m [37mPOST[39m [37m/wd/hub/session/a77340e4-53df-4914-9d64-9c7fbe90bafd/element/75aa01f0-ef81-4b4b-9b24-5ed3dcab48e4/clear[39m
[35m[HTTP][39m [90m{"id":"75aa01f0-ef81-4b4b-9b24-5ed3dcab48e4"}[39m
[35m[HTTP][39m [37m<-- POST /wd/hub/session/a77340e4-53df-4914-9d64-9c7fbe90bafd/element/75aa01f0-ef81-4b4b-9b24-5ed3dcab48e4/clear [39m[32m200[39m [90m76 ms - 27[39m
[35m[HTTP][39m [90m[39m
[35m[HTTP][39m [37m-->[39m [37mPOST[39m [37m/wd/hub/session/a77340e4-53df-4914-9d64-9c7fbe90bafd/element/75aa01f0-ef81-4b4b-9b24-5ed3dcab48e4/value[39m
[35m[HTTP][39m [90m{"id":"75aa01f0-ef81-4b4b-9b24-5ed3dcab48e4","text":"applicationtester78@mailinator.com","value":["a","p","p","l","i","c","a","t","i","o","n","t","e","s","t","e","r","7","8","@","m","a","i","l","i","n","a","t","o","r",".","c","o","m"]}[39m
[35m[HTTP][39m [37m<-- POST /wd/hub/session/a77340e4-53df-4914-9d64-9c7fbe90bafd/element/75aa01f0-ef81-4b4b-9b24-5ed3dcab48e4/value [39m[32m200[39m [90m951 ms - 12[39m
[35m[HTTP][39m [90m[39m
[35m[HTTP][39m [37m-->[39m [37mPOST[39m [37m/wd/hub/session/a77340e4-53df-4914-9d64-9c7fbe90bafd/timeouts[39m
[35m[HTTP][39m [90m{"implicit":50}[39m
[35m[HTTP][39m [37m<-- POST /wd/hub/session/a77340e4-53df-4914-9d64-9c7fbe90bafd/timeouts [39m[32m200[39m [90m4 ms - 14[39m
[35m[HTTP][39m [90m[39m
[35m[HTTP][39m [37m-->[39m [37mGET[39m [37m/wd/hub/session/a77340e4-53df-4914-9d64-9c7fbe90bafd/window/rect[39m
[35m[HTTP][39m [90m{}[39m
[35m[HTTP][39m [37m<-- GET /wd/hub/session/a77340e4-53df-4914-9d64-9c7fbe90bafd/window/rect [39m[32m200[39m [90m45 ms - 50[39m
[35m[HTTP][39m [90m[39m
[35m[HTTP][39m [37m-->[39m [37mPOST[39m [37m/wd/hub/session/a77340e4-53df-4914-9d64-9c7fbe90bafd/elements[39m
[35m[HTTP][39m [90m{"using":"-android uiautomator","value":"new UiSelector().className(\"android.widget.EditText\").resourceId(\"b2-Input_Password\")"}[39m
[35m[HTTP][39m [37m<-- POST /wd/hub/session/a77340e4-53df-4914-9d64-9c7fbe90bafd/elements [39m[32m200[39m [90m623 ms - 90[39m
[35m[HTTP][39m [90m[39m
[35m[HTTP][39m [37m-->[39m [37mGET[39m [37m/wd/hub/session/a77340e4-53df-4914-9d64-9c7fbe90bafd/element/12e64e82-801c-44fa-ba9d-15e5ef067f95/location[39m
[35m[HTTP][39m [90m{}[39m
[35m[W3C][39m Driver proxy active, passing request on via HTTP proxy
[35m[JSONWP Proxy][39m Replacing sessionId f185a038-b3cc-426b-823e-cb1219d80673 with a77340e4-53df-4914-9d64-9c7fbe90bafd
[35m[HTTP][39m [37m<-- GET /wd/hub/session/a77340e4-53df-4914-9d64-9c7fbe90bafd/element/12e64e82-801c-44fa-ba9d-15e5ef067f95/location [39m[32m200[39m [90m69 ms - 90[39m
[35m[HTTP][39m [90m[39m
[35m[HTTP][39m [37m-->[39m [37mPOST[39m [37m/wd/hub/session/a77340e4-53df-4914-9d64-9c7fbe90bafd/timeouts[39m
[35m[HTTP][39m [90m{"implicit":30000}[39m
[35m[HTTP][39m [37m<-- POST /wd/hub/session/a77340e4-53df-4914-9d64-9c7fbe90bafd/timeouts [39m[32m200[39m [90m2 ms - 14[39m
[35m[HTTP][39m [90m[39m
[35m[HTTP][39m [37m-->[39m [37mPOST[39m [37m/wd/hub/session/a77340e4-53df-4914-9d64-9c7fbe90bafd/element/12e64e82-801c-44fa-ba9d-15e5ef067f95/clear[39m
[35m[HTTP][39m [90m{"id":"12e64e82-801c-44fa-ba9d-15e5ef067f95"}[39m
[35m[HTTP][39m [37m<-- POST /wd/hub/session/a77340e4-53df-4914-9d64-9c7fbe90bafd/element/12e64e82-801c-44fa-ba9d-15e5ef067f95/clear [39m[32m200[39m [90m74 ms - 27[39m
[35m[HTTP][39m [90m[39m
[35m[HTTP][39m [37m-->[39m [37mPOST[39m [37m/wd/hub/session/a77340e4-53df-4914-9d64-9c7fbe90bafd/element/12e64e82-801c-44fa-ba9d-15e5ef067f95/value[39m
[35m[HTTP][39m [90m{"id":"12e64e82-801c-44fa-ba9d-15e5ef067f95","text":"Application1","value":["A","p","p","l","i","c","a","t","i","o","n","1"]}[39m
[35m[HTTP][39m [37m<-- POST /wd/hub/session/a77340e4-53df-4914-9d64-9c7fbe90bafd/element/12e64e82-801c-44fa-ba9d-15e5ef067f95/value [39m[32m200[39m [90m889 ms - 12[39m
[35m[HTTP][39m [90m[39m
[35m[HTTP][39m [37m-->[39m [37mPOST[39m [37m/wd/hub/session/a77340e4-53df-4914-9d64-9c7fbe90bafd/timeouts[39m
[35m[HTTP][39m [90m{"implicit":50}[39m
[35m[HTTP][39m [37m<-- POST /wd/hub/session/a77340e4-53df-4914-9d64-9c7fbe90bafd/timeouts [39m[32m200[39m [90m4 ms - 14[39m
[35m[HTTP][39m [90m[39m
[35m[HTTP][39m [37m-->[39m [37mGET[39m [37m/wd/hub/session/a77340e4-53df-4914-9d64-9c7fbe90bafd/window/rect[39m
[35m[HTTP][39m [90m{}[39m
[35m[HTTP][39m [37m<-- GET /wd/hub/session/a77340e4-53df-4914-9d64-9c7fbe90bafd/window/rect [39m[32m200[39m [90m51 ms - 50[39m
[35m[HTTP][39m [90m[39m
[35m[HTTP][39m [37m-->[39m [37mPOST[39m [37m/wd/hub/session/a77340e4-53df-4914-9d64-9c7fbe90bafd/elements[39m
[35m[HTTP][39m [90m{"using":"-android uiautomator","value":"new UiSelector().className(\"android.widget.EditText\").resourceId(\"b2-Input_KonfirmasiPassword\")"}[39m
[35m[HTTP][39m [37m<-- POST /wd/hub/session/a77340e4-53df-4914-9d64-9c7fbe90bafd/elements [39m[32m200[39m [90m626 ms - 90[39m
[35m[HTTP][39m [90m[39m
[35m[HTTP][39m [37m-->[39m [37mGET[39m [37m/wd/hub/session/a77340e4-53df-4914-9d64-9c7fbe90bafd/element/28fb85ad-9e90-48da-a0ec-fc4cd4d90d5c/location[39m
[35m[HTTP][39m [90m{}[39m
[35m[W3C][39m Driver proxy active, passing request on via HTTP proxy
[35m[JSONWP Proxy][39m Replacing sessionId f185a038-b3cc-426b-823e-cb1219d80673 with a77340e4-53df-4914-9d64-9c7fbe90bafd
[35m[HTTP][39m [37m<-- GET /wd/hub/session/a77340e4-53df-4914-9d64-9c7fbe90bafd/element/28fb85ad-9e90-48da-a0ec-fc4cd4d90d5c/location [39m[32m200[39m [90m78 ms - 90[39m
[35m[HTTP][39m [90m[39m
[35m[HTTP][39m [37m-->[39m [37mPOST[39m [37m/wd/hub/session/a77340e4-53df-4914-9d64-9c7fbe90bafd/timeouts[39m
[35m[HTTP][39m [90m{"implicit":30000}[39m
[35m[HTTP][39m [37m<-- POST /wd/hub/session/a77340e4-53df-4914-9d64-9c7fbe90bafd/timeouts [39m[32m200[39m [90m2 ms - 14[39m
[35m[HTTP][39m [90m[39m
[35m[HTTP][39m [37m-->[39m [37mPOST[39m [37m/wd/hub/session/a77340e4-53df-4914-9d64-9c7fbe90bafd/element/28fb85ad-9e90-48da-a0ec-fc4cd4d90d5c/clear[39m
[35m[HTTP][39m [90m{"id":"28fb85ad-9e90-48da-a0ec-fc4cd4d90d5c"}[39m
[35m[HTTP][39m [37m<-- POST /wd/hub/session/a77340e4-53df-4914-9d64-9c7fbe90bafd/element/28fb85ad-9e90-48da-a0ec-fc4cd4d90d5c/clear [39m[32m200[39m [90m73 ms - 27[39m
[35m[HTTP][39m [90m[39m
[35m[HTTP][39m [37m-->[39m [37mPOST[39m [37m/wd/hub/session/a77340e4-53df-4914-9d64-9c7fbe90bafd/element/28fb85ad-9e90-48da-a0ec-fc4cd4d90d5c/value[39m
[35m[HTTP][39m [90m{"id":"28fb85ad-9e90-48da-a0ec-fc4cd4d90d5c","text":"Application1","value":["A","p","p","l","i","c","a","t","i","o","n","1"]}[39m
[35m[HTTP][39m [37m<-- POST /wd/hub/session/a77340e4-53df-4914-9d64-9c7fbe90bafd/element/28fb85ad-9e90-48da-a0ec-fc4cd4d90d5c/value [39m[32m200[39m [90m905 ms - 12[39m
[35m[HTTP][39m [90m[39m
[35m[HTTP][39m [37m-->[39m [37mPOST[39m [37m/wd/hub/session/a77340e4-53df-4914-9d64-9c7fbe90bafd/timeouts[39m
[35m[HTTP][39m [90m{"implicit":50}[39m
[35m[HTTP][39m [37m<-- POST /wd/hub/session/a77340e4-53df-4914-9d64-9c7fbe90bafd/timeouts [39m[32m200[39m [90m3 ms - 14[39m
[35m[HTTP][39m [90m[39m
[35m[HTTP][39m [37m-->[39m [37mGET[39m [37m/wd/hub/session/a77340e4-53df-4914-9d64-9c7fbe90bafd/window/rect[39m
[35m[HTTP][39m [90m{}[39m
[35m[HTTP][39m [37m<-- GET /wd/hub/session/a77340e4-53df-4914-9d64-9c7fbe90bafd/window/rect [39m[32m200[39m [90m59 ms - 50[39m
[35m[HTTP][39m [90m[39m
[35m[HTTP][39m [37m-->[39m [37mPOST[39m [37m/wd/hub/session/a77340e4-53df-4914-9d64-9c7fbe90bafd/elements[39m
[35m[HTTP][39m [90m{"using":"-android uiautomator","value":"new UiSelector().className(\"android.widget.EditText\").resourceId(\"b2-Input_Phone\")"}[39m
[35m[HTTP][39m [37m<-- POST /wd/hub/session/a77340e4-53df-4914-9d64-9c7fbe90bafd/elements [39m[32m200[39m [90m726 ms - 90[39m
[35m[HTTP][39m [90m[39m
[35m[HTTP][39m [37m-->[39m [37mGET[39m [37m/wd/hub/session/a77340e4-53df-4914-9d64-9c7fbe90bafd/element/2ecb83f7-ab06-43ce-afa8-d44aa6f62b6c/location[39m
[35m[HTTP][39m [90m{}[39m
[35m[W3C][39m Driver proxy active, passing request on via HTTP proxy
[35m[JSONWP Proxy][39m Replacing sessionId f185a038-b3cc-426b-823e-cb1219d80673 with a77340e4-53df-4914-9d64-9c7fbe90bafd
[35m[HTTP][39m [37m<-- GET /wd/hub/session/a77340e4-53df-4914-9d64-9c7fbe90bafd/element/2ecb83f7-ab06-43ce-afa8-d44aa6f62b6c/location [39m[32m200[39m [90m72 ms - 90[39m
[35m[HTTP][39m [90m[39m
[35m[HTTP][39m [37m-->[39m [37mPOST[39m [37m/wd/hub/session/a77340e4-53df-4914-9d64-9c7fbe90bafd/timeouts[39m
[35m[HTTP][39m [90m{"implicit":30000}[39m
[35m[HTTP][39m [37m<-- POST /wd/hub/session/a77340e4-53df-4914-9d64-9c7fbe90bafd/timeouts [39m[32m200[39m [90m3 ms - 14[39m
[35m[HTTP][39m [90m[39m
[35m[HTTP][39m [37m-->[39m [37mPOST[39m [37m/wd/hub/session/a77340e4-53df-4914-9d64-9c7fbe90bafd/element/2ecb83f7-ab06-43ce-afa8-d44aa6f62b6c/clear[39m
[35m[HTTP][39m [90m{"id":"2ecb83f7-ab06-43ce-afa8-d44aa6f62b6c"}[39m
[35m[HTTP][39m [37m<-- POST /wd/hub/session/a77340e4-53df-4914-9d64-9c7fbe90bafd/element/2ecb83f7-ab06-43ce-afa8-d44aa6f62b6c/clear [39m[32m200[39m [90m76 ms - 27[39m
[35m[HTTP][39m [90m[39m
[35m[HTTP][39m [37m-->[39m [37mPOST[39m [37m/wd/hub/session/a77340e4-53df-4914-9d64-9c7fbe90bafd/element/2ecb83f7-ab06-43ce-afa8-d44aa6f62b6c/value[39m
[35m[HTTP][39m [90m{"id":"2ecb83f7-ab06-43ce-afa8-d44aa6f62b6c","text":"082297476950","value":["0","8","2","2","9","7","4","7","6","9","5","0"]}[39m
[35m[HTTP][39m [37m<-- POST /wd/hub/session/a77340e4-53df-4914-9d64-9c7fbe90bafd/element/2ecb83f7-ab06-43ce-afa8-d44aa6f62b6c/value [39m[32m200[39m [90m881 ms - 12[39m
[35m[HTTP][39m [90m[39m
[35m[HTTP][39m [37m-->[39m [37mPOST[39m [37m/wd/hub/session/a77340e4-53df-4914-9d64-9c7fbe90bafd/timeouts[39m
[35m[HTTP][39m [90m{"implicit":50}[39m
[35m[HTTP][39m [37m<-- POST /wd/hub/session/a77340e4-53df-4914-9d64-9c7fbe90bafd/timeouts [39m[32m200[39m [90m3 ms - 14[39m
[35m[HTTP][39m [90m[39m
[35m[HTTP][39m [37m-->[39m [37mGET[39m [37m/wd/hub/session/a77340e4-53df-4914-9d64-9c7fbe90bafd/window/rect[39m
[35m[HTTP][39m [90m{}[39m
[35m[HTTP][39m [37m<-- GET /wd/hub/session/a77340e4-53df-4914-9d64-9c7fbe90bafd/window/rect [39m[32m200[39m [90m82 ms - 50[39m
[35m[HTTP][39m [90m[39m
[35m[HTTP][39m [37m-->[39m [37mPOST[39m [37m/wd/hub/session/a77340e4-53df-4914-9d64-9c7fbe90bafd/elements[39m
[35m[HTTP][39m [90m{"using":"-android uiautomator","value":"new UiSelector().className(\"android.widget.Button\").text(\"Daftar\")"}[39m
[35m[HTTP][39m [37m<-- POST /wd/hub/session/a77340e4-53df-4914-9d64-9c7fbe90bafd/elements [39m[32m200[39m [90m546 ms - 90[39m
[35m[HTTP][39m [90m[39m
[35m[HTTP][39m [37m-->[39m [37mGET[39m [37m/wd/hub/session/a77340e4-53df-4914-9d64-9c7fbe90bafd/element/a8b1fa65-766d-42ba-a42f-d3dbae3cebf5/location[39m
[35m[HTTP][39m [90m{}[39m
[35m[W3C][39m Driver proxy active, passing request on via HTTP proxy
[35m[JSONWP Proxy][39m Replacing sessionId f185a038-b3cc-426b-823e-cb1219d80673 with a77340e4-53df-4914-9d64-9c7fbe90bafd
[35m[HTTP][39m [37m<-- GET /wd/hub/session/a77340e4-53df-4914-9d64-9c7fbe90bafd/element/a8b1fa65-766d-42ba-a42f-d3dbae3cebf5/location [39m[32m200[39m [90m70 ms - 90[39m
[35m[HTTP][39m [90m[39m
[35m[HTTP][39m [37m-->[39m [37mPOST[39m [37m/wd/hub/session/a77340e4-53df-4914-9d64-9c7fbe90bafd/timeouts[39m
[35m[HTTP][39m [90m{"implicit":30000}[39m
[35m[HTTP][39m [37m<-- POST /wd/hub/session/a77340e4-53df-4914-9d64-9c7fbe90bafd/timeouts [39m[32m200[39m [90m3 ms - 14[39m
[35m[HTTP][39m [90m[39m
[35m[HTTP][39m [37m-->[39m [37mPOST[39m [37m/wd/hub/session/a77340e4-53df-4914-9d64-9c7fbe90bafd/touch/perform[39m
[35m[HTTP][39m [90m{"actions":[{"action":"tap","options":{"x":1,"y":1,"element":"a8b1fa65-766d-42ba-a42f-d3dbae3cebf5"}},{"action":"release","options":{}}]}[39m
[35m[UiAutomator2][39m calling get location: a8b1fa65-766d-42ba-a42f-d3dbae3cebf5
[35m[HTTP][39m [37m<-- POST /wd/hub/session/a77340e4-53df-4914-9d64-9c7fbe90bafd/touch/perform [39m[32m200[39m [90m919 ms - 14[39m
[35m[HTTP][39m [90m[39m
[35m[HTTP][39m [37m-->[39m [37mPOST[39m [37m/wd/hub/session/a77340e4-53df-4914-9d64-9c7fbe90bafd/timeouts[39m
[35m[HTTP][39m [90m{"implicit":50}[39m
[35m[HTTP][39m [37m<-- POST /wd/hub/session/a77340e4-53df-4914-9d64-9c7fbe90bafd/timeouts [39m[32m200[39m [90m2 ms - 14[39m
[35m[HTTP][39m [90m[39m
[35m[HTTP][39m [37m-->[39m [37mGET[39m [37m/wd/hub/session/a77340e4-53df-4914-9d64-9c7fbe90bafd/window/rect[39m
[35m[HTTP][39m [90m{}[39m
[35m[HTTP][39m [37m<-- GET /wd/hub/session/a77340e4-53df-4914-9d64-9c7fbe90bafd/window/rect [39m[32m200[39m [90m42 ms - 50[39m
[35m[HTTP][39m [90m[39m
[35m[HTTP][39m [37m-->[39m [37mPOST[39m [37m/wd/hub/session/a77340e4-53df-4914-9d64-9c7fbe90bafd/elements[39m
[35m[HTTP][39m [90m{"using":"-android uiautomator","value":"new UiSelector().className(\"android.widget.EditText\").resourceId(\"b2-Input_Phone\")"}[39m
[35m[HTTP][39m [37m<-- POST /wd/hub/session/a77340e4-53df-4914-9d64-9c7fbe90bafd/elements [39m[32m200[39m [90m165 ms - 90[39m
[35m[HTTP][39m [90m[39m
[35m[HTTP][39m [37m-->[39m [37mGET[39m [37m/wd/hub/session/a77340e4-53df-4914-9d64-9c7fbe90bafd/element/f4c786ba-0630-4e85-b241-97f7c6ee0aa4/location[39m
[35m[HTTP][39m [90m{}[39m
[35m[W3C][39m Driver proxy active, passing request on via HTTP proxy
[35m[JSONWP Proxy][39m Replacing sessionId f185a038-b3cc-426b-823e-cb1219d80673 with a77340e4-53df-4914-9d64-9c7fbe90bafd
[35m[HTTP][39m [37m<-- GET /wd/hub/session/a77340e4-53df-4914-9d64-9c7fbe90bafd/element/f4c786ba-0630-4e85-b241-97f7c6ee0aa4/location [39m[32m200[39m [90m83 ms - 90[39m
[35m[HTTP][39m [90m[39m
[35m[HTTP][39m [37m-->[39m [37mPOST[39m [37m/wd/hub/session/a77340e4-53df-4914-9d64-9c7fbe90bafd/timeouts[39m
[35m[HTTP][39m [90m{"implicit":30000}[39m
[35m[HTTP][39m [37m<-- POST /wd/hub/session/a77340e4-53df-4914-9d64-9c7fbe90bafd/timeouts [39m[32m200[39m [90m2 ms - 14[39m
[35m[HTTP][39m [90m[39m
[35m[HTTP][39m [37m-->[39m [37mPOST[39m [37m/wd/hub/session/a77340e4-53df-4914-9d64-9c7fbe90bafd/element/f4c786ba-0630-4e85-b241-97f7c6ee0aa4/clear[39m
[35m[HTTP][39m [90m{"id":"f4c786ba-0630-4e85-b241-97f7c6ee0aa4"}[39m
[35m[HTTP][39m [37m<-- POST /wd/hub/session/a77340e4-53df-4914-9d64-9c7fbe90bafd/element/f4c786ba-0630-4e85-b241-97f7c6ee0aa4/clear [39m[32m200[39m [90m69 ms - 27[39m
[35m[HTTP][39m [90m[39m
[35m[HTTP][39m [37m-->[39m [37mPOST[39m [37m/wd/hub/session/a77340e4-53df-4914-9d64-9c7fbe90bafd/timeouts[39m
[35m[HTTP][39m [90m{"implicit":50}[39m
[35m[HTTP][39m [37m<-- POST /wd/hub/session/a77340e4-53df-4914-9d64-9c7fbe90bafd/timeouts [39m[32m200[39m [90m6 ms - 14[39m
[35m[HTTP][39m [90m[39m
[35m[HTTP][39m [37m-->[39m [37mGET[39m [37m/wd/hub/session/a77340e4-53df-4914-9d64-9c7fbe90bafd/window/rect[39m
[35m[HTTP][39m [90m{}[39m
[35m[HTTP][39m [37m<-- GET /wd/hub/session/a77340e4-53df-4914-9d64-9c7fbe90bafd/window/rect [39m[32m200[39m [90m50 ms - 50[39m
[35m[HTTP][39m [90m[39m
[35m[HTTP][39m [37m-->[39m [37mPOST[39m [37m/wd/hub/session/a77340e4-53df-4914-9d64-9c7fbe90bafd/elements[39m
[35m[HTTP][39m [90m{"using":"-android uiautomator","value":"new UiSelector().className(\"android.widget.Button\").text(\"Daftar\")"}[39m
[35m[HTTP][39m [37m<-- POST /wd/hub/session/a77340e4-53df-4914-9d64-9c7fbe90bafd/elements [39m[32m200[39m [90m515 ms - 12[39m
[35m[HTTP][39m [90m[39m
[35m[HTTP][39m [37m-->[39m [37mPOST[39m [37m/wd/hub/session/a77340e4-53df-4914-9d64-9c7fbe90bafd/elements[39m
[35m[HTTP][39m [90m{"using":"-android uiautomator","value":"new UiSelector().className(\"android.widget.Button\").text(\"Daftar\")"}[39m
[35m[HTTP][39m [37m<-- POST /wd/hub/session/a77340e4-53df-4914-9d64-9c7fbe90bafd/elements [39m[32m200[39m [90m89 ms - 12[39m
[35m[HTTP][39m [90m[39m
[35m[HTTP][39m [37m-->[39m [37mPOST[39m [37m/wd/hub/session/a77340e4-53df-4914-9d64-9c7fbe90bafd/elements[39m
[35m[HTTP][39m [90m{"using":"-android uiautomator","value":"new UiSelector().className(\"android.widget.Button\").text(\"Daftar\")"}[39m
[35m[HTTP][39m [37m<-- POST /wd/hub/session/a77340e4-53df-4914-9d64-9c7fbe90bafd/elements [39m[32m200[39m [90m83 ms - 12[39m
[35m[HTTP][39m [90m[39m
[35m[HTTP][39m [37m-->[39m [37mPOST[39m [37m/wd/hub/session/a77340e4-53df-4914-9d64-9c7fbe90bafd/elements[39m
[35m[HTTP][39m [90m{"using":"-android uiautomator","value":"new UiSelector().className(\"android.widget.Button\").text(\"Daftar\")"}[39m
[35m[HTTP][39m [37m<-- POST /wd/hub/session/a77340e4-53df-4914-9d64-9c7fbe90bafd/elements [39m[32m200[39m [90m100 ms - 12[39m
[35m[HTTP][39m [90m[39m
[35m[HTTP][39m [37m-->[39m [37mPOST[39m [37m/wd/hub/session/a77340e4-53df-4914-9d64-9c7fbe90bafd/elements[39m
[35m[HTTP][39m [90m{"using":"-android uiautomator","value":"new UiSelector().className(\"android.widget.Button\").text(\"Daftar\")"}[39m
[35m[HTTP][39m [37m<-- POST /wd/hub/session/a77340e4-53df-4914-9d64-9c7fbe90bafd/elements [39m[32m200[39m [90m1588 ms - 90[39m
[35m[HTTP][39m [90m[39m
[35m[HTTP][39m [37m-->[39m [37mGET[39m [37m/wd/hub/session/a77340e4-53df-4914-9d64-9c7fbe90bafd/element/34bae922-70cb-4266-9cd0-5ccd8dba739b/location[39m
[35m[HTTP][39m [90m{}[39m
[35m[W3C][39m Driver proxy active, passing request on via HTTP proxy
[35m[JSONWP Proxy][39m Replacing sessionId f185a038-b3cc-426b-823e-cb1219d80673 with a77340e4-53df-4914-9d64-9c7fbe90bafd
[35m[HTTP][39m [37m<-- GET /wd/hub/session/a77340e4-53df-4914-9d64-9c7fbe90bafd/element/34bae922-70cb-4266-9cd0-5ccd8dba739b/location [39m[32m200[39m [90m80 ms - 90[39m
[35m[HTTP][39m [90m[39m
[35m[HTTP][39m [37m-->[39m [37mPOST[39m [37m/wd/hub/session/a77340e4-53df-4914-9d64-9c7fbe90bafd/timeouts[39m
[35m[HTTP][39m [90m{"implicit":30000}[39m
[35m[HTTP][39m [37m<-- POST /wd/hub/session/a77340e4-53df-4914-9d64-9c7fbe90bafd/timeouts [39m[32m200[39m [90m4 ms - 14[39m
[35m[HTTP][39m [90m[39m
[35m[HTTP][39m [37m-->[39m [37mPOST[39m [37m/wd/hub/session/a77340e4-53df-4914-9d64-9c7fbe90bafd/touch/perform[39m
[35m[HTTP][39m [90m{"actions":[{"action":"tap","options":{"x":1,"y":1,"element":"34bae922-70cb-4266-9cd0-5ccd8dba739b"}},{"action":"release","options":{}}]}[39m
[35m[UiAutomator2][39m calling get location: 34bae922-70cb-4266-9cd0-5ccd8dba739b
[35m[HTTP][39m [37m<-- POST /wd/hub/session/a77340e4-53df-4914-9d64-9c7fbe90bafd/touch/perform [39m[32m200[39m [90m1437 ms - 14[39m
[35m[HTTP][39m [90m[39m
[35m[HTTP][39m [37m-->[39m [37mPOST[39m [37m/wd/hub/session/a77340e4-53df-4914-9d64-9c7fbe90bafd/timeouts[39m
[35m[HTTP][39m [90m{"implicit":50}[39m
[35m[HTTP][39m [37m<-- POST /wd/hub/session/a77340e4-53df-4914-9d64-9c7fbe90bafd/timeouts [39m[32m200[39m [90m3 ms - 14[39m
[35m[HTTP][39m [90m[39m
[35m[HTTP][39m [37m-->[39m [37mGET[39m [37m/wd/hub/session/a77340e4-53df-4914-9d64-9c7fbe90bafd/window/rect[39m
[35m[HTTP][39m [90m{}[39m
[35m[HTTP][39m [37m<-- GET /wd/hub/session/a77340e4-53df-4914-9d64-9c7fbe90bafd/window/rect [39m[32m200[39m [90m67 ms - 50[39m
[35m[HTTP][39m [90m[39m
[35m[HTTP][39m [37m-->[39m [37mPOST[39m [37m/wd/hub/session/a77340e4-53df-4914-9d64-9c7fbe90bafd/elements[39m
[35m[HTTP][39m [90m{"using":"-android uiautomator","value":"new UiSelector().className(\"android.view.View\").text(\"Nomor Ponsel harus diisi!\")"}[39m
[35m[HTTP][39m [37m<-- POST /wd/hub/session/a77340e4-53df-4914-9d64-9c7fbe90bafd/elements [39m[32m200[39m [90m162 ms - 90[39m
[35m[HTTP][39m [90m[39m
[35m[HTTP][39m [37m-->[39m [37mGET[39m [37m/wd/hub/session/a77340e4-53df-4914-9d64-9c7fbe90bafd/element/902b1123-0294-4197-a294-03f629ffe970/location[39m
[35m[HTTP][39m [90m{}[39m
[35m[W3C][39m Driver proxy active, passing request on via HTTP proxy
[35m[JSONWP Proxy][39m Replacing sessionId f185a038-b3cc-426b-823e-cb1219d80673 with a77340e4-53df-4914-9d64-9c7fbe90bafd
[35m[HTTP][39m [37m<-- GET /wd/hub/session/a77340e4-53df-4914-9d64-9c7fbe90bafd/element/902b1123-0294-4197-a294-03f629ffe970/location [39m[32m200[39m [90m71 ms - 90[39m
[35m[HTTP][39m [90m[39m
[35m[HTTP][39m [37m-->[39m [37mPOST[39m [37m/wd/hub/session/a77340e4-53df-4914-9d64-9c7fbe90bafd/timeouts[39m
[35m[HTTP][39m [90m{"implicit":30000}[39m
[35m[HTTP][39m [37m<-- POST /wd/hub/session/a77340e4-53df-4914-9d64-9c7fbe90bafd/timeouts [39m[32m200[39m [90m3 ms - 14[39m
[35m[HTTP][39m [90m[39m
[35m[HTTP][39m [37m-->[39m [37mGET[39m [37m/wd/hub/session/a77340e4-53df-4914-9d64-9c7fbe90bafd/element/902b1123-0294-4197-a294-03f629ffe970/displayed[39m
[35m[HTTP][39m [90m{}[39m
[35m[HTTP][39m [37m<-- GET /wd/hub/session/a77340e4-53df-4914-9d64-9c7fbe90bafd/element/902b1123-0294-4197-a294-03f629ffe970/displayed [39m[32m200[39m [90m61 ms - 14[39m
[35m[HTTP][39m [90m[39m
[35m[HTTP][39m [37m-->[39m [37mDELETE[39m [37m/wd/hub/session/a77340e4-53df-4914-9d64-9c7fbe90bafd[39m
[35m[HTTP][39m [90m{}[39m
[35m[Appium][39m Removing session a77340e4-53df-4914-9d64-9c7fbe90bafd from our master session list
[35m[ADB][39m com.outsystemsenterprise.acctst1.ACCMart was successfully uninstalled
[35m[HTTP][39m [37m<-- DELETE /wd/hub/session/a77340e4-53df-4914-9d64-9c7fbe90bafd [39m[32m200[39m [90m3191 ms - 14[39m
[35m[HTTP][39m [90m[39m
