[35m[Appium][39m Welcome to Appium v1.8.1
[35m[Appium][39m Non-default server args:
[35m[Appium][39m   port: 59280
[35m[Appium][39m   loglevel: info
[35m[Appium][39m   chromeDriverPort: 59281
[35m[Appium][39m   tmpDir: C:\Users\lieto\AppData\Local\Temp\\Katalon\Appium\Temp1566211528059
[35m[Appium][39m Appium REST http interface listener started on 0.0.0.0:59280
[35m[HTTP][39m [37m-->[39m [37mGET[39m [37m/wd/hub/status[39m
[35m[HTTP][39m [90m{}[39m
[35m[HTTP][39m [37m<-- GET /wd/hub/status [39m[32m200[39m [90m15 ms - 83[39m
[35m[HTTP][39m [90m[39m
[35m[HTTP][39m [37m-->[39m [37mPOST[39m [37m/wd/hub/session[39m
[35m[HTTP][39m [90m{"desiredCapabilities":{"app":"D:\\State's Secret\\Internsheeepppppp\\Project\\accmart.apk","noReset":false,"newCommandTimeout":1800,"platformVersion":"9","automationName":"uiautomator2","autoGrantPermissions":true,"platformName":"Android","udid":"32008eeec002a5eb","deviceName":"samsung SM-A750GN (Android 9)","fullReset":true,"platform":"ANDROID"},"capabilities":{"firstMatch":[{"appium:app":"D:\\State's Secret\\Internsheeepppppp\\Project\\accmart.apk","appium:autoGrantPermissions":true,"appium:automationName":"uiautomator2","appium:deviceName":"samsung SM-A750GN (Android 9)","appium:fullReset":true,"appium:newCommandTimeout":1800,"appium:noReset":false,"platform":"ANDROID","platformName":"android","appium:platformVersion":"9","appium:udid":"32008eeec002a5eb"}]}}[39m
[35m[BaseDriver][39m The capabilities ["platform"] are not standard capabilities and should have an extension prefix
[35m[Appium][39m Creating new AndroidUiautomator2Driver (v1.12.0) session
[35m[Appium][39m Capabilities:
[35m[Appium][39m   platform: ANDROID
[35m[Appium][39m   platformName: android
[35m[Appium][39m   app: D:\State's Secret\Internsheeepppppp\Project\accmart.apk
[35m[Appium][39m   autoGrantPermissions: true
[35m[Appium][39m   automationName: uiautomator2
[35m[Appium][39m   deviceName: samsung SM-A750GN (Android 9)
[35m[Appium][39m   fullReset: true
[35m[Appium][39m   newCommandTimeout: 1800
[35m[Appium][39m   noReset: false
[35m[Appium][39m   platformVersion: 9
[35m[Appium][39m   udid: 32008eeec002a5eb
[35m[BaseDriver][39m The following capabilities were provided, but are not recognized by appium: platform.
[35m[BaseDriver][39m Session created with session id: 19750ecb-5496-4634-92b1-2ce3d3b97dea
[35m[BaseDriver][39m Using local app 'D:\State's Secret\Internsheeepppppp\Project\accmart.apk'
[35m[AndroidDriver][39m Java version is: 1.8.0_181
[35m[ADB][39m Checking whether adb is present
[35m[ADB][39m Found 1 'build-tools' folders under 'C:\Users\lieto\.katalon\tools\android_sdk' (newest first):
[35m[ADB][39m     C:/Users/lieto/.katalon/tools/android_sdk/build-tools/29.0.2
[35m[ADB][39m Using adb.exe from C:\Users\lieto\.katalon\tools\android_sdk\platform-tools\adb.exe
[35m[AndroidDriver][39m Retrieving device list
[35m[AndroidDriver][39m Using device: 32008eeec002a5eb
[35m[ADB][39m Using the alternative activity name detection method because of: Could not find apkanalyzer.bat in C:\Users\lieto\.katalon\tools\android_sdk\platform-tools\apkanalyzer.bat,C:\Users\lieto\.katalon\tools\android_sdk\emulator\apkanalyzer.bat,C:\Users\lieto\.katalon\tools\android_sdk\tools\apkanalyzer.bat,C:\Users\lieto\.katalon\tools\android_sdk\tools\bin\apkanalyzer.bat,C:\Users\lieto\.katalon\tools\android_sdk\build-tools\29.0.2\apkanalyzer.bat. Do you have the Android SDK installed at 'C:\Users\lieto\.katalon\tools\android_sdk'?
[35m[ADB][39m Checking whether aapt is present
[35m[ADB][39m Using aapt.exe from C:\Users\lieto\.katalon\tools\android_sdk\build-tools\29.0.2\aapt.exe
[35m[ADB][39m Extracting package and launch activity from manifest
[35m[ADB][39m Package name: 'com.outsystemsenterprise.acctst1.ACCMart'
[35m[ADB][39m Main activity name: 'com.outsystemsenterprise.acctst1.ACCMart.MainActivity'
[35m[ADB][39m Getting device platform version
[35m[ADB][39m Using apksigner.bat from C:\Users\lieto\.katalon\tools\android_sdk\build-tools\29.0.2\apksigner.bat
[35m[ADB][39m Cannot read version codes of 'C:\Users\lieto\AppData\Roaming\npm\node_modules\appium\node_modules\appium-uiautomator2-server\apks\appium-uiautomator2-server-debug-androidTest.apk' and/or 'io.appium.uiautomator2.server.test'
[35m[ADB][39m Cannot read version names of 'C:\Users\lieto\AppData\Roaming\npm\node_modules\appium\node_modules\appium-uiautomator2-server\apks\appium-uiautomator2-server-debug-androidTest.apk' and/or 'io.appium.uiautomator2.server.test'. Assuming correct app version is already installed
[35m[AndroidDriver][39m setDeviceLanguageCountry requires language or country.
[35m[AndroidDriver][39m Got language: 'null' and country: 'null'
[35m[ADB][39m Successfully extracted 43 strings from 'D:\State's Secret\Internsheeepppppp\Project\accmart.apk' resources for '(default)' configuration
[35m[ADB][39m com.outsystemsenterprise.acctst1.ACCMart was not uninstalled, because it was not present on the device
[35m[UiAutomator2][39m Starting uiautomator2 server 1.12.0
[35m[UiAutomator2][39m Using UIAutomator2 server from 'C:\Users\lieto\AppData\Roaming\npm\node_modules\appium\node_modules\appium-uiautomator2-server\apks\appium-uiautomator2-server-v1.12.0.apk' and test from 'C:\Users\lieto\AppData\Roaming\npm\node_modules\appium\node_modules\appium-uiautomator2-server\apks\appium-uiautomator2-server-debug-androidTest.apk'
[35m[UiAutomator2][39m Running command: 'adb -s 32008eeec002a5eb shell am instrument -w io.appium.uiautomator2.server.test/android.support.test.runner.AndroidJUnitRunner'
[35m[UiAutomator2][39m Waiting up to 20000ms for UiAutomator2 to be online...
[35m[AndroidDriver][39m Screen already unlocked, doing nothing
[35m[UiAutomator2][39m UiAutomator2 did not start the activity we were waiting for, 'com.outsystemsenterprise.acctst1.ACCMart/com.outsystemsenterprise.acctst1.ACCMart.MainActivity'. Starting it ourselves
[35m[Appium][39m New AndroidUiautomator2Driver session created successfully, session 19750ecb-5496-4634-92b1-2ce3d3b97dea added to master session list
[35m[HTTP][39m [37m<-- POST /wd/hub/session [39m[32m200[39m [90m42121 ms - 1225[39m
[35m[HTTP][39m [90m[39m
[35m[HTTP][39m [37m-->[39m [37mGET[39m [37m/wd/hub/session/19750ecb-5496-4634-92b1-2ce3d3b97dea[39m
[35m[HTTP][39m [90m{}[39m
[35m[HTTP][39m [37m<-- GET /wd/hub/session/19750ecb-5496-4634-92b1-2ce3d3b97dea [39m[32m200[39m [90m66 ms - 1157[39m
[35m[HTTP][39m [90m[39m
[35m[HTTP][39m [37m-->[39m [37mGET[39m [37m/wd/hub/session/19750ecb-5496-4634-92b1-2ce3d3b97dea[39m
[35m[HTTP][39m [90m{}[39m
[35m[HTTP][39m [37m<-- GET /wd/hub/session/19750ecb-5496-4634-92b1-2ce3d3b97dea [39m[32m200[39m [90m61 ms - 1157[39m
[35m[HTTP][39m [90m[39m
[35m[HTTP][39m [37m-->[39m [37mGET[39m [37m/wd/hub/status[39m
[35m[HTTP][39m [90m{}[39m
[35m[HTTP][39m [37m<-- GET /wd/hub/status [39m[32m200[39m [90m6 ms - 55[39m
[35m[HTTP][39m [90m[39m
[35m[HTTP][39m [37m-->[39m [37mPOST[39m [37m/wd/hub/session/19750ecb-5496-4634-92b1-2ce3d3b97dea/timeouts[39m
[35m[HTTP][39m [90m{"implicit":30000}[39m
[35m[HTTP][39m [37m<-- POST /wd/hub/session/19750ecb-5496-4634-92b1-2ce3d3b97dea/timeouts [39m[32m200[39m [90m13 ms - 14[39m
[35m[HTTP][39m [90m[39m
[35m[HTTP][39m [37m-->[39m [37mPOST[39m [37m/wd/hub/session/19750ecb-5496-4634-92b1-2ce3d3b97dea/timeouts[39m
[35m[HTTP][39m [90m{"implicit":50}[39m
[35m[HTTP][39m [37m<-- POST /wd/hub/session/19750ecb-5496-4634-92b1-2ce3d3b97dea/timeouts [39m[32m200[39m [90m5 ms - 14[39m
[35m[HTTP][39m [90m[39m
[35m[HTTP][39m [37m-->[39m [37mGET[39m [37m/wd/hub/session/19750ecb-5496-4634-92b1-2ce3d3b97dea/window/rect[39m
[35m[HTTP][39m [90m{}[39m
[35m[HTTP][39m [37m<-- GET /wd/hub/session/19750ecb-5496-4634-92b1-2ce3d3b97dea/window/rect [39m[32m200[39m [90m134 ms - 50[39m
[35m[HTTP][39m [90m[39m
[35m[HTTP][39m [37m-->[39m [37mPOST[39m [37m/wd/hub/session/19750ecb-5496-4634-92b1-2ce3d3b97dea/elements[39m
[35m[HTTP][39m [90m{"using":"-android uiautomator","value":"new UiSelector().className(\"android.view.View\").text(\"MobiMartTheme.PESAN_ICON\")"}[39m
[35m[HTTP][39m [37m<-- POST /wd/hub/session/19750ecb-5496-4634-92b1-2ce3d3b97dea/elements [39m[32m200[39m [90m339 ms - 12[39m
[35m[HTTP][39m [90m[39m
[35m[HTTP][39m [37m-->[39m [37mPOST[39m [37m/wd/hub/session/19750ecb-5496-4634-92b1-2ce3d3b97dea/elements[39m
[35m[HTTP][39m [90m{"using":"-android uiautomator","value":"new UiSelector().className(\"android.view.View\").text(\"MobiMartTheme.PESAN_ICON\")"}[39m
[35m[HTTP][39m [37m<-- POST /wd/hub/session/19750ecb-5496-4634-92b1-2ce3d3b97dea/elements [39m[32m200[39m [90m1011 ms - 12[39m
[35m[HTTP][39m [90m[39m
[35m[HTTP][39m [37m-->[39m [37mPOST[39m [37m/wd/hub/session/19750ecb-5496-4634-92b1-2ce3d3b97dea/elements[39m
[35m[HTTP][39m [90m{"using":"-android uiautomator","value":"new UiSelector().className(\"android.view.View\").text(\"MobiMartTheme.PESAN_ICON\")"}[39m
[35m[HTTP][39m [37m<-- POST /wd/hub/session/19750ecb-5496-4634-92b1-2ce3d3b97dea/elements [39m[32m200[39m [90m88 ms - 12[39m
[35m[HTTP][39m [90m[39m
[35m[HTTP][39m [37m-->[39m [37mPOST[39m [37m/wd/hub/session/19750ecb-5496-4634-92b1-2ce3d3b97dea/elements[39m
[35m[HTTP][39m [90m{"using":"-android uiautomator","value":"new UiSelector().className(\"android.view.View\").text(\"MobiMartTheme.PESAN_ICON\")"}[39m
[35m[HTTP][39m [37m<-- POST /wd/hub/session/19750ecb-5496-4634-92b1-2ce3d3b97dea/elements [39m[32m200[39m [90m108 ms - 12[39m
[35m[HTTP][39m [90m[39m
[35m[HTTP][39m [37m-->[39m [37mPOST[39m [37m/wd/hub/session/19750ecb-5496-4634-92b1-2ce3d3b97dea/elements[39m
[35m[HTTP][39m [90m{"using":"-android uiautomator","value":"new UiSelector().className(\"android.view.View\").text(\"MobiMartTheme.PESAN_ICON\")"}[39m
[35m[HTTP][39m [37m<-- POST /wd/hub/session/19750ecb-5496-4634-92b1-2ce3d3b97dea/elements [39m[32m200[39m [90m382 ms - 12[39m
[35m[HTTP][39m [90m[39m
[35m[HTTP][39m [37m-->[39m [37mPOST[39m [37m/wd/hub/session/19750ecb-5496-4634-92b1-2ce3d3b97dea/elements[39m
[35m[HTTP][39m [90m{"using":"-android uiautomator","value":"new UiSelector().className(\"android.view.View\").text(\"MobiMartTheme.PESAN_ICON\")"}[39m
[35m[HTTP][39m [37m<-- POST /wd/hub/session/19750ecb-5496-4634-92b1-2ce3d3b97dea/elements [39m[32m200[39m [90m527 ms - 12[39m
[35m[HTTP][39m [90m[39m
[35m[HTTP][39m [37m-->[39m [37mPOST[39m [37m/wd/hub/session/19750ecb-5496-4634-92b1-2ce3d3b97dea/elements[39m
[35m[HTTP][39m [90m{"using":"-android uiautomator","value":"new UiSelector().className(\"android.view.View\").text(\"MobiMartTheme.PESAN_ICON\")"}[39m
[35m[HTTP][39m [37m<-- POST /wd/hub/session/19750ecb-5496-4634-92b1-2ce3d3b97dea/elements [39m[32m200[39m [90m148 ms - 12[39m
[35m[HTTP][39m [90m[39m
[35m[HTTP][39m [37m-->[39m [37mPOST[39m [37m/wd/hub/session/19750ecb-5496-4634-92b1-2ce3d3b97dea/elements[39m
[35m[HTTP][39m [90m{"using":"-android uiautomator","value":"new UiSelector().className(\"android.view.View\").text(\"MobiMartTheme.PESAN_ICON\")"}[39m
[35m[HTTP][39m [37m<-- POST /wd/hub/session/19750ecb-5496-4634-92b1-2ce3d3b97dea/elements [39m[32m200[39m [90m132 ms - 12[39m
[35m[HTTP][39m [90m[39m
[35m[HTTP][39m [37m-->[39m [37mPOST[39m [37m/wd/hub/session/19750ecb-5496-4634-92b1-2ce3d3b97dea/elements[39m
[35m[HTTP][39m [90m{"using":"-android uiautomator","value":"new UiSelector().className(\"android.view.View\").text(\"MobiMartTheme.PESAN_ICON\")"}[39m
[35m[HTTP][39m [37m<-- POST /wd/hub/session/19750ecb-5496-4634-92b1-2ce3d3b97dea/elements [39m[32m200[39m [90m146 ms - 12[39m
[35m[HTTP][39m [90m[39m
[35m[HTTP][39m [37m-->[39m [37mPOST[39m [37m/wd/hub/session/19750ecb-5496-4634-92b1-2ce3d3b97dea/elements[39m
[35m[HTTP][39m [90m{"using":"-android uiautomator","value":"new UiSelector().className(\"android.view.View\").text(\"MobiMartTheme.PESAN_ICON\")"}[39m
[35m[HTTP][39m [37m<-- POST /wd/hub/session/19750ecb-5496-4634-92b1-2ce3d3b97dea/elements [39m[32m200[39m [90m136 ms - 12[39m
[35m[HTTP][39m [90m[39m
[35m[HTTP][39m [37m-->[39m [37mPOST[39m [37m/wd/hub/session/19750ecb-5496-4634-92b1-2ce3d3b97dea/elements[39m
[35m[HTTP][39m [90m{"using":"-android uiautomator","value":"new UiSelector().className(\"android.view.View\").text(\"MobiMartTheme.PESAN_ICON\")"}[39m
[35m[HTTP][39m [37m<-- POST /wd/hub/session/19750ecb-5496-4634-92b1-2ce3d3b97dea/elements [39m[32m200[39m [90m552 ms - 12[39m
[35m[HTTP][39m [90m[39m
[35m[HTTP][39m [37m-->[39m [37mPOST[39m [37m/wd/hub/session/19750ecb-5496-4634-92b1-2ce3d3b97dea/elements[39m
[35m[HTTP][39m [90m{"using":"-android uiautomator","value":"new UiSelector().className(\"android.view.View\").text(\"MobiMartTheme.PESAN_ICON\")"}[39m
[35m[HTTP][39m [37m<-- POST /wd/hub/session/19750ecb-5496-4634-92b1-2ce3d3b97dea/elements [39m[32m200[39m [90m142 ms - 12[39m
[35m[HTTP][39m [90m[39m
[35m[HTTP][39m [37m-->[39m [37mPOST[39m [37m/wd/hub/session/19750ecb-5496-4634-92b1-2ce3d3b97dea/elements[39m
[35m[HTTP][39m [90m{"using":"-android uiautomator","value":"new UiSelector().className(\"android.view.View\").text(\"MobiMartTheme.PESAN_ICON\")"}[39m
[35m[HTTP][39m [37m<-- POST /wd/hub/session/19750ecb-5496-4634-92b1-2ce3d3b97dea/elements [39m[32m200[39m [90m131 ms - 12[39m
[35m[HTTP][39m [90m[39m
[35m[HTTP][39m [37m-->[39m [37mPOST[39m [37m/wd/hub/session/19750ecb-5496-4634-92b1-2ce3d3b97dea/elements[39m
[35m[HTTP][39m [90m{"using":"-android uiautomator","value":"new UiSelector().className(\"android.view.View\").text(\"MobiMartTheme.PESAN_ICON\")"}[39m
[35m[HTTP][39m [37m<-- POST /wd/hub/session/19750ecb-5496-4634-92b1-2ce3d3b97dea/elements [39m[32m200[39m [90m119 ms - 12[39m
[35m[HTTP][39m [90m[39m
[35m[HTTP][39m [37m-->[39m [37mPOST[39m [37m/wd/hub/session/19750ecb-5496-4634-92b1-2ce3d3b97dea/elements[39m
[35m[HTTP][39m [90m{"using":"-android uiautomator","value":"new UiSelector().className(\"android.view.View\").text(\"MobiMartTheme.PESAN_ICON\")"}[39m
[35m[HTTP][39m [37m<-- POST /wd/hub/session/19750ecb-5496-4634-92b1-2ce3d3b97dea/elements [39m[32m200[39m [90m101 ms - 12[39m
[35m[HTTP][39m [90m[39m
[35m[HTTP][39m [37m-->[39m [37mPOST[39m [37m/wd/hub/session/19750ecb-5496-4634-92b1-2ce3d3b97dea/elements[39m
[35m[HTTP][39m [90m{"using":"-android uiautomator","value":"new UiSelector().className(\"android.view.View\").text(\"MobiMartTheme.PESAN_ICON\")"}[39m
[35m[HTTP][39m [37m<-- POST /wd/hub/session/19750ecb-5496-4634-92b1-2ce3d3b97dea/elements [39m[32m200[39m [90m99 ms - 12[39m
[35m[HTTP][39m [90m[39m
[35m[HTTP][39m [37m-->[39m [37mPOST[39m [37m/wd/hub/session/19750ecb-5496-4634-92b1-2ce3d3b97dea/elements[39m
[35m[HTTP][39m [90m{"using":"-android uiautomator","value":"new UiSelector().className(\"android.view.View\").text(\"MobiMartTheme.PESAN_ICON\")"}[39m
[35m[HTTP][39m [37m<-- POST /wd/hub/session/19750ecb-5496-4634-92b1-2ce3d3b97dea/elements [39m[32m200[39m [90m139 ms - 12[39m
[35m[HTTP][39m [90m[39m
[35m[HTTP][39m [37m-->[39m [37mPOST[39m [37m/wd/hub/session/19750ecb-5496-4634-92b1-2ce3d3b97dea/elements[39m
[35m[HTTP][39m [90m{"using":"-android uiautomator","value":"new UiSelector().className(\"android.view.View\").text(\"MobiMartTheme.PESAN_ICON\")"}[39m
[35m[HTTP][39m [37m<-- POST /wd/hub/session/19750ecb-5496-4634-92b1-2ce3d3b97dea/elements [39m[32m200[39m [90m112 ms - 12[39m
[35m[HTTP][39m [90m[39m
[35m[HTTP][39m [37m-->[39m [37mPOST[39m [37m/wd/hub/session/19750ecb-5496-4634-92b1-2ce3d3b97dea/elements[39m
[35m[HTTP][39m [90m{"using":"-android uiautomator","value":"new UiSelector().className(\"android.view.View\").text(\"MobiMartTheme.PESAN_ICON\")"}[39m
[35m[HTTP][39m [37m<-- POST /wd/hub/session/19750ecb-5496-4634-92b1-2ce3d3b97dea/elements [39m[32m200[39m [90m107 ms - 12[39m
[35m[HTTP][39m [90m[39m
[35m[HTTP][39m [37m-->[39m [37mPOST[39m [37m/wd/hub/session/19750ecb-5496-4634-92b1-2ce3d3b97dea/elements[39m
[35m[HTTP][39m [90m{"using":"-android uiautomator","value":"new UiSelector().className(\"android.view.View\").text(\"MobiMartTheme.PESAN_ICON\")"}[39m
[35m[HTTP][39m [37m<-- POST /wd/hub/session/19750ecb-5496-4634-92b1-2ce3d3b97dea/elements [39m[32m200[39m [90m119 ms - 12[39m
[35m[HTTP][39m [90m[39m
[35m[HTTP][39m [37m-->[39m [37mPOST[39m [37m/wd/hub/session/19750ecb-5496-4634-92b1-2ce3d3b97dea/elements[39m
[35m[HTTP][39m [90m{"using":"-android uiautomator","value":"new UiSelector().className(\"android.view.View\").text(\"MobiMartTheme.PESAN_ICON\")"}[39m
[35m[HTTP][39m [37m<-- POST /wd/hub/session/19750ecb-5496-4634-92b1-2ce3d3b97dea/elements [39m[32m200[39m [90m108 ms - 12[39m
[35m[HTTP][39m [90m[39m
[35m[HTTP][39m [37m-->[39m [37mPOST[39m [37m/wd/hub/session/19750ecb-5496-4634-92b1-2ce3d3b97dea/elements[39m
[35m[HTTP][39m [90m{"using":"-android uiautomator","value":"new UiSelector().className(\"android.view.View\").text(\"MobiMartTheme.PESAN_ICON\")"}[39m
[35m[HTTP][39m [37m<-- POST /wd/hub/session/19750ecb-5496-4634-92b1-2ce3d3b97dea/elements [39m[32m200[39m [90m1957 ms - 90[39m
[35m[HTTP][39m [90m[39m
[35m[HTTP][39m [37m-->[39m [37mGET[39m [37m/wd/hub/session/19750ecb-5496-4634-92b1-2ce3d3b97dea/element/0aec4109-e5e5-45b9-a974-1cb387ed6695/location[39m
[35m[HTTP][39m [90m{}[39m
[35m[W3C][39m Driver proxy active, passing request on via HTTP proxy
[35m[JSONWP Proxy][39m Replacing sessionId 94345052-8bc1-441b-84a9-84dbc4904418 with 19750ecb-5496-4634-92b1-2ce3d3b97dea
[35m[HTTP][39m [37m<-- GET /wd/hub/session/19750ecb-5496-4634-92b1-2ce3d3b97dea/element/0aec4109-e5e5-45b9-a974-1cb387ed6695/location [39m[32m200[39m [90m125 ms - 89[39m
[35m[HTTP][39m [90m[39m
[35m[HTTP][39m [37m-->[39m [37mPOST[39m [37m/wd/hub/session/19750ecb-5496-4634-92b1-2ce3d3b97dea/timeouts[39m
[35m[HTTP][39m [90m{"implicit":30000}[39m
[35m[HTTP][39m [37m<-- POST /wd/hub/session/19750ecb-5496-4634-92b1-2ce3d3b97dea/timeouts [39m[32m200[39m [90m5 ms - 14[39m
[35m[HTTP][39m [90m[39m
[35m[HTTP][39m [37m-->[39m [37mPOST[39m [37m/wd/hub/session/19750ecb-5496-4634-92b1-2ce3d3b97dea/timeouts[39m
[35m[HTTP][39m [90m{"implicit":50}[39m
[35m[HTTP][39m [37m<-- POST /wd/hub/session/19750ecb-5496-4634-92b1-2ce3d3b97dea/timeouts [39m[32m200[39m [90m3 ms - 14[39m
[35m[HTTP][39m [90m[39m
[35m[HTTP][39m [37m-->[39m [37mGET[39m [37m/wd/hub/session/19750ecb-5496-4634-92b1-2ce3d3b97dea/window/rect[39m
[35m[HTTP][39m [90m{}[39m
[35m[HTTP][39m [37m<-- GET /wd/hub/session/19750ecb-5496-4634-92b1-2ce3d3b97dea/window/rect [39m[32m200[39m [90m52 ms - 50[39m
[35m[HTTP][39m [90m[39m
[35m[HTTP][39m [37m-->[39m [37mPOST[39m [37m/wd/hub/session/19750ecb-5496-4634-92b1-2ce3d3b97dea/elements[39m
[35m[HTTP][39m [90m{"using":"-android uiautomator","value":"new UiSelector().className(\"android.view.View\").text(\"MobiMartTheme.PESAN_ICON\")"}[39m
[35m[HTTP][39m [37m<-- POST /wd/hub/session/19750ecb-5496-4634-92b1-2ce3d3b97dea/elements [39m[32m200[39m [90m273 ms - 90[39m
[35m[HTTP][39m [90m[39m
[35m[HTTP][39m [37m-->[39m [37mGET[39m [37m/wd/hub/session/19750ecb-5496-4634-92b1-2ce3d3b97dea/element/a4e7a9dc-b950-4b59-8ea5-28c467a8c42f/location[39m
[35m[HTTP][39m [90m{}[39m
[35m[W3C][39m Driver proxy active, passing request on via HTTP proxy
[35m[JSONWP Proxy][39m Replacing sessionId 94345052-8bc1-441b-84a9-84dbc4904418 with 19750ecb-5496-4634-92b1-2ce3d3b97dea
[35m[HTTP][39m [37m<-- GET /wd/hub/session/19750ecb-5496-4634-92b1-2ce3d3b97dea/element/a4e7a9dc-b950-4b59-8ea5-28c467a8c42f/location [39m[32m200[39m [90m144 ms - 89[39m
[35m[HTTP][39m [90m[39m
[35m[HTTP][39m [37m-->[39m [37mPOST[39m [37m/wd/hub/session/19750ecb-5496-4634-92b1-2ce3d3b97dea/timeouts[39m
[35m[HTTP][39m [90m{"implicit":30000}[39m
[35m[HTTP][39m [37m<-- POST /wd/hub/session/19750ecb-5496-4634-92b1-2ce3d3b97dea/timeouts [39m[32m200[39m [90m3 ms - 14[39m
[35m[HTTP][39m [90m[39m
[35m[HTTP][39m [37m-->[39m [37mPOST[39m [37m/wd/hub/session/19750ecb-5496-4634-92b1-2ce3d3b97dea/touch/perform[39m
[35m[HTTP][39m [90m{"actions":[{"action":"tap","options":{"x":1,"y":1,"element":"a4e7a9dc-b950-4b59-8ea5-28c467a8c42f"}},{"action":"release","options":{}}]}[39m
[35m[UiAutomator2][39m calling get location: a4e7a9dc-b950-4b59-8ea5-28c467a8c42f
[35m[HTTP][39m [37m<-- POST /wd/hub/session/19750ecb-5496-4634-92b1-2ce3d3b97dea/touch/perform [39m[32m200[39m [90m2164 ms - 14[39m
[35m[HTTP][39m [90m[39m
[35m[HTTP][39m [37m-->[39m [37mPOST[39m [37m/wd/hub/session/19750ecb-5496-4634-92b1-2ce3d3b97dea/timeouts[39m
[35m[HTTP][39m [90m{"implicit":50}[39m
[35m[HTTP][39m [37m<-- POST /wd/hub/session/19750ecb-5496-4634-92b1-2ce3d3b97dea/timeouts [39m[32m200[39m [90m4 ms - 14[39m
[35m[HTTP][39m [90m[39m
[35m[HTTP][39m [37m-->[39m [37mGET[39m [37m/wd/hub/session/19750ecb-5496-4634-92b1-2ce3d3b97dea/window/rect[39m
[35m[HTTP][39m [90m{}[39m
[35m[HTTP][39m [37m<-- GET /wd/hub/session/19750ecb-5496-4634-92b1-2ce3d3b97dea/window/rect [39m[32m200[39m [90m52 ms - 50[39m
[35m[HTTP][39m [90m[39m
[35m[HTTP][39m [37m-->[39m [37mPOST[39m [37m/wd/hub/session/19750ecb-5496-4634-92b1-2ce3d3b97dea/elements[39m
[35m[HTTP][39m [90m{"using":"-android uiautomator","value":"new UiSelector().className(\"android.view.View\").text(\"Daftar Sekarang!\")"}[39m
[35m[HTTP][39m [37m<-- POST /wd/hub/session/19750ecb-5496-4634-92b1-2ce3d3b97dea/elements [39m[32m200[39m [90m223 ms - 90[39m
[35m[HTTP][39m [90m[39m
[35m[HTTP][39m [37m-->[39m [37mGET[39m [37m/wd/hub/session/19750ecb-5496-4634-92b1-2ce3d3b97dea/element/cedab4e8-33e8-4765-aa41-6e5833e9e493/location[39m
[35m[HTTP][39m [90m{}[39m
[35m[W3C][39m Driver proxy active, passing request on via HTTP proxy
[35m[JSONWP Proxy][39m Replacing sessionId 94345052-8bc1-441b-84a9-84dbc4904418 with 19750ecb-5496-4634-92b1-2ce3d3b97dea
[35m[HTTP][39m [37m<-- GET /wd/hub/session/19750ecb-5496-4634-92b1-2ce3d3b97dea/element/cedab4e8-33e8-4765-aa41-6e5833e9e493/location [39m[32m200[39m [90m96 ms - 90[39m
[35m[HTTP][39m [90m[39m
[35m[HTTP][39m [37m-->[39m [37mPOST[39m [37m/wd/hub/session/19750ecb-5496-4634-92b1-2ce3d3b97dea/timeouts[39m
[35m[HTTP][39m [90m{"implicit":30000}[39m
[35m[HTTP][39m [37m<-- POST /wd/hub/session/19750ecb-5496-4634-92b1-2ce3d3b97dea/timeouts [39m[32m200[39m [90m2 ms - 14[39m
[35m[HTTP][39m [90m[39m
[35m[HTTP][39m [37m-->[39m [37mPOST[39m [37m/wd/hub/session/19750ecb-5496-4634-92b1-2ce3d3b97dea/touch/perform[39m
[35m[HTTP][39m [90m{"actions":[{"action":"tap","options":{"x":1,"y":1,"element":"cedab4e8-33e8-4765-aa41-6e5833e9e493"}},{"action":"release","options":{}}]}[39m
[35m[UiAutomator2][39m calling get location: cedab4e8-33e8-4765-aa41-6e5833e9e493
[35m[HTTP][39m [37m<-- POST /wd/hub/session/19750ecb-5496-4634-92b1-2ce3d3b97dea/touch/perform [39m[32m200[39m [90m1810 ms - 14[39m
[35m[HTTP][39m [90m[39m
[35m[HTTP][39m [37m-->[39m [37mPOST[39m [37m/wd/hub/session/19750ecb-5496-4634-92b1-2ce3d3b97dea/timeouts[39m
[35m[HTTP][39m [90m{"implicit":50}[39m
[35m[HTTP][39m [37m<-- POST /wd/hub/session/19750ecb-5496-4634-92b1-2ce3d3b97dea/timeouts [39m[32m200[39m [90m5 ms - 14[39m
[35m[HTTP][39m [90m[39m
[35m[HTTP][39m [37m-->[39m [37mGET[39m [37m/wd/hub/session/19750ecb-5496-4634-92b1-2ce3d3b97dea/window/rect[39m
[35m[HTTP][39m [90m{}[39m
[35m[HTTP][39m [37m<-- GET /wd/hub/session/19750ecb-5496-4634-92b1-2ce3d3b97dea/window/rect [39m[32m200[39m [90m55 ms - 50[39m
[35m[HTTP][39m [90m[39m
[35m[HTTP][39m [37m-->[39m [37mPOST[39m [37m/wd/hub/session/19750ecb-5496-4634-92b1-2ce3d3b97dea/elements[39m
[35m[HTTP][39m [90m{"using":"-android uiautomator","value":"new UiSelector().className(\"android.widget.EditText\").resourceId(\"b2-Input_Username\")"}[39m
[35m[HTTP][39m [37m<-- POST /wd/hub/session/19750ecb-5496-4634-92b1-2ce3d3b97dea/elements [39m[32m200[39m [90m285 ms - 90[39m
[35m[HTTP][39m [90m[39m
[35m[HTTP][39m [37m-->[39m [37mGET[39m [37m/wd/hub/session/19750ecb-5496-4634-92b1-2ce3d3b97dea/element/df6761d1-e3f2-475d-b043-093719081496/location[39m
[35m[HTTP][39m [90m{}[39m
[35m[W3C][39m Driver proxy active, passing request on via HTTP proxy
[35m[JSONWP Proxy][39m Replacing sessionId 94345052-8bc1-441b-84a9-84dbc4904418 with 19750ecb-5496-4634-92b1-2ce3d3b97dea
[35m[HTTP][39m [37m<-- GET /wd/hub/session/19750ecb-5496-4634-92b1-2ce3d3b97dea/element/df6761d1-e3f2-475d-b043-093719081496/location [39m[32m200[39m [90m101 ms - 89[39m
[35m[HTTP][39m [90m[39m
[35m[HTTP][39m [37m-->[39m [37mPOST[39m [37m/wd/hub/session/19750ecb-5496-4634-92b1-2ce3d3b97dea/timeouts[39m
[35m[HTTP][39m [90m{"implicit":30000}[39m
[35m[HTTP][39m [37m<-- POST /wd/hub/session/19750ecb-5496-4634-92b1-2ce3d3b97dea/timeouts [39m[32m200[39m [90m3 ms - 14[39m
[35m[HTTP][39m [90m[39m
[35m[HTTP][39m [37m-->[39m [37mPOST[39m [37m/wd/hub/session/19750ecb-5496-4634-92b1-2ce3d3b97dea/element/df6761d1-e3f2-475d-b043-093719081496/clear[39m
[35m[HTTP][39m [90m{"id":"df6761d1-e3f2-475d-b043-093719081496"}[39m
[35m[HTTP][39m [37m<-- POST /wd/hub/session/19750ecb-5496-4634-92b1-2ce3d3b97dea/element/df6761d1-e3f2-475d-b043-093719081496/clear [39m[32m200[39m [90m95 ms - 27[39m
[35m[HTTP][39m [90m[39m
[35m[HTTP][39m [37m-->[39m [37mPOST[39m [37m/wd/hub/session/19750ecb-5496-4634-92b1-2ce3d3b97dea/element/df6761d1-e3f2-475d-b043-093719081496/value[39m
[35m[HTTP][39m [90m{"id":"df6761d1-e3f2-475d-b043-093719081496","text":"lieton35","value":["l","i","e","t","o","n","3","5"]}[39m
[35m[HTTP][39m [37m<-- POST /wd/hub/session/19750ecb-5496-4634-92b1-2ce3d3b97dea/element/df6761d1-e3f2-475d-b043-093719081496/value [39m[32m200[39m [90m1582 ms - 12[39m
[35m[HTTP][39m [90m[39m
[35m[HTTP][39m [37m-->[39m [37mPOST[39m [37m/wd/hub/session/19750ecb-5496-4634-92b1-2ce3d3b97dea/timeouts[39m
[35m[HTTP][39m [90m{"implicit":50}[39m
[35m[HTTP][39m [37m<-- POST /wd/hub/session/19750ecb-5496-4634-92b1-2ce3d3b97dea/timeouts [39m[32m200[39m [90m7 ms - 14[39m
[35m[HTTP][39m [90m[39m
[35m[HTTP][39m [37m-->[39m [37mGET[39m [37m/wd/hub/session/19750ecb-5496-4634-92b1-2ce3d3b97dea/window/rect[39m
[35m[HTTP][39m [90m{}[39m
[35m[HTTP][39m [37m<-- GET /wd/hub/session/19750ecb-5496-4634-92b1-2ce3d3b97dea/window/rect [39m[32m200[39m [90m70 ms - 50[39m
[35m[HTTP][39m [90m[39m
[35m[HTTP][39m [37m-->[39m [37mPOST[39m [37m/wd/hub/session/19750ecb-5496-4634-92b1-2ce3d3b97dea/elements[39m
[35m[HTTP][39m [90m{"using":"-android uiautomator","value":"new UiSelector().className(\"android.widget.EditText\").resourceId(\"b2-Input_Nama\")"}[39m
[35m[HTTP][39m [37m<-- POST /wd/hub/session/19750ecb-5496-4634-92b1-2ce3d3b97dea/elements [39m[32m200[39m [90m604 ms - 90[39m
[35m[HTTP][39m [90m[39m
[35m[HTTP][39m [37m-->[39m [37mGET[39m [37m/wd/hub/session/19750ecb-5496-4634-92b1-2ce3d3b97dea/element/50ccf931-46a6-4571-a582-dcc81d849192/location[39m
[35m[HTTP][39m [90m{}[39m
[35m[W3C][39m Driver proxy active, passing request on via HTTP proxy
[35m[JSONWP Proxy][39m Replacing sessionId 94345052-8bc1-441b-84a9-84dbc4904418 with 19750ecb-5496-4634-92b1-2ce3d3b97dea
[35m[HTTP][39m [37m<-- GET /wd/hub/session/19750ecb-5496-4634-92b1-2ce3d3b97dea/element/50ccf931-46a6-4571-a582-dcc81d849192/location [39m[32m200[39m [90m78 ms - 89[39m
[35m[HTTP][39m [90m[39m
[35m[HTTP][39m [37m-->[39m [37mPOST[39m [37m/wd/hub/session/19750ecb-5496-4634-92b1-2ce3d3b97dea/timeouts[39m
[35m[HTTP][39m [90m{"implicit":30000}[39m
[35m[HTTP][39m [37m<-- POST /wd/hub/session/19750ecb-5496-4634-92b1-2ce3d3b97dea/timeouts [39m[32m200[39m [90m3 ms - 14[39m
[35m[HTTP][39m [90m[39m
[35m[HTTP][39m [37m-->[39m [37mPOST[39m [37m/wd/hub/session/19750ecb-5496-4634-92b1-2ce3d3b97dea/element/50ccf931-46a6-4571-a582-dcc81d849192/clear[39m
[35m[HTTP][39m [90m{"id":"50ccf931-46a6-4571-a582-dcc81d849192"}[39m
[35m[HTTP][39m [37m<-- POST /wd/hub/session/19750ecb-5496-4634-92b1-2ce3d3b97dea/element/50ccf931-46a6-4571-a582-dcc81d849192/clear [39m[32m200[39m [90m82 ms - 27[39m
[35m[HTTP][39m [90m[39m
[35m[HTTP][39m [37m-->[39m [37mPOST[39m [37m/wd/hub/session/19750ecb-5496-4634-92b1-2ce3d3b97dea/element/50ccf931-46a6-4571-a582-dcc81d849192/value[39m
[35m[HTTP][39m [90m{"id":"50ccf931-46a6-4571-a582-dcc81d849192","text":"Hartono Rasli","value":["H","a","r","t","o","n","o"," ","R","a","s","l","i"]}[39m
[35m[HTTP][39m [37m<-- POST /wd/hub/session/19750ecb-5496-4634-92b1-2ce3d3b97dea/element/50ccf931-46a6-4571-a582-dcc81d849192/value [39m[32m200[39m [90m974 ms - 12[39m
[35m[HTTP][39m [90m[39m
[35m[HTTP][39m [37m-->[39m [37mPOST[39m [37m/wd/hub/session/19750ecb-5496-4634-92b1-2ce3d3b97dea/timeouts[39m
[35m[HTTP][39m [90m{"implicit":50}[39m
[35m[HTTP][39m [37m<-- POST /wd/hub/session/19750ecb-5496-4634-92b1-2ce3d3b97dea/timeouts [39m[32m200[39m [90m5 ms - 14[39m
[35m[HTTP][39m [90m[39m
[35m[HTTP][39m [37m-->[39m [37mGET[39m [37m/wd/hub/session/19750ecb-5496-4634-92b1-2ce3d3b97dea/window/rect[39m
[35m[HTTP][39m [90m{}[39m
[35m[HTTP][39m [37m<-- GET /wd/hub/session/19750ecb-5496-4634-92b1-2ce3d3b97dea/window/rect [39m[32m200[39m [90m75 ms - 50[39m
[35m[HTTP][39m [90m[39m
[35m[HTTP][39m [37m-->[39m [37mPOST[39m [37m/wd/hub/session/19750ecb-5496-4634-92b1-2ce3d3b97dea/elements[39m
[35m[HTTP][39m [90m{"using":"-android uiautomator","value":"new UiSelector().className(\"android.widget.EditText\").resourceId(\"b2-Input_Email\")"}[39m
[35m[HTTP][39m [37m<-- POST /wd/hub/session/19750ecb-5496-4634-92b1-2ce3d3b97dea/elements [39m[32m200[39m [90m567 ms - 90[39m
[35m[HTTP][39m [90m[39m
[35m[HTTP][39m [37m-->[39m [37mGET[39m [37m/wd/hub/session/19750ecb-5496-4634-92b1-2ce3d3b97dea/element/73e8df81-2429-42ed-93c4-ce8a0dd6248a/location[39m
[35m[HTTP][39m [90m{}[39m
[35m[W3C][39m Driver proxy active, passing request on via HTTP proxy
[35m[JSONWP Proxy][39m Replacing sessionId 94345052-8bc1-441b-84a9-84dbc4904418 with 19750ecb-5496-4634-92b1-2ce3d3b97dea
[35m[HTTP][39m [37m<-- GET /wd/hub/session/19750ecb-5496-4634-92b1-2ce3d3b97dea/element/73e8df81-2429-42ed-93c4-ce8a0dd6248a/location [39m[32m200[39m [90m91 ms - 89[39m
[35m[HTTP][39m [90m[39m
[35m[HTTP][39m [37m-->[39m [37mPOST[39m [37m/wd/hub/session/19750ecb-5496-4634-92b1-2ce3d3b97dea/timeouts[39m
[35m[HTTP][39m [90m{"implicit":30000}[39m
[35m[HTTP][39m [37m<-- POST /wd/hub/session/19750ecb-5496-4634-92b1-2ce3d3b97dea/timeouts [39m[32m200[39m [90m3 ms - 14[39m
[35m[HTTP][39m [90m[39m
[35m[HTTP][39m [37m-->[39m [37mPOST[39m [37m/wd/hub/session/19750ecb-5496-4634-92b1-2ce3d3b97dea/element/73e8df81-2429-42ed-93c4-ce8a0dd6248a/clear[39m
[35m[HTTP][39m [90m{"id":"73e8df81-2429-42ed-93c4-ce8a0dd6248a"}[39m
[35m[HTTP][39m [37m<-- POST /wd/hub/session/19750ecb-5496-4634-92b1-2ce3d3b97dea/element/73e8df81-2429-42ed-93c4-ce8a0dd6248a/clear [39m[32m200[39m [90m90 ms - 27[39m
[35m[HTTP][39m [90m[39m
[35m[HTTP][39m [37m-->[39m [37mPOST[39m [37m/wd/hub/session/19750ecb-5496-4634-92b1-2ce3d3b97dea/element/73e8df81-2429-42ed-93c4-ce8a0dd6248a/value[39m
[35m[HTTP][39m [90m{"id":"73e8df81-2429-42ed-93c4-ce8a0dd6248a","text":"applicationtester78@mailinator.com","value":["a","p","p","l","i","c","a","t","i","o","n","t","e","s","t","e","r","7","8","@","m","a","i","l","i","n","a","t","o","r",".","c","o","m"]}[39m
[35m[HTTP][39m [37m<-- POST /wd/hub/session/19750ecb-5496-4634-92b1-2ce3d3b97dea/element/73e8df81-2429-42ed-93c4-ce8a0dd6248a/value [39m[32m200[39m [90m974 ms - 12[39m
[35m[HTTP][39m [90m[39m
[35m[HTTP][39m [37m-->[39m [37mPOST[39m [37m/wd/hub/session/19750ecb-5496-4634-92b1-2ce3d3b97dea/timeouts[39m
[35m[HTTP][39m [90m{"implicit":50}[39m
[35m[HTTP][39m [37m<-- POST /wd/hub/session/19750ecb-5496-4634-92b1-2ce3d3b97dea/timeouts [39m[32m200[39m [90m5 ms - 14[39m
[35m[HTTP][39m [90m[39m
[35m[HTTP][39m [37m-->[39m [37mGET[39m [37m/wd/hub/session/19750ecb-5496-4634-92b1-2ce3d3b97dea/window/rect[39m
[35m[HTTP][39m [90m{}[39m
[35m[HTTP][39m [37m<-- GET /wd/hub/session/19750ecb-5496-4634-92b1-2ce3d3b97dea/window/rect [39m[32m200[39m [90m56 ms - 50[39m
[35m[HTTP][39m [90m[39m
[35m[HTTP][39m [37m-->[39m [37mPOST[39m [37m/wd/hub/session/19750ecb-5496-4634-92b1-2ce3d3b97dea/elements[39m
[35m[HTTP][39m [90m{"using":"-android uiautomator","value":"new UiSelector().className(\"android.widget.EditText\").resourceId(\"b2-Input_Password\")"}[39m
[35m[HTTP][39m [37m<-- POST /wd/hub/session/19750ecb-5496-4634-92b1-2ce3d3b97dea/elements [39m[32m200[39m [90m593 ms - 90[39m
[35m[HTTP][39m [90m[39m
[35m[HTTP][39m [37m-->[39m [37mGET[39m [37m/wd/hub/session/19750ecb-5496-4634-92b1-2ce3d3b97dea/element/1ae9624c-da5b-4fd6-a0e4-e9bd4f6cb49e/location[39m
[35m[HTTP][39m [90m{}[39m
[35m[W3C][39m Driver proxy active, passing request on via HTTP proxy
[35m[JSONWP Proxy][39m Replacing sessionId 94345052-8bc1-441b-84a9-84dbc4904418 with 19750ecb-5496-4634-92b1-2ce3d3b97dea
[35m[HTTP][39m [37m<-- GET /wd/hub/session/19750ecb-5496-4634-92b1-2ce3d3b97dea/element/1ae9624c-da5b-4fd6-a0e4-e9bd4f6cb49e/location [39m[32m200[39m [90m107 ms - 90[39m
[35m[HTTP][39m [90m[39m
[35m[HTTP][39m [37m-->[39m [37mPOST[39m [37m/wd/hub/session/19750ecb-5496-4634-92b1-2ce3d3b97dea/timeouts[39m
[35m[HTTP][39m [90m{"implicit":30000}[39m
[35m[HTTP][39m [37m<-- POST /wd/hub/session/19750ecb-5496-4634-92b1-2ce3d3b97dea/timeouts [39m[32m200[39m [90m4 ms - 14[39m
[35m[HTTP][39m [90m[39m
[35m[HTTP][39m [37m-->[39m [37mPOST[39m [37m/wd/hub/session/19750ecb-5496-4634-92b1-2ce3d3b97dea/element/1ae9624c-da5b-4fd6-a0e4-e9bd4f6cb49e/clear[39m
[35m[HTTP][39m [90m{"id":"1ae9624c-da5b-4fd6-a0e4-e9bd4f6cb49e"}[39m
[35m[HTTP][39m [37m<-- POST /wd/hub/session/19750ecb-5496-4634-92b1-2ce3d3b97dea/element/1ae9624c-da5b-4fd6-a0e4-e9bd4f6cb49e/clear [39m[32m200[39m [90m157 ms - 27[39m
[35m[HTTP][39m [90m[39m
[35m[HTTP][39m [37m-->[39m [37mPOST[39m [37m/wd/hub/session/19750ecb-5496-4634-92b1-2ce3d3b97dea/element/1ae9624c-da5b-4fd6-a0e4-e9bd4f6cb49e/value[39m
[35m[HTTP][39m [90m{"id":"1ae9624c-da5b-4fd6-a0e4-e9bd4f6cb49e","text":"Application1","value":["A","p","p","l","i","c","a","t","i","o","n","1"]}[39m
[35m[HTTP][39m [37m<-- POST /wd/hub/session/19750ecb-5496-4634-92b1-2ce3d3b97dea/element/1ae9624c-da5b-4fd6-a0e4-e9bd4f6cb49e/value [39m[32m200[39m [90m980 ms - 12[39m
[35m[HTTP][39m [90m[39m
[35m[HTTP][39m [37m-->[39m [37mPOST[39m [37m/wd/hub/session/19750ecb-5496-4634-92b1-2ce3d3b97dea/timeouts[39m
[35m[HTTP][39m [90m{"implicit":50}[39m
[35m[HTTP][39m [37m<-- POST /wd/hub/session/19750ecb-5496-4634-92b1-2ce3d3b97dea/timeouts [39m[32m200[39m [90m5 ms - 14[39m
[35m[HTTP][39m [90m[39m
[35m[HTTP][39m [37m-->[39m [37mGET[39m [37m/wd/hub/session/19750ecb-5496-4634-92b1-2ce3d3b97dea/window/rect[39m
[35m[HTTP][39m [90m{}[39m
[35m[HTTP][39m [37m<-- GET /wd/hub/session/19750ecb-5496-4634-92b1-2ce3d3b97dea/window/rect [39m[32m200[39m [90m39 ms - 50[39m
[35m[HTTP][39m [90m[39m
[35m[HTTP][39m [37m-->[39m [37mPOST[39m [37m/wd/hub/session/19750ecb-5496-4634-92b1-2ce3d3b97dea/elements[39m
[35m[HTTP][39m [90m{"using":"-android uiautomator","value":"new UiSelector().className(\"android.widget.EditText\").resourceId(\"b2-Input_KonfirmasiPassword\")"}[39m
[35m[HTTP][39m [37m<-- POST /wd/hub/session/19750ecb-5496-4634-92b1-2ce3d3b97dea/elements [39m[32m200[39m [90m541 ms - 90[39m
[35m[HTTP][39m [90m[39m
[35m[HTTP][39m [37m-->[39m [37mGET[39m [37m/wd/hub/session/19750ecb-5496-4634-92b1-2ce3d3b97dea/element/2493d5ab-f39e-41dd-af51-118c7d771ecc/location[39m
[35m[HTTP][39m [90m{}[39m
[35m[W3C][39m Driver proxy active, passing request on via HTTP proxy
[35m[JSONWP Proxy][39m Replacing sessionId 94345052-8bc1-441b-84a9-84dbc4904418 with 19750ecb-5496-4634-92b1-2ce3d3b97dea
[35m[HTTP][39m [37m<-- GET /wd/hub/session/19750ecb-5496-4634-92b1-2ce3d3b97dea/element/2493d5ab-f39e-41dd-af51-118c7d771ecc/location [39m[32m200[39m [90m77 ms - 90[39m
[35m[HTTP][39m [90m[39m
[35m[HTTP][39m [37m-->[39m [37mPOST[39m [37m/wd/hub/session/19750ecb-5496-4634-92b1-2ce3d3b97dea/timeouts[39m
[35m[HTTP][39m [90m{"implicit":30000}[39m
[35m[HTTP][39m [37m<-- POST /wd/hub/session/19750ecb-5496-4634-92b1-2ce3d3b97dea/timeouts [39m[32m200[39m [90m2 ms - 14[39m
[35m[HTTP][39m [90m[39m
[35m[HTTP][39m [37m-->[39m [37mPOST[39m [37m/wd/hub/session/19750ecb-5496-4634-92b1-2ce3d3b97dea/element/2493d5ab-f39e-41dd-af51-118c7d771ecc/clear[39m
[35m[HTTP][39m [90m{"id":"2493d5ab-f39e-41dd-af51-118c7d771ecc"}[39m
[35m[HTTP][39m [37m<-- POST /wd/hub/session/19750ecb-5496-4634-92b1-2ce3d3b97dea/element/2493d5ab-f39e-41dd-af51-118c7d771ecc/clear [39m[32m200[39m [90m88 ms - 27[39m
[35m[HTTP][39m [90m[39m
[35m[HTTP][39m [37m-->[39m [37mPOST[39m [37m/wd/hub/session/19750ecb-5496-4634-92b1-2ce3d3b97dea/element/2493d5ab-f39e-41dd-af51-118c7d771ecc/value[39m
[35m[HTTP][39m [90m{"id":"2493d5ab-f39e-41dd-af51-118c7d771ecc","text":"Application1","value":["A","p","p","l","i","c","a","t","i","o","n","1"]}[39m
[35m[HTTP][39m [37m<-- POST /wd/hub/session/19750ecb-5496-4634-92b1-2ce3d3b97dea/element/2493d5ab-f39e-41dd-af51-118c7d771ecc/value [39m[32m200[39m [90m940 ms - 12[39m
[35m[HTTP][39m [90m[39m
[35m[HTTP][39m [37m-->[39m [37mPOST[39m [37m/wd/hub/session/19750ecb-5496-4634-92b1-2ce3d3b97dea/timeouts[39m
[35m[HTTP][39m [90m{"implicit":50}[39m
[35m[HTTP][39m [37m<-- POST /wd/hub/session/19750ecb-5496-4634-92b1-2ce3d3b97dea/timeouts [39m[32m200[39m [90m4 ms - 14[39m
[35m[HTTP][39m [90m[39m
[35m[HTTP][39m [37m-->[39m [37mGET[39m [37m/wd/hub/session/19750ecb-5496-4634-92b1-2ce3d3b97dea/window/rect[39m
[35m[HTTP][39m [90m{}[39m
[35m[HTTP][39m [37m<-- GET /wd/hub/session/19750ecb-5496-4634-92b1-2ce3d3b97dea/window/rect [39m[32m200[39m [90m57 ms - 50[39m
[35m[HTTP][39m [90m[39m
[35m[HTTP][39m [37m-->[39m [37mPOST[39m [37m/wd/hub/session/19750ecb-5496-4634-92b1-2ce3d3b97dea/elements[39m
[35m[HTTP][39m [90m{"using":"-android uiautomator","value":"new UiSelector().className(\"android.widget.EditText\").resourceId(\"b2-Input_Phone\")"}[39m
[35m[HTTP][39m [37m<-- POST /wd/hub/session/19750ecb-5496-4634-92b1-2ce3d3b97dea/elements [39m[32m200[39m [90m639 ms - 90[39m
[35m[HTTP][39m [90m[39m
[35m[HTTP][39m [37m-->[39m [37mGET[39m [37m/wd/hub/session/19750ecb-5496-4634-92b1-2ce3d3b97dea/element/0f887492-d176-4c43-aff9-9cb3e4106b57/location[39m
[35m[HTTP][39m [90m{}[39m
[35m[W3C][39m Driver proxy active, passing request on via HTTP proxy
[35m[JSONWP Proxy][39m Replacing sessionId 94345052-8bc1-441b-84a9-84dbc4904418 with 19750ecb-5496-4634-92b1-2ce3d3b97dea
[35m[HTTP][39m [37m<-- GET /wd/hub/session/19750ecb-5496-4634-92b1-2ce3d3b97dea/element/0f887492-d176-4c43-aff9-9cb3e4106b57/location [39m[32m200[39m [90m78 ms - 90[39m
[35m[HTTP][39m [90m[39m
[35m[HTTP][39m [37m-->[39m [37mPOST[39m [37m/wd/hub/session/19750ecb-5496-4634-92b1-2ce3d3b97dea/timeouts[39m
[35m[HTTP][39m [90m{"implicit":30000}[39m
[35m[HTTP][39m [37m<-- POST /wd/hub/session/19750ecb-5496-4634-92b1-2ce3d3b97dea/timeouts [39m[32m200[39m [90m3 ms - 14[39m
[35m[HTTP][39m [90m[39m
[35m[HTTP][39m [37m-->[39m [37mPOST[39m [37m/wd/hub/session/19750ecb-5496-4634-92b1-2ce3d3b97dea/element/0f887492-d176-4c43-aff9-9cb3e4106b57/clear[39m
[35m[HTTP][39m [90m{"id":"0f887492-d176-4c43-aff9-9cb3e4106b57"}[39m
[35m[HTTP][39m [37m<-- POST /wd/hub/session/19750ecb-5496-4634-92b1-2ce3d3b97dea/element/0f887492-d176-4c43-aff9-9cb3e4106b57/clear [39m[32m200[39m [90m82 ms - 27[39m
[35m[HTTP][39m [90m[39m
[35m[HTTP][39m [37m-->[39m [37mPOST[39m [37m/wd/hub/session/19750ecb-5496-4634-92b1-2ce3d3b97dea/element/0f887492-d176-4c43-aff9-9cb3e4106b57/value[39m
[35m[HTTP][39m [90m{"id":"0f887492-d176-4c43-aff9-9cb3e4106b57","text":"082297476950","value":["0","8","2","2","9","7","4","7","6","9","5","0"]}[39m
[35m[HTTP][39m [37m<-- POST /wd/hub/session/19750ecb-5496-4634-92b1-2ce3d3b97dea/element/0f887492-d176-4c43-aff9-9cb3e4106b57/value [39m[32m200[39m [90m1462 ms - 12[39m
[35m[HTTP][39m [90m[39m
[35m[HTTP][39m [37m-->[39m [37mDELETE[39m [37m/wd/hub/session/19750ecb-5496-4634-92b1-2ce3d3b97dea[39m
[35m[HTTP][39m [90m{}[39m
[35m[Appium][39m Removing session 19750ecb-5496-4634-92b1-2ce3d3b97dea from our master session list
[35m[ADB][39m com.outsystemsenterprise.acctst1.ACCMart was successfully uninstalled
[35m[HTTP][39m [37m<-- DELETE /wd/hub/session/19750ecb-5496-4634-92b1-2ce3d3b97dea [39m[32m200[39m [90m3375 ms - 14[39m
[35m[HTTP][39m [90m[39m
