<?xml version="1.0" encoding="UTF-8" standalone="no"?>
<!DOCTYPE log SYSTEM "logger.dtd">
<log>
<record>
  <date>2019-08-16T00:02:37</date>
  <millis>1565888557900</millis>
  <sequence>0</sequence>
  <level>START</level>
  <class>com.kms.katalon.core.logging.XmlKeywordLogger</class>
  <method>startSuite</method>
  <thread>1</thread>
  <message>Start Test Suite : Test Suites/LoginSuite</message>
  <nestedLevel>0</nestedLevel>
  <property name="name">LoginSuite</property>
  <property name="description"></property>
  <property name="id">Test Suites/LoginSuite</property>
</record>
<record>
  <date>2019-08-16T00:02:37</date>
  <millis>1565888557928</millis>
  <sequence>1</sequence>
  <level>RUN_DATA</level>
  <class>com.kms.katalon.core.logging.XmlKeywordLogger</class>
  <method>logMessage</method>
  <thread>1</thread>
  <message>hostName = lieto - DESKTOP-H7OCS16</message>
  <nestedLevel>0</nestedLevel>
  <property name="hostName">lieto - DESKTOP-H7OCS16</property>
</record>
<record>
  <date>2019-08-16T00:02:37</date>
  <millis>1565888557931</millis>
  <sequence>2</sequence>
  <level>RUN_DATA</level>
  <class>com.kms.katalon.core.logging.XmlKeywordLogger</class>
  <method>logMessage</method>
  <thread>1</thread>
  <message>os = Windows 10 64bit</message>
  <nestedLevel>0</nestedLevel>
  <property name="os">Windows 10 64bit</property>
</record>
<record>
  <date>2019-08-16T00:02:37</date>
  <millis>1565888557932</millis>
  <sequence>3</sequence>
  <level>RUN_DATA</level>
  <class>com.kms.katalon.core.logging.XmlKeywordLogger</class>
  <method>logMessage</method>
  <thread>1</thread>
  <message>hostAddress = 192.168.1.6</message>
  <nestedLevel>0</nestedLevel>
  <property name="hostAddress">192.168.1.6</property>
</record>
<record>
  <date>2019-08-16T00:02:37</date>
  <millis>1565888557938</millis>
  <sequence>4</sequence>
  <level>RUN_DATA</level>
  <class>com.kms.katalon.core.logging.XmlKeywordLogger</class>
  <method>logMessage</method>
  <thread>1</thread>
  <message>katalonVersion = 6.2.2.4</message>
  <nestedLevel>0</nestedLevel>
  <property name="katalonVersion">6.2.2.4</property>
</record>
<record>
  <date>2019-08-16T00:02:38</date>
  <millis>1565888558532</millis>
  <sequence>5</sequence>
  <level>START</level>
  <class>com.kms.katalon.core.logging.XmlKeywordLogger</class>
  <method>startTest</method>
  <thread>1</thread>
  <message>Start Test Case : Test Cases/Login/LoginTest</message>
  <nestedLevel>1</nestedLevel>
  <property name="name">Test Cases/Login/LoginTest</property>
  <property name="description"></property>
  <property name="id">Test Cases/Login/LoginTest</property>
  <property name="source">D:\\State&apos;s Secret\\Internsheeepppppp\\Project\\ACCMart\\Test Cases\\Login\\LoginTest.tc</property>
  <property name="tag"></property>
  <property name="isOptional">false</property>
</record>
<record>
  <date>2019-08-16T00:02:38</date>
  <millis>1565888558595</millis>
  <sequence>7</sequence>
  <level>INFO</level>
  <class>com.kms.katalon.core.logging.XmlKeywordLogger</class>
  <method>logMessage</method>
  <thread>1</thread>
  <message>loginUsername = lieton30</message>
  <nestedLevel>1</nestedLevel>
</record>
<record>
  <date>2019-08-16T00:02:38</date>
  <millis>1565888558597</millis>
  <sequence>8</sequence>
  <level>INFO</level>
  <class>com.kms.katalon.core.logging.XmlKeywordLogger</class>
  <method>logMessage</method>
  <thread>1</thread>
  <message>loginPass = Applicationtester1!</message>
  <nestedLevel>1</nestedLevel>
</record>
<record>
  <date>2019-08-16T00:02:38</date>
  <millis>1565888558607</millis>
  <sequence>9</sequence>
  <level>INFO</level>
  <class>com.kms.katalon.core.logging.XmlKeywordLogger</class>
  <method>logMessage</method>
  <thread>1</thread>
  <message>vExpectedResult = Failed</message>
  <nestedLevel>1</nestedLevel>
</record>
<record>
  <date>2019-08-16T00:02:39</date>
  <millis>1565888559275</millis>
  <sequence>10</sequence>
  <level>START</level>
  <class>com.kms.katalon.core.logging.XmlKeywordLogger</class>
  <method>startKeyword</method>
  <thread>1</thread>
  <message>Start action : startApplication(\&amp;quot;D:\\State&amp;apos;s Secret\\Internsheeepppppp\\Project\\accmart.apk\&amp;quot;, true)</message>
  <nestedLevel>1</nestedLevel>
  <property name="startLine">16</property>
  <property name="stepIndex">1</property>
</record>
<record>
  <date>2019-08-16T00:02:48</date>
  <millis>1565888568304</millis>
  <sequence>12</sequence>
  <level>INFO</level>
  <class>com.kms.katalon.core.logging.XmlKeywordLogger</class>
  <method>logMessage</method>
  <thread>1</thread>
  <message>Appium server started on port 51,033</message>
  <nestedLevel>1</nestedLevel>
</record>
<record>
  <date>2019-08-16T00:03:25</date>
  <millis>1565888605044</millis>
  <sequence>14</sequence>
  <level>RUN_DATA</level>
  <class>com.kms.katalon.core.logging.XmlKeywordLogger</class>
  <method>logMessage</method>
  <thread>1</thread>
  <message>appiumVersion = 1.8.1</message>
  <nestedLevel>1</nestedLevel>
  <property name="appiumVersion">1.8.1</property>
</record>
<record>
  <date>2019-08-16T00:03:25</date>
  <millis>1565888605066</millis>
  <sequence>15</sequence>
  <level>RUN_DATA</level>
  <class>com.kms.katalon.core.logging.XmlKeywordLogger</class>
  <method>logMessage</method>
  <thread>1</thread>
  <message>deviceId = 32008eeec002a5eb</message>
  <nestedLevel>1</nestedLevel>
  <property name="deviceId">32008eeec002a5eb</property>
</record>
<record>
  <date>2019-08-16T00:03:25</date>
  <millis>1565888605067</millis>
  <sequence>16</sequence>
  <level>RUN_DATA</level>
  <class>com.kms.katalon.core.logging.XmlKeywordLogger</class>
  <method>logMessage</method>
  <thread>1</thread>
  <message>deviceName = samsung SM-A750GN (Android 9)</message>
  <nestedLevel>1</nestedLevel>
  <property name="deviceName">samsung SM-A750GN (Android 9)</property>
</record>
<record>
  <date>2019-08-16T00:03:25</date>
  <millis>1565888605068</millis>
  <sequence>17</sequence>
  <level>RUN_DATA</level>
  <class>com.kms.katalon.core.logging.XmlKeywordLogger</class>
  <method>logMessage</method>
  <thread>1</thread>
  <message>deviceModel = SM-A750GN</message>
  <nestedLevel>1</nestedLevel>
  <property name="deviceModel">SM-A750GN</property>
</record>
<record>
  <date>2019-08-16T00:03:25</date>
  <millis>1565888605071</millis>
  <sequence>18</sequence>
  <level>RUN_DATA</level>
  <class>com.kms.katalon.core.logging.XmlKeywordLogger</class>
  <method>logMessage</method>
  <thread>1</thread>
  <message>deviceManufacturer = samsung</message>
  <nestedLevel>1</nestedLevel>
  <property name="deviceManufacturer">samsung</property>
</record>
<record>
  <date>2019-08-16T00:03:25</date>
  <millis>1565888605072</millis>
  <sequence>19</sequence>
  <level>RUN_DATA</level>
  <class>com.kms.katalon.core.logging.XmlKeywordLogger</class>
  <method>logMessage</method>
  <thread>1</thread>
  <message>deviceOS = Android</message>
  <nestedLevel>1</nestedLevel>
  <property name="deviceOS">Android</property>
</record>
<record>
  <date>2019-08-16T00:03:25</date>
  <millis>1565888605073</millis>
  <sequence>20</sequence>
  <level>RUN_DATA</level>
  <class>com.kms.katalon.core.logging.XmlKeywordLogger</class>
  <method>logMessage</method>
  <thread>1</thread>
  <message>deviceOSVersion = 9</message>
  <nestedLevel>1</nestedLevel>
  <property name="deviceOSVersion">9</property>
</record>
<record>
  <date>2019-08-16T00:03:25</date>
  <millis>1565888605100</millis>
  <sequence>21</sequence>
  <level>PASSED</level>
  <class>com.kms.katalon.core.logging.XmlKeywordLogger</class>
  <method>logMessage</method>
  <thread>1</thread>
  <message>Started app at: &amp;apos;D:\\State&amp;apos;s Secret\\Internsheeepppppp\\Project\\accmart.apk&amp;apos;</message>
  <nestedLevel>1</nestedLevel>
</record>
<record>
  <date>2019-08-16T00:03:25</date>
  <millis>1565888605101</millis>
  <sequence>22</sequence>
  <level>END</level>
  <class>com.kms.katalon.core.logging.XmlKeywordLogger</class>
  <method>endKeyword</method>
  <thread>1</thread>
  <message>End action : startApplication(\&amp;quot;D:\\State&amp;apos;s Secret\\Internsheeepppppp\\Project\\accmart.apk\&amp;quot;, true)</message>
  <nestedLevel>1</nestedLevel>
</record>
<record>
  <date>2019-08-16T00:03:25</date>
  <millis>1565888605102</millis>
  <sequence>23</sequence>
  <level>START</level>
  <class>com.kms.katalon.core.logging.XmlKeywordLogger</class>
  <method>startKeyword</method>
  <thread>1</thread>
  <message>Start action : tap(findTestObject(\&amp;quot;Homepage/IconPesan\&amp;quot;), 0)</message>
  <nestedLevel>1</nestedLevel>
  <property name="startLine">18</property>
  <property name="stepIndex">2</property>
</record>
<record>
  <date>2019-08-16T00:03:25</date>
  <millis>1565888605275</millis>
  <sequence>27</sequence>
  <level>WARNING</level>
  <class>com.kms.katalon.core.logging.XmlKeywordLogger</class>
  <method>logMessage</method>
  <thread>1</thread>
  <message>Timeout &amp;apos;0&amp;apos; is invalid. Using default page load timeout: &amp;apos;30&amp;apos;</message>
  <nestedLevel>1</nestedLevel>
</record>
<record>
  <date>2019-08-16T00:03:35</date>
  <millis>1565888615208</millis>
  <sequence>28</sequence>
  <level>PASSED</level>
  <class>com.kms.katalon.core.logging.XmlKeywordLogger</class>
  <method>logMessage</method>
  <thread>1</thread>
  <message>Tapped on element &amp;apos;Object Repository/Homepage/IconPesan&amp;apos;</message>
  <nestedLevel>1</nestedLevel>
</record>
<record>
  <date>2019-08-16T00:03:35</date>
  <millis>1565888615209</millis>
  <sequence>29</sequence>
  <level>END</level>
  <class>com.kms.katalon.core.logging.XmlKeywordLogger</class>
  <method>endKeyword</method>
  <thread>1</thread>
  <message>End action : tap(findTestObject(\&amp;quot;Homepage/IconPesan\&amp;quot;), 0)</message>
  <nestedLevel>1</nestedLevel>
</record>
<record>
  <date>2019-08-16T00:03:35</date>
  <millis>1565888615210</millis>
  <sequence>30</sequence>
  <level>START</level>
  <class>com.kms.katalon.core.logging.XmlKeywordLogger</class>
  <method>startKeyword</method>
  <thread>1</thread>
  <message>Start action : setText(findTestObject(\&amp;quot;LoginPage/LoginUnameField\&amp;quot;), loginUsername, 0)</message>
  <nestedLevel>1</nestedLevel>
  <property name="startLine">20</property>
  <property name="stepIndex">3</property>
</record>
<record>
  <date>2019-08-16T00:03:35</date>
  <millis>1565888615265</millis>
  <sequence>34</sequence>
  <level>WARNING</level>
  <class>com.kms.katalon.core.logging.XmlKeywordLogger</class>
  <method>logMessage</method>
  <thread>1</thread>
  <message>Timeout &amp;apos;0&amp;apos; is invalid. Using default page load timeout: &amp;apos;30&amp;apos;</message>
  <nestedLevel>1</nestedLevel>
</record>
<record>
  <date>2019-08-16T00:03:36</date>
  <millis>1565888616625</millis>
  <sequence>35</sequence>
  <level>PASSED</level>
  <class>com.kms.katalon.core.logging.XmlKeywordLogger</class>
  <method>logMessage</method>
  <thread>1</thread>
  <message>Text &amp;apos;lieton30&amp;apos; has been set to element &amp;apos;Object Repository/LoginPage/LoginUnameField&amp;apos;</message>
  <nestedLevel>1</nestedLevel>
</record>
<record>
  <date>2019-08-16T00:03:36</date>
  <millis>1565888616626</millis>
  <sequence>36</sequence>
  <level>END</level>
  <class>com.kms.katalon.core.logging.XmlKeywordLogger</class>
  <method>endKeyword</method>
  <thread>1</thread>
  <message>End action : setText(findTestObject(\&amp;quot;LoginPage/LoginUnameField\&amp;quot;), loginUsername, 0)</message>
  <nestedLevel>1</nestedLevel>
</record>
<record>
  <date>2019-08-16T00:03:36</date>
  <millis>1565888616626</millis>
  <sequence>37</sequence>
  <level>START</level>
  <class>com.kms.katalon.core.logging.XmlKeywordLogger</class>
  <method>startKeyword</method>
  <thread>1</thread>
  <message>Start action : setText(findTestObject(\&amp;quot;LoginPage/LoginPassField\&amp;quot;), loginPass, 0)</message>
  <nestedLevel>1</nestedLevel>
  <property name="startLine">22</property>
  <property name="stepIndex">4</property>
</record>
<record>
  <date>2019-08-16T00:03:36</date>
  <millis>1565888616645</millis>
  <sequence>41</sequence>
  <level>WARNING</level>
  <class>com.kms.katalon.core.logging.XmlKeywordLogger</class>
  <method>logMessage</method>
  <thread>1</thread>
  <message>Timeout &amp;apos;0&amp;apos; is invalid. Using default page load timeout: &amp;apos;30&amp;apos;</message>
  <nestedLevel>1</nestedLevel>
</record>
<record>
  <date>2019-08-16T00:03:38</date>
  <millis>1565888618341</millis>
  <sequence>42</sequence>
  <level>PASSED</level>
  <class>com.kms.katalon.core.logging.XmlKeywordLogger</class>
  <method>logMessage</method>
  <thread>1</thread>
  <message>Text &amp;apos;Applicationtester1!&amp;apos; has been set to element &amp;apos;Object Repository/LoginPage/LoginPassField&amp;apos;</message>
  <nestedLevel>1</nestedLevel>
</record>
<record>
  <date>2019-08-16T00:03:38</date>
  <millis>1565888618342</millis>
  <sequence>43</sequence>
  <level>END</level>
  <class>com.kms.katalon.core.logging.XmlKeywordLogger</class>
  <method>endKeyword</method>
  <thread>1</thread>
  <message>End action : setText(findTestObject(\&amp;quot;LoginPage/LoginPassField\&amp;quot;), loginPass, 0)</message>
  <nestedLevel>1</nestedLevel>
</record>
<record>
  <date>2019-08-16T00:03:38</date>
  <millis>1565888618343</millis>
  <sequence>44</sequence>
  <level>START</level>
  <class>com.kms.katalon.core.logging.XmlKeywordLogger</class>
  <method>startKeyword</method>
  <thread>1</thread>
  <message>Start action : tap(findTestObject(\&amp;quot;LoginPage/BtnLanjut\&amp;quot;), 0)</message>
  <nestedLevel>1</nestedLevel>
  <property name="startLine">24</property>
  <property name="stepIndex">5</property>
</record>
<record>
  <date>2019-08-16T00:03:38</date>
  <millis>1565888618369</millis>
  <sequence>48</sequence>
  <level>WARNING</level>
  <class>com.kms.katalon.core.logging.XmlKeywordLogger</class>
  <method>logMessage</method>
  <thread>1</thread>
  <message>Timeout &amp;apos;0&amp;apos; is invalid. Using default page load timeout: &amp;apos;30&amp;apos;</message>
  <nestedLevel>1</nestedLevel>
</record>
<record>
  <date>2019-08-16T00:03:40</date>
  <millis>1565888620510</millis>
  <sequence>49</sequence>
  <level>PASSED</level>
  <class>com.kms.katalon.core.logging.XmlKeywordLogger</class>
  <method>logMessage</method>
  <thread>1</thread>
  <message>Tapped on element &amp;apos;Object Repository/LoginPage/BtnLanjut&amp;apos;</message>
  <nestedLevel>1</nestedLevel>
</record>
<record>
  <date>2019-08-16T00:03:40</date>
  <millis>1565888620511</millis>
  <sequence>50</sequence>
  <level>END</level>
  <class>com.kms.katalon.core.logging.XmlKeywordLogger</class>
  <method>endKeyword</method>
  <thread>1</thread>
  <message>End action : tap(findTestObject(\&amp;quot;LoginPage/BtnLanjut\&amp;quot;), 0)</message>
  <nestedLevel>1</nestedLevel>
</record>
<record>
  <date>2019-08-16T00:03:40</date>
  <millis>1565888620512</millis>
  <sequence>51</sequence>
  <level>START</level>
  <class>com.kms.katalon.core.logging.XmlKeywordLogger</class>
  <method>startKeyword</method>
  <thread>1</thread>
  <message>Start action : switch (vExpectedResult.toString())</message>
  <nestedLevel>1</nestedLevel>
  <property name="startLine">26</property>
  <property name="stepIndex">6</property>
</record>
<record>
  <date>2019-08-16T00:03:40</date>
  <millis>1565888620515</millis>
  <sequence>52</sequence>
  <level>START</level>
  <class>com.kms.katalon.core.logging.XmlKeywordLogger</class>
  <method>startKeyword</method>
  <thread>1</thread>
  <message>Start action : case \&amp;quot;Failed\&amp;quot;:</message>
  <nestedLevel>2</nestedLevel>
  <property name="startLine">27</property>
  <property name="stepIndex">1</property>
</record>
<record>
  <date>2019-08-16T00:03:40</date>
  <millis>1565888620517</millis>
  <sequence>53</sequence>
  <level>START</level>
  <class>com.kms.katalon.core.logging.XmlKeywordLogger</class>
  <method>startKeyword</method>
  <thread>1</thread>
  <message>Start action : verifyElementExist(findTestObject(\&amp;quot;LoginPage/BtnLanjut\&amp;quot;), 0)</message>
  <nestedLevel>3</nestedLevel>
  <property name="startLine">28</property>
  <property name="stepIndex">1</property>
</record>
<record>
  <date>2019-08-16T00:03:40</date>
  <millis>1565888620570</millis>
  <sequence>57</sequence>
  <level>WARNING</level>
  <class>com.kms.katalon.core.logging.XmlKeywordLogger</class>
  <method>logMessage</method>
  <thread>1</thread>
  <message>Timeout &amp;apos;0&amp;apos; is invalid. Using default page load timeout: &amp;apos;30&amp;apos;</message>
  <nestedLevel>1</nestedLevel>
</record>
<record>
  <date>2019-08-16T00:03:40</date>
  <millis>1565888620941</millis>
  <sequence>58</sequence>
  <level>PASSED</level>
  <class>com.kms.katalon.core.logging.XmlKeywordLogger</class>
  <method>logMessage</method>
  <thread>1</thread>
  <message>Element &amp;apos;Object Repository/LoginPage/BtnLanjut&amp;apos; is exist</message>
  <nestedLevel>1</nestedLevel>
</record>
<record>
  <date>2019-08-16T00:03:40</date>
  <millis>1565888620941</millis>
  <sequence>59</sequence>
  <level>END</level>
  <class>com.kms.katalon.core.logging.XmlKeywordLogger</class>
  <method>endKeyword</method>
  <thread>1</thread>
  <message>End action : verifyElementExist(findTestObject(\&amp;quot;LoginPage/BtnLanjut\&amp;quot;), 0)</message>
  <nestedLevel>3</nestedLevel>
</record>
<record>
  <date>2019-08-16T00:03:40</date>
  <millis>1565888620942</millis>
  <sequence>60</sequence>
  <level>START</level>
  <class>com.kms.katalon.core.logging.XmlKeywordLogger</class>
  <method>startKeyword</method>
  <thread>1</thread>
  <message>Start action : break</message>
  <nestedLevel>3</nestedLevel>
  <property name="startLine">30</property>
  <property name="stepIndex">2</property>
</record>
<record>
  <date>2019-08-16T00:03:40</date>
  <millis>1565888620943</millis>
  <sequence>61</sequence>
  <level>END</level>
  <class>com.kms.katalon.core.logging.XmlKeywordLogger</class>
  <method>endKeyword</method>
  <thread>1</thread>
  <message>End action : break</message>
  <nestedLevel>3</nestedLevel>
</record>
<record>
  <date>2019-08-16T00:03:40</date>
  <millis>1565888620943</millis>
  <sequence>62</sequence>
  <level>END</level>
  <class>com.kms.katalon.core.logging.XmlKeywordLogger</class>
  <method>endKeyword</method>
  <thread>1</thread>
  <message>End action : case \&amp;quot;Failed\&amp;quot;:</message>
  <nestedLevel>2</nestedLevel>
</record>
<record>
  <date>2019-08-16T00:03:40</date>
  <millis>1565888620943</millis>
  <sequence>63</sequence>
  <level>END</level>
  <class>com.kms.katalon.core.logging.XmlKeywordLogger</class>
  <method>endKeyword</method>
  <thread>1</thread>
  <message>End action : switch (vExpectedResult.toString())</message>
  <nestedLevel>1</nestedLevel>
</record>
<record>
  <date>2019-08-16T00:03:40</date>
  <millis>1565888620943</millis>
  <sequence>64</sequence>
  <level>START</level>
  <class>com.kms.katalon.core.logging.XmlKeywordLogger</class>
  <method>startKeyword</method>
  <thread>1</thread>
  <message>Start action : closeApplication()</message>
  <nestedLevel>1</nestedLevel>
  <property name="startLine">43</property>
  <property name="stepIndex">7</property>
</record>
<record>
  <date>2019-08-16T00:03:45</date>
  <millis>1565888625513</millis>
  <sequence>65</sequence>
  <level>PASSED</level>
  <class>com.kms.katalon.core.logging.XmlKeywordLogger</class>
  <method>logMessage</method>
  <thread>1</thread>
  <message>Close app successfully</message>
  <nestedLevel>1</nestedLevel>
</record>
<record>
  <date>2019-08-16T00:03:45</date>
  <millis>1565888625513</millis>
  <sequence>66</sequence>
  <level>END</level>
  <class>com.kms.katalon.core.logging.XmlKeywordLogger</class>
  <method>endKeyword</method>
  <thread>1</thread>
  <message>End action : closeApplication()</message>
  <nestedLevel>1</nestedLevel>
</record>
<record>
  <date>2019-08-16T00:03:45</date>
  <millis>1565888625514</millis>
  <sequence>67</sequence>
  <level>PASSED</level>
  <class>com.kms.katalon.core.logging.XmlKeywordLogger</class>
  <method>logMessage</method>
  <thread>1</thread>
  <message>Test Cases/Login/LoginTest</message>
  <nestedLevel>1</nestedLevel>
</record>
<record>
  <date>2019-08-16T00:03:45</date>
  <millis>1565888625515</millis>
  <sequence>68</sequence>
  <level>END</level>
  <class>com.kms.katalon.core.logging.XmlKeywordLogger</class>
  <method>endTest</method>
  <thread>1</thread>
  <message>End Test Case : Test Cases/Login/LoginTest</message>
  <nestedLevel>0</nestedLevel>
</record>
</log>
