[35m[Appium][39m Welcome to Appium v1.8.1
[35m[Appium][39m Non-default server args:
[35m[Appium][39m   port: 54597
[35m[Appium][39m   loglevel: info
[35m[Appium][39m   chromeDriverPort: 54598
[35m[Appium][39m   tmpDir: C:\Users\lieto\AppData\Local\Temp\\Katalon\Appium\Temp1566358649611
[35m[Appium][39m Appium REST http interface listener started on 0.0.0.0:54597
[35m[HTTP][39m [37m-->[39m [37mGET[39m [37m/wd/hub/status[39m
[35m[HTTP][39m [90m{}[39m
[35m[HTTP][39m [37m<-- GET /wd/hub/status [39m[32m200[39m [90m14 ms - 83[39m
[35m[HTTP][39m [90m[39m
[35m[HTTP][39m [37m-->[39m [37mPOST[39m [37m/wd/hub/session[39m
[35m[HTTP][39m [90m{"desiredCapabilities":{"app":"D:\\State's Secret\\Internsheeepppppp\\Project\\accmart.apk","noReset":false,"newCommandTimeout":1800,"platformVersion":"9","automationName":"uiautomator2","autoGrantPermissions":true,"platformName":"Android","udid":"32008eeec002a5eb","deviceName":"samsung SM-A750GN (Android 9)","fullReset":true,"platform":"ANDROID"},"capabilities":{"firstMatch":[{"appium:app":"D:\\State's Secret\\Internsheeepppppp\\Project\\accmart.apk","appium:autoGrantPermissions":true,"appium:automationName":"uiautomator2","appium:deviceName":"samsung SM-A750GN (Android 9)","appium:fullReset":true,"appium:newCommandTimeout":1800,"appium:noReset":false,"platform":"ANDROID","platformName":"android","appium:platformVersion":"9","appium:udid":"32008eeec002a5eb"}]}}[39m
[35m[BaseDriver][39m The capabilities ["platform"] are not standard capabilities and should have an extension prefix
[35m[Appium][39m Creating new AndroidUiautomator2Driver (v1.12.0) session
[35m[Appium][39m Capabilities:
[35m[Appium][39m   platform: ANDROID
[35m[Appium][39m   platformName: android
[35m[Appium][39m   app: D:\State's Secret\Internsheeepppppp\Project\accmart.apk
[35m[Appium][39m   autoGrantPermissions: true
[35m[Appium][39m   automationName: uiautomator2
[35m[Appium][39m   deviceName: samsung SM-A750GN (Android 9)
[35m[Appium][39m   fullReset: true
[35m[Appium][39m   newCommandTimeout: 1800
[35m[Appium][39m   noReset: false
[35m[Appium][39m   platformVersion: 9
[35m[Appium][39m   udid: 32008eeec002a5eb
[35m[BaseDriver][39m The following capabilities were provided, but are not recognized by appium: platform.
[35m[BaseDriver][39m Session created with session id: bc9e6e89-5fd1-4b25-a007-d58b2decd058
[35m[BaseDriver][39m Using local app 'D:\State's Secret\Internsheeepppppp\Project\accmart.apk'
[35m[AndroidDriver][39m Java version is: 1.8.0_181
[35m[ADB][39m Checking whether adb is present
[35m[ADB][39m Found 1 'build-tools' folders under 'C:\Users\lieto\.katalon\tools\android_sdk' (newest first):
[35m[ADB][39m     C:/Users/lieto/.katalon/tools/android_sdk/build-tools/29.0.2
[35m[ADB][39m Using adb.exe from C:\Users\lieto\.katalon\tools\android_sdk\platform-tools\adb.exe
[35m[AndroidDriver][39m Retrieving device list
[35m[AndroidDriver][39m Using device: 32008eeec002a5eb
[35m[ADB][39m Using the alternative activity name detection method because of: Could not find apkanalyzer.bat in C:\Users\lieto\.katalon\tools\android_sdk\platform-tools\apkanalyzer.bat,C:\Users\lieto\.katalon\tools\android_sdk\emulator\apkanalyzer.bat,C:\Users\lieto\.katalon\tools\android_sdk\tools\apkanalyzer.bat,C:\Users\lieto\.katalon\tools\android_sdk\tools\bin\apkanalyzer.bat,C:\Users\lieto\.katalon\tools\android_sdk\build-tools\29.0.2\apkanalyzer.bat. Do you have the Android SDK installed at 'C:\Users\lieto\.katalon\tools\android_sdk'?
[35m[ADB][39m Checking whether aapt is present
[35m[ADB][39m Using aapt.exe from C:\Users\lieto\.katalon\tools\android_sdk\build-tools\29.0.2\aapt.exe
[35m[ADB][39m Extracting package and launch activity from manifest
[35m[ADB][39m Package name: 'com.outsystemsenterprise.acctst1.ACCMart'
[35m[ADB][39m Main activity name: 'com.outsystemsenterprise.acctst1.ACCMart.MainActivity'
[35m[ADB][39m Getting device platform version
[35m[ADB][39m Using apksigner.bat from C:\Users\lieto\.katalon\tools\android_sdk\build-tools\29.0.2\apksigner.bat
[35m[ADB][39m Cannot read version codes of 'C:\Users\lieto\AppData\Roaming\npm\node_modules\appium\node_modules\appium-uiautomator2-server\apks\appium-uiautomator2-server-debug-androidTest.apk' and/or 'io.appium.uiautomator2.server.test'
[35m[ADB][39m Cannot read version names of 'C:\Users\lieto\AppData\Roaming\npm\node_modules\appium\node_modules\appium-uiautomator2-server\apks\appium-uiautomator2-server-debug-androidTest.apk' and/or 'io.appium.uiautomator2.server.test'. Assuming correct app version is already installed
[35m[AndroidDriver][39m setDeviceLanguageCountry requires language or country.
[35m[AndroidDriver][39m Got language: 'null' and country: 'null'
[35m[ADB][39m Successfully extracted 43 strings from 'D:\State's Secret\Internsheeepppppp\Project\accmart.apk' resources for '(default)' configuration
[35m[ADB][39m com.outsystemsenterprise.acctst1.ACCMart was not uninstalled, because it was not present on the device
[35m[UiAutomator2][39m Starting uiautomator2 server 1.12.0
[35m[UiAutomator2][39m Using UIAutomator2 server from 'C:\Users\lieto\AppData\Roaming\npm\node_modules\appium\node_modules\appium-uiautomator2-server\apks\appium-uiautomator2-server-v1.12.0.apk' and test from 'C:\Users\lieto\AppData\Roaming\npm\node_modules\appium\node_modules\appium-uiautomator2-server\apks\appium-uiautomator2-server-debug-androidTest.apk'
[35m[UiAutomator2][39m Running command: 'adb -s 32008eeec002a5eb shell am instrument -w io.appium.uiautomator2.server.test/android.support.test.runner.AndroidJUnitRunner'
[35m[UiAutomator2][39m Waiting up to 20000ms for UiAutomator2 to be online...
[35m[AndroidDriver][39m Screen already unlocked, doing nothing
[35m[UiAutomator2][39m UiAutomator2 did not start the activity we were waiting for, 'com.outsystemsenterprise.acctst1.ACCMart/com.outsystemsenterprise.acctst1.ACCMart.MainActivity'. Starting it ourselves
[35m[Appium][39m New AndroidUiautomator2Driver session created successfully, session bc9e6e89-5fd1-4b25-a007-d58b2decd058 added to master session list
[35m[HTTP][39m [37m<-- POST /wd/hub/session [39m[32m200[39m [90m89808 ms - 1225[39m
[35m[HTTP][39m [90m[39m
[35m[HTTP][39m [37m-->[39m [37mGET[39m [37m/wd/hub/session/bc9e6e89-5fd1-4b25-a007-d58b2decd058[39m
[35m[HTTP][39m [90m{}[39m
[35m[HTTP][39m [37m<-- GET /wd/hub/session/bc9e6e89-5fd1-4b25-a007-d58b2decd058 [39m[32m200[39m [90m45 ms - 1157[39m
[35m[HTTP][39m [90m[39m
[35m[HTTP][39m [37m-->[39m [37mGET[39m [37m/wd/hub/session/bc9e6e89-5fd1-4b25-a007-d58b2decd058[39m
[35m[HTTP][39m [90m{}[39m
[35m[HTTP][39m [37m<-- GET /wd/hub/session/bc9e6e89-5fd1-4b25-a007-d58b2decd058 [39m[32m200[39m [90m31 ms - 1157[39m
[35m[HTTP][39m [90m[39m
[35m[HTTP][39m [37m-->[39m [37mGET[39m [37m/wd/hub/status[39m
[35m[HTTP][39m [90m{}[39m
[35m[HTTP][39m [37m<-- GET /wd/hub/status [39m[32m200[39m [90m8 ms - 55[39m
[35m[HTTP][39m [90m[39m
[35m[HTTP][39m [37m-->[39m [37mPOST[39m [37m/wd/hub/session/bc9e6e89-5fd1-4b25-a007-d58b2decd058/timeouts[39m
[35m[HTTP][39m [90m{"implicit":30000}[39m
[35m[HTTP][39m [37m<-- POST /wd/hub/session/bc9e6e89-5fd1-4b25-a007-d58b2decd058/timeouts [39m[32m200[39m [90m9 ms - 14[39m
[35m[HTTP][39m [90m[39m
[35m[HTTP][39m [37m-->[39m [37mPOST[39m [37m/wd/hub/session/bc9e6e89-5fd1-4b25-a007-d58b2decd058/timeouts[39m
[35m[HTTP][39m [90m{"implicit":50}[39m
[35m[HTTP][39m [37m<-- POST /wd/hub/session/bc9e6e89-5fd1-4b25-a007-d58b2decd058/timeouts [39m[32m200[39m [90m4 ms - 14[39m
[35m[HTTP][39m [90m[39m
[35m[HTTP][39m [37m-->[39m [37mGET[39m [37m/wd/hub/session/bc9e6e89-5fd1-4b25-a007-d58b2decd058/window/rect[39m
[35m[HTTP][39m [90m{}[39m
[35m[HTTP][39m [37m<-- GET /wd/hub/session/bc9e6e89-5fd1-4b25-a007-d58b2decd058/window/rect [39m[32m200[39m [90m70 ms - 50[39m
[35m[HTTP][39m [90m[39m
[35m[HTTP][39m [37m-->[39m [37mPOST[39m [37m/wd/hub/session/bc9e6e89-5fd1-4b25-a007-d58b2decd058/elements[39m
[35m[HTTP][39m [90m{"using":"-android uiautomator","value":"new UiSelector().className(\"android.view.View\").text(\"MobiMartTheme.akun_inactive\")"}[39m
[35m[HTTP][39m [37m<-- POST /wd/hub/session/bc9e6e89-5fd1-4b25-a007-d58b2decd058/elements [39m[32m200[39m [90m185 ms - 12[39m
[35m[HTTP][39m [90m[39m
[35m[HTTP][39m [37m-->[39m [37mPOST[39m [37m/wd/hub/session/bc9e6e89-5fd1-4b25-a007-d58b2decd058/elements[39m
[35m[HTTP][39m [90m{"using":"-android uiautomator","value":"new UiSelector().className(\"android.view.View\").text(\"MobiMartTheme.akun_inactive\")"}[39m
[35m[HTTP][39m [37m<-- POST /wd/hub/session/bc9e6e89-5fd1-4b25-a007-d58b2decd058/elements [39m[32m200[39m [90m539 ms - 12[39m
[35m[HTTP][39m [90m[39m
[35m[HTTP][39m [37m-->[39m [37mPOST[39m [37m/wd/hub/session/bc9e6e89-5fd1-4b25-a007-d58b2decd058/elements[39m
[35m[HTTP][39m [90m{"using":"-android uiautomator","value":"new UiSelector().className(\"android.view.View\").text(\"MobiMartTheme.akun_inactive\")"}[39m
[35m[HTTP][39m [37m<-- POST /wd/hub/session/bc9e6e89-5fd1-4b25-a007-d58b2decd058/elements [39m[32m200[39m [90m96 ms - 12[39m
[35m[HTTP][39m [90m[39m
[35m[HTTP][39m [37m-->[39m [37mPOST[39m [37m/wd/hub/session/bc9e6e89-5fd1-4b25-a007-d58b2decd058/elements[39m
[35m[HTTP][39m [90m{"using":"-android uiautomator","value":"new UiSelector().className(\"android.view.View\").text(\"MobiMartTheme.akun_inactive\")"}[39m
[35m[HTTP][39m [37m<-- POST /wd/hub/session/bc9e6e89-5fd1-4b25-a007-d58b2decd058/elements [39m[32m200[39m [90m85 ms - 12[39m
[35m[HTTP][39m [90m[39m
[35m[HTTP][39m [37m-->[39m [37mPOST[39m [37m/wd/hub/session/bc9e6e89-5fd1-4b25-a007-d58b2decd058/elements[39m
[35m[HTTP][39m [90m{"using":"-android uiautomator","value":"new UiSelector().className(\"android.view.View\").text(\"MobiMartTheme.akun_inactive\")"}[39m
[35m[HTTP][39m [37m<-- POST /wd/hub/session/bc9e6e89-5fd1-4b25-a007-d58b2decd058/elements [39m[32m200[39m [90m84 ms - 12[39m
[35m[HTTP][39m [90m[39m
[35m[HTTP][39m [37m-->[39m [37mPOST[39m [37m/wd/hub/session/bc9e6e89-5fd1-4b25-a007-d58b2decd058/elements[39m
[35m[HTTP][39m [90m{"using":"-android uiautomator","value":"new UiSelector().className(\"android.view.View\").text(\"MobiMartTheme.akun_inactive\")"}[39m
[35m[HTTP][39m [37m<-- POST /wd/hub/session/bc9e6e89-5fd1-4b25-a007-d58b2decd058/elements [39m[32m200[39m [90m77 ms - 12[39m
[35m[HTTP][39m [90m[39m
[35m[HTTP][39m [37m-->[39m [37mPOST[39m [37m/wd/hub/session/bc9e6e89-5fd1-4b25-a007-d58b2decd058/elements[39m
[35m[HTTP][39m [90m{"using":"-android uiautomator","value":"new UiSelector().className(\"android.view.View\").text(\"MobiMartTheme.akun_inactive\")"}[39m
[35m[HTTP][39m [37m<-- POST /wd/hub/session/bc9e6e89-5fd1-4b25-a007-d58b2decd058/elements [39m[32m200[39m [90m95 ms - 12[39m
[35m[HTTP][39m [90m[39m
[35m[HTTP][39m [37m-->[39m [37mPOST[39m [37m/wd/hub/session/bc9e6e89-5fd1-4b25-a007-d58b2decd058/elements[39m
[35m[HTTP][39m [90m{"using":"-android uiautomator","value":"new UiSelector().className(\"android.view.View\").text(\"MobiMartTheme.akun_inactive\")"}[39m
[35m[HTTP][39m [37m<-- POST /wd/hub/session/bc9e6e89-5fd1-4b25-a007-d58b2decd058/elements [39m[32m200[39m [90m78 ms - 12[39m
[35m[HTTP][39m [90m[39m
[35m[HTTP][39m [37m-->[39m [37mPOST[39m [37m/wd/hub/session/bc9e6e89-5fd1-4b25-a007-d58b2decd058/elements[39m
[35m[HTTP][39m [90m{"using":"-android uiautomator","value":"new UiSelector().className(\"android.view.View\").text(\"MobiMartTheme.akun_inactive\")"}[39m
[35m[HTTP][39m [37m<-- POST /wd/hub/session/bc9e6e89-5fd1-4b25-a007-d58b2decd058/elements [39m[32m200[39m [90m71 ms - 12[39m
[35m[HTTP][39m [90m[39m
[35m[HTTP][39m [37m-->[39m [37mPOST[39m [37m/wd/hub/session/bc9e6e89-5fd1-4b25-a007-d58b2decd058/elements[39m
[35m[HTTP][39m [90m{"using":"-android uiautomator","value":"new UiSelector().className(\"android.view.View\").text(\"MobiMartTheme.akun_inactive\")"}[39m
[35m[HTTP][39m [37m<-- POST /wd/hub/session/bc9e6e89-5fd1-4b25-a007-d58b2decd058/elements [39m[32m200[39m [90m80 ms - 12[39m
[35m[HTTP][39m [90m[39m
[35m[HTTP][39m [37m-->[39m [37mPOST[39m [37m/wd/hub/session/bc9e6e89-5fd1-4b25-a007-d58b2decd058/elements[39m
[35m[HTTP][39m [90m{"using":"-android uiautomator","value":"new UiSelector().className(\"android.view.View\").text(\"MobiMartTheme.akun_inactive\")"}[39m
[35m[HTTP][39m [37m<-- POST /wd/hub/session/bc9e6e89-5fd1-4b25-a007-d58b2decd058/elements [39m[32m200[39m [90m60 ms - 12[39m
[35m[HTTP][39m [90m[39m
[35m[HTTP][39m [37m-->[39m [37mPOST[39m [37m/wd/hub/session/bc9e6e89-5fd1-4b25-a007-d58b2decd058/elements[39m
[35m[HTTP][39m [90m{"using":"-android uiautomator","value":"new UiSelector().className(\"android.view.View\").text(\"MobiMartTheme.akun_inactive\")"}[39m
[35m[HTTP][39m [37m<-- POST /wd/hub/session/bc9e6e89-5fd1-4b25-a007-d58b2decd058/elements [39m[32m200[39m [90m57 ms - 12[39m
[35m[HTTP][39m [90m[39m
[35m[HTTP][39m [37m-->[39m [37mPOST[39m [37m/wd/hub/session/bc9e6e89-5fd1-4b25-a007-d58b2decd058/elements[39m
[35m[HTTP][39m [90m{"using":"-android uiautomator","value":"new UiSelector().className(\"android.view.View\").text(\"MobiMartTheme.akun_inactive\")"}[39m
[35m[HTTP][39m [37m<-- POST /wd/hub/session/bc9e6e89-5fd1-4b25-a007-d58b2decd058/elements [39m[32m200[39m [90m81 ms - 12[39m
[35m[HTTP][39m [90m[39m
[35m[HTTP][39m [37m-->[39m [37mPOST[39m [37m/wd/hub/session/bc9e6e89-5fd1-4b25-a007-d58b2decd058/elements[39m
[35m[HTTP][39m [90m{"using":"-android uiautomator","value":"new UiSelector().className(\"android.view.View\").text(\"MobiMartTheme.akun_inactive\")"}[39m
[35m[HTTP][39m [37m<-- POST /wd/hub/session/bc9e6e89-5fd1-4b25-a007-d58b2decd058/elements [39m[32m200[39m [90m72 ms - 12[39m
[35m[HTTP][39m [90m[39m
[35m[HTTP][39m [37m-->[39m [37mPOST[39m [37m/wd/hub/session/bc9e6e89-5fd1-4b25-a007-d58b2decd058/elements[39m
[35m[HTTP][39m [90m{"using":"-android uiautomator","value":"new UiSelector().className(\"android.view.View\").text(\"MobiMartTheme.akun_inactive\")"}[39m
[35m[HTTP][39m [37m<-- POST /wd/hub/session/bc9e6e89-5fd1-4b25-a007-d58b2decd058/elements [39m[32m200[39m [90m108 ms - 12[39m
[35m[HTTP][39m [90m[39m
[35m[HTTP][39m [37m-->[39m [37mPOST[39m [37m/wd/hub/session/bc9e6e89-5fd1-4b25-a007-d58b2decd058/elements[39m
[35m[HTTP][39m [90m{"using":"-android uiautomator","value":"new UiSelector().className(\"android.view.View\").text(\"MobiMartTheme.akun_inactive\")"}[39m
[35m[HTTP][39m [37m<-- POST /wd/hub/session/bc9e6e89-5fd1-4b25-a007-d58b2decd058/elements [39m[32m200[39m [90m487 ms - 12[39m
[35m[HTTP][39m [90m[39m
[35m[HTTP][39m [37m-->[39m [37mPOST[39m [37m/wd/hub/session/bc9e6e89-5fd1-4b25-a007-d58b2decd058/elements[39m
[35m[HTTP][39m [90m{"using":"-android uiautomator","value":"new UiSelector().className(\"android.view.View\").text(\"MobiMartTheme.akun_inactive\")"}[39m
[35m[HTTP][39m [37m<-- POST /wd/hub/session/bc9e6e89-5fd1-4b25-a007-d58b2decd058/elements [39m[32m200[39m [90m310 ms - 12[39m
[35m[HTTP][39m [90m[39m
[35m[HTTP][39m [37m-->[39m [37mPOST[39m [37m/wd/hub/session/bc9e6e89-5fd1-4b25-a007-d58b2decd058/elements[39m
[35m[HTTP][39m [90m{"using":"-android uiautomator","value":"new UiSelector().className(\"android.view.View\").text(\"MobiMartTheme.akun_inactive\")"}[39m
[35m[HTTP][39m [37m<-- POST /wd/hub/session/bc9e6e89-5fd1-4b25-a007-d58b2decd058/elements [39m[32m200[39m [90m572 ms - 12[39m
[35m[HTTP][39m [90m[39m
[35m[HTTP][39m [37m-->[39m [37mPOST[39m [37m/wd/hub/session/bc9e6e89-5fd1-4b25-a007-d58b2decd058/elements[39m
[35m[HTTP][39m [90m{"using":"-android uiautomator","value":"new UiSelector().className(\"android.view.View\").text(\"MobiMartTheme.akun_inactive\")"}[39m
[35m[HTTP][39m [37m<-- POST /wd/hub/session/bc9e6e89-5fd1-4b25-a007-d58b2decd058/elements [39m[32m200[39m [90m113 ms - 12[39m
[35m[HTTP][39m [90m[39m
[35m[HTTP][39m [37m-->[39m [37mPOST[39m [37m/wd/hub/session/bc9e6e89-5fd1-4b25-a007-d58b2decd058/elements[39m
[35m[HTTP][39m [90m{"using":"-android uiautomator","value":"new UiSelector().className(\"android.view.View\").text(\"MobiMartTheme.akun_inactive\")"}[39m
[35m[HTTP][39m [37m<-- POST /wd/hub/session/bc9e6e89-5fd1-4b25-a007-d58b2decd058/elements [39m[32m200[39m [90m124 ms - 12[39m
[35m[HTTP][39m [90m[39m
[35m[HTTP][39m [37m-->[39m [37mPOST[39m [37m/wd/hub/session/bc9e6e89-5fd1-4b25-a007-d58b2decd058/elements[39m
[35m[HTTP][39m [90m{"using":"-android uiautomator","value":"new UiSelector().className(\"android.view.View\").text(\"MobiMartTheme.akun_inactive\")"}[39m
[35m[HTTP][39m [37m<-- POST /wd/hub/session/bc9e6e89-5fd1-4b25-a007-d58b2decd058/elements [39m[32m200[39m [90m108 ms - 12[39m
[35m[HTTP][39m [90m[39m
[35m[HTTP][39m [37m-->[39m [37mPOST[39m [37m/wd/hub/session/bc9e6e89-5fd1-4b25-a007-d58b2decd058/elements[39m
[35m[HTTP][39m [90m{"using":"-android uiautomator","value":"new UiSelector().className(\"android.view.View\").text(\"MobiMartTheme.akun_inactive\")"}[39m
[35m[HTTP][39m [37m<-- POST /wd/hub/session/bc9e6e89-5fd1-4b25-a007-d58b2decd058/elements [39m[32m200[39m [90m130 ms - 12[39m
[35m[HTTP][39m [90m[39m
[35m[HTTP][39m [37m-->[39m [37mPOST[39m [37m/wd/hub/session/bc9e6e89-5fd1-4b25-a007-d58b2decd058/elements[39m
[35m[HTTP][39m [90m{"using":"-android uiautomator","value":"new UiSelector().className(\"android.view.View\").text(\"MobiMartTheme.akun_inactive\")"}[39m
[35m[HTTP][39m [37m<-- POST /wd/hub/session/bc9e6e89-5fd1-4b25-a007-d58b2decd058/elements [39m[32m200[39m [90m120 ms - 12[39m
[35m[HTTP][39m [90m[39m
[35m[HTTP][39m [37m-->[39m [37mPOST[39m [37m/wd/hub/session/bc9e6e89-5fd1-4b25-a007-d58b2decd058/elements[39m
[35m[HTTP][39m [90m{"using":"-android uiautomator","value":"new UiSelector().className(\"android.view.View\").text(\"MobiMartTheme.akun_inactive\")"}[39m
[35m[HTTP][39m [37m<-- POST /wd/hub/session/bc9e6e89-5fd1-4b25-a007-d58b2decd058/elements [39m[32m200[39m [90m520 ms - 12[39m
[35m[HTTP][39m [90m[39m
[35m[HTTP][39m [37m-->[39m [37mPOST[39m [37m/wd/hub/session/bc9e6e89-5fd1-4b25-a007-d58b2decd058/elements[39m
[35m[HTTP][39m [90m{"using":"-android uiautomator","value":"new UiSelector().className(\"android.view.View\").text(\"MobiMartTheme.akun_inactive\")"}[39m
[35m[HTTP][39m [37m<-- POST /wd/hub/session/bc9e6e89-5fd1-4b25-a007-d58b2decd058/elements [39m[32m200[39m [90m100 ms - 12[39m
[35m[HTTP][39m [90m[39m
[35m[HTTP][39m [37m-->[39m [37mPOST[39m [37m/wd/hub/session/bc9e6e89-5fd1-4b25-a007-d58b2decd058/elements[39m
[35m[HTTP][39m [90m{"using":"-android uiautomator","value":"new UiSelector().className(\"android.view.View\").text(\"MobiMartTheme.akun_inactive\")"}[39m
[35m[HTTP][39m [37m<-- POST /wd/hub/session/bc9e6e89-5fd1-4b25-a007-d58b2decd058/elements [39m[32m200[39m [90m139 ms - 12[39m
[35m[HTTP][39m [90m[39m
[35m[HTTP][39m [37m-->[39m [37mPOST[39m [37m/wd/hub/session/bc9e6e89-5fd1-4b25-a007-d58b2decd058/elements[39m
[35m[HTTP][39m [90m{"using":"-android uiautomator","value":"new UiSelector().className(\"android.view.View\").text(\"MobiMartTheme.akun_inactive\")"}[39m
[35m[HTTP][39m [37m<-- POST /wd/hub/session/bc9e6e89-5fd1-4b25-a007-d58b2decd058/elements [39m[32m200[39m [90m113 ms - 12[39m
[35m[HTTP][39m [90m[39m
[35m[HTTP][39m [37m-->[39m [37mPOST[39m [37m/wd/hub/session/bc9e6e89-5fd1-4b25-a007-d58b2decd058/elements[39m
[35m[HTTP][39m [90m{"using":"-android uiautomator","value":"new UiSelector().className(\"android.view.View\").text(\"MobiMartTheme.akun_inactive\")"}[39m
[35m[HTTP][39m [37m<-- POST /wd/hub/session/bc9e6e89-5fd1-4b25-a007-d58b2decd058/elements [39m[32m200[39m [90m99 ms - 12[39m
[35m[HTTP][39m [90m[39m
[35m[HTTP][39m [37m-->[39m [37mPOST[39m [37m/wd/hub/session/bc9e6e89-5fd1-4b25-a007-d58b2decd058/elements[39m
[35m[HTTP][39m [90m{"using":"-android uiautomator","value":"new UiSelector().className(\"android.view.View\").text(\"MobiMartTheme.akun_inactive\")"}[39m
[35m[HTTP][39m [37m<-- POST /wd/hub/session/bc9e6e89-5fd1-4b25-a007-d58b2decd058/elements [39m[32m200[39m [90m93 ms - 12[39m
[35m[HTTP][39m [90m[39m
[35m[HTTP][39m [37m-->[39m [37mPOST[39m [37m/wd/hub/session/bc9e6e89-5fd1-4b25-a007-d58b2decd058/elements[39m
[35m[HTTP][39m [90m{"using":"-android uiautomator","value":"new UiSelector().className(\"android.view.View\").text(\"MobiMartTheme.akun_inactive\")"}[39m
[35m[HTTP][39m [37m<-- POST /wd/hub/session/bc9e6e89-5fd1-4b25-a007-d58b2decd058/elements [39m[32m200[39m [90m88 ms - 12[39m
[35m[HTTP][39m [90m[39m
[35m[HTTP][39m [37m-->[39m [37mPOST[39m [37m/wd/hub/session/bc9e6e89-5fd1-4b25-a007-d58b2decd058/elements[39m
[35m[HTTP][39m [90m{"using":"-android uiautomator","value":"new UiSelector().className(\"android.view.View\").text(\"MobiMartTheme.akun_inactive\")"}[39m
[35m[HTTP][39m [37m<-- POST /wd/hub/session/bc9e6e89-5fd1-4b25-a007-d58b2decd058/elements [39m[32m200[39m [90m85 ms - 12[39m
[35m[HTTP][39m [90m[39m
[35m[HTTP][39m [37m-->[39m [37mPOST[39m [37m/wd/hub/session/bc9e6e89-5fd1-4b25-a007-d58b2decd058/elements[39m
[35m[HTTP][39m [90m{"using":"-android uiautomator","value":"new UiSelector().className(\"android.view.View\").text(\"MobiMartTheme.akun_inactive\")"}[39m
[35m[HTTP][39m [37m<-- POST /wd/hub/session/bc9e6e89-5fd1-4b25-a007-d58b2decd058/elements [39m[32m200[39m [90m88 ms - 12[39m
[35m[HTTP][39m [90m[39m
[35m[HTTP][39m [37m-->[39m [37mPOST[39m [37m/wd/hub/session/bc9e6e89-5fd1-4b25-a007-d58b2decd058/elements[39m
[35m[HTTP][39m [90m{"using":"-android uiautomator","value":"new UiSelector().className(\"android.view.View\").text(\"MobiMartTheme.akun_inactive\")"}[39m
[35m[HTTP][39m [37m<-- POST /wd/hub/session/bc9e6e89-5fd1-4b25-a007-d58b2decd058/elements [39m[32m200[39m [90m101 ms - 12[39m
[35m[HTTP][39m [90m[39m
[35m[HTTP][39m [37m-->[39m [37mPOST[39m [37m/wd/hub/session/bc9e6e89-5fd1-4b25-a007-d58b2decd058/elements[39m
[35m[HTTP][39m [90m{"using":"-android uiautomator","value":"new UiSelector().className(\"android.view.View\").text(\"MobiMartTheme.akun_inactive\")"}[39m
[35m[HTTP][39m [37m<-- POST /wd/hub/session/bc9e6e89-5fd1-4b25-a007-d58b2decd058/elements [39m[32m200[39m [90m96 ms - 12[39m
[35m[HTTP][39m [90m[39m
[35m[HTTP][39m [37m-->[39m [37mPOST[39m [37m/wd/hub/session/bc9e6e89-5fd1-4b25-a007-d58b2decd058/elements[39m
[35m[HTTP][39m [90m{"using":"-android uiautomator","value":"new UiSelector().className(\"android.view.View\").text(\"MobiMartTheme.akun_inactive\")"}[39m
[35m[HTTP][39m [37m<-- POST /wd/hub/session/bc9e6e89-5fd1-4b25-a007-d58b2decd058/elements [39m[32m200[39m [90m82 ms - 12[39m
[35m[HTTP][39m [90m[39m
[35m[HTTP][39m [37m-->[39m [37mPOST[39m [37m/wd/hub/session/bc9e6e89-5fd1-4b25-a007-d58b2decd058/elements[39m
[35m[HTTP][39m [90m{"using":"-android uiautomator","value":"new UiSelector().className(\"android.view.View\").text(\"MobiMartTheme.akun_inactive\")"}[39m
[35m[HTTP][39m [37m<-- POST /wd/hub/session/bc9e6e89-5fd1-4b25-a007-d58b2decd058/elements [39m[32m200[39m [90m84 ms - 12[39m
[35m[HTTP][39m [90m[39m
[35m[HTTP][39m [37m-->[39m [37mPOST[39m [37m/wd/hub/session/bc9e6e89-5fd1-4b25-a007-d58b2decd058/elements[39m
[35m[HTTP][39m [90m{"using":"-android uiautomator","value":"new UiSelector().className(\"android.view.View\").text(\"MobiMartTheme.akun_inactive\")"}[39m
[35m[HTTP][39m [37m<-- POST /wd/hub/session/bc9e6e89-5fd1-4b25-a007-d58b2decd058/elements [39m[32m200[39m [90m88 ms - 12[39m
[35m[HTTP][39m [90m[39m
[35m[HTTP][39m [37m-->[39m [37mPOST[39m [37m/wd/hub/session/bc9e6e89-5fd1-4b25-a007-d58b2decd058/elements[39m
[35m[HTTP][39m [90m{"using":"-android uiautomator","value":"new UiSelector().className(\"android.view.View\").text(\"MobiMartTheme.akun_inactive\")"}[39m
[35m[HTTP][39m [37m<-- POST /wd/hub/session/bc9e6e89-5fd1-4b25-a007-d58b2decd058/elements [39m[32m200[39m [90m100 ms - 12[39m
[35m[HTTP][39m [90m[39m
[35m[HTTP][39m [37m-->[39m [37mPOST[39m [37m/wd/hub/session/bc9e6e89-5fd1-4b25-a007-d58b2decd058/elements[39m
[35m[HTTP][39m [90m{"using":"-android uiautomator","value":"new UiSelector().className(\"android.view.View\").text(\"MobiMartTheme.akun_inactive\")"}[39m
[35m[HTTP][39m [37m<-- POST /wd/hub/session/bc9e6e89-5fd1-4b25-a007-d58b2decd058/elements [39m[32m200[39m [90m1944 ms - 90[39m
[35m[HTTP][39m [90m[39m
[35m[HTTP][39m [37m-->[39m [37mGET[39m [37m/wd/hub/session/bc9e6e89-5fd1-4b25-a007-d58b2decd058/element/84419111-23c0-4ab1-b94e-f6e862dd875d/location[39m
[35m[HTTP][39m [90m{}[39m
[35m[W3C][39m Driver proxy active, passing request on via HTTP proxy
[35m[JSONWP Proxy][39m Replacing sessionId 2c2d3667-c395-45a4-87f2-82b6e7558b55 with bc9e6e89-5fd1-4b25-a007-d58b2decd058
[35m[HTTP][39m [37m<-- GET /wd/hub/session/bc9e6e89-5fd1-4b25-a007-d58b2decd058/element/84419111-23c0-4ab1-b94e-f6e862dd875d/location [39m[32m200[39m [90m136 ms - 90[39m
[35m[HTTP][39m [90m[39m
[35m[HTTP][39m [37m-->[39m [37mPOST[39m [37m/wd/hub/session/bc9e6e89-5fd1-4b25-a007-d58b2decd058/timeouts[39m
[35m[HTTP][39m [90m{"implicit":30000}[39m
[35m[HTTP][39m [37m<-- POST /wd/hub/session/bc9e6e89-5fd1-4b25-a007-d58b2decd058/timeouts [39m[32m200[39m [90m2 ms - 14[39m
[35m[HTTP][39m [90m[39m
[35m[HTTP][39m [37m-->[39m [37mPOST[39m [37m/wd/hub/session/bc9e6e89-5fd1-4b25-a007-d58b2decd058/touch/perform[39m
[35m[HTTP][39m [90m{"actions":[{"action":"tap","options":{"x":1,"y":1,"element":"84419111-23c0-4ab1-b94e-f6e862dd875d"}},{"action":"release","options":{}}]}[39m
[35m[UiAutomator2][39m calling get location: 84419111-23c0-4ab1-b94e-f6e862dd875d
[35m[HTTP][39m [37m<-- POST /wd/hub/session/bc9e6e89-5fd1-4b25-a007-d58b2decd058/touch/perform [39m[32m200[39m [90m1945 ms - 14[39m
[35m[HTTP][39m [90m[39m
[35m[HTTP][39m [37m-->[39m [37mPOST[39m [37m/wd/hub/session/bc9e6e89-5fd1-4b25-a007-d58b2decd058/timeouts[39m
[35m[HTTP][39m [90m{"implicit":50}[39m
[35m[HTTP][39m [37m<-- POST /wd/hub/session/bc9e6e89-5fd1-4b25-a007-d58b2decd058/timeouts [39m[32m200[39m [90m4 ms - 14[39m
[35m[HTTP][39m [90m[39m
[35m[HTTP][39m [37m-->[39m [37mGET[39m [37m/wd/hub/session/bc9e6e89-5fd1-4b25-a007-d58b2decd058/window/rect[39m
[35m[HTTP][39m [90m{}[39m
[35m[HTTP][39m [37m<-- GET /wd/hub/session/bc9e6e89-5fd1-4b25-a007-d58b2decd058/window/rect [39m[32m200[39m [90m42 ms - 50[39m
[35m[HTTP][39m [90m[39m
[35m[HTTP][39m [37m-->[39m [37mPOST[39m [37m/wd/hub/session/bc9e6e89-5fd1-4b25-a007-d58b2decd058/elements[39m
[35m[HTTP][39m [90m{"using":"-android uiautomator","value":"new UiSelector().className(\"android.widget.Button\").text(\"LOGIN\").resourceId(\"b2-btn_login\")"}[39m
[35m[HTTP][39m [37m<-- POST /wd/hub/session/bc9e6e89-5fd1-4b25-a007-d58b2decd058/elements [39m[32m200[39m [90m243 ms - 90[39m
[35m[HTTP][39m [90m[39m
[35m[HTTP][39m [37m-->[39m [37mGET[39m [37m/wd/hub/session/bc9e6e89-5fd1-4b25-a007-d58b2decd058/element/224f4426-e33e-43b0-849b-ecc33d287c14/location[39m
[35m[HTTP][39m [90m{}[39m
[35m[W3C][39m Driver proxy active, passing request on via HTTP proxy
[35m[JSONWP Proxy][39m Replacing sessionId 2c2d3667-c395-45a4-87f2-82b6e7558b55 with bc9e6e89-5fd1-4b25-a007-d58b2decd058
[35m[HTTP][39m [37m<-- GET /wd/hub/session/bc9e6e89-5fd1-4b25-a007-d58b2decd058/element/224f4426-e33e-43b0-849b-ecc33d287c14/location [39m[32m200[39m [90m93 ms - 90[39m
[35m[HTTP][39m [90m[39m
[35m[HTTP][39m [37m-->[39m [37mPOST[39m [37m/wd/hub/session/bc9e6e89-5fd1-4b25-a007-d58b2decd058/timeouts[39m
[35m[HTTP][39m [90m{"implicit":30000}[39m
[35m[HTTP][39m [37m<-- POST /wd/hub/session/bc9e6e89-5fd1-4b25-a007-d58b2decd058/timeouts [39m[32m200[39m [90m3 ms - 14[39m
[35m[HTTP][39m [90m[39m
[35m[HTTP][39m [37m-->[39m [37mPOST[39m [37m/wd/hub/session/bc9e6e89-5fd1-4b25-a007-d58b2decd058/touch/perform[39m
[35m[HTTP][39m [90m{"actions":[{"action":"tap","options":{"x":1,"y":1,"element":"224f4426-e33e-43b0-849b-ecc33d287c14"}},{"action":"release","options":{}}]}[39m
[35m[UiAutomator2][39m calling get location: 224f4426-e33e-43b0-849b-ecc33d287c14
[35m[HTTP][39m [37m<-- POST /wd/hub/session/bc9e6e89-5fd1-4b25-a007-d58b2decd058/touch/perform [39m[32m200[39m [90m1645 ms - 14[39m
[35m[HTTP][39m [90m[39m
[35m[HTTP][39m [37m-->[39m [37mPOST[39m [37m/wd/hub/session/bc9e6e89-5fd1-4b25-a007-d58b2decd058/timeouts[39m
[35m[HTTP][39m [90m{"implicit":50}[39m
[35m[HTTP][39m [37m<-- POST /wd/hub/session/bc9e6e89-5fd1-4b25-a007-d58b2decd058/timeouts [39m[32m200[39m [90m3 ms - 14[39m
[35m[HTTP][39m [90m[39m
[35m[HTTP][39m [37m-->[39m [37mGET[39m [37m/wd/hub/session/bc9e6e89-5fd1-4b25-a007-d58b2decd058/window/rect[39m
[35m[HTTP][39m [90m{}[39m
[35m[HTTP][39m [37m<-- GET /wd/hub/session/bc9e6e89-5fd1-4b25-a007-d58b2decd058/window/rect [39m[32m200[39m [90m38 ms - 50[39m
[35m[HTTP][39m [90m[39m
[35m[HTTP][39m [37m-->[39m [37mPOST[39m [37m/wd/hub/session/bc9e6e89-5fd1-4b25-a007-d58b2decd058/elements[39m
[35m[HTTP][39m [90m{"using":"-android uiautomator","value":"new UiSelector().className(\"android.view.View\").text(\"Lupa kata sandi ?\")"}[39m
[35m[HTTP][39m [37m<-- POST /wd/hub/session/bc9e6e89-5fd1-4b25-a007-d58b2decd058/elements [39m[32m200[39m [90m163 ms - 90[39m
[35m[HTTP][39m [90m[39m
[35m[HTTP][39m [37m-->[39m [37mGET[39m [37m/wd/hub/session/bc9e6e89-5fd1-4b25-a007-d58b2decd058/element/67dc1c6a-f377-471e-9fa5-d25b5bc94717/location[39m
[35m[HTTP][39m [90m{}[39m
[35m[W3C][39m Driver proxy active, passing request on via HTTP proxy
[35m[JSONWP Proxy][39m Replacing sessionId 2c2d3667-c395-45a4-87f2-82b6e7558b55 with bc9e6e89-5fd1-4b25-a007-d58b2decd058
[35m[HTTP][39m [37m<-- GET /wd/hub/session/bc9e6e89-5fd1-4b25-a007-d58b2decd058/element/67dc1c6a-f377-471e-9fa5-d25b5bc94717/location [39m[32m200[39m [90m71 ms - 90[39m
[35m[HTTP][39m [90m[39m
[35m[HTTP][39m [37m-->[39m [37mPOST[39m [37m/wd/hub/session/bc9e6e89-5fd1-4b25-a007-d58b2decd058/timeouts[39m
[35m[HTTP][39m [90m{"implicit":30000}[39m
[35m[HTTP][39m [37m<-- POST /wd/hub/session/bc9e6e89-5fd1-4b25-a007-d58b2decd058/timeouts [39m[32m200[39m [90m2 ms - 14[39m
[35m[HTTP][39m [90m[39m
[35m[HTTP][39m [37m-->[39m [37mPOST[39m [37m/wd/hub/session/bc9e6e89-5fd1-4b25-a007-d58b2decd058/touch/perform[39m
[35m[HTTP][39m [90m{"actions":[{"action":"tap","options":{"x":1,"y":1,"element":"67dc1c6a-f377-471e-9fa5-d25b5bc94717"}},{"action":"release","options":{}}]}[39m
[35m[UiAutomator2][39m calling get location: 67dc1c6a-f377-471e-9fa5-d25b5bc94717
[35m[HTTP][39m [37m<-- POST /wd/hub/session/bc9e6e89-5fd1-4b25-a007-d58b2decd058/touch/perform [39m[32m200[39m [90m1494 ms - 14[39m
[35m[HTTP][39m [90m[39m
[35m[HTTP][39m [37m-->[39m [37mPOST[39m [37m/wd/hub/session/bc9e6e89-5fd1-4b25-a007-d58b2decd058/timeouts[39m
[35m[HTTP][39m [90m{"implicit":50}[39m
[35m[HTTP][39m [37m<-- POST /wd/hub/session/bc9e6e89-5fd1-4b25-a007-d58b2decd058/timeouts [39m[32m200[39m [90m3 ms - 14[39m
[35m[HTTP][39m [90m[39m
[35m[HTTP][39m [37m-->[39m [37mGET[39m [37m/wd/hub/session/bc9e6e89-5fd1-4b25-a007-d58b2decd058/window/rect[39m
[35m[HTTP][39m [90m{}[39m
[35m[HTTP][39m [37m<-- GET /wd/hub/session/bc9e6e89-5fd1-4b25-a007-d58b2decd058/window/rect [39m[32m200[39m [90m44 ms - 50[39m
[35m[HTTP][39m [90m[39m
[35m[HTTP][39m [37m-->[39m [37mPOST[39m [37m/wd/hub/session/bc9e6e89-5fd1-4b25-a007-d58b2decd058/elements[39m
[35m[HTTP][39m [90m{"using":"-android uiautomator","value":"new UiSelector().className(\"android.widget.EditText\").resourceId(\"b2-Input_UsernameVal\")"}[39m
[35m[HTTP][39m [37m<-- POST /wd/hub/session/bc9e6e89-5fd1-4b25-a007-d58b2decd058/elements [39m[32m200[39m [90m177 ms - 90[39m
[35m[HTTP][39m [90m[39m
[35m[HTTP][39m [37m-->[39m [37mGET[39m [37m/wd/hub/session/bc9e6e89-5fd1-4b25-a007-d58b2decd058/element/e0040095-987e-4b32-a5ba-a1bb98057e25/location[39m
[35m[HTTP][39m [90m{}[39m
[35m[W3C][39m Driver proxy active, passing request on via HTTP proxy
[35m[JSONWP Proxy][39m Replacing sessionId 2c2d3667-c395-45a4-87f2-82b6e7558b55 with bc9e6e89-5fd1-4b25-a007-d58b2decd058
[35m[HTTP][39m [37m<-- GET /wd/hub/session/bc9e6e89-5fd1-4b25-a007-d58b2decd058/element/e0040095-987e-4b32-a5ba-a1bb98057e25/location [39m[32m200[39m [90m568 ms - 88[39m
[35m[HTTP][39m [90m[39m
[35m[HTTP][39m [37m-->[39m [37mPOST[39m [37m/wd/hub/session/bc9e6e89-5fd1-4b25-a007-d58b2decd058/timeouts[39m
[35m[HTTP][39m [90m{"implicit":30000}[39m
[35m[HTTP][39m [37m<-- POST /wd/hub/session/bc9e6e89-5fd1-4b25-a007-d58b2decd058/timeouts [39m[32m200[39m [90m2 ms - 14[39m
[35m[HTTP][39m [90m[39m
[35m[HTTP][39m [37m-->[39m [37mPOST[39m [37m/wd/hub/session/bc9e6e89-5fd1-4b25-a007-d58b2decd058/element/e0040095-987e-4b32-a5ba-a1bb98057e25/clear[39m
[35m[HTTP][39m [90m{"id":"e0040095-987e-4b32-a5ba-a1bb98057e25"}[39m
[35m[HTTP][39m [37m<-- POST /wd/hub/session/bc9e6e89-5fd1-4b25-a007-d58b2decd058/element/e0040095-987e-4b32-a5ba-a1bb98057e25/clear [39m[32m200[39m [90m85 ms - 27[39m
[35m[HTTP][39m [90m[39m
[35m[HTTP][39m [37m-->[39m [37mPOST[39m [37m/wd/hub/session/bc9e6e89-5fd1-4b25-a007-d58b2decd058/element/e0040095-987e-4b32-a5ba-a1bb98057e25/value[39m
[35m[HTTP][39m [90m{"id":"e0040095-987e-4b32-a5ba-a1bb98057e25","text":"applicationtester77@gmail.com","value":["a","p","p","l","i","c","a","t","i","o","n","t","e","s","t","e","r","7","7","@","g","m","a","i","l",".","c","o","m"]}[39m
[35m[HTTP][39m [37m<-- POST /wd/hub/session/bc9e6e89-5fd1-4b25-a007-d58b2decd058/element/e0040095-987e-4b32-a5ba-a1bb98057e25/value [39m[32m200[39m [90m934 ms - 12[39m
[35m[HTTP][39m [90m[39m
[35m[HTTP][39m [37m-->[39m [37mPOST[39m [37m/wd/hub/session/bc9e6e89-5fd1-4b25-a007-d58b2decd058/timeouts[39m
[35m[HTTP][39m [90m{"implicit":50}[39m
[35m[HTTP][39m [37m<-- POST /wd/hub/session/bc9e6e89-5fd1-4b25-a007-d58b2decd058/timeouts [39m[32m200[39m [90m4 ms - 14[39m
[35m[HTTP][39m [90m[39m
[35m[HTTP][39m [37m-->[39m [37mGET[39m [37m/wd/hub/session/bc9e6e89-5fd1-4b25-a007-d58b2decd058/window/rect[39m
[35m[HTTP][39m [90m{}[39m
[35m[HTTP][39m [37m<-- GET /wd/hub/session/bc9e6e89-5fd1-4b25-a007-d58b2decd058/window/rect [39m[32m200[39m [90m44 ms - 50[39m
[35m[HTTP][39m [90m[39m
[35m[HTTP][39m [37m-->[39m [37mPOST[39m [37m/wd/hub/session/bc9e6e89-5fd1-4b25-a007-d58b2decd058/elements[39m
[35m[HTTP][39m [90m{"using":"-android uiautomator","value":"new UiSelector().className(\"android.widget.Button\").text(\"Lanjutkan\")"}[39m
[35m[HTTP][39m [37m<-- POST /wd/hub/session/bc9e6e89-5fd1-4b25-a007-d58b2decd058/elements [39m[32m200[39m [90m618 ms - 90[39m
[35m[HTTP][39m [90m[39m
[35m[HTTP][39m [37m-->[39m [37mGET[39m [37m/wd/hub/session/bc9e6e89-5fd1-4b25-a007-d58b2decd058/element/c8f7dd07-d08b-4269-adc8-3efb51bab6af/location[39m
[35m[HTTP][39m [90m{}[39m
[35m[W3C][39m Driver proxy active, passing request on via HTTP proxy
[35m[JSONWP Proxy][39m Replacing sessionId 2c2d3667-c395-45a4-87f2-82b6e7558b55 with bc9e6e89-5fd1-4b25-a007-d58b2decd058
[35m[HTTP][39m [37m<-- GET /wd/hub/session/bc9e6e89-5fd1-4b25-a007-d58b2decd058/element/c8f7dd07-d08b-4269-adc8-3efb51bab6af/location [39m[32m200[39m [90m60 ms - 89[39m
[35m[HTTP][39m [90m[39m
[35m[HTTP][39m [37m-->[39m [37mPOST[39m [37m/wd/hub/session/bc9e6e89-5fd1-4b25-a007-d58b2decd058/timeouts[39m
[35m[HTTP][39m [90m{"implicit":30000}[39m
[35m[HTTP][39m [37m<-- POST /wd/hub/session/bc9e6e89-5fd1-4b25-a007-d58b2decd058/timeouts [39m[32m200[39m [90m4 ms - 14[39m
[35m[HTTP][39m [90m[39m
[35m[HTTP][39m [37m-->[39m [37mPOST[39m [37m/wd/hub/session/bc9e6e89-5fd1-4b25-a007-d58b2decd058/touch/perform[39m
[35m[HTTP][39m [90m{"actions":[{"action":"tap","options":{"x":1,"y":1,"element":"c8f7dd07-d08b-4269-adc8-3efb51bab6af"}},{"action":"release","options":{}}]}[39m
[35m[UiAutomator2][39m calling get location: c8f7dd07-d08b-4269-adc8-3efb51bab6af
[35m[HTTP][39m [37m<-- POST /wd/hub/session/bc9e6e89-5fd1-4b25-a007-d58b2decd058/touch/perform [39m[32m200[39m [90m1160 ms - 14[39m
[35m[HTTP][39m [90m[39m
[35m[HTTP][39m [37m-->[39m [37mPOST[39m [37m/wd/hub/session/bc9e6e89-5fd1-4b25-a007-d58b2decd058/timeouts[39m
[35m[HTTP][39m [90m{"implicit":50}[39m
[35m[HTTP][39m [37m<-- POST /wd/hub/session/bc9e6e89-5fd1-4b25-a007-d58b2decd058/timeouts [39m[32m200[39m [90m3 ms - 14[39m
[35m[HTTP][39m [90m[39m
[35m[HTTP][39m [37m-->[39m [37mGET[39m [37m/wd/hub/session/bc9e6e89-5fd1-4b25-a007-d58b2decd058/window/rect[39m
[35m[HTTP][39m [90m{}[39m
[35m[HTTP][39m [37m<-- GET /wd/hub/session/bc9e6e89-5fd1-4b25-a007-d58b2decd058/window/rect [39m[32m200[39m [90m43 ms - 50[39m
[35m[HTTP][39m [90m[39m
[35m[HTTP][39m [37m-->[39m [37mPOST[39m [37m/wd/hub/session/bc9e6e89-5fd1-4b25-a007-d58b2decd058/elements[39m
[35m[HTTP][39m [90m{"using":"-android uiautomator","value":"new UiSelector().className(\"android.view.View\").text(\"Cek e-mail Anda, kami telah mengirimkan kode verifikasi lalu klik tombol dibawah ini untuk melanjutkan\")"}[39m
[35m[HTTP][39m [37m<-- POST /wd/hub/session/bc9e6e89-5fd1-4b25-a007-d58b2decd058/elements [39m[32m200[39m [90m88 ms - 12[39m
[35m[HTTP][39m [90m[39m
[35m[HTTP][39m [37m-->[39m [37mPOST[39m [37m/wd/hub/session/bc9e6e89-5fd1-4b25-a007-d58b2decd058/elements[39m
[35m[HTTP][39m [90m{"using":"-android uiautomator","value":"new UiSelector().className(\"android.view.View\").text(\"Cek e-mail Anda, kami telah mengirimkan kode verifikasi lalu klik tombol dibawah ini untuk melanjutkan\")"}[39m
[35m[HTTP][39m [37m<-- POST /wd/hub/session/bc9e6e89-5fd1-4b25-a007-d58b2decd058/elements [39m[32m200[39m [90m86 ms - 12[39m
[35m[HTTP][39m [90m[39m
[35m[HTTP][39m [37m-->[39m [37mPOST[39m [37m/wd/hub/session/bc9e6e89-5fd1-4b25-a007-d58b2decd058/elements[39m
[35m[HTTP][39m [90m{"using":"-android uiautomator","value":"new UiSelector().className(\"android.view.View\").text(\"Cek e-mail Anda, kami telah mengirimkan kode verifikasi lalu klik tombol dibawah ini untuk melanjutkan\")"}[39m
[35m[HTTP][39m [37m<-- POST /wd/hub/session/bc9e6e89-5fd1-4b25-a007-d58b2decd058/elements [39m[32m200[39m [90m78 ms - 12[39m
[35m[HTTP][39m [90m[39m
[35m[HTTP][39m [37m-->[39m [37mPOST[39m [37m/wd/hub/session/bc9e6e89-5fd1-4b25-a007-d58b2decd058/elements[39m
[35m[HTTP][39m [90m{"using":"-android uiautomator","value":"new UiSelector().className(\"android.view.View\").text(\"Cek e-mail Anda, kami telah mengirimkan kode verifikasi lalu klik tombol dibawah ini untuk melanjutkan\")"}[39m
[35m[HTTP][39m [37m<-- POST /wd/hub/session/bc9e6e89-5fd1-4b25-a007-d58b2decd058/elements [39m[32m200[39m [90m78 ms - 12[39m
[35m[HTTP][39m [90m[39m
[35m[HTTP][39m [37m-->[39m [37mPOST[39m [37m/wd/hub/session/bc9e6e89-5fd1-4b25-a007-d58b2decd058/elements[39m
[35m[HTTP][39m [90m{"using":"-android uiautomator","value":"new UiSelector().className(\"android.view.View\").text(\"Cek e-mail Anda, kami telah mengirimkan kode verifikasi lalu klik tombol dibawah ini untuk melanjutkan\")"}[39m
[35m[HTTP][39m [37m<-- POST /wd/hub/session/bc9e6e89-5fd1-4b25-a007-d58b2decd058/elements [39m[32m200[39m [90m81 ms - 12[39m
[35m[HTTP][39m [90m[39m
[35m[HTTP][39m [37m-->[39m [37mPOST[39m [37m/wd/hub/session/bc9e6e89-5fd1-4b25-a007-d58b2decd058/elements[39m
[35m[HTTP][39m [90m{"using":"-android uiautomator","value":"new UiSelector().className(\"android.view.View\").text(\"Cek e-mail Anda, kami telah mengirimkan kode verifikasi lalu klik tombol dibawah ini untuk melanjutkan\")"}[39m
[35m[HTTP][39m [37m<-- POST /wd/hub/session/bc9e6e89-5fd1-4b25-a007-d58b2decd058/elements [39m[32m200[39m [90m86 ms - 12[39m
[35m[HTTP][39m [90m[39m
[35m[HTTP][39m [37m-->[39m [37mPOST[39m [37m/wd/hub/session/bc9e6e89-5fd1-4b25-a007-d58b2decd058/elements[39m
[35m[HTTP][39m [90m{"using":"-android uiautomator","value":"new UiSelector().className(\"android.view.View\").text(\"Cek e-mail Anda, kami telah mengirimkan kode verifikasi lalu klik tombol dibawah ini untuk melanjutkan\")"}[39m
[35m[HTTP][39m [37m<-- POST /wd/hub/session/bc9e6e89-5fd1-4b25-a007-d58b2decd058/elements [39m[32m200[39m [90m89 ms - 12[39m
[35m[HTTP][39m [90m[39m
[35m[HTTP][39m [37m-->[39m [37mPOST[39m [37m/wd/hub/session/bc9e6e89-5fd1-4b25-a007-d58b2decd058/elements[39m
[35m[HTTP][39m [90m{"using":"-android uiautomator","value":"new UiSelector().className(\"android.view.View\").text(\"Cek e-mail Anda, kami telah mengirimkan kode verifikasi lalu klik tombol dibawah ini untuk melanjutkan\")"}[39m
[35m[HTTP][39m [37m<-- POST /wd/hub/session/bc9e6e89-5fd1-4b25-a007-d58b2decd058/elements [39m[32m200[39m [90m86 ms - 12[39m
[35m[HTTP][39m [90m[39m
[35m[HTTP][39m [37m-->[39m [37mPOST[39m [37m/wd/hub/session/bc9e6e89-5fd1-4b25-a007-d58b2decd058/elements[39m
[35m[HTTP][39m [90m{"using":"-android uiautomator","value":"new UiSelector().className(\"android.view.View\").text(\"Cek e-mail Anda, kami telah mengirimkan kode verifikasi lalu klik tombol dibawah ini untuk melanjutkan\")"}[39m
[35m[HTTP][39m [37m<-- POST /wd/hub/session/bc9e6e89-5fd1-4b25-a007-d58b2decd058/elements [39m[32m200[39m [90m78 ms - 12[39m
[35m[HTTP][39m [90m[39m
[35m[HTTP][39m [37m-->[39m [37mPOST[39m [37m/wd/hub/session/bc9e6e89-5fd1-4b25-a007-d58b2decd058/elements[39m
[35m[HTTP][39m [90m{"using":"-android uiautomator","value":"new UiSelector().className(\"android.view.View\").text(\"Cek e-mail Anda, kami telah mengirimkan kode verifikasi lalu klik tombol dibawah ini untuk melanjutkan\")"}[39m
[35m[HTTP][39m [37m<-- POST /wd/hub/session/bc9e6e89-5fd1-4b25-a007-d58b2decd058/elements [39m[32m200[39m [90m89 ms - 12[39m
[35m[HTTP][39m [90m[39m
[35m[HTTP][39m [37m-->[39m [37mPOST[39m [37m/wd/hub/session/bc9e6e89-5fd1-4b25-a007-d58b2decd058/elements[39m
[35m[HTTP][39m [90m{"using":"-android uiautomator","value":"new UiSelector().className(\"android.view.View\").text(\"Cek e-mail Anda, kami telah mengirimkan kode verifikasi lalu klik tombol dibawah ini untuk melanjutkan\")"}[39m
[35m[HTTP][39m [37m<-- POST /wd/hub/session/bc9e6e89-5fd1-4b25-a007-d58b2decd058/elements [39m[32m200[39m [90m556 ms - 12[39m
[35m[HTTP][39m [90m[39m
[35m[HTTP][39m [37m-->[39m [37mPOST[39m [37m/wd/hub/session/bc9e6e89-5fd1-4b25-a007-d58b2decd058/elements[39m
[35m[HTTP][39m [90m{"using":"-android uiautomator","value":"new UiSelector().className(\"android.view.View\").text(\"Cek e-mail Anda, kami telah mengirimkan kode verifikasi lalu klik tombol dibawah ini untuk melanjutkan\")"}[39m
[35m[HTTP][39m [37m<-- POST /wd/hub/session/bc9e6e89-5fd1-4b25-a007-d58b2decd058/elements [39m[32m200[39m [90m88 ms - 12[39m
[35m[HTTP][39m [90m[39m
[35m[HTTP][39m [37m-->[39m [37mPOST[39m [37m/wd/hub/session/bc9e6e89-5fd1-4b25-a007-d58b2decd058/elements[39m
[35m[HTTP][39m [90m{"using":"-android uiautomator","value":"new UiSelector().className(\"android.view.View\").text(\"Cek e-mail Anda, kami telah mengirimkan kode verifikasi lalu klik tombol dibawah ini untuk melanjutkan\")"}[39m
[35m[HTTP][39m [37m<-- POST /wd/hub/session/bc9e6e89-5fd1-4b25-a007-d58b2decd058/elements [39m[32m200[39m [90m91 ms - 12[39m
[35m[HTTP][39m [90m[39m
[35m[HTTP][39m [37m-->[39m [37mPOST[39m [37m/wd/hub/session/bc9e6e89-5fd1-4b25-a007-d58b2decd058/elements[39m
[35m[HTTP][39m [90m{"using":"-android uiautomator","value":"new UiSelector().className(\"android.view.View\").text(\"Cek e-mail Anda, kami telah mengirimkan kode verifikasi lalu klik tombol dibawah ini untuk melanjutkan\")"}[39m
[35m[HTTP][39m [37m<-- POST /wd/hub/session/bc9e6e89-5fd1-4b25-a007-d58b2decd058/elements [39m[32m200[39m [90m77 ms - 12[39m
[35m[HTTP][39m [90m[39m
[35m[HTTP][39m [37m-->[39m [37mPOST[39m [37m/wd/hub/session/bc9e6e89-5fd1-4b25-a007-d58b2decd058/elements[39m
[35m[HTTP][39m [90m{"using":"-android uiautomator","value":"new UiSelector().className(\"android.view.View\").text(\"Cek e-mail Anda, kami telah mengirimkan kode verifikasi lalu klik tombol dibawah ini untuk melanjutkan\")"}[39m
[35m[HTTP][39m [37m<-- POST /wd/hub/session/bc9e6e89-5fd1-4b25-a007-d58b2decd058/elements [39m[32m200[39m [90m79 ms - 12[39m
[35m[HTTP][39m [90m[39m
[35m[HTTP][39m [37m-->[39m [37mPOST[39m [37m/wd/hub/session/bc9e6e89-5fd1-4b25-a007-d58b2decd058/elements[39m
[35m[HTTP][39m [90m{"using":"-android uiautomator","value":"new UiSelector().className(\"android.view.View\").text(\"Cek e-mail Anda, kami telah mengirimkan kode verifikasi lalu klik tombol dibawah ini untuk melanjutkan\")"}[39m
[35m[HTTP][39m [37m<-- POST /wd/hub/session/bc9e6e89-5fd1-4b25-a007-d58b2decd058/elements [39m[32m200[39m [90m85 ms - 12[39m
[35m[HTTP][39m [90m[39m
[35m[HTTP][39m [37m-->[39m [37mPOST[39m [37m/wd/hub/session/bc9e6e89-5fd1-4b25-a007-d58b2decd058/elements[39m
[35m[HTTP][39m [90m{"using":"-android uiautomator","value":"new UiSelector().className(\"android.view.View\").text(\"Cek e-mail Anda, kami telah mengirimkan kode verifikasi lalu klik tombol dibawah ini untuk melanjutkan\")"}[39m
[35m[HTTP][39m [37m<-- POST /wd/hub/session/bc9e6e89-5fd1-4b25-a007-d58b2decd058/elements [39m[32m200[39m [90m90 ms - 12[39m
[35m[HTTP][39m [90m[39m
[35m[HTTP][39m [37m-->[39m [37mPOST[39m [37m/wd/hub/session/bc9e6e89-5fd1-4b25-a007-d58b2decd058/elements[39m
[35m[HTTP][39m [90m{"using":"-android uiautomator","value":"new UiSelector().className(\"android.view.View\").text(\"Cek e-mail Anda, kami telah mengirimkan kode verifikasi lalu klik tombol dibawah ini untuk melanjutkan\")"}[39m
[35m[HTTP][39m [37m<-- POST /wd/hub/session/bc9e6e89-5fd1-4b25-a007-d58b2decd058/elements [39m[32m200[39m [90m83 ms - 12[39m
[35m[HTTP][39m [90m[39m
[35m[HTTP][39m [37m-->[39m [37mPOST[39m [37m/wd/hub/session/bc9e6e89-5fd1-4b25-a007-d58b2decd058/elements[39m
[35m[HTTP][39m [90m{"using":"-android uiautomator","value":"new UiSelector().className(\"android.view.View\").text(\"Cek e-mail Anda, kami telah mengirimkan kode verifikasi lalu klik tombol dibawah ini untuk melanjutkan\")"}[39m
[35m[HTTP][39m [37m<-- POST /wd/hub/session/bc9e6e89-5fd1-4b25-a007-d58b2decd058/elements [39m[32m200[39m [90m93 ms - 12[39m
[35m[HTTP][39m [90m[39m
[35m[HTTP][39m [37m-->[39m [37mPOST[39m [37m/wd/hub/session/bc9e6e89-5fd1-4b25-a007-d58b2decd058/elements[39m
[35m[HTTP][39m [90m{"using":"-android uiautomator","value":"new UiSelector().className(\"android.view.View\").text(\"Cek e-mail Anda, kami telah mengirimkan kode verifikasi lalu klik tombol dibawah ini untuk melanjutkan\")"}[39m
[35m[HTTP][39m [37m<-- POST /wd/hub/session/bc9e6e89-5fd1-4b25-a007-d58b2decd058/elements [39m[32m200[39m [90m86 ms - 12[39m
[35m[HTTP][39m [90m[39m
[35m[HTTP][39m [37m-->[39m [37mPOST[39m [37m/wd/hub/session/bc9e6e89-5fd1-4b25-a007-d58b2decd058/elements[39m
[35m[HTTP][39m [90m{"using":"-android uiautomator","value":"new UiSelector().className(\"android.view.View\").text(\"Cek e-mail Anda, kami telah mengirimkan kode verifikasi lalu klik tombol dibawah ini untuk melanjutkan\")"}[39m
[35m[HTTP][39m [37m<-- POST /wd/hub/session/bc9e6e89-5fd1-4b25-a007-d58b2decd058/elements [39m[32m200[39m [90m88 ms - 12[39m
[35m[HTTP][39m [90m[39m
[35m[HTTP][39m [37m-->[39m [37mPOST[39m [37m/wd/hub/session/bc9e6e89-5fd1-4b25-a007-d58b2decd058/elements[39m
[35m[HTTP][39m [90m{"using":"-android uiautomator","value":"new UiSelector().className(\"android.view.View\").text(\"Cek e-mail Anda, kami telah mengirimkan kode verifikasi lalu klik tombol dibawah ini untuk melanjutkan\")"}[39m
[35m[HTTP][39m [37m<-- POST /wd/hub/session/bc9e6e89-5fd1-4b25-a007-d58b2decd058/elements [39m[32m200[39m [90m81 ms - 12[39m
[35m[HTTP][39m [90m[39m
[35m[HTTP][39m [37m-->[39m [37mPOST[39m [37m/wd/hub/session/bc9e6e89-5fd1-4b25-a007-d58b2decd058/elements[39m
[35m[HTTP][39m [90m{"using":"-android uiautomator","value":"new UiSelector().className(\"android.view.View\").text(\"Cek e-mail Anda, kami telah mengirimkan kode verifikasi lalu klik tombol dibawah ini untuk melanjutkan\")"}[39m
[35m[HTTP][39m [37m<-- POST /wd/hub/session/bc9e6e89-5fd1-4b25-a007-d58b2decd058/elements [39m[32m200[39m [90m87 ms - 12[39m
[35m[HTTP][39m [90m[39m
[35m[HTTP][39m [37m-->[39m [37mPOST[39m [37m/wd/hub/session/bc9e6e89-5fd1-4b25-a007-d58b2decd058/elements[39m
[35m[HTTP][39m [90m{"using":"-android uiautomator","value":"new UiSelector().className(\"android.view.View\").text(\"Cek e-mail Anda, kami telah mengirimkan kode verifikasi lalu klik tombol dibawah ini untuk melanjutkan\")"}[39m
[35m[HTTP][39m [37m<-- POST /wd/hub/session/bc9e6e89-5fd1-4b25-a007-d58b2decd058/elements [39m[32m200[39m [90m82 ms - 12[39m
[35m[HTTP][39m [90m[39m
[35m[HTTP][39m [37m-->[39m [37mPOST[39m [37m/wd/hub/session/bc9e6e89-5fd1-4b25-a007-d58b2decd058/elements[39m
[35m[HTTP][39m [90m{"using":"-android uiautomator","value":"new UiSelector().className(\"android.view.View\").text(\"Cek e-mail Anda, kami telah mengirimkan kode verifikasi lalu klik tombol dibawah ini untuk melanjutkan\")"}[39m
[35m[HTTP][39m [37m<-- POST /wd/hub/session/bc9e6e89-5fd1-4b25-a007-d58b2decd058/elements [39m[32m200[39m [90m93 ms - 12[39m
[35m[HTTP][39m [90m[39m
[35m[HTTP][39m [37m-->[39m [37mPOST[39m [37m/wd/hub/session/bc9e6e89-5fd1-4b25-a007-d58b2decd058/elements[39m
[35m[HTTP][39m [90m{"using":"-android uiautomator","value":"new UiSelector().className(\"android.view.View\").text(\"Cek e-mail Anda, kami telah mengirimkan kode verifikasi lalu klik tombol dibawah ini untuk melanjutkan\")"}[39m
[35m[HTTP][39m [37m<-- POST /wd/hub/session/bc9e6e89-5fd1-4b25-a007-d58b2decd058/elements [39m[32m200[39m [90m82 ms - 12[39m
[35m[HTTP][39m [90m[39m
[35m[HTTP][39m [37m-->[39m [37mPOST[39m [37m/wd/hub/session/bc9e6e89-5fd1-4b25-a007-d58b2decd058/elements[39m
[35m[HTTP][39m [90m{"using":"-android uiautomator","value":"new UiSelector().className(\"android.view.View\").text(\"Cek e-mail Anda, kami telah mengirimkan kode verifikasi lalu klik tombol dibawah ini untuk melanjutkan\")"}[39m
[35m[HTTP][39m [37m<-- POST /wd/hub/session/bc9e6e89-5fd1-4b25-a007-d58b2decd058/elements [39m[32m200[39m [90m81 ms - 12[39m
[35m[HTTP][39m [90m[39m
[35m[HTTP][39m [37m-->[39m [37mPOST[39m [37m/wd/hub/session/bc9e6e89-5fd1-4b25-a007-d58b2decd058/elements[39m
[35m[HTTP][39m [90m{"using":"-android uiautomator","value":"new UiSelector().className(\"android.view.View\").text(\"Cek e-mail Anda, kami telah mengirimkan kode verifikasi lalu klik tombol dibawah ini untuk melanjutkan\")"}[39m
[35m[HTTP][39m [37m<-- POST /wd/hub/session/bc9e6e89-5fd1-4b25-a007-d58b2decd058/elements [39m[32m200[39m [90m87 ms - 12[39m
[35m[HTTP][39m [90m[39m
[35m[HTTP][39m [37m-->[39m [37mPOST[39m [37m/wd/hub/session/bc9e6e89-5fd1-4b25-a007-d58b2decd058/elements[39m
[35m[HTTP][39m [90m{"using":"-android uiautomator","value":"new UiSelector().className(\"android.view.View\").text(\"Cek e-mail Anda, kami telah mengirimkan kode verifikasi lalu klik tombol dibawah ini untuk melanjutkan\")"}[39m
[35m[HTTP][39m [37m<-- POST /wd/hub/session/bc9e6e89-5fd1-4b25-a007-d58b2decd058/elements [39m[32m200[39m [90m78 ms - 12[39m
[35m[HTTP][39m [90m[39m
[35m[HTTP][39m [37m-->[39m [37mPOST[39m [37m/wd/hub/session/bc9e6e89-5fd1-4b25-a007-d58b2decd058/elements[39m
[35m[HTTP][39m [90m{"using":"-android uiautomator","value":"new UiSelector().className(\"android.view.View\").text(\"Cek e-mail Anda, kami telah mengirimkan kode verifikasi lalu klik tombol dibawah ini untuk melanjutkan\")"}[39m
[35m[HTTP][39m [37m<-- POST /wd/hub/session/bc9e6e89-5fd1-4b25-a007-d58b2decd058/elements [39m[32m200[39m [90m133 ms - 12[39m
[35m[HTTP][39m [90m[39m
[35m[HTTP][39m [37m-->[39m [37mPOST[39m [37m/wd/hub/session/bc9e6e89-5fd1-4b25-a007-d58b2decd058/elements[39m
[35m[HTTP][39m [90m{"using":"-android uiautomator","value":"new UiSelector().className(\"android.view.View\").text(\"Cek e-mail Anda, kami telah mengirimkan kode verifikasi lalu klik tombol dibawah ini untuk melanjutkan\")"}[39m
[35m[HTTP][39m [37m<-- POST /wd/hub/session/bc9e6e89-5fd1-4b25-a007-d58b2decd058/elements [39m[32m200[39m [90m1412 ms - 90[39m
[35m[HTTP][39m [90m[39m
[35m[HTTP][39m [37m-->[39m [37mGET[39m [37m/wd/hub/session/bc9e6e89-5fd1-4b25-a007-d58b2decd058/element/60f3a1b0-09a6-445a-bca2-daec3bcda821/location[39m
[35m[HTTP][39m [90m{}[39m
[35m[W3C][39m Driver proxy active, passing request on via HTTP proxy
[35m[JSONWP Proxy][39m Replacing sessionId 2c2d3667-c395-45a4-87f2-82b6e7558b55 with bc9e6e89-5fd1-4b25-a007-d58b2decd058
[35m[HTTP][39m [37m<-- GET /wd/hub/session/bc9e6e89-5fd1-4b25-a007-d58b2decd058/element/60f3a1b0-09a6-445a-bca2-daec3bcda821/location [39m[32m200[39m [90m94 ms - 88[39m
[35m[HTTP][39m [90m[39m
[35m[HTTP][39m [37m-->[39m [37mPOST[39m [37m/wd/hub/session/bc9e6e89-5fd1-4b25-a007-d58b2decd058/timeouts[39m
[35m[HTTP][39m [90m{"implicit":30000}[39m
[35m[HTTP][39m [37m<-- POST /wd/hub/session/bc9e6e89-5fd1-4b25-a007-d58b2decd058/timeouts [39m[32m200[39m [90m2 ms - 14[39m
[35m[HTTP][39m [90m[39m
[35m[HTTP][39m [37m-->[39m [37mGET[39m [37m/wd/hub/session/bc9e6e89-5fd1-4b25-a007-d58b2decd058/element/60f3a1b0-09a6-445a-bca2-daec3bcda821/displayed[39m
[35m[HTTP][39m [90m{}[39m
[35m[HTTP][39m [37m<-- GET /wd/hub/session/bc9e6e89-5fd1-4b25-a007-d58b2decd058/element/60f3a1b0-09a6-445a-bca2-daec3bcda821/displayed [39m[32m200[39m [90m518 ms - 14[39m
[35m[HTTP][39m [90m[39m
[35m[HTTP][39m [37m-->[39m [37mPOST[39m [37m/wd/hub/session/bc9e6e89-5fd1-4b25-a007-d58b2decd058/timeouts[39m
[35m[HTTP][39m [90m{"implicit":50}[39m
[35m[HTTP][39m [37m<-- POST /wd/hub/session/bc9e6e89-5fd1-4b25-a007-d58b2decd058/timeouts [39m[32m200[39m [90m7 ms - 14[39m
[35m[HTTP][39m [90m[39m
[35m[HTTP][39m [37m-->[39m [37mGET[39m [37m/wd/hub/session/bc9e6e89-5fd1-4b25-a007-d58b2decd058/window/rect[39m
[35m[HTTP][39m [90m{}[39m
[35m[HTTP][39m [37m<-- GET /wd/hub/session/bc9e6e89-5fd1-4b25-a007-d58b2decd058/window/rect [39m[32m200[39m [90m65 ms - 50[39m
[35m[HTTP][39m [90m[39m
[35m[HTTP][39m [37m-->[39m [37mPOST[39m [37m/wd/hub/session/bc9e6e89-5fd1-4b25-a007-d58b2decd058/elements[39m
[35m[HTTP][39m [90m{"using":"-android uiautomator","value":"new UiSelector().className(\"android.view.View\").text(\"Masukkan kata sandi baru yang Anda inginkan\")"}[39m
[35m[HTTP][39m [37m<-- POST /wd/hub/session/bc9e6e89-5fd1-4b25-a007-d58b2decd058/elements [39m[32m200[39m [90m80 ms - 12[39m
[35m[HTTP][39m [90m[39m
[35m[HTTP][39m [37m-->[39m [37mPOST[39m [37m/wd/hub/session/bc9e6e89-5fd1-4b25-a007-d58b2decd058/elements[39m
[35m[HTTP][39m [90m{"using":"-android uiautomator","value":"new UiSelector().className(\"android.view.View\").text(\"Masukkan kata sandi baru yang Anda inginkan\")"}[39m
[35m[HTTP][39m [37m<-- POST /wd/hub/session/bc9e6e89-5fd1-4b25-a007-d58b2decd058/elements [39m[32m200[39m [90m73 ms - 12[39m
[35m[HTTP][39m [90m[39m
[35m[HTTP][39m [37m-->[39m [37mPOST[39m [37m/wd/hub/session/bc9e6e89-5fd1-4b25-a007-d58b2decd058/elements[39m
[35m[HTTP][39m [90m{"using":"-android uiautomator","value":"new UiSelector().className(\"android.view.View\").text(\"Masukkan kata sandi baru yang Anda inginkan\")"}[39m
[35m[HTTP][39m [37m<-- POST /wd/hub/session/bc9e6e89-5fd1-4b25-a007-d58b2decd058/elements [39m[32m200[39m [90m65 ms - 12[39m
[35m[HTTP][39m [90m[39m
[35m[HTTP][39m [37m-->[39m [37mPOST[39m [37m/wd/hub/session/bc9e6e89-5fd1-4b25-a007-d58b2decd058/elements[39m
[35m[HTTP][39m [90m{"using":"-android uiautomator","value":"new UiSelector().className(\"android.view.View\").text(\"Masukkan kata sandi baru yang Anda inginkan\")"}[39m
[35m[HTTP][39m [37m<-- POST /wd/hub/session/bc9e6e89-5fd1-4b25-a007-d58b2decd058/elements [39m[32m200[39m [90m72 ms - 12[39m
[35m[HTTP][39m [90m[39m
[35m[HTTP][39m [37m-->[39m [37mPOST[39m [37m/wd/hub/session/bc9e6e89-5fd1-4b25-a007-d58b2decd058/elements[39m
[35m[HTTP][39m [90m{"using":"-android uiautomator","value":"new UiSelector().className(\"android.view.View\").text(\"Masukkan kata sandi baru yang Anda inginkan\")"}[39m
[35m[HTTP][39m [37m<-- POST /wd/hub/session/bc9e6e89-5fd1-4b25-a007-d58b2decd058/elements [39m[32m200[39m [90m573 ms - 12[39m
[35m[HTTP][39m [90m[39m
[35m[HTTP][39m [37m-->[39m [37mPOST[39m [37m/wd/hub/session/bc9e6e89-5fd1-4b25-a007-d58b2decd058/elements[39m
[35m[HTTP][39m [90m{"using":"-android uiautomator","value":"new UiSelector().className(\"android.view.View\").text(\"Masukkan kata sandi baru yang Anda inginkan\")"}[39m
[35m[HTTP][39m [37m<-- POST /wd/hub/session/bc9e6e89-5fd1-4b25-a007-d58b2decd058/elements [39m[32m200[39m [90m69 ms - 12[39m
[35m[HTTP][39m [90m[39m
[35m[HTTP][39m [37m-->[39m [37mPOST[39m [37m/wd/hub/session/bc9e6e89-5fd1-4b25-a007-d58b2decd058/elements[39m
[35m[HTTP][39m [90m{"using":"-android uiautomator","value":"new UiSelector().className(\"android.view.View\").text(\"Masukkan kata sandi baru yang Anda inginkan\")"}[39m
[35m[HTTP][39m [37m<-- POST /wd/hub/session/bc9e6e89-5fd1-4b25-a007-d58b2decd058/elements [39m[32m200[39m [90m70 ms - 12[39m
[35m[HTTP][39m [90m[39m
[35m[HTTP][39m [37m-->[39m [37mPOST[39m [37m/wd/hub/session/bc9e6e89-5fd1-4b25-a007-d58b2decd058/elements[39m
[35m[HTTP][39m [90m{"using":"-android uiautomator","value":"new UiSelector().className(\"android.view.View\").text(\"Masukkan kata sandi baru yang Anda inginkan\")"}[39m
[35m[HTTP][39m [37m<-- POST /wd/hub/session/bc9e6e89-5fd1-4b25-a007-d58b2decd058/elements [39m[32m200[39m [90m72 ms - 12[39m
[35m[HTTP][39m [90m[39m
[35m[HTTP][39m [37m-->[39m [37mPOST[39m [37m/wd/hub/session/bc9e6e89-5fd1-4b25-a007-d58b2decd058/elements[39m
[35m[HTTP][39m [90m{"using":"-android uiautomator","value":"new UiSelector().className(\"android.view.View\").text(\"Masukkan kata sandi baru yang Anda inginkan\")"}[39m
[35m[HTTP][39m [37m<-- POST /wd/hub/session/bc9e6e89-5fd1-4b25-a007-d58b2decd058/elements [39m[32m200[39m [90m77 ms - 12[39m
[35m[HTTP][39m [90m[39m
[35m[HTTP][39m [37m-->[39m [37mPOST[39m [37m/wd/hub/session/bc9e6e89-5fd1-4b25-a007-d58b2decd058/elements[39m
[35m[HTTP][39m [90m{"using":"-android uiautomator","value":"new UiSelector().className(\"android.view.View\").text(\"Masukkan kata sandi baru yang Anda inginkan\")"}[39m
[35m[HTTP][39m [37m<-- POST /wd/hub/session/bc9e6e89-5fd1-4b25-a007-d58b2decd058/elements [39m[32m200[39m [90m73 ms - 12[39m
[35m[HTTP][39m [90m[39m
[35m[HTTP][39m [37m-->[39m [37mPOST[39m [37m/wd/hub/session/bc9e6e89-5fd1-4b25-a007-d58b2decd058/elements[39m
[35m[HTTP][39m [90m{"using":"-android uiautomator","value":"new UiSelector().className(\"android.view.View\").text(\"Masukkan kata sandi baru yang Anda inginkan\")"}[39m
[35m[HTTP][39m [37m<-- POST /wd/hub/session/bc9e6e89-5fd1-4b25-a007-d58b2decd058/elements [39m[32m200[39m [90m645 ms - 12[39m
[35m[HTTP][39m [90m[39m
[35m[HTTP][39m [37m-->[39m [37mPOST[39m [37m/wd/hub/session/bc9e6e89-5fd1-4b25-a007-d58b2decd058/elements[39m
[35m[HTTP][39m [90m{"using":"-android uiautomator","value":"new UiSelector().className(\"android.view.View\").text(\"Masukkan kata sandi baru yang Anda inginkan\")"}[39m
[35m[HTTP][39m [37m<-- POST /wd/hub/session/bc9e6e89-5fd1-4b25-a007-d58b2decd058/elements [39m[32m200[39m [90m77 ms - 12[39m
[35m[HTTP][39m [90m[39m
[35m[HTTP][39m [37m-->[39m [37mPOST[39m [37m/wd/hub/session/bc9e6e89-5fd1-4b25-a007-d58b2decd058/elements[39m
[35m[HTTP][39m [90m{"using":"-android uiautomator","value":"new UiSelector().className(\"android.view.View\").text(\"Masukkan kata sandi baru yang Anda inginkan\")"}[39m
[35m[HTTP][39m [37m<-- POST /wd/hub/session/bc9e6e89-5fd1-4b25-a007-d58b2decd058/elements [39m[32m200[39m [90m67 ms - 12[39m
[35m[HTTP][39m [90m[39m
[35m[HTTP][39m [37m-->[39m [37mPOST[39m [37m/wd/hub/session/bc9e6e89-5fd1-4b25-a007-d58b2decd058/elements[39m
[35m[HTTP][39m [90m{"using":"-android uiautomator","value":"new UiSelector().className(\"android.view.View\").text(\"Masukkan kata sandi baru yang Anda inginkan\")"}[39m
[35m[HTTP][39m [37m<-- POST /wd/hub/session/bc9e6e89-5fd1-4b25-a007-d58b2decd058/elements [39m[32m200[39m [90m67 ms - 12[39m
[35m[HTTP][39m [90m[39m
[35m[HTTP][39m [37m-->[39m [37mPOST[39m [37m/wd/hub/session/bc9e6e89-5fd1-4b25-a007-d58b2decd058/elements[39m
[35m[HTTP][39m [90m{"using":"-android uiautomator","value":"new UiSelector().className(\"android.view.View\").text(\"Masukkan kata sandi baru yang Anda inginkan\")"}[39m
[35m[HTTP][39m [37m<-- POST /wd/hub/session/bc9e6e89-5fd1-4b25-a007-d58b2decd058/elements [39m[32m200[39m [90m69 ms - 12[39m
[35m[HTTP][39m [90m[39m
[35m[HTTP][39m [37m-->[39m [37mPOST[39m [37m/wd/hub/session/bc9e6e89-5fd1-4b25-a007-d58b2decd058/elements[39m
[35m[HTTP][39m [90m{"using":"-android uiautomator","value":"new UiSelector().className(\"android.view.View\").text(\"Masukkan kata sandi baru yang Anda inginkan\")"}[39m
[35m[HTTP][39m [37m<-- POST /wd/hub/session/bc9e6e89-5fd1-4b25-a007-d58b2decd058/elements [39m[32m200[39m [90m76 ms - 12[39m
[35m[HTTP][39m [90m[39m
[35m[HTTP][39m [37m-->[39m [37mPOST[39m [37m/wd/hub/session/bc9e6e89-5fd1-4b25-a007-d58b2decd058/elements[39m
[35m[HTTP][39m [90m{"using":"-android uiautomator","value":"new UiSelector().className(\"android.view.View\").text(\"Masukkan kata sandi baru yang Anda inginkan\")"}[39m
[35m[HTTP][39m [37m<-- POST /wd/hub/session/bc9e6e89-5fd1-4b25-a007-d58b2decd058/elements [39m[32m200[39m [90m567 ms - 12[39m
[35m[HTTP][39m [90m[39m
[35m[HTTP][39m [37m-->[39m [37mPOST[39m [37m/wd/hub/session/bc9e6e89-5fd1-4b25-a007-d58b2decd058/elements[39m
[35m[HTTP][39m [90m{"using":"-android uiautomator","value":"new UiSelector().className(\"android.view.View\").text(\"Masukkan kata sandi baru yang Anda inginkan\")"}[39m
[35m[HTTP][39m [37m<-- POST /wd/hub/session/bc9e6e89-5fd1-4b25-a007-d58b2decd058/elements [39m[32m200[39m [90m78 ms - 12[39m
[35m[HTTP][39m [90m[39m
[35m[HTTP][39m [37m-->[39m [37mPOST[39m [37m/wd/hub/session/bc9e6e89-5fd1-4b25-a007-d58b2decd058/elements[39m
[35m[HTTP][39m [90m{"using":"-android uiautomator","value":"new UiSelector().className(\"android.view.View\").text(\"Masukkan kata sandi baru yang Anda inginkan\")"}[39m
[35m[HTTP][39m [37m<-- POST /wd/hub/session/bc9e6e89-5fd1-4b25-a007-d58b2decd058/elements [39m[32m200[39m [90m70 ms - 12[39m
[35m[HTTP][39m [90m[39m
[35m[HTTP][39m [37m-->[39m [37mPOST[39m [37m/wd/hub/session/bc9e6e89-5fd1-4b25-a007-d58b2decd058/elements[39m
[35m[HTTP][39m [90m{"using":"-android uiautomator","value":"new UiSelector().className(\"android.view.View\").text(\"Masukkan kata sandi baru yang Anda inginkan\")"}[39m
[35m[HTTP][39m [37m<-- POST /wd/hub/session/bc9e6e89-5fd1-4b25-a007-d58b2decd058/elements [39m[32m200[39m [90m63 ms - 12[39m
[35m[HTTP][39m [90m[39m
[35m[HTTP][39m [37m-->[39m [37mPOST[39m [37m/wd/hub/session/bc9e6e89-5fd1-4b25-a007-d58b2decd058/elements[39m
[35m[HTTP][39m [90m{"using":"-android uiautomator","value":"new UiSelector().className(\"android.view.View\").text(\"Masukkan kata sandi baru yang Anda inginkan\")"}[39m
[35m[HTTP][39m [37m<-- POST /wd/hub/session/bc9e6e89-5fd1-4b25-a007-d58b2decd058/elements [39m[32m200[39m [90m65 ms - 12[39m
[35m[HTTP][39m [90m[39m
[35m[HTTP][39m [37m-->[39m [37mPOST[39m [37m/wd/hub/session/bc9e6e89-5fd1-4b25-a007-d58b2decd058/elements[39m
[35m[HTTP][39m [90m{"using":"-android uiautomator","value":"new UiSelector().className(\"android.view.View\").text(\"Masukkan kata sandi baru yang Anda inginkan\")"}[39m
[35m[HTTP][39m [37m<-- POST /wd/hub/session/bc9e6e89-5fd1-4b25-a007-d58b2decd058/elements [39m[32m200[39m [90m71 ms - 12[39m
[35m[HTTP][39m [90m[39m
[35m[HTTP][39m [37m-->[39m [37mPOST[39m [37m/wd/hub/session/bc9e6e89-5fd1-4b25-a007-d58b2decd058/elements[39m
[35m[HTTP][39m [90m{"using":"-android uiautomator","value":"new UiSelector().className(\"android.view.View\").text(\"Masukkan kata sandi baru yang Anda inginkan\")"}[39m
[35m[HTTP][39m [37m<-- POST /wd/hub/session/bc9e6e89-5fd1-4b25-a007-d58b2decd058/elements [39m[32m200[39m [90m573 ms - 12[39m
[35m[HTTP][39m [90m[39m
[35m[HTTP][39m [37m-->[39m [37mPOST[39m [37m/wd/hub/session/bc9e6e89-5fd1-4b25-a007-d58b2decd058/elements[39m
[35m[HTTP][39m [90m{"using":"-android uiautomator","value":"new UiSelector().className(\"android.view.View\").text(\"Masukkan kata sandi baru yang Anda inginkan\")"}[39m
[35m[HTTP][39m [37m<-- POST /wd/hub/session/bc9e6e89-5fd1-4b25-a007-d58b2decd058/elements [39m[32m200[39m [90m78 ms - 12[39m
[35m[HTTP][39m [90m[39m
[35m[HTTP][39m [37m-->[39m [37mPOST[39m [37m/wd/hub/session/bc9e6e89-5fd1-4b25-a007-d58b2decd058/elements[39m
[35m[HTTP][39m [90m{"using":"-android uiautomator","value":"new UiSelector().className(\"android.view.View\").text(\"Masukkan kata sandi baru yang Anda inginkan\")"}[39m
[35m[HTTP][39m [37m<-- POST /wd/hub/session/bc9e6e89-5fd1-4b25-a007-d58b2decd058/elements [39m[32m200[39m [90m68 ms - 12[39m
[35m[HTTP][39m [90m[39m
[35m[HTTP][39m [37m-->[39m [37mPOST[39m [37m/wd/hub/session/bc9e6e89-5fd1-4b25-a007-d58b2decd058/elements[39m
[35m[HTTP][39m [90m{"using":"-android uiautomator","value":"new UiSelector().className(\"android.view.View\").text(\"Masukkan kata sandi baru yang Anda inginkan\")"}[39m
[35m[HTTP][39m [37m<-- POST /wd/hub/session/bc9e6e89-5fd1-4b25-a007-d58b2decd058/elements [39m[32m200[39m [90m70 ms - 12[39m
[35m[HTTP][39m [90m[39m
[35m[HTTP][39m [37m-->[39m [37mPOST[39m [37m/wd/hub/session/bc9e6e89-5fd1-4b25-a007-d58b2decd058/elements[39m
[35m[HTTP][39m [90m{"using":"-android uiautomator","value":"new UiSelector().className(\"android.view.View\").text(\"Masukkan kata sandi baru yang Anda inginkan\")"}[39m
[35m[HTTP][39m [37m<-- POST /wd/hub/session/bc9e6e89-5fd1-4b25-a007-d58b2decd058/elements [39m[32m200[39m [90m63 ms - 12[39m
[35m[HTTP][39m [90m[39m
[35m[HTTP][39m [37m-->[39m [37mPOST[39m [37m/wd/hub/session/bc9e6e89-5fd1-4b25-a007-d58b2decd058/elements[39m
[35m[HTTP][39m [90m{"using":"-android uiautomator","value":"new UiSelector().className(\"android.view.View\").text(\"Masukkan kata sandi baru yang Anda inginkan\")"}[39m
[35m[HTTP][39m [37m<-- POST /wd/hub/session/bc9e6e89-5fd1-4b25-a007-d58b2decd058/elements [39m[32m200[39m [90m66 ms - 12[39m
[35m[HTTP][39m [90m[39m
[35m[HTTP][39m [37m-->[39m [37mPOST[39m [37m/wd/hub/session/bc9e6e89-5fd1-4b25-a007-d58b2decd058/elements[39m
[35m[HTTP][39m [90m{"using":"-android uiautomator","value":"new UiSelector().className(\"android.view.View\").text(\"Masukkan kata sandi baru yang Anda inginkan\")"}[39m
[35m[HTTP][39m [37m<-- POST /wd/hub/session/bc9e6e89-5fd1-4b25-a007-d58b2decd058/elements [39m[32m200[39m [90m81 ms - 12[39m
[35m[HTTP][39m [90m[39m
[35m[HTTP][39m [37m-->[39m [37mPOST[39m [37m/wd/hub/session/bc9e6e89-5fd1-4b25-a007-d58b2decd058/elements[39m
[35m[HTTP][39m [90m{"using":"-android uiautomator","value":"new UiSelector().className(\"android.view.View\").text(\"Masukkan kata sandi baru yang Anda inginkan\")"}[39m
[35m[HTTP][39m [37m<-- POST /wd/hub/session/bc9e6e89-5fd1-4b25-a007-d58b2decd058/elements [39m[32m200[39m [90m541 ms - 12[39m
[35m[HTTP][39m [90m[39m
[35m[HTTP][39m [37m-->[39m [37mPOST[39m [37m/wd/hub/session/bc9e6e89-5fd1-4b25-a007-d58b2decd058/elements[39m
[35m[HTTP][39m [90m{"using":"-android uiautomator","value":"new UiSelector().className(\"android.view.View\").text(\"Masukkan kata sandi baru yang Anda inginkan\")"}[39m
[35m[HTTP][39m [37m<-- POST /wd/hub/session/bc9e6e89-5fd1-4b25-a007-d58b2decd058/elements [39m[32m200[39m [90m3000 ms - 12[39m
[35m[HTTP][39m [90m[39m
[35m[HTTP][39m [37m-->[39m [37mPOST[39m [37m/wd/hub/session/bc9e6e89-5fd1-4b25-a007-d58b2decd058/elements[39m
[35m[HTTP][39m [90m{"using":"-android uiautomator","value":"new UiSelector().className(\"android.view.View\").text(\"Masukkan kata sandi baru yang Anda inginkan\")"}[39m
[35m[HTTP][39m [37m<-- POST /wd/hub/session/bc9e6e89-5fd1-4b25-a007-d58b2decd058/elements [39m[32m200[39m [90m882 ms - 12[39m
[35m[HTTP][39m [90m[39m
[35m[HTTP][39m [37m-->[39m [37mPOST[39m [37m/wd/hub/session/bc9e6e89-5fd1-4b25-a007-d58b2decd058/elements[39m
[35m[HTTP][39m [90m{"using":"-android uiautomator","value":"new UiSelector().className(\"android.view.View\").text(\"Masukkan kata sandi baru yang Anda inginkan\")"}[39m
[35m[HTTP][39m [37m<-- POST /wd/hub/session/bc9e6e89-5fd1-4b25-a007-d58b2decd058/elements [39m[32m200[39m [90m2017 ms - 12[39m
[35m[HTTP][39m [90m[39m
[35m[HTTP][39m [37m-->[39m [37mPOST[39m [37m/wd/hub/session/bc9e6e89-5fd1-4b25-a007-d58b2decd058/elements[39m
[35m[HTTP][39m [90m{"using":"-android uiautomator","value":"new UiSelector().className(\"android.view.View\").text(\"Masukkan kata sandi baru yang Anda inginkan\")"}[39m
[35m[HTTP][39m [37m<-- POST /wd/hub/session/bc9e6e89-5fd1-4b25-a007-d58b2decd058/elements [39m[32m200[39m [90m76 ms - 12[39m
[35m[HTTP][39m [90m[39m
[35m[HTTP][39m [37m-->[39m [37mPOST[39m [37m/wd/hub/session/bc9e6e89-5fd1-4b25-a007-d58b2decd058/elements[39m
[35m[HTTP][39m [90m{"using":"-android uiautomator","value":"new UiSelector().className(\"android.view.View\").text(\"Masukkan kata sandi baru yang Anda inginkan\")"}[39m
[35m[HTTP][39m [37m<-- POST /wd/hub/session/bc9e6e89-5fd1-4b25-a007-d58b2decd058/elements [39m[32m200[39m [90m74 ms - 12[39m
[35m[HTTP][39m [90m[39m
[35m[HTTP][39m [37m-->[39m [37mPOST[39m [37m/wd/hub/session/bc9e6e89-5fd1-4b25-a007-d58b2decd058/elements[39m
[35m[HTTP][39m [90m{"using":"-android uiautomator","value":"new UiSelector().className(\"android.view.View\").text(\"Masukkan kata sandi baru yang Anda inginkan\")"}[39m
[35m[HTTP][39m [37m<-- POST /wd/hub/session/bc9e6e89-5fd1-4b25-a007-d58b2decd058/elements [39m[32m200[39m [90m68 ms - 12[39m
[35m[HTTP][39m [90m[39m
[35m[HTTP][39m [37m-->[39m [37mPOST[39m [37m/wd/hub/session/bc9e6e89-5fd1-4b25-a007-d58b2decd058/elements[39m
[35m[HTTP][39m [90m{"using":"-android uiautomator","value":"new UiSelector().className(\"android.view.View\").text(\"Masukkan kata sandi baru yang Anda inginkan\")"}[39m
[35m[HTTP][39m [37m<-- POST /wd/hub/session/bc9e6e89-5fd1-4b25-a007-d58b2decd058/elements [39m[32m200[39m [90m80 ms - 12[39m
[35m[HTTP][39m [90m[39m
[35m[HTTP][39m [37m-->[39m [37mPOST[39m [37m/wd/hub/session/bc9e6e89-5fd1-4b25-a007-d58b2decd058/elements[39m
[35m[HTTP][39m [90m{"using":"-android uiautomator","value":"new UiSelector().className(\"android.view.View\").text(\"Masukkan kata sandi baru yang Anda inginkan\")"}[39m
[35m[HTTP][39m [37m<-- POST /wd/hub/session/bc9e6e89-5fd1-4b25-a007-d58b2decd058/elements [39m[32m200[39m [90m1632 ms - 90[39m
[35m[HTTP][39m [90m[39m
[35m[HTTP][39m [37m-->[39m [37mGET[39m [37m/wd/hub/session/bc9e6e89-5fd1-4b25-a007-d58b2decd058/element/d26ab859-39ea-4b02-a5da-095941ef05af/location[39m
[35m[HTTP][39m [90m{}[39m
[35m[W3C][39m Driver proxy active, passing request on via HTTP proxy
[35m[JSONWP Proxy][39m Replacing sessionId 2c2d3667-c395-45a4-87f2-82b6e7558b55 with bc9e6e89-5fd1-4b25-a007-d58b2decd058
[35m[HTTP][39m [37m<-- GET /wd/hub/session/bc9e6e89-5fd1-4b25-a007-d58b2decd058/element/d26ab859-39ea-4b02-a5da-095941ef05af/location [39m[32m200[39m [90m74 ms - 88[39m
[35m[HTTP][39m [90m[39m
[35m[HTTP][39m [37m-->[39m [37mPOST[39m [37m/wd/hub/session/bc9e6e89-5fd1-4b25-a007-d58b2decd058/timeouts[39m
[35m[HTTP][39m [90m{"implicit":30000}[39m
[35m[HTTP][39m [37m<-- POST /wd/hub/session/bc9e6e89-5fd1-4b25-a007-d58b2decd058/timeouts [39m[32m200[39m [90m2 ms - 14[39m
[35m[HTTP][39m [90m[39m
[35m[HTTP][39m [37m-->[39m [37mPOST[39m [37m/wd/hub/session/bc9e6e89-5fd1-4b25-a007-d58b2decd058/timeouts[39m
[35m[HTTP][39m [90m{"implicit":50}[39m
[35m[HTTP][39m [37m<-- POST /wd/hub/session/bc9e6e89-5fd1-4b25-a007-d58b2decd058/timeouts [39m[32m200[39m [90m3 ms - 14[39m
[35m[HTTP][39m [90m[39m
[35m[HTTP][39m [37m-->[39m [37mGET[39m [37m/wd/hub/session/bc9e6e89-5fd1-4b25-a007-d58b2decd058/window/rect[39m
[35m[HTTP][39m [90m{}[39m
[35m[HTTP][39m [37m<-- GET /wd/hub/session/bc9e6e89-5fd1-4b25-a007-d58b2decd058/window/rect [39m[32m200[39m [90m43 ms - 50[39m
[35m[HTTP][39m [90m[39m
[35m[HTTP][39m [37m-->[39m [37mPOST[39m [37m/wd/hub/session/bc9e6e89-5fd1-4b25-a007-d58b2decd058/elements[39m
[35m[HTTP][39m [90m{"using":"-android uiautomator","value":"new UiSelector().className(\"android.widget.EditText\").resourceId(\"b2-Input_PasswordVal2\")"}[39m
[35m[HTTP][39m [37m<-- POST /wd/hub/session/bc9e6e89-5fd1-4b25-a007-d58b2decd058/elements [39m[32m200[39m [90m143 ms - 90[39m
[35m[HTTP][39m [90m[39m
[35m[HTTP][39m [37m-->[39m [37mGET[39m [37m/wd/hub/session/bc9e6e89-5fd1-4b25-a007-d58b2decd058/element/97499322-e827-4af3-8b5f-c5ffbd8be945/location[39m
[35m[HTTP][39m [90m{}[39m
[35m[W3C][39m Driver proxy active, passing request on via HTTP proxy
[35m[JSONWP Proxy][39m Replacing sessionId 2c2d3667-c395-45a4-87f2-82b6e7558b55 with bc9e6e89-5fd1-4b25-a007-d58b2decd058
[35m[HTTP][39m [37m<-- GET /wd/hub/session/bc9e6e89-5fd1-4b25-a007-d58b2decd058/element/97499322-e827-4af3-8b5f-c5ffbd8be945/location [39m[32m200[39m [90m59 ms - 88[39m
[35m[HTTP][39m [90m[39m
[35m[HTTP][39m [37m-->[39m [37mPOST[39m [37m/wd/hub/session/bc9e6e89-5fd1-4b25-a007-d58b2decd058/timeouts[39m
[35m[HTTP][39m [90m{"implicit":30000}[39m
[35m[HTTP][39m [37m<-- POST /wd/hub/session/bc9e6e89-5fd1-4b25-a007-d58b2decd058/timeouts [39m[32m200[39m [90m2 ms - 14[39m
[35m[HTTP][39m [90m[39m
[35m[HTTP][39m [37m-->[39m [37mPOST[39m [37m/wd/hub/session/bc9e6e89-5fd1-4b25-a007-d58b2decd058/element/97499322-e827-4af3-8b5f-c5ffbd8be945/clear[39m
[35m[HTTP][39m [90m{"id":"97499322-e827-4af3-8b5f-c5ffbd8be945"}[39m
[35m[HTTP][39m [37m<-- POST /wd/hub/session/bc9e6e89-5fd1-4b25-a007-d58b2decd058/element/97499322-e827-4af3-8b5f-c5ffbd8be945/clear [39m[32m200[39m [90m72 ms - 27[39m
[35m[HTTP][39m [90m[39m
[35m[HTTP][39m [37m-->[39m [37mPOST[39m [37m/wd/hub/session/bc9e6e89-5fd1-4b25-a007-d58b2decd058/element/97499322-e827-4af3-8b5f-c5ffbd8be945/value[39m
[35m[HTTP][39m [90m{"id":"97499322-e827-4af3-8b5f-c5ffbd8be945","text":"","value":[]}[39m
[35m[HTTP][39m [37m<-- POST /wd/hub/session/bc9e6e89-5fd1-4b25-a007-d58b2decd058/element/97499322-e827-4af3-8b5f-c5ffbd8be945/value [39m[32m200[39m [90m902 ms - 12[39m
[35m[HTTP][39m [90m[39m
[35m[HTTP][39m [37m-->[39m [37mPOST[39m [37m/wd/hub/session/bc9e6e89-5fd1-4b25-a007-d58b2decd058/timeouts[39m
[35m[HTTP][39m [90m{"implicit":50}[39m
[35m[HTTP][39m [37m<-- POST /wd/hub/session/bc9e6e89-5fd1-4b25-a007-d58b2decd058/timeouts [39m[32m200[39m [90m3 ms - 14[39m
[35m[HTTP][39m [90m[39m
[35m[HTTP][39m [37m-->[39m [37mGET[39m [37m/wd/hub/session/bc9e6e89-5fd1-4b25-a007-d58b2decd058/window/rect[39m
[35m[HTTP][39m [90m{}[39m
[35m[HTTP][39m [37m<-- GET /wd/hub/session/bc9e6e89-5fd1-4b25-a007-d58b2decd058/window/rect [39m[32m200[39m [90m31 ms - 50[39m
[35m[HTTP][39m [90m[39m
[35m[HTTP][39m [37m-->[39m [37mPOST[39m [37m/wd/hub/session/bc9e6e89-5fd1-4b25-a007-d58b2decd058/elements[39m
[35m[HTTP][39m [90m{"using":"-android uiautomator","value":"new UiSelector().className(\"android.widget.EditText\").resourceId(\"b2-Input_PasswordVal3\")"}[39m
[35m[HTTP][39m [37m<-- POST /wd/hub/session/bc9e6e89-5fd1-4b25-a007-d58b2decd058/elements [39m[32m200[39m [90m125 ms - 90[39m
[35m[HTTP][39m [90m[39m
[35m[HTTP][39m [37m-->[39m [37mGET[39m [37m/wd/hub/session/bc9e6e89-5fd1-4b25-a007-d58b2decd058/element/5e411192-c856-4b2c-8925-7c190bebc9cb/location[39m
[35m[HTTP][39m [90m{}[39m
[35m[W3C][39m Driver proxy active, passing request on via HTTP proxy
[35m[JSONWP Proxy][39m Replacing sessionId 2c2d3667-c395-45a4-87f2-82b6e7558b55 with bc9e6e89-5fd1-4b25-a007-d58b2decd058
[35m[HTTP][39m [37m<-- GET /wd/hub/session/bc9e6e89-5fd1-4b25-a007-d58b2decd058/element/5e411192-c856-4b2c-8925-7c190bebc9cb/location [39m[32m200[39m [90m55 ms - 88[39m
[35m[HTTP][39m [90m[39m
[35m[HTTP][39m [37m-->[39m [37mPOST[39m [37m/wd/hub/session/bc9e6e89-5fd1-4b25-a007-d58b2decd058/timeouts[39m
[35m[HTTP][39m [90m{"implicit":30000}[39m
[35m[HTTP][39m [37m<-- POST /wd/hub/session/bc9e6e89-5fd1-4b25-a007-d58b2decd058/timeouts [39m[32m200[39m [90m2 ms - 14[39m
[35m[HTTP][39m [90m[39m
[35m[HTTP][39m [37m-->[39m [37mPOST[39m [37m/wd/hub/session/bc9e6e89-5fd1-4b25-a007-d58b2decd058/element/5e411192-c856-4b2c-8925-7c190bebc9cb/clear[39m
[35m[HTTP][39m [90m{"id":"5e411192-c856-4b2c-8925-7c190bebc9cb"}[39m
[35m[HTTP][39m [37m<-- POST /wd/hub/session/bc9e6e89-5fd1-4b25-a007-d58b2decd058/element/5e411192-c856-4b2c-8925-7c190bebc9cb/clear [39m[32m200[39m [90m60 ms - 27[39m
[35m[HTTP][39m [90m[39m
[35m[HTTP][39m [37m-->[39m [37mPOST[39m [37m/wd/hub/session/bc9e6e89-5fd1-4b25-a007-d58b2decd058/element/5e411192-c856-4b2c-8925-7c190bebc9cb/value[39m
[35m[HTTP][39m [90m{"id":"5e411192-c856-4b2c-8925-7c190bebc9cb","text":"","value":[]}[39m
[35m[HTTP][39m [37m<-- POST /wd/hub/session/bc9e6e89-5fd1-4b25-a007-d58b2decd058/element/5e411192-c856-4b2c-8925-7c190bebc9cb/value [39m[32m200[39m [90m919 ms - 12[39m
[35m[HTTP][39m [90m[39m
[35m[HTTP][39m [37m-->[39m [37mDELETE[39m [37m/wd/hub/session/bc9e6e89-5fd1-4b25-a007-d58b2decd058[39m
[35m[HTTP][39m [90m{}[39m
[35m[Appium][39m Removing session bc9e6e89-5fd1-4b25-a007-d58b2decd058 from our master session list
[35m[ADB][39m com.outsystemsenterprise.acctst1.ACCMart was successfully uninstalled
[35m[HTTP][39m [37m<-- DELETE /wd/hub/session/bc9e6e89-5fd1-4b25-a007-d58b2decd058 [39m[32m200[39m [90m2849 ms - 14[39m
[35m[HTTP][39m [90m[39m
