[35m[Appium][39m Welcome to Appium v1.8.1
[35m[Appium][39m Non-default server args:
[35m[Appium][39m   port: 56204
[35m[Appium][39m   loglevel: info
[35m[Appium][39m   chromeDriverPort: 56205
[35m[Appium][39m   tmpDir: C:\Users\lieto\AppData\Local\Temp\\Katalon\Appium\Temp1566209926141
[35m[Appium][39m Appium REST http interface listener started on 0.0.0.0:56204
[35m[HTTP][39m [37m-->[39m [37mGET[39m [37m/wd/hub/status[39m
[35m[HTTP][39m [90m{}[39m
[35m[HTTP][39m [37m<-- GET /wd/hub/status [39m[32m200[39m [90m15 ms - 83[39m
[35m[HTTP][39m [90m[39m
[35m[HTTP][39m [37m-->[39m [37mPOST[39m [37m/wd/hub/session[39m
[35m[HTTP][39m [90m{"desiredCapabilities":{"app":"D:\\State's Secret\\Internsheeepppppp\\Project\\accmart.apk","noReset":false,"newCommandTimeout":1800,"platformVersion":"9","automationName":"uiautomator2","autoGrantPermissions":true,"platformName":"Android","udid":"32008eeec002a5eb","deviceName":"samsung SM-A750GN (Android 9)","fullReset":true,"platform":"ANDROID"},"capabilities":{"firstMatch":[{"appium:app":"D:\\State's Secret\\Internsheeepppppp\\Project\\accmart.apk","appium:autoGrantPermissions":true,"appium:automationName":"uiautomator2","appium:deviceName":"samsung SM-A750GN (Android 9)","appium:fullReset":true,"appium:newCommandTimeout":1800,"appium:noReset":false,"platform":"ANDROID","platformName":"android","appium:platformVersion":"9","appium:udid":"32008eeec002a5eb"}]}}[39m
[35m[BaseDriver][39m The capabilities ["platform"] are not standard capabilities and should have an extension prefix
[35m[Appium][39m Creating new AndroidUiautomator2Driver (v1.12.0) session
[35m[Appium][39m Capabilities:
[35m[Appium][39m   platform: ANDROID
[35m[Appium][39m   platformName: android
[35m[Appium][39m   app: D:\State's Secret\Internsheeepppppp\Project\accmart.apk
[35m[Appium][39m   autoGrantPermissions: true
[35m[Appium][39m   automationName: uiautomator2
[35m[Appium][39m   deviceName: samsung SM-A750GN (Android 9)
[35m[Appium][39m   fullReset: true
[35m[Appium][39m   newCommandTimeout: 1800
[35m[Appium][39m   noReset: false
[35m[Appium][39m   platformVersion: 9
[35m[Appium][39m   udid: 32008eeec002a5eb
[35m[BaseDriver][39m The following capabilities were provided, but are not recognized by appium: platform.
[35m[BaseDriver][39m Session created with session id: b65a7031-825a-48ae-aec4-4886204c95be
[35m[BaseDriver][39m Using local app 'D:\State's Secret\Internsheeepppppp\Project\accmart.apk'
[35m[AndroidDriver][39m Java version is: 1.8.0_181
[35m[ADB][39m Checking whether adb is present
[35m[ADB][39m Found 1 'build-tools' folders under 'C:\Users\lieto\.katalon\tools\android_sdk' (newest first):
[35m[ADB][39m     C:/Users/lieto/.katalon/tools/android_sdk/build-tools/29.0.2
[35m[ADB][39m Using adb.exe from C:\Users\lieto\.katalon\tools\android_sdk\platform-tools\adb.exe
[35m[AndroidDriver][39m Retrieving device list
[35m[AndroidDriver][39m Using device: 32008eeec002a5eb
[35m[ADB][39m Using the alternative activity name detection method because of: Could not find apkanalyzer.bat in C:\Users\lieto\.katalon\tools\android_sdk\platform-tools\apkanalyzer.bat,C:\Users\lieto\.katalon\tools\android_sdk\emulator\apkanalyzer.bat,C:\Users\lieto\.katalon\tools\android_sdk\tools\apkanalyzer.bat,C:\Users\lieto\.katalon\tools\android_sdk\tools\bin\apkanalyzer.bat,C:\Users\lieto\.katalon\tools\android_sdk\build-tools\29.0.2\apkanalyzer.bat. Do you have the Android SDK installed at 'C:\Users\lieto\.katalon\tools\android_sdk'?
[35m[ADB][39m Checking whether aapt is present
[35m[ADB][39m Using aapt.exe from C:\Users\lieto\.katalon\tools\android_sdk\build-tools\29.0.2\aapt.exe
[35m[ADB][39m Extracting package and launch activity from manifest
[35m[ADB][39m Package name: 'com.outsystemsenterprise.acctst1.ACCMart'
[35m[ADB][39m Main activity name: 'com.outsystemsenterprise.acctst1.ACCMart.MainActivity'
[35m[ADB][39m Getting device platform version
[35m[ADB][39m Using apksigner.bat from C:\Users\lieto\.katalon\tools\android_sdk\build-tools\29.0.2\apksigner.bat
[35m[ADB][39m Cannot read version codes of 'C:\Users\lieto\AppData\Roaming\npm\node_modules\appium\node_modules\appium-uiautomator2-server\apks\appium-uiautomator2-server-debug-androidTest.apk' and/or 'io.appium.uiautomator2.server.test'
[35m[ADB][39m Cannot read version names of 'C:\Users\lieto\AppData\Roaming\npm\node_modules\appium\node_modules\appium-uiautomator2-server\apks\appium-uiautomator2-server-debug-androidTest.apk' and/or 'io.appium.uiautomator2.server.test'. Assuming correct app version is already installed
[35m[AndroidDriver][39m setDeviceLanguageCountry requires language or country.
[35m[AndroidDriver][39m Got language: 'null' and country: 'null'
[35m[ADB][39m Successfully extracted 43 strings from 'D:\State's Secret\Internsheeepppppp\Project\accmart.apk' resources for '(default)' configuration
[35m[ADB][39m com.outsystemsenterprise.acctst1.ACCMart was not uninstalled, because it was not present on the device
[35m[UiAutomator2][39m Starting uiautomator2 server 1.12.0
[35m[UiAutomator2][39m Using UIAutomator2 server from 'C:\Users\lieto\AppData\Roaming\npm\node_modules\appium\node_modules\appium-uiautomator2-server\apks\appium-uiautomator2-server-v1.12.0.apk' and test from 'C:\Users\lieto\AppData\Roaming\npm\node_modules\appium\node_modules\appium-uiautomator2-server\apks\appium-uiautomator2-server-debug-androidTest.apk'
[35m[UiAutomator2][39m Running command: 'adb -s 32008eeec002a5eb shell am instrument -w io.appium.uiautomator2.server.test/android.support.test.runner.AndroidJUnitRunner'
[35m[UiAutomator2][39m Waiting up to 20000ms for UiAutomator2 to be online...
[35m[AndroidDriver][39m Screen already unlocked, doing nothing
[35m[UiAutomator2][39m UiAutomator2 did not start the activity we were waiting for, 'com.outsystemsenterprise.acctst1.ACCMart/com.outsystemsenterprise.acctst1.ACCMart.MainActivity'. Starting it ourselves
[35m[Appium][39m New AndroidUiautomator2Driver session created successfully, session b65a7031-825a-48ae-aec4-4886204c95be added to master session list
[35m[HTTP][39m [37m<-- POST /wd/hub/session [39m[32m200[39m [90m40070 ms - 1225[39m
[35m[HTTP][39m [90m[39m
[35m[HTTP][39m [37m-->[39m [37mGET[39m [37m/wd/hub/session/b65a7031-825a-48ae-aec4-4886204c95be[39m
[35m[HTTP][39m [90m{}[39m
[35m[HTTP][39m [37m<-- GET /wd/hub/session/b65a7031-825a-48ae-aec4-4886204c95be [39m[32m200[39m [90m58 ms - 1157[39m
[35m[HTTP][39m [90m[39m
[35m[HTTP][39m [37m-->[39m [37mGET[39m [37m/wd/hub/session/b65a7031-825a-48ae-aec4-4886204c95be[39m
[35m[HTTP][39m [90m{}[39m
[35m[HTTP][39m [37m<-- GET /wd/hub/session/b65a7031-825a-48ae-aec4-4886204c95be [39m[32m200[39m [90m48 ms - 1157[39m
[35m[HTTP][39m [90m[39m
[35m[HTTP][39m [37m-->[39m [37mGET[39m [37m/wd/hub/status[39m
[35m[HTTP][39m [90m{}[39m
[35m[HTTP][39m [37m<-- GET /wd/hub/status [39m[32m200[39m [90m7 ms - 55[39m
[35m[HTTP][39m [90m[39m
[35m[HTTP][39m [37m-->[39m [37mPOST[39m [37m/wd/hub/session/b65a7031-825a-48ae-aec4-4886204c95be/timeouts[39m
[35m[HTTP][39m [90m{"implicit":30000}[39m
[35m[HTTP][39m [37m<-- POST /wd/hub/session/b65a7031-825a-48ae-aec4-4886204c95be/timeouts [39m[32m200[39m [90m13 ms - 14[39m
[35m[HTTP][39m [90m[39m
[35m[HTTP][39m [37m-->[39m [37mPOST[39m [37m/wd/hub/session/b65a7031-825a-48ae-aec4-4886204c95be/timeouts[39m
[35m[HTTP][39m [90m{"implicit":50}[39m
[35m[HTTP][39m [37m<-- POST /wd/hub/session/b65a7031-825a-48ae-aec4-4886204c95be/timeouts [39m[32m200[39m [90m4 ms - 14[39m
[35m[HTTP][39m [90m[39m
[35m[HTTP][39m [37m-->[39m [37mGET[39m [37m/wd/hub/session/b65a7031-825a-48ae-aec4-4886204c95be/window/rect[39m
[35m[HTTP][39m [90m{}[39m
[35m[HTTP][39m [37m<-- GET /wd/hub/session/b65a7031-825a-48ae-aec4-4886204c95be/window/rect [39m[32m200[39m [90m337 ms - 50[39m
[35m[HTTP][39m [90m[39m
[35m[HTTP][39m [37m-->[39m [37mPOST[39m [37m/wd/hub/session/b65a7031-825a-48ae-aec4-4886204c95be/elements[39m
[35m[HTTP][39m [90m{"using":"-android uiautomator","value":"new UiSelector().className(\"android.view.View\").text(\"MobiMartTheme.PESAN_ICON\")"}[39m
[35m[HTTP][39m [37m<-- POST /wd/hub/session/b65a7031-825a-48ae-aec4-4886204c95be/elements [39m[32m200[39m [90m330 ms - 12[39m
[35m[HTTP][39m [90m[39m
[35m[HTTP][39m [37m-->[39m [37mPOST[39m [37m/wd/hub/session/b65a7031-825a-48ae-aec4-4886204c95be/elements[39m
[35m[HTTP][39m [90m{"using":"-android uiautomator","value":"new UiSelector().className(\"android.view.View\").text(\"MobiMartTheme.PESAN_ICON\")"}[39m
[35m[HTTP][39m [37m<-- POST /wd/hub/session/b65a7031-825a-48ae-aec4-4886204c95be/elements [39m[32m200[39m [90m726 ms - 12[39m
[35m[HTTP][39m [90m[39m
[35m[HTTP][39m [37m-->[39m [37mPOST[39m [37m/wd/hub/session/b65a7031-825a-48ae-aec4-4886204c95be/elements[39m
[35m[HTTP][39m [90m{"using":"-android uiautomator","value":"new UiSelector().className(\"android.view.View\").text(\"MobiMartTheme.PESAN_ICON\")"}[39m
[35m[HTTP][39m [37m<-- POST /wd/hub/session/b65a7031-825a-48ae-aec4-4886204c95be/elements [39m[32m200[39m [90m141 ms - 12[39m
[35m[HTTP][39m [90m[39m
[35m[HTTP][39m [37m-->[39m [37mPOST[39m [37m/wd/hub/session/b65a7031-825a-48ae-aec4-4886204c95be/elements[39m
[35m[HTTP][39m [90m{"using":"-android uiautomator","value":"new UiSelector().className(\"android.view.View\").text(\"MobiMartTheme.PESAN_ICON\")"}[39m
[35m[HTTP][39m [37m<-- POST /wd/hub/session/b65a7031-825a-48ae-aec4-4886204c95be/elements [39m[32m200[39m [90m132 ms - 12[39m
[35m[HTTP][39m [90m[39m
[35m[HTTP][39m [37m-->[39m [37mPOST[39m [37m/wd/hub/session/b65a7031-825a-48ae-aec4-4886204c95be/elements[39m
[35m[HTTP][39m [90m{"using":"-android uiautomator","value":"new UiSelector().className(\"android.view.View\").text(\"MobiMartTheme.PESAN_ICON\")"}[39m
[35m[HTTP][39m [37m<-- POST /wd/hub/session/b65a7031-825a-48ae-aec4-4886204c95be/elements [39m[32m200[39m [90m123 ms - 12[39m
[35m[HTTP][39m [90m[39m
[35m[HTTP][39m [37m-->[39m [37mPOST[39m [37m/wd/hub/session/b65a7031-825a-48ae-aec4-4886204c95be/elements[39m
[35m[HTTP][39m [90m{"using":"-android uiautomator","value":"new UiSelector().className(\"android.view.View\").text(\"MobiMartTheme.PESAN_ICON\")"}[39m
[35m[HTTP][39m [37m<-- POST /wd/hub/session/b65a7031-825a-48ae-aec4-4886204c95be/elements [39m[32m200[39m [90m128 ms - 12[39m
[35m[HTTP][39m [90m[39m
[35m[HTTP][39m [37m-->[39m [37mPOST[39m [37m/wd/hub/session/b65a7031-825a-48ae-aec4-4886204c95be/elements[39m
[35m[HTTP][39m [90m{"using":"-android uiautomator","value":"new UiSelector().className(\"android.view.View\").text(\"MobiMartTheme.PESAN_ICON\")"}[39m
[35m[HTTP][39m [37m<-- POST /wd/hub/session/b65a7031-825a-48ae-aec4-4886204c95be/elements [39m[32m200[39m [90m120 ms - 12[39m
[35m[HTTP][39m [90m[39m
[35m[HTTP][39m [37m-->[39m [37mPOST[39m [37m/wd/hub/session/b65a7031-825a-48ae-aec4-4886204c95be/elements[39m
[35m[HTTP][39m [90m{"using":"-android uiautomator","value":"new UiSelector().className(\"android.view.View\").text(\"MobiMartTheme.PESAN_ICON\")"}[39m
[35m[HTTP][39m [37m<-- POST /wd/hub/session/b65a7031-825a-48ae-aec4-4886204c95be/elements [39m[32m200[39m [90m121 ms - 12[39m
[35m[HTTP][39m [90m[39m
[35m[HTTP][39m [37m-->[39m [37mPOST[39m [37m/wd/hub/session/b65a7031-825a-48ae-aec4-4886204c95be/elements[39m
[35m[HTTP][39m [90m{"using":"-android uiautomator","value":"new UiSelector().className(\"android.view.View\").text(\"MobiMartTheme.PESAN_ICON\")"}[39m
[35m[HTTP][39m [37m<-- POST /wd/hub/session/b65a7031-825a-48ae-aec4-4886204c95be/elements [39m[32m200[39m [90m117 ms - 12[39m
[35m[HTTP][39m [90m[39m
[35m[HTTP][39m [37m-->[39m [37mPOST[39m [37m/wd/hub/session/b65a7031-825a-48ae-aec4-4886204c95be/elements[39m
[35m[HTTP][39m [90m{"using":"-android uiautomator","value":"new UiSelector().className(\"android.view.View\").text(\"MobiMartTheme.PESAN_ICON\")"}[39m
[35m[HTTP][39m [37m<-- POST /wd/hub/session/b65a7031-825a-48ae-aec4-4886204c95be/elements [39m[32m200[39m [90m123 ms - 12[39m
[35m[HTTP][39m [90m[39m
[35m[HTTP][39m [37m-->[39m [37mPOST[39m [37m/wd/hub/session/b65a7031-825a-48ae-aec4-4886204c95be/elements[39m
[35m[HTTP][39m [90m{"using":"-android uiautomator","value":"new UiSelector().className(\"android.view.View\").text(\"MobiMartTheme.PESAN_ICON\")"}[39m
[35m[HTTP][39m [37m<-- POST /wd/hub/session/b65a7031-825a-48ae-aec4-4886204c95be/elements [39m[32m200[39m [90m168 ms - 12[39m
[35m[HTTP][39m [90m[39m
[35m[HTTP][39m [37m-->[39m [37mPOST[39m [37m/wd/hub/session/b65a7031-825a-48ae-aec4-4886204c95be/elements[39m
[35m[HTTP][39m [90m{"using":"-android uiautomator","value":"new UiSelector().className(\"android.view.View\").text(\"MobiMartTheme.PESAN_ICON\")"}[39m
[35m[HTTP][39m [37m<-- POST /wd/hub/session/b65a7031-825a-48ae-aec4-4886204c95be/elements [39m[32m200[39m [90m114 ms - 12[39m
[35m[HTTP][39m [90m[39m
[35m[HTTP][39m [37m-->[39m [37mPOST[39m [37m/wd/hub/session/b65a7031-825a-48ae-aec4-4886204c95be/elements[39m
[35m[HTTP][39m [90m{"using":"-android uiautomator","value":"new UiSelector().className(\"android.view.View\").text(\"MobiMartTheme.PESAN_ICON\")"}[39m
[35m[HTTP][39m [37m<-- POST /wd/hub/session/b65a7031-825a-48ae-aec4-4886204c95be/elements [39m[32m200[39m [90m100 ms - 12[39m
[35m[HTTP][39m [90m[39m
[35m[HTTP][39m [37m-->[39m [37mPOST[39m [37m/wd/hub/session/b65a7031-825a-48ae-aec4-4886204c95be/elements[39m
[35m[HTTP][39m [90m{"using":"-android uiautomator","value":"new UiSelector().className(\"android.view.View\").text(\"MobiMartTheme.PESAN_ICON\")"}[39m
[35m[HTTP][39m [37m<-- POST /wd/hub/session/b65a7031-825a-48ae-aec4-4886204c95be/elements [39m[32m200[39m [90m104 ms - 12[39m
[35m[HTTP][39m [90m[39m
[35m[HTTP][39m [37m-->[39m [37mPOST[39m [37m/wd/hub/session/b65a7031-825a-48ae-aec4-4886204c95be/elements[39m
[35m[HTTP][39m [90m{"using":"-android uiautomator","value":"new UiSelector().className(\"android.view.View\").text(\"MobiMartTheme.PESAN_ICON\")"}[39m
[35m[HTTP][39m [37m<-- POST /wd/hub/session/b65a7031-825a-48ae-aec4-4886204c95be/elements [39m[32m200[39m [90m104 ms - 12[39m
[35m[HTTP][39m [90m[39m
[35m[HTTP][39m [37m-->[39m [37mPOST[39m [37m/wd/hub/session/b65a7031-825a-48ae-aec4-4886204c95be/elements[39m
[35m[HTTP][39m [90m{"using":"-android uiautomator","value":"new UiSelector().className(\"android.view.View\").text(\"MobiMartTheme.PESAN_ICON\")"}[39m
[35m[HTTP][39m [37m<-- POST /wd/hub/session/b65a7031-825a-48ae-aec4-4886204c95be/elements [39m[32m200[39m [90m129 ms - 12[39m
[35m[HTTP][39m [90m[39m
[35m[HTTP][39m [37m-->[39m [37mPOST[39m [37m/wd/hub/session/b65a7031-825a-48ae-aec4-4886204c95be/elements[39m
[35m[HTTP][39m [90m{"using":"-android uiautomator","value":"new UiSelector().className(\"android.view.View\").text(\"MobiMartTheme.PESAN_ICON\")"}[39m
[35m[HTTP][39m [37m<-- POST /wd/hub/session/b65a7031-825a-48ae-aec4-4886204c95be/elements [39m[32m200[39m [90m104 ms - 12[39m
[35m[HTTP][39m [90m[39m
[35m[HTTP][39m [37m-->[39m [37mPOST[39m [37m/wd/hub/session/b65a7031-825a-48ae-aec4-4886204c95be/elements[39m
[35m[HTTP][39m [90m{"using":"-android uiautomator","value":"new UiSelector().className(\"android.view.View\").text(\"MobiMartTheme.PESAN_ICON\")"}[39m
[35m[HTTP][39m [37m<-- POST /wd/hub/session/b65a7031-825a-48ae-aec4-4886204c95be/elements [39m[32m200[39m [90m107 ms - 12[39m
[35m[HTTP][39m [90m[39m
[35m[HTTP][39m [37m-->[39m [37mPOST[39m [37m/wd/hub/session/b65a7031-825a-48ae-aec4-4886204c95be/elements[39m
[35m[HTTP][39m [90m{"using":"-android uiautomator","value":"new UiSelector().className(\"android.view.View\").text(\"MobiMartTheme.PESAN_ICON\")"}[39m
[35m[HTTP][39m [37m<-- POST /wd/hub/session/b65a7031-825a-48ae-aec4-4886204c95be/elements [39m[32m200[39m [90m116 ms - 12[39m
[35m[HTTP][39m [90m[39m
[35m[HTTP][39m [37m-->[39m [37mPOST[39m [37m/wd/hub/session/b65a7031-825a-48ae-aec4-4886204c95be/elements[39m
[35m[HTTP][39m [90m{"using":"-android uiautomator","value":"new UiSelector().className(\"android.view.View\").text(\"MobiMartTheme.PESAN_ICON\")"}[39m
[35m[HTTP][39m [37m<-- POST /wd/hub/session/b65a7031-825a-48ae-aec4-4886204c95be/elements [39m[32m200[39m [90m3572 ms - 90[39m
[35m[HTTP][39m [90m[39m
[35m[HTTP][39m [37m-->[39m [37mGET[39m [37m/wd/hub/session/b65a7031-825a-48ae-aec4-4886204c95be/element/85ce65a3-80c1-4219-a34c-b0d88e632bcd/location[39m
[35m[HTTP][39m [90m{}[39m
[35m[W3C][39m Driver proxy active, passing request on via HTTP proxy
[35m[JSONWP Proxy][39m Replacing sessionId 6b5a1354-55d7-4836-9b91-13752c43ccd2 with b65a7031-825a-48ae-aec4-4886204c95be
[35m[HTTP][39m [37m<-- GET /wd/hub/session/b65a7031-825a-48ae-aec4-4886204c95be/element/85ce65a3-80c1-4219-a34c-b0d88e632bcd/location [39m[32m200[39m [90m101 ms - 89[39m
[35m[HTTP][39m [90m[39m
[35m[HTTP][39m [37m-->[39m [37mPOST[39m [37m/wd/hub/session/b65a7031-825a-48ae-aec4-4886204c95be/timeouts[39m
[35m[HTTP][39m [90m{"implicit":30000}[39m
[35m[HTTP][39m [37m<-- POST /wd/hub/session/b65a7031-825a-48ae-aec4-4886204c95be/timeouts [39m[32m200[39m [90m3 ms - 14[39m
[35m[HTTP][39m [90m[39m
[35m[HTTP][39m [37m-->[39m [37mPOST[39m [37m/wd/hub/session/b65a7031-825a-48ae-aec4-4886204c95be/timeouts[39m
[35m[HTTP][39m [90m{"implicit":50}[39m
[35m[HTTP][39m [37m<-- POST /wd/hub/session/b65a7031-825a-48ae-aec4-4886204c95be/timeouts [39m[32m200[39m [90m3 ms - 14[39m
[35m[HTTP][39m [90m[39m
[35m[HTTP][39m [37m-->[39m [37mGET[39m [37m/wd/hub/session/b65a7031-825a-48ae-aec4-4886204c95be/window/rect[39m
[35m[HTTP][39m [90m{}[39m
[35m[HTTP][39m [37m<-- GET /wd/hub/session/b65a7031-825a-48ae-aec4-4886204c95be/window/rect [39m[32m200[39m [90m39 ms - 50[39m
[35m[HTTP][39m [90m[39m
[35m[HTTP][39m [37m-->[39m [37mPOST[39m [37m/wd/hub/session/b65a7031-825a-48ae-aec4-4886204c95be/elements[39m
[35m[HTTP][39m [90m{"using":"-android uiautomator","value":"new UiSelector().className(\"android.view.View\").text(\"MobiMartTheme.PESAN_ICON\")"}[39m
[35m[HTTP][39m [37m<-- POST /wd/hub/session/b65a7031-825a-48ae-aec4-4886204c95be/elements [39m[32m200[39m [90m266 ms - 90[39m
[35m[HTTP][39m [90m[39m
[35m[HTTP][39m [37m-->[39m [37mGET[39m [37m/wd/hub/session/b65a7031-825a-48ae-aec4-4886204c95be/element/3a4437a8-e003-4a9a-bdaf-f8f186f3b187/location[39m
[35m[HTTP][39m [90m{}[39m
[35m[W3C][39m Driver proxy active, passing request on via HTTP proxy
[35m[JSONWP Proxy][39m Replacing sessionId 6b5a1354-55d7-4836-9b91-13752c43ccd2 with b65a7031-825a-48ae-aec4-4886204c95be
[35m[HTTP][39m [37m<-- GET /wd/hub/session/b65a7031-825a-48ae-aec4-4886204c95be/element/3a4437a8-e003-4a9a-bdaf-f8f186f3b187/location [39m[32m200[39m [90m100 ms - 89[39m
[35m[HTTP][39m [90m[39m
[35m[HTTP][39m [37m-->[39m [37mPOST[39m [37m/wd/hub/session/b65a7031-825a-48ae-aec4-4886204c95be/timeouts[39m
[35m[HTTP][39m [90m{"implicit":30000}[39m
[35m[HTTP][39m [37m<-- POST /wd/hub/session/b65a7031-825a-48ae-aec4-4886204c95be/timeouts [39m[32m200[39m [90m3 ms - 14[39m
[35m[HTTP][39m [90m[39m
[35m[HTTP][39m [37m-->[39m [37mPOST[39m [37m/wd/hub/session/b65a7031-825a-48ae-aec4-4886204c95be/touch/perform[39m
[35m[HTTP][39m [90m{"actions":[{"action":"tap","options":{"x":1,"y":1,"element":"3a4437a8-e003-4a9a-bdaf-f8f186f3b187"}},{"action":"release","options":{}}]}[39m
[35m[UiAutomator2][39m calling get location: 3a4437a8-e003-4a9a-bdaf-f8f186f3b187
[35m[HTTP][39m [37m<-- POST /wd/hub/session/b65a7031-825a-48ae-aec4-4886204c95be/touch/perform [39m[32m200[39m [90m2073 ms - 14[39m
[35m[HTTP][39m [90m[39m
[35m[HTTP][39m [37m-->[39m [37mPOST[39m [37m/wd/hub/session/b65a7031-825a-48ae-aec4-4886204c95be/timeouts[39m
[35m[HTTP][39m [90m{"implicit":50}[39m
[35m[HTTP][39m [37m<-- POST /wd/hub/session/b65a7031-825a-48ae-aec4-4886204c95be/timeouts [39m[32m200[39m [90m3 ms - 14[39m
[35m[HTTP][39m [90m[39m
[35m[HTTP][39m [37m-->[39m [37mGET[39m [37m/wd/hub/session/b65a7031-825a-48ae-aec4-4886204c95be/window/rect[39m
[35m[HTTP][39m [90m{}[39m
[35m[HTTP][39m [37m<-- GET /wd/hub/session/b65a7031-825a-48ae-aec4-4886204c95be/window/rect [39m[32m200[39m [90m43 ms - 50[39m
[35m[HTTP][39m [90m[39m
[35m[HTTP][39m [37m-->[39m [37mPOST[39m [37m/wd/hub/session/b65a7031-825a-48ae-aec4-4886204c95be/elements[39m
[35m[HTTP][39m [90m{"using":"-android uiautomator","value":"new UiSelector().className(\"android.view.View\").text(\"Daftar Sekarang!\")"}[39m
[35m[HTTP][39m [37m<-- POST /wd/hub/session/b65a7031-825a-48ae-aec4-4886204c95be/elements [39m[32m200[39m [90m175 ms - 90[39m
[35m[HTTP][39m [90m[39m
[35m[HTTP][39m [37m-->[39m [37mGET[39m [37m/wd/hub/session/b65a7031-825a-48ae-aec4-4886204c95be/element/23048478-c20c-4137-9403-5ea4c08d56a9/location[39m
[35m[HTTP][39m [90m{}[39m
[35m[W3C][39m Driver proxy active, passing request on via HTTP proxy
[35m[JSONWP Proxy][39m Replacing sessionId 6b5a1354-55d7-4836-9b91-13752c43ccd2 with b65a7031-825a-48ae-aec4-4886204c95be
[35m[HTTP][39m [37m<-- GET /wd/hub/session/b65a7031-825a-48ae-aec4-4886204c95be/element/23048478-c20c-4137-9403-5ea4c08d56a9/location [39m[32m200[39m [90m74 ms - 90[39m
[35m[HTTP][39m [90m[39m
[35m[HTTP][39m [37m-->[39m [37mPOST[39m [37m/wd/hub/session/b65a7031-825a-48ae-aec4-4886204c95be/timeouts[39m
[35m[HTTP][39m [90m{"implicit":30000}[39m
[35m[HTTP][39m [37m<-- POST /wd/hub/session/b65a7031-825a-48ae-aec4-4886204c95be/timeouts [39m[32m200[39m [90m2 ms - 14[39m
[35m[HTTP][39m [90m[39m
[35m[HTTP][39m [37m-->[39m [37mPOST[39m [37m/wd/hub/session/b65a7031-825a-48ae-aec4-4886204c95be/touch/perform[39m
[35m[HTTP][39m [90m{"actions":[{"action":"tap","options":{"x":1,"y":1,"element":"23048478-c20c-4137-9403-5ea4c08d56a9"}},{"action":"release","options":{}}]}[39m
[35m[UiAutomator2][39m calling get location: 23048478-c20c-4137-9403-5ea4c08d56a9
[35m[HTTP][39m [37m<-- POST /wd/hub/session/b65a7031-825a-48ae-aec4-4886204c95be/touch/perform [39m[32m200[39m [90m1964 ms - 14[39m
[35m[HTTP][39m [90m[39m
[35m[HTTP][39m [37m-->[39m [37mPOST[39m [37m/wd/hub/session/b65a7031-825a-48ae-aec4-4886204c95be/timeouts[39m
[35m[HTTP][39m [90m{"implicit":50}[39m
[35m[HTTP][39m [37m<-- POST /wd/hub/session/b65a7031-825a-48ae-aec4-4886204c95be/timeouts [39m[32m200[39m [90m4 ms - 14[39m
[35m[HTTP][39m [90m[39m
[35m[HTTP][39m [37m-->[39m [37mGET[39m [37m/wd/hub/session/b65a7031-825a-48ae-aec4-4886204c95be/window/rect[39m
[35m[HTTP][39m [90m{}[39m
[35m[HTTP][39m [37m<-- GET /wd/hub/session/b65a7031-825a-48ae-aec4-4886204c95be/window/rect [39m[32m200[39m [90m39 ms - 50[39m
[35m[HTTP][39m [90m[39m
[35m[HTTP][39m [37m-->[39m [37mPOST[39m [37m/wd/hub/session/b65a7031-825a-48ae-aec4-4886204c95be/elements[39m
[35m[HTTP][39m [90m{"using":"-android uiautomator","value":"new UiSelector().className(\"android.widget.EditText\").resourceId(\"b2-Input_Username\")"}[39m
[35m[HTTP][39m [37m<-- POST /wd/hub/session/b65a7031-825a-48ae-aec4-4886204c95be/elements [39m[32m200[39m [90m222 ms - 90[39m
[35m[HTTP][39m [90m[39m
[35m[HTTP][39m [37m-->[39m [37mGET[39m [37m/wd/hub/session/b65a7031-825a-48ae-aec4-4886204c95be/element/19d92938-fb21-4469-adb5-ef8d6752277c/location[39m
[35m[HTTP][39m [90m{}[39m
[35m[W3C][39m Driver proxy active, passing request on via HTTP proxy
[35m[JSONWP Proxy][39m Replacing sessionId 6b5a1354-55d7-4836-9b91-13752c43ccd2 with b65a7031-825a-48ae-aec4-4886204c95be
[35m[HTTP][39m [37m<-- GET /wd/hub/session/b65a7031-825a-48ae-aec4-4886204c95be/element/19d92938-fb21-4469-adb5-ef8d6752277c/location [39m[32m200[39m [90m76 ms - 89[39m
[35m[HTTP][39m [90m[39m
[35m[HTTP][39m [37m-->[39m [37mPOST[39m [37m/wd/hub/session/b65a7031-825a-48ae-aec4-4886204c95be/timeouts[39m
[35m[HTTP][39m [90m{"implicit":30000}[39m
[35m[HTTP][39m [37m<-- POST /wd/hub/session/b65a7031-825a-48ae-aec4-4886204c95be/timeouts [39m[32m200[39m [90m3 ms - 14[39m
[35m[HTTP][39m [90m[39m
[35m[HTTP][39m [37m-->[39m [37mPOST[39m [37m/wd/hub/session/b65a7031-825a-48ae-aec4-4886204c95be/element/19d92938-fb21-4469-adb5-ef8d6752277c/clear[39m
[35m[HTTP][39m [90m{"id":"19d92938-fb21-4469-adb5-ef8d6752277c"}[39m
[35m[HTTP][39m [37m<-- POST /wd/hub/session/b65a7031-825a-48ae-aec4-4886204c95be/element/19d92938-fb21-4469-adb5-ef8d6752277c/clear [39m[32m200[39m [90m96 ms - 27[39m
[35m[HTTP][39m [90m[39m
[35m[HTTP][39m [37m-->[39m [37mPOST[39m [37m/wd/hub/session/b65a7031-825a-48ae-aec4-4886204c95be/element/19d92938-fb21-4469-adb5-ef8d6752277c/value[39m
[35m[HTTP][39m [90m{"id":"19d92938-fb21-4469-adb5-ef8d6752277c","text":"lieton30","value":["l","i","e","t","o","n","3","0"]}[39m
[35m[HTTP][39m [37m<-- POST /wd/hub/session/b65a7031-825a-48ae-aec4-4886204c95be/element/19d92938-fb21-4469-adb5-ef8d6752277c/value [39m[32m200[39m [90m1077 ms - 12[39m
[35m[HTTP][39m [90m[39m
[35m[HTTP][39m [37m-->[39m [37mPOST[39m [37m/wd/hub/session/b65a7031-825a-48ae-aec4-4886204c95be/timeouts[39m
[35m[HTTP][39m [90m{"implicit":50}[39m
[35m[HTTP][39m [37m<-- POST /wd/hub/session/b65a7031-825a-48ae-aec4-4886204c95be/timeouts [39m[32m200[39m [90m4 ms - 14[39m
[35m[HTTP][39m [90m[39m
[35m[HTTP][39m [37m-->[39m [37mGET[39m [37m/wd/hub/session/b65a7031-825a-48ae-aec4-4886204c95be/window/rect[39m
[35m[HTTP][39m [90m{}[39m
[35m[HTTP][39m [37m<-- GET /wd/hub/session/b65a7031-825a-48ae-aec4-4886204c95be/window/rect [39m[32m200[39m [90m42 ms - 50[39m
[35m[HTTP][39m [90m[39m
[35m[HTTP][39m [37m-->[39m [37mPOST[39m [37m/wd/hub/session/b65a7031-825a-48ae-aec4-4886204c95be/elements[39m
[35m[HTTP][39m [90m{"using":"-android uiautomator","value":"new UiSelector().className(\"android.widget.EditText\").resourceId(\"b2-Input_Nama\")"}[39m
[35m[HTTP][39m [37m<-- POST /wd/hub/session/b65a7031-825a-48ae-aec4-4886204c95be/elements [39m[32m200[39m [90m607 ms - 90[39m
[35m[HTTP][39m [90m[39m
[35m[HTTP][39m [37m-->[39m [37mGET[39m [37m/wd/hub/session/b65a7031-825a-48ae-aec4-4886204c95be/element/eaf9c9d8-e01e-4d57-bf5a-0b0ab06106ab/location[39m
[35m[HTTP][39m [90m{}[39m
[35m[W3C][39m Driver proxy active, passing request on via HTTP proxy
[35m[JSONWP Proxy][39m Replacing sessionId 6b5a1354-55d7-4836-9b91-13752c43ccd2 with b65a7031-825a-48ae-aec4-4886204c95be
[35m[HTTP][39m [37m<-- GET /wd/hub/session/b65a7031-825a-48ae-aec4-4886204c95be/element/eaf9c9d8-e01e-4d57-bf5a-0b0ab06106ab/location [39m[32m200[39m [90m76 ms - 89[39m
[35m[HTTP][39m [90m[39m
[35m[HTTP][39m [37m-->[39m [37mPOST[39m [37m/wd/hub/session/b65a7031-825a-48ae-aec4-4886204c95be/timeouts[39m
[35m[HTTP][39m [90m{"implicit":30000}[39m
[35m[HTTP][39m [37m<-- POST /wd/hub/session/b65a7031-825a-48ae-aec4-4886204c95be/timeouts [39m[32m200[39m [90m4 ms - 14[39m
[35m[HTTP][39m [90m[39m
[35m[HTTP][39m [37m-->[39m [37mPOST[39m [37m/wd/hub/session/b65a7031-825a-48ae-aec4-4886204c95be/element/eaf9c9d8-e01e-4d57-bf5a-0b0ab06106ab/clear[39m
[35m[HTTP][39m [90m{"id":"eaf9c9d8-e01e-4d57-bf5a-0b0ab06106ab"}[39m
[35m[HTTP][39m [37m<-- POST /wd/hub/session/b65a7031-825a-48ae-aec4-4886204c95be/element/eaf9c9d8-e01e-4d57-bf5a-0b0ab06106ab/clear [39m[32m200[39m [90m84 ms - 27[39m
[35m[HTTP][39m [90m[39m
[35m[HTTP][39m [37m-->[39m [37mPOST[39m [37m/wd/hub/session/b65a7031-825a-48ae-aec4-4886204c95be/element/eaf9c9d8-e01e-4d57-bf5a-0b0ab06106ab/value[39m
[35m[HTTP][39m [90m{"id":"eaf9c9d8-e01e-4d57-bf5a-0b0ab06106ab","text":"Hartono Rusli","value":["H","a","r","t","o","n","o"," ","R","u","s","l","i"]}[39m
[35m[HTTP][39m [37m<-- POST /wd/hub/session/b65a7031-825a-48ae-aec4-4886204c95be/element/eaf9c9d8-e01e-4d57-bf5a-0b0ab06106ab/value [39m[32m200[39m [90m931 ms - 12[39m
[35m[HTTP][39m [90m[39m
[35m[HTTP][39m [37m-->[39m [37mPOST[39m [37m/wd/hub/session/b65a7031-825a-48ae-aec4-4886204c95be/timeouts[39m
[35m[HTTP][39m [90m{"implicit":50}[39m
[35m[HTTP][39m [37m<-- POST /wd/hub/session/b65a7031-825a-48ae-aec4-4886204c95be/timeouts [39m[32m200[39m [90m4 ms - 14[39m
[35m[HTTP][39m [90m[39m
[35m[HTTP][39m [37m-->[39m [37mGET[39m [37m/wd/hub/session/b65a7031-825a-48ae-aec4-4886204c95be/window/rect[39m
[35m[HTTP][39m [90m{}[39m
[35m[HTTP][39m [37m<-- GET /wd/hub/session/b65a7031-825a-48ae-aec4-4886204c95be/window/rect [39m[32m200[39m [90m39 ms - 50[39m
[35m[HTTP][39m [90m[39m
[35m[HTTP][39m [37m-->[39m [37mPOST[39m [37m/wd/hub/session/b65a7031-825a-48ae-aec4-4886204c95be/elements[39m
[35m[HTTP][39m [90m{"using":"-android uiautomator","value":"new UiSelector().className(\"android.widget.EditText\").resourceId(\"b2-Input_Email\")"}[39m
[35m[HTTP][39m [37m<-- POST /wd/hub/session/b65a7031-825a-48ae-aec4-4886204c95be/elements [39m[32m200[39m [90m604 ms - 90[39m
[35m[HTTP][39m [90m[39m
[35m[HTTP][39m [37m-->[39m [37mGET[39m [37m/wd/hub/session/b65a7031-825a-48ae-aec4-4886204c95be/element/61a48e2a-d808-4743-8fab-1159889662f9/location[39m
[35m[HTTP][39m [90m{}[39m
[35m[W3C][39m Driver proxy active, passing request on via HTTP proxy
[35m[JSONWP Proxy][39m Replacing sessionId 6b5a1354-55d7-4836-9b91-13752c43ccd2 with b65a7031-825a-48ae-aec4-4886204c95be
[35m[HTTP][39m [37m<-- GET /wd/hub/session/b65a7031-825a-48ae-aec4-4886204c95be/element/61a48e2a-d808-4743-8fab-1159889662f9/location [39m[32m200[39m [90m65 ms - 89[39m
[35m[HTTP][39m [90m[39m
[35m[HTTP][39m [37m-->[39m [37mPOST[39m [37m/wd/hub/session/b65a7031-825a-48ae-aec4-4886204c95be/timeouts[39m
[35m[HTTP][39m [90m{"implicit":30000}[39m
[35m[HTTP][39m [37m<-- POST /wd/hub/session/b65a7031-825a-48ae-aec4-4886204c95be/timeouts [39m[32m200[39m [90m2 ms - 14[39m
[35m[HTTP][39m [90m[39m
[35m[HTTP][39m [37m-->[39m [37mPOST[39m [37m/wd/hub/session/b65a7031-825a-48ae-aec4-4886204c95be/element/61a48e2a-d808-4743-8fab-1159889662f9/clear[39m
[35m[HTTP][39m [90m{"id":"61a48e2a-d808-4743-8fab-1159889662f9"}[39m
[35m[HTTP][39m [37m<-- POST /wd/hub/session/b65a7031-825a-48ae-aec4-4886204c95be/element/61a48e2a-d808-4743-8fab-1159889662f9/clear [39m[32m200[39m [90m89 ms - 27[39m
[35m[HTTP][39m [90m[39m
[35m[HTTP][39m [37m-->[39m [37mPOST[39m [37m/wd/hub/session/b65a7031-825a-48ae-aec4-4886204c95be/element/61a48e2a-d808-4743-8fab-1159889662f9/value[39m
[35m[HTTP][39m [90m{"id":"61a48e2a-d808-4743-8fab-1159889662f9","text":"lieton27@gmail.com","value":["l","i","e","t","o","n","2","7","@","g","m","a","i","l",".","c","o","m"]}[39m
[35m[HTTP][39m [37m<-- POST /wd/hub/session/b65a7031-825a-48ae-aec4-4886204c95be/element/61a48e2a-d808-4743-8fab-1159889662f9/value [39m[32m200[39m [90m914 ms - 12[39m
[35m[HTTP][39m [90m[39m
[35m[HTTP][39m [37m-->[39m [37mPOST[39m [37m/wd/hub/session/b65a7031-825a-48ae-aec4-4886204c95be/timeouts[39m
[35m[HTTP][39m [90m{"implicit":50}[39m
[35m[HTTP][39m [37m<-- POST /wd/hub/session/b65a7031-825a-48ae-aec4-4886204c95be/timeouts [39m[32m200[39m [90m7 ms - 14[39m
[35m[HTTP][39m [90m[39m
[35m[HTTP][39m [37m-->[39m [37mGET[39m [37m/wd/hub/session/b65a7031-825a-48ae-aec4-4886204c95be/window/rect[39m
[35m[HTTP][39m [90m{}[39m
[35m[HTTP][39m [37m<-- GET /wd/hub/session/b65a7031-825a-48ae-aec4-4886204c95be/window/rect [39m[32m200[39m [90m45 ms - 50[39m
[35m[HTTP][39m [90m[39m
[35m[HTTP][39m [37m-->[39m [37mPOST[39m [37m/wd/hub/session/b65a7031-825a-48ae-aec4-4886204c95be/elements[39m
[35m[HTTP][39m [90m{"using":"-android uiautomator","value":"new UiSelector().className(\"android.widget.EditText\").resourceId(\"b2-Input_Password\")"}[39m
[35m[HTTP][39m [37m<-- POST /wd/hub/session/b65a7031-825a-48ae-aec4-4886204c95be/elements [39m[32m200[39m [90m573 ms - 90[39m
[35m[HTTP][39m [90m[39m
[35m[HTTP][39m [37m-->[39m [37mGET[39m [37m/wd/hub/session/b65a7031-825a-48ae-aec4-4886204c95be/element/900d4e6e-da8b-4074-b574-bf705d81dfc8/location[39m
[35m[HTTP][39m [90m{}[39m
[35m[W3C][39m Driver proxy active, passing request on via HTTP proxy
[35m[JSONWP Proxy][39m Replacing sessionId 6b5a1354-55d7-4836-9b91-13752c43ccd2 with b65a7031-825a-48ae-aec4-4886204c95be
[35m[HTTP][39m [37m<-- GET /wd/hub/session/b65a7031-825a-48ae-aec4-4886204c95be/element/900d4e6e-da8b-4074-b574-bf705d81dfc8/location [39m[32m200[39m [90m72 ms - 90[39m
[35m[HTTP][39m [90m[39m
[35m[HTTP][39m [37m-->[39m [37mPOST[39m [37m/wd/hub/session/b65a7031-825a-48ae-aec4-4886204c95be/timeouts[39m
[35m[HTTP][39m [90m{"implicit":30000}[39m
[35m[HTTP][39m [37m<-- POST /wd/hub/session/b65a7031-825a-48ae-aec4-4886204c95be/timeouts [39m[32m200[39m [90m2 ms - 14[39m
[35m[HTTP][39m [90m[39m
[35m[HTTP][39m [37m-->[39m [37mPOST[39m [37m/wd/hub/session/b65a7031-825a-48ae-aec4-4886204c95be/element/900d4e6e-da8b-4074-b574-bf705d81dfc8/clear[39m
[35m[HTTP][39m [90m{"id":"900d4e6e-da8b-4074-b574-bf705d81dfc8"}[39m
[35m[HTTP][39m [37m<-- POST /wd/hub/session/b65a7031-825a-48ae-aec4-4886204c95be/element/900d4e6e-da8b-4074-b574-bf705d81dfc8/clear [39m[32m200[39m [90m70 ms - 27[39m
[35m[HTTP][39m [90m[39m
[35m[HTTP][39m [37m-->[39m [37mPOST[39m [37m/wd/hub/session/b65a7031-825a-48ae-aec4-4886204c95be/element/900d4e6e-da8b-4074-b574-bf705d81dfc8/value[39m
[35m[HTTP][39m [90m{"id":"900d4e6e-da8b-4074-b574-bf705d81dfc8","text":"Application1","value":["A","p","p","l","i","c","a","t","i","o","n","1"]}[39m
[35m[HTTP][39m [37m<-- POST /wd/hub/session/b65a7031-825a-48ae-aec4-4886204c95be/element/900d4e6e-da8b-4074-b574-bf705d81dfc8/value [39m[32m200[39m [90m827 ms - 12[39m
[35m[HTTP][39m [90m[39m
[35m[HTTP][39m [37m-->[39m [37mGET[39m [37m/wd/hub/status[39m
[35m[HTTP][39m [90m{}[39m
[35m[HTTP][39m [37m<-- GET /wd/hub/status [39m[32m200[39m [90m140 ms - 55[39m
[35m[HTTP][39m [90m[39m
[35m[HTTP][39m [37m-->[39m [37mPOST[39m [37m/wd/hub/session[39m
[35m[HTTP][39m [90m{"desiredCapabilities":{"app":"D:\\State's Secret\\Internsheeepppppp\\Project\\accmart.apk","noReset":false,"newCommandTimeout":1800,"platformVersion":"9","automationName":"uiautomator2","autoGrantPermissions":true,"platformName":"Android","udid":"32008eeec002a5eb","deviceName":"samsung SM-A750GN (Android 9)","fullReset":true,"platform":"ANDROID"},"capabilities":{"firstMatch":[{"appium:app":"D:\\State's Secret\\Internsheeepppppp\\Project\\accmart.apk","appium:autoGrantPermissions":true,"appium:automationName":"uiautomator2","appium:deviceName":"samsung SM-A750GN (Android 9)","appium:fullReset":true,"appium:newCommandTimeout":1800,"appium:noReset":false,"platform":"ANDROID","platformName":"android","appium:platformVersion":"9","appium:udid":"32008eeec002a5eb"}]}}[39m
[35m[BaseDriver][39m The capabilities ["platform"] are not standard capabilities and should have an extension prefix
[35m[Appium][39m Creating new AndroidUiautomator2Driver (v1.12.0) session
[35m[Appium][39m Capabilities:
[35m[Appium][39m   platform: ANDROID
[35m[Appium][39m   platformName: android
[35m[Appium][39m   app: D:\State's Secret\Internsheeepppppp\Project\accmart.apk
[35m[Appium][39m   autoGrantPermissions: true
[35m[Appium][39m   automationName: uiautomator2
[35m[Appium][39m   deviceName: samsung SM-A750GN (Android 9)
[35m[Appium][39m   fullReset: true
[35m[Appium][39m   newCommandTimeout: 1800
[35m[Appium][39m   noReset: false
[35m[Appium][39m   platformVersion: 9
[35m[Appium][39m   udid: 32008eeec002a5eb
[35m[BaseDriver][39m The following capabilities were provided, but are not recognized by appium: platform.
[35m[BaseDriver][39m Session created with session id: 159f9591-3bdd-4f85-8a2e-4c1cb3bcd8da
[35m[BaseDriver][39m Using local app 'D:\State's Secret\Internsheeepppppp\Project\accmart.apk'
[35m[AndroidDriver][39m Java version is: 1.8.0_181
[35m[AndroidDriver][39m Retrieving device list
[35m[AndroidDriver][39m Using device: 32008eeec002a5eb
[35m[ADB][39m Using the alternative activity name detection method because of: Could not find apkanalyzer.bat in C:\Users\lieto\.katalon\tools\android_sdk\platform-tools\apkanalyzer.bat,C:\Users\lieto\.katalon\tools\android_sdk\emulator\apkanalyzer.bat,C:\Users\lieto\.katalon\tools\android_sdk\tools\apkanalyzer.bat,C:\Users\lieto\.katalon\tools\android_sdk\tools\bin\apkanalyzer.bat,C:\Users\lieto\.katalon\tools\android_sdk\build-tools\29.0.2\apkanalyzer.bat. Do you have the Android SDK installed at 'C:\Users\lieto\.katalon\tools\android_sdk'?
[35m[ADB][39m Extracting package and launch activity from manifest
[35m[ADB][39m Package name: 'com.outsystemsenterprise.acctst1.ACCMart'
[35m[ADB][39m Main activity name: 'com.outsystemsenterprise.acctst1.ACCMart.MainActivity'
[35m[ADB][39m Getting device platform version
[35m[ADB][39m Cannot read version codes of 'C:\Users\lieto\AppData\Roaming\npm\node_modules\appium\node_modules\appium-uiautomator2-server\apks\appium-uiautomator2-server-debug-androidTest.apk' and/or 'io.appium.uiautomator2.server.test'
[35m[ADB][39m Cannot read version names of 'C:\Users\lieto\AppData\Roaming\npm\node_modules\appium\node_modules\appium-uiautomator2-server\apks\appium-uiautomator2-server-debug-androidTest.apk' and/or 'io.appium.uiautomator2.server.test'. Assuming correct app version is already installed
[35m[HTTP][39m [37m<-- POST /wd/hub/session [39m[32m-[39m [90m- ms - -[39m
[35m[HTTP][39m [90m[39m
[35m[AndroidDriver][39m setDeviceLanguageCountry requires language or country.
[35m[AndroidDriver][39m Got language: 'null' and country: 'null'
[35m[ADB][39m Successfully extracted 43 strings from 'D:\State's Secret\Internsheeepppppp\Project\accmart.apk' resources for '(default)' configuration
[35m[ADB][39m com.outsystemsenterprise.acctst1.ACCMart was successfully uninstalled
[35m[UiAutomator2][39m Starting uiautomator2 server 1.12.0
[35m[UiAutomator2][39m Using UIAutomator2 server from 'C:\Users\lieto\AppData\Roaming\npm\node_modules\appium\node_modules\appium-uiautomator2-server\apks\appium-uiautomator2-server-v1.12.0.apk' and test from 'C:\Users\lieto\AppData\Roaming\npm\node_modules\appium\node_modules\appium-uiautomator2-server\apks\appium-uiautomator2-server-debug-androidTest.apk'
[35m[UiAutomator2][39m Running command: 'adb -s 32008eeec002a5eb shell am instrument -w io.appium.uiautomator2.server.test/android.support.test.runner.AndroidJUnitRunner'
[35m[UiAutomator2][39m Waiting up to 20000ms for UiAutomator2 to be online...
[35m[AndroidDriver][39m Screen already unlocked, doing nothing
[35m[UiAutomator2][39m UiAutomator2 did not start the activity we were waiting for, 'com.outsystemsenterprise.acctst1.ACCMart/com.outsystemsenterprise.acctst1.ACCMart.MainActivity'. Starting it ourselves
[35m[Appium][39m New AndroidUiautomator2Driver session created successfully, session 159f9591-3bdd-4f85-8a2e-4c1cb3bcd8da added to master session list
[35m[BaseDriver][39m Shutting down because we waited 1800 seconds for a command
[35m[Appium][39m Closing session, cause was 'New Command Timeout of 1800 seconds expired. Try customizing the timeout using the 'newCommandTimeout' desired capability'
[35m[Appium][39m Removing session b65a7031-825a-48ae-aec4-4886204c95be from our master session list
[35m[UiAutomator2][39m Did not get confirmation UiAutomator2 deleteSession worked; Error was: ProxyRequestError: Could not proxy command to remote server. Original error: Error: socket hang up
[35m[ADB][39m com.outsystemsenterprise.acctst1.ACCMart was successfully uninstalled
[35m[BaseDriver][39m Shutting down because we waited 1800 seconds for a command
[35m[Appium][39m Closing session, cause was 'New Command Timeout of 1800 seconds expired. Try customizing the timeout using the 'newCommandTimeout' desired capability'
[35m[Appium][39m Removing session 159f9591-3bdd-4f85-8a2e-4c1cb3bcd8da from our master session list
[35m[UiAutomator2][39m Did not get confirmation UiAutomator2 deleteSession worked; Error was: ProxyRequestError: Could not proxy command to remote server. Original error: Error: socket hang up
[35m[ADB][39m com.outsystemsenterprise.acctst1.ACCMart was not uninstalled, because it was not present on the device
