[35m[Appium][39m Welcome to Appium v1.8.1
[35m[Appium][39m Non-default server args:
[35m[Appium][39m   port: 55267
[35m[Appium][39m   loglevel: info
[35m[Appium][39m   chromeDriverPort: 55268
[35m[Appium][39m   tmpDir: C:\Users\lieto\AppData\Local\Temp\\Katalon\Appium\Temp1565864492554
[35m[Appium][39m Appium REST http interface listener started on 0.0.0.0:55267
[35m[HTTP][39m [37m-->[39m [37mGET[39m [37m/wd/hub/status[39m
[35m[HTTP][39m [90m{}[39m
[35m[HTTP][39m [37m<-- GET /wd/hub/status [39m[32m200[39m [90m14 ms - 83[39m
[35m[HTTP][39m [90m[39m
[35m[HTTP][39m [37m-->[39m [37mPOST[39m [37m/wd/hub/session[39m
[35m[HTTP][39m [90m{"desiredCapabilities":{"app":"D:\\State's Secret\\Internsheeepppppp\\Project\\accmart.apk","noReset":false,"newCommandTimeout":1800,"platformVersion":"9","automationName":"uiautomator2","autoGrantPermissions":true,"platformName":"Android","udid":"32008eeec002a5eb","deviceName":"samsung SM-A750GN (Android 9)","fullReset":true,"platform":"ANDROID"},"capabilities":{"firstMatch":[{"appium:app":"D:\\State's Secret\\Internsheeepppppp\\Project\\accmart.apk","appium:autoGrantPermissions":true,"appium:automationName":"uiautomator2","appium:deviceName":"samsung SM-A750GN (Android 9)","appium:fullReset":true,"appium:newCommandTimeout":1800,"appium:noReset":false,"platform":"ANDROID","platformName":"android","appium:platformVersion":"9","appium:udid":"32008eeec002a5eb"}]}}[39m
[35m[BaseDriver][39m The capabilities ["platform"] are not standard capabilities and should have an extension prefix
[35m[Appium][39m Creating new AndroidUiautomator2Driver (v1.12.0) session
[35m[Appium][39m Capabilities:
[35m[Appium][39m   platform: ANDROID
[35m[Appium][39m   platformName: android
[35m[Appium][39m   app: D:\State's Secret\Internsheeepppppp\Project\accmart.apk
[35m[Appium][39m   autoGrantPermissions: true
[35m[Appium][39m   automationName: uiautomator2
[35m[Appium][39m   deviceName: samsung SM-A750GN (Android 9)
[35m[Appium][39m   fullReset: true
[35m[Appium][39m   newCommandTimeout: 1800
[35m[Appium][39m   noReset: false
[35m[Appium][39m   platformVersion: 9
[35m[Appium][39m   udid: 32008eeec002a5eb
[35m[BaseDriver][39m The following capabilities were provided, but are not recognized by appium: platform.
[35m[BaseDriver][39m Session created with session id: 00170f5b-a2f2-4d5e-b6d6-3c4a2f22821d
[35m[BaseDriver][39m Using local app 'D:\State's Secret\Internsheeepppppp\Project\accmart.apk'
[35m[AndroidDriver][39m Java version is: 1.8.0_181
[35m[ADB][39m Checking whether adb is present
[35m[ADB][39m Found 1 'build-tools' folders under 'C:\Users\lieto\.katalon\tools\android_sdk' (newest first):
[35m[ADB][39m     C:/Users/lieto/.katalon/tools/android_sdk/build-tools/29.0.2
[35m[ADB][39m Using adb.exe from C:\Users\lieto\.katalon\tools\android_sdk\platform-tools\adb.exe
[35m[AndroidDriver][39m Retrieving device list
[35m[AndroidDriver][39m Using device: 32008eeec002a5eb
[35m[ADB][39m Using the alternative activity name detection method because of: Could not find apkanalyzer.bat in C:\Users\lieto\.katalon\tools\android_sdk\platform-tools\apkanalyzer.bat,C:\Users\lieto\.katalon\tools\android_sdk\emulator\apkanalyzer.bat,C:\Users\lieto\.katalon\tools\android_sdk\tools\apkanalyzer.bat,C:\Users\lieto\.katalon\tools\android_sdk\tools\bin\apkanalyzer.bat,C:\Users\lieto\.katalon\tools\android_sdk\build-tools\29.0.2\apkanalyzer.bat. Do you have the Android SDK installed at 'C:\Users\lieto\.katalon\tools\android_sdk'?
[35m[ADB][39m Checking whether aapt is present
[35m[ADB][39m Using aapt.exe from C:\Users\lieto\.katalon\tools\android_sdk\build-tools\29.0.2\aapt.exe
[35m[ADB][39m Extracting package and launch activity from manifest
[35m[ADB][39m Package name: 'com.outsystemsenterprise.acctst1.ACCMart'
[35m[ADB][39m Main activity name: 'com.outsystemsenterprise.acctst1.ACCMart.MainActivity'
[35m[ADB][39m Getting device platform version
[35m[ADB][39m Using apksigner.bat from C:\Users\lieto\.katalon\tools\android_sdk\build-tools\29.0.2\apksigner.bat
[35m[ADB][39m Cannot read version codes of 'C:\Users\lieto\AppData\Roaming\npm\node_modules\appium\node_modules\appium-uiautomator2-server\apks\appium-uiautomator2-server-debug-androidTest.apk' and/or 'io.appium.uiautomator2.server.test'
[35m[ADB][39m Cannot read version names of 'C:\Users\lieto\AppData\Roaming\npm\node_modules\appium\node_modules\appium-uiautomator2-server\apks\appium-uiautomator2-server-debug-androidTest.apk' and/or 'io.appium.uiautomator2.server.test'. Assuming correct app version is already installed
[35m[AndroidDriver][39m setDeviceLanguageCountry requires language or country.
[35m[AndroidDriver][39m Got language: 'null' and country: 'null'
[35m[ADB][39m Successfully extracted 43 strings from 'D:\State's Secret\Internsheeepppppp\Project\accmart.apk' resources for '(default)' configuration
[35m[ADB][39m com.outsystemsenterprise.acctst1.ACCMart was not uninstalled, because it was not present on the device
[35m[UiAutomator2][39m Starting uiautomator2 server 1.12.0
[35m[UiAutomator2][39m Using UIAutomator2 server from 'C:\Users\lieto\AppData\Roaming\npm\node_modules\appium\node_modules\appium-uiautomator2-server\apks\appium-uiautomator2-server-v1.12.0.apk' and test from 'C:\Users\lieto\AppData\Roaming\npm\node_modules\appium\node_modules\appium-uiautomator2-server\apks\appium-uiautomator2-server-debug-androidTest.apk'
[35m[UiAutomator2][39m Running command: 'adb -s 32008eeec002a5eb shell am instrument -w io.appium.uiautomator2.server.test/android.support.test.runner.AndroidJUnitRunner'
[35m[UiAutomator2][39m Waiting up to 20000ms for UiAutomator2 to be online...
[35m[AndroidDriver][39m Screen already unlocked, doing nothing
[35m[UiAutomator2][39m UiAutomator2 did not start the activity we were waiting for, 'com.outsystemsenterprise.acctst1.ACCMart/com.outsystemsenterprise.acctst1.ACCMart.MainActivity'. Starting it ourselves
[35m[Appium][39m New AndroidUiautomator2Driver session created successfully, session 00170f5b-a2f2-4d5e-b6d6-3c4a2f22821d added to master session list
[35m[HTTP][39m [37m<-- POST /wd/hub/session [39m[32m200[39m [90m33035 ms - 1225[39m
[35m[HTTP][39m [90m[39m
[35m[HTTP][39m [37m-->[39m [37mGET[39m [37m/wd/hub/session/00170f5b-a2f2-4d5e-b6d6-3c4a2f22821d[39m
[35m[HTTP][39m [90m{}[39m
[35m[HTTP][39m [37m<-- GET /wd/hub/session/00170f5b-a2f2-4d5e-b6d6-3c4a2f22821d [39m[32m200[39m [90m56 ms - 1157[39m
[35m[HTTP][39m [90m[39m
[35m[HTTP][39m [37m-->[39m [37mGET[39m [37m/wd/hub/session/00170f5b-a2f2-4d5e-b6d6-3c4a2f22821d[39m
[35m[HTTP][39m [90m{}[39m
[35m[HTTP][39m [37m<-- GET /wd/hub/session/00170f5b-a2f2-4d5e-b6d6-3c4a2f22821d [39m[32m200[39m [90m31 ms - 1157[39m
[35m[HTTP][39m [90m[39m
[35m[HTTP][39m [37m-->[39m [37mGET[39m [37m/wd/hub/status[39m
[35m[HTTP][39m [90m{}[39m
[35m[HTTP][39m [37m<-- GET /wd/hub/status [39m[32m200[39m [90m9 ms - 55[39m
[35m[HTTP][39m [90m[39m
[35m[HTTP][39m [37m-->[39m [37mPOST[39m [37m/wd/hub/session/00170f5b-a2f2-4d5e-b6d6-3c4a2f22821d/timeouts[39m
[35m[HTTP][39m [90m{"implicit":30000}[39m
[35m[HTTP][39m [37m<-- POST /wd/hub/session/00170f5b-a2f2-4d5e-b6d6-3c4a2f22821d/timeouts [39m[32m200[39m [90m14 ms - 14[39m
[35m[HTTP][39m [90m[39m
[35m[HTTP][39m [37m-->[39m [37mPOST[39m [37m/wd/hub/session/00170f5b-a2f2-4d5e-b6d6-3c4a2f22821d/timeouts[39m
[35m[HTTP][39m [90m{"implicit":50}[39m
[35m[HTTP][39m [37m<-- POST /wd/hub/session/00170f5b-a2f2-4d5e-b6d6-3c4a2f22821d/timeouts [39m[32m200[39m [90m4 ms - 14[39m
[35m[HTTP][39m [90m[39m
[35m[HTTP][39m [37m-->[39m [37mGET[39m [37m/wd/hub/session/00170f5b-a2f2-4d5e-b6d6-3c4a2f22821d/window/rect[39m
[35m[HTTP][39m [90m{}[39m
[35m[HTTP][39m [37m<-- GET /wd/hub/session/00170f5b-a2f2-4d5e-b6d6-3c4a2f22821d/window/rect [39m[32m200[39m [90m77 ms - 50[39m
[35m[HTTP][39m [90m[39m
[35m[HTTP][39m [37m-->[39m [37mPOST[39m [37m/wd/hub/session/00170f5b-a2f2-4d5e-b6d6-3c4a2f22821d/elements[39m
[35m[HTTP][39m [90m{"using":"-android uiautomator","value":"new UiSelector().className(\"android.view.View\").text(\"MobiMartTheme.PESAN_ICON\")"}[39m
[35m[HTTP][39m [37m<-- POST /wd/hub/session/00170f5b-a2f2-4d5e-b6d6-3c4a2f22821d/elements [39m[32m200[39m [90m761 ms - 12[39m
[35m[HTTP][39m [90m[39m
[35m[HTTP][39m [37m-->[39m [37mPOST[39m [37m/wd/hub/session/00170f5b-a2f2-4d5e-b6d6-3c4a2f22821d/elements[39m
[35m[HTTP][39m [90m{"using":"-android uiautomator","value":"new UiSelector().className(\"android.view.View\").text(\"MobiMartTheme.PESAN_ICON\")"}[39m
[35m[HTTP][39m [37m<-- POST /wd/hub/session/00170f5b-a2f2-4d5e-b6d6-3c4a2f22821d/elements [39m[32m200[39m [90m545 ms - 12[39m
[35m[HTTP][39m [90m[39m
[35m[HTTP][39m [37m-->[39m [37mPOST[39m [37m/wd/hub/session/00170f5b-a2f2-4d5e-b6d6-3c4a2f22821d/elements[39m
[35m[HTTP][39m [90m{"using":"-android uiautomator","value":"new UiSelector().className(\"android.view.View\").text(\"MobiMartTheme.PESAN_ICON\")"}[39m
[35m[HTTP][39m [37m<-- POST /wd/hub/session/00170f5b-a2f2-4d5e-b6d6-3c4a2f22821d/elements [39m[32m200[39m [90m76 ms - 12[39m
[35m[HTTP][39m [90m[39m
[35m[HTTP][39m [37m-->[39m [37mPOST[39m [37m/wd/hub/session/00170f5b-a2f2-4d5e-b6d6-3c4a2f22821d/elements[39m
[35m[HTTP][39m [90m{"using":"-android uiautomator","value":"new UiSelector().className(\"android.view.View\").text(\"MobiMartTheme.PESAN_ICON\")"}[39m
[35m[HTTP][39m [37m<-- POST /wd/hub/session/00170f5b-a2f2-4d5e-b6d6-3c4a2f22821d/elements [39m[32m200[39m [90m96 ms - 12[39m
[35m[HTTP][39m [90m[39m
[35m[HTTP][39m [37m-->[39m [37mPOST[39m [37m/wd/hub/session/00170f5b-a2f2-4d5e-b6d6-3c4a2f22821d/elements[39m
[35m[HTTP][39m [90m{"using":"-android uiautomator","value":"new UiSelector().className(\"android.view.View\").text(\"MobiMartTheme.PESAN_ICON\")"}[39m
[35m[HTTP][39m [37m<-- POST /wd/hub/session/00170f5b-a2f2-4d5e-b6d6-3c4a2f22821d/elements [39m[32m200[39m [90m706 ms - 12[39m
[35m[HTTP][39m [90m[39m
[35m[HTTP][39m [37m-->[39m [37mPOST[39m [37m/wd/hub/session/00170f5b-a2f2-4d5e-b6d6-3c4a2f22821d/elements[39m
[35m[HTTP][39m [90m{"using":"-android uiautomator","value":"new UiSelector().className(\"android.view.View\").text(\"MobiMartTheme.PESAN_ICON\")"}[39m
[35m[HTTP][39m [37m<-- POST /wd/hub/session/00170f5b-a2f2-4d5e-b6d6-3c4a2f22821d/elements [39m[32m200[39m [90m106 ms - 12[39m
[35m[HTTP][39m [90m[39m
[35m[HTTP][39m [37m-->[39m [37mPOST[39m [37m/wd/hub/session/00170f5b-a2f2-4d5e-b6d6-3c4a2f22821d/elements[39m
[35m[HTTP][39m [90m{"using":"-android uiautomator","value":"new UiSelector().className(\"android.view.View\").text(\"MobiMartTheme.PESAN_ICON\")"}[39m
[35m[HTTP][39m [37m<-- POST /wd/hub/session/00170f5b-a2f2-4d5e-b6d6-3c4a2f22821d/elements [39m[32m200[39m [90m82 ms - 12[39m
[35m[HTTP][39m [90m[39m
[35m[HTTP][39m [37m-->[39m [37mPOST[39m [37m/wd/hub/session/00170f5b-a2f2-4d5e-b6d6-3c4a2f22821d/elements[39m
[35m[HTTP][39m [90m{"using":"-android uiautomator","value":"new UiSelector().className(\"android.view.View\").text(\"MobiMartTheme.PESAN_ICON\")"}[39m
[35m[HTTP][39m [37m<-- POST /wd/hub/session/00170f5b-a2f2-4d5e-b6d6-3c4a2f22821d/elements [39m[32m200[39m [90m105 ms - 12[39m
[35m[HTTP][39m [90m[39m
[35m[HTTP][39m [37m-->[39m [37mPOST[39m [37m/wd/hub/session/00170f5b-a2f2-4d5e-b6d6-3c4a2f22821d/elements[39m
[35m[HTTP][39m [90m{"using":"-android uiautomator","value":"new UiSelector().className(\"android.view.View\").text(\"MobiMartTheme.PESAN_ICON\")"}[39m
[35m[HTTP][39m [37m<-- POST /wd/hub/session/00170f5b-a2f2-4d5e-b6d6-3c4a2f22821d/elements [39m[32m200[39m [90m111 ms - 12[39m
[35m[HTTP][39m [90m[39m
[35m[HTTP][39m [37m-->[39m [37mPOST[39m [37m/wd/hub/session/00170f5b-a2f2-4d5e-b6d6-3c4a2f22821d/elements[39m
[35m[HTTP][39m [90m{"using":"-android uiautomator","value":"new UiSelector().className(\"android.view.View\").text(\"MobiMartTheme.PESAN_ICON\")"}[39m
[35m[HTTP][39m [37m<-- POST /wd/hub/session/00170f5b-a2f2-4d5e-b6d6-3c4a2f22821d/elements [39m[32m200[39m [90m100 ms - 12[39m
[35m[HTTP][39m [90m[39m
[35m[HTTP][39m [37m-->[39m [37mPOST[39m [37m/wd/hub/session/00170f5b-a2f2-4d5e-b6d6-3c4a2f22821d/elements[39m
[35m[HTTP][39m [90m{"using":"-android uiautomator","value":"new UiSelector().className(\"android.view.View\").text(\"MobiMartTheme.PESAN_ICON\")"}[39m
[35m[HTTP][39m [37m<-- POST /wd/hub/session/00170f5b-a2f2-4d5e-b6d6-3c4a2f22821d/elements [39m[32m200[39m [90m97 ms - 12[39m
[35m[HTTP][39m [90m[39m
[35m[HTTP][39m [37m-->[39m [37mPOST[39m [37m/wd/hub/session/00170f5b-a2f2-4d5e-b6d6-3c4a2f22821d/elements[39m
[35m[HTTP][39m [90m{"using":"-android uiautomator","value":"new UiSelector().className(\"android.view.View\").text(\"MobiMartTheme.PESAN_ICON\")"}[39m
[35m[HTTP][39m [37m<-- POST /wd/hub/session/00170f5b-a2f2-4d5e-b6d6-3c4a2f22821d/elements [39m[32m200[39m [90m98 ms - 12[39m
[35m[HTTP][39m [90m[39m
[35m[HTTP][39m [37m-->[39m [37mPOST[39m [37m/wd/hub/session/00170f5b-a2f2-4d5e-b6d6-3c4a2f22821d/elements[39m
[35m[HTTP][39m [90m{"using":"-android uiautomator","value":"new UiSelector().className(\"android.view.View\").text(\"MobiMartTheme.PESAN_ICON\")"}[39m
[35m[HTTP][39m [37m<-- POST /wd/hub/session/00170f5b-a2f2-4d5e-b6d6-3c4a2f22821d/elements [39m[32m200[39m [90m95 ms - 12[39m
[35m[HTTP][39m [90m[39m
[35m[HTTP][39m [37m-->[39m [37mPOST[39m [37m/wd/hub/session/00170f5b-a2f2-4d5e-b6d6-3c4a2f22821d/elements[39m
[35m[HTTP][39m [90m{"using":"-android uiautomator","value":"new UiSelector().className(\"android.view.View\").text(\"MobiMartTheme.PESAN_ICON\")"}[39m
[35m[HTTP][39m [37m<-- POST /wd/hub/session/00170f5b-a2f2-4d5e-b6d6-3c4a2f22821d/elements [39m[32m200[39m [90m101 ms - 12[39m
[35m[HTTP][39m [90m[39m
[35m[HTTP][39m [37m-->[39m [37mPOST[39m [37m/wd/hub/session/00170f5b-a2f2-4d5e-b6d6-3c4a2f22821d/elements[39m
[35m[HTTP][39m [90m{"using":"-android uiautomator","value":"new UiSelector().className(\"android.view.View\").text(\"MobiMartTheme.PESAN_ICON\")"}[39m
[35m[HTTP][39m [37m<-- POST /wd/hub/session/00170f5b-a2f2-4d5e-b6d6-3c4a2f22821d/elements [39m[32m200[39m [90m603 ms - 12[39m
[35m[HTTP][39m [90m[39m
[35m[HTTP][39m [37m-->[39m [37mPOST[39m [37m/wd/hub/session/00170f5b-a2f2-4d5e-b6d6-3c4a2f22821d/elements[39m
[35m[HTTP][39m [90m{"using":"-android uiautomator","value":"new UiSelector().className(\"android.view.View\").text(\"MobiMartTheme.PESAN_ICON\")"}[39m
[35m[HTTP][39m [37m<-- POST /wd/hub/session/00170f5b-a2f2-4d5e-b6d6-3c4a2f22821d/elements [39m[32m200[39m [90m98 ms - 12[39m
[35m[HTTP][39m [90m[39m
[35m[HTTP][39m [37m-->[39m [37mPOST[39m [37m/wd/hub/session/00170f5b-a2f2-4d5e-b6d6-3c4a2f22821d/elements[39m
[35m[HTTP][39m [90m{"using":"-android uiautomator","value":"new UiSelector().className(\"android.view.View\").text(\"MobiMartTheme.PESAN_ICON\")"}[39m
[35m[HTTP][39m [37m<-- POST /wd/hub/session/00170f5b-a2f2-4d5e-b6d6-3c4a2f22821d/elements [39m[32m200[39m [90m111 ms - 12[39m
[35m[HTTP][39m [90m[39m
[35m[HTTP][39m [37m-->[39m [37mPOST[39m [37m/wd/hub/session/00170f5b-a2f2-4d5e-b6d6-3c4a2f22821d/elements[39m
[35m[HTTP][39m [90m{"using":"-android uiautomator","value":"new UiSelector().className(\"android.view.View\").text(\"MobiMartTheme.PESAN_ICON\")"}[39m
[35m[HTTP][39m [37m<-- POST /wd/hub/session/00170f5b-a2f2-4d5e-b6d6-3c4a2f22821d/elements [39m[32m200[39m [90m93 ms - 12[39m
[35m[HTTP][39m [90m[39m
[35m[HTTP][39m [37m-->[39m [37mPOST[39m [37m/wd/hub/session/00170f5b-a2f2-4d5e-b6d6-3c4a2f22821d/elements[39m
[35m[HTTP][39m [90m{"using":"-android uiautomator","value":"new UiSelector().className(\"android.view.View\").text(\"MobiMartTheme.PESAN_ICON\")"}[39m
[35m[HTTP][39m [37m<-- POST /wd/hub/session/00170f5b-a2f2-4d5e-b6d6-3c4a2f22821d/elements [39m[32m200[39m [90m98 ms - 12[39m
[35m[HTTP][39m [90m[39m
[35m[HTTP][39m [37m-->[39m [37mPOST[39m [37m/wd/hub/session/00170f5b-a2f2-4d5e-b6d6-3c4a2f22821d/elements[39m
[35m[HTTP][39m [90m{"using":"-android uiautomator","value":"new UiSelector().className(\"android.view.View\").text(\"MobiMartTheme.PESAN_ICON\")"}[39m
[35m[HTTP][39m [37m<-- POST /wd/hub/session/00170f5b-a2f2-4d5e-b6d6-3c4a2f22821d/elements [39m[32m200[39m [90m84 ms - 12[39m
[35m[HTTP][39m [90m[39m
[35m[HTTP][39m [37m-->[39m [37mPOST[39m [37m/wd/hub/session/00170f5b-a2f2-4d5e-b6d6-3c4a2f22821d/elements[39m
[35m[HTTP][39m [90m{"using":"-android uiautomator","value":"new UiSelector().className(\"android.view.View\").text(\"MobiMartTheme.PESAN_ICON\")"}[39m
[35m[HTTP][39m [37m<-- POST /wd/hub/session/00170f5b-a2f2-4d5e-b6d6-3c4a2f22821d/elements [39m[32m200[39m [90m93 ms - 12[39m
[35m[HTTP][39m [90m[39m
[35m[HTTP][39m [37m-->[39m [37mPOST[39m [37m/wd/hub/session/00170f5b-a2f2-4d5e-b6d6-3c4a2f22821d/elements[39m
[35m[HTTP][39m [90m{"using":"-android uiautomator","value":"new UiSelector().className(\"android.view.View\").text(\"MobiMartTheme.PESAN_ICON\")"}[39m
[35m[HTTP][39m [37m<-- POST /wd/hub/session/00170f5b-a2f2-4d5e-b6d6-3c4a2f22821d/elements [39m[32m200[39m [90m74 ms - 12[39m
[35m[HTTP][39m [90m[39m
[35m[HTTP][39m [37m-->[39m [37mPOST[39m [37m/wd/hub/session/00170f5b-a2f2-4d5e-b6d6-3c4a2f22821d/elements[39m
[35m[HTTP][39m [90m{"using":"-android uiautomator","value":"new UiSelector().className(\"android.view.View\").text(\"MobiMartTheme.PESAN_ICON\")"}[39m
[35m[HTTP][39m [37m<-- POST /wd/hub/session/00170f5b-a2f2-4d5e-b6d6-3c4a2f22821d/elements [39m[32m200[39m [90m78 ms - 12[39m
[35m[HTTP][39m [90m[39m
[35m[HTTP][39m [37m-->[39m [37mPOST[39m [37m/wd/hub/session/00170f5b-a2f2-4d5e-b6d6-3c4a2f22821d/elements[39m
[35m[HTTP][39m [90m{"using":"-android uiautomator","value":"new UiSelector().className(\"android.view.View\").text(\"MobiMartTheme.PESAN_ICON\")"}[39m
[35m[HTTP][39m [37m<-- POST /wd/hub/session/00170f5b-a2f2-4d5e-b6d6-3c4a2f22821d/elements [39m[32m200[39m [90m76 ms - 12[39m
[35m[HTTP][39m [90m[39m
[35m[HTTP][39m [37m-->[39m [37mPOST[39m [37m/wd/hub/session/00170f5b-a2f2-4d5e-b6d6-3c4a2f22821d/elements[39m
[35m[HTTP][39m [90m{"using":"-android uiautomator","value":"new UiSelector().className(\"android.view.View\").text(\"MobiMartTheme.PESAN_ICON\")"}[39m
[35m[HTTP][39m [37m<-- POST /wd/hub/session/00170f5b-a2f2-4d5e-b6d6-3c4a2f22821d/elements [39m[32m200[39m [90m68 ms - 12[39m
[35m[HTTP][39m [90m[39m
[35m[HTTP][39m [37m-->[39m [37mPOST[39m [37m/wd/hub/session/00170f5b-a2f2-4d5e-b6d6-3c4a2f22821d/elements[39m
[35m[HTTP][39m [90m{"using":"-android uiautomator","value":"new UiSelector().className(\"android.view.View\").text(\"MobiMartTheme.PESAN_ICON\")"}[39m
[35m[HTTP][39m [37m<-- POST /wd/hub/session/00170f5b-a2f2-4d5e-b6d6-3c4a2f22821d/elements [39m[32m200[39m [90m83 ms - 12[39m
[35m[HTTP][39m [90m[39m
[35m[HTTP][39m [37m-->[39m [37mPOST[39m [37m/wd/hub/session/00170f5b-a2f2-4d5e-b6d6-3c4a2f22821d/elements[39m
[35m[HTTP][39m [90m{"using":"-android uiautomator","value":"new UiSelector().className(\"android.view.View\").text(\"MobiMartTheme.PESAN_ICON\")"}[39m
[35m[HTTP][39m [37m<-- POST /wd/hub/session/00170f5b-a2f2-4d5e-b6d6-3c4a2f22821d/elements [39m[32m200[39m [90m1520 ms - 90[39m
[35m[HTTP][39m [90m[39m
[35m[HTTP][39m [37m-->[39m [37mGET[39m [37m/wd/hub/session/00170f5b-a2f2-4d5e-b6d6-3c4a2f22821d/element/2f4e74f3-65f0-4368-b2a8-1ebf10dc3e2c/location[39m
[35m[HTTP][39m [90m{}[39m
[35m[W3C][39m Driver proxy active, passing request on via HTTP proxy
[35m[JSONWP Proxy][39m Replacing sessionId ebd73074-af18-4f91-8ef6-71b01e0f74b1 with 00170f5b-a2f2-4d5e-b6d6-3c4a2f22821d
[35m[HTTP][39m [37m<-- GET /wd/hub/session/00170f5b-a2f2-4d5e-b6d6-3c4a2f22821d/element/2f4e74f3-65f0-4368-b2a8-1ebf10dc3e2c/location [39m[32m200[39m [90m91 ms - 89[39m
[35m[HTTP][39m [90m[39m
[35m[HTTP][39m [37m-->[39m [37mPOST[39m [37m/wd/hub/session/00170f5b-a2f2-4d5e-b6d6-3c4a2f22821d/timeouts[39m
[35m[HTTP][39m [90m{"implicit":30000}[39m
[35m[HTTP][39m [37m<-- POST /wd/hub/session/00170f5b-a2f2-4d5e-b6d6-3c4a2f22821d/timeouts [39m[32m200[39m [90m2 ms - 14[39m
[35m[HTTP][39m [90m[39m
[35m[HTTP][39m [37m-->[39m [37mPOST[39m [37m/wd/hub/session/00170f5b-a2f2-4d5e-b6d6-3c4a2f22821d/timeouts[39m
[35m[HTTP][39m [90m{"implicit":50}[39m
[35m[HTTP][39m [37m<-- POST /wd/hub/session/00170f5b-a2f2-4d5e-b6d6-3c4a2f22821d/timeouts [39m[32m200[39m [90m4 ms - 14[39m
[35m[HTTP][39m [90m[39m
[35m[HTTP][39m [37m-->[39m [37mGET[39m [37m/wd/hub/session/00170f5b-a2f2-4d5e-b6d6-3c4a2f22821d/window/rect[39m
[35m[HTTP][39m [90m{}[39m
[35m[HTTP][39m [37m<-- GET /wd/hub/session/00170f5b-a2f2-4d5e-b6d6-3c4a2f22821d/window/rect [39m[32m200[39m [90m39 ms - 50[39m
[35m[HTTP][39m [90m[39m
[35m[HTTP][39m [37m-->[39m [37mPOST[39m [37m/wd/hub/session/00170f5b-a2f2-4d5e-b6d6-3c4a2f22821d/elements[39m
[35m[HTTP][39m [90m{"using":"-android uiautomator","value":"new UiSelector().className(\"android.view.View\").text(\"MobiMartTheme.PESAN_ICON\")"}[39m
[35m[HTTP][39m [37m<-- POST /wd/hub/session/00170f5b-a2f2-4d5e-b6d6-3c4a2f22821d/elements [39m[32m200[39m [90m201 ms - 90[39m
[35m[HTTP][39m [90m[39m
[35m[HTTP][39m [37m-->[39m [37mGET[39m [37m/wd/hub/session/00170f5b-a2f2-4d5e-b6d6-3c4a2f22821d/element/a6ada320-6d07-4897-b6ff-956de6a2bbb8/location[39m
[35m[HTTP][39m [90m{}[39m
[35m[W3C][39m Driver proxy active, passing request on via HTTP proxy
[35m[JSONWP Proxy][39m Replacing sessionId ebd73074-af18-4f91-8ef6-71b01e0f74b1 with 00170f5b-a2f2-4d5e-b6d6-3c4a2f22821d
[35m[HTTP][39m [37m<-- GET /wd/hub/session/00170f5b-a2f2-4d5e-b6d6-3c4a2f22821d/element/a6ada320-6d07-4897-b6ff-956de6a2bbb8/location [39m[32m200[39m [90m81 ms - 89[39m
[35m[HTTP][39m [90m[39m
[35m[HTTP][39m [37m-->[39m [37mPOST[39m [37m/wd/hub/session/00170f5b-a2f2-4d5e-b6d6-3c4a2f22821d/timeouts[39m
[35m[HTTP][39m [90m{"implicit":30000}[39m
[35m[HTTP][39m [37m<-- POST /wd/hub/session/00170f5b-a2f2-4d5e-b6d6-3c4a2f22821d/timeouts [39m[32m200[39m [90m3 ms - 14[39m
[35m[HTTP][39m [90m[39m
[35m[HTTP][39m [37m-->[39m [37mPOST[39m [37m/wd/hub/session/00170f5b-a2f2-4d5e-b6d6-3c4a2f22821d/touch/perform[39m
[35m[HTTP][39m [90m{"actions":[{"action":"tap","options":{"x":1,"y":1,"element":"a6ada320-6d07-4897-b6ff-956de6a2bbb8"}},{"action":"release","options":{}}]}[39m
[35m[UiAutomator2][39m calling get location: a6ada320-6d07-4897-b6ff-956de6a2bbb8
[35m[HTTP][39m [37m<-- POST /wd/hub/session/00170f5b-a2f2-4d5e-b6d6-3c4a2f22821d/touch/perform [39m[32m200[39m [90m1997 ms - 14[39m
[35m[HTTP][39m [90m[39m
[35m[HTTP][39m [37m-->[39m [37mPOST[39m [37m/wd/hub/session/00170f5b-a2f2-4d5e-b6d6-3c4a2f22821d/timeouts[39m
[35m[HTTP][39m [90m{"implicit":50}[39m
[35m[HTTP][39m [37m<-- POST /wd/hub/session/00170f5b-a2f2-4d5e-b6d6-3c4a2f22821d/timeouts [39m[32m200[39m [90m3 ms - 14[39m
[35m[HTTP][39m [90m[39m
[35m[HTTP][39m [37m-->[39m [37mGET[39m [37m/wd/hub/session/00170f5b-a2f2-4d5e-b6d6-3c4a2f22821d/window/rect[39m
[35m[HTTP][39m [90m{}[39m
[35m[HTTP][39m [37m<-- GET /wd/hub/session/00170f5b-a2f2-4d5e-b6d6-3c4a2f22821d/window/rect [39m[32m200[39m [90m31 ms - 50[39m
[35m[HTTP][39m [90m[39m
[35m[HTTP][39m [37m-->[39m [37mPOST[39m [37m/wd/hub/session/00170f5b-a2f2-4d5e-b6d6-3c4a2f22821d/elements[39m
[35m[HTTP][39m [90m{"using":"-android uiautomator","value":"new UiSelector().className(\"android.view.View\").text(\"Daftar Sekarang!\")"}[39m
[35m[HTTP][39m [37m<-- POST /wd/hub/session/00170f5b-a2f2-4d5e-b6d6-3c4a2f22821d/elements [39m[32m200[39m [90m145 ms - 90[39m
[35m[HTTP][39m [90m[39m
[35m[HTTP][39m [37m-->[39m [37mGET[39m [37m/wd/hub/session/00170f5b-a2f2-4d5e-b6d6-3c4a2f22821d/element/01f8e3e2-1724-41f7-8067-6bc09617d7cd/location[39m
[35m[HTTP][39m [90m{}[39m
[35m[W3C][39m Driver proxy active, passing request on via HTTP proxy
[35m[JSONWP Proxy][39m Replacing sessionId ebd73074-af18-4f91-8ef6-71b01e0f74b1 with 00170f5b-a2f2-4d5e-b6d6-3c4a2f22821d
[35m[HTTP][39m [37m<-- GET /wd/hub/session/00170f5b-a2f2-4d5e-b6d6-3c4a2f22821d/element/01f8e3e2-1724-41f7-8067-6bc09617d7cd/location [39m[32m200[39m [90m73 ms - 90[39m
[35m[HTTP][39m [90m[39m
[35m[HTTP][39m [37m-->[39m [37mPOST[39m [37m/wd/hub/session/00170f5b-a2f2-4d5e-b6d6-3c4a2f22821d/timeouts[39m
[35m[HTTP][39m [90m{"implicit":30000}[39m
[35m[HTTP][39m [37m<-- POST /wd/hub/session/00170f5b-a2f2-4d5e-b6d6-3c4a2f22821d/timeouts [39m[32m200[39m [90m2 ms - 14[39m
[35m[HTTP][39m [90m[39m
[35m[HTTP][39m [37m-->[39m [37mPOST[39m [37m/wd/hub/session/00170f5b-a2f2-4d5e-b6d6-3c4a2f22821d/touch/perform[39m
[35m[HTTP][39m [90m{"actions":[{"action":"tap","options":{"x":1,"y":1,"element":"01f8e3e2-1724-41f7-8067-6bc09617d7cd"}},{"action":"release","options":{}}]}[39m
[35m[UiAutomator2][39m calling get location: 01f8e3e2-1724-41f7-8067-6bc09617d7cd
[35m[HTTP][39m [37m<-- POST /wd/hub/session/00170f5b-a2f2-4d5e-b6d6-3c4a2f22821d/touch/perform [39m[32m200[39m [90m1562 ms - 14[39m
[35m[HTTP][39m [90m[39m
[35m[HTTP][39m [37m-->[39m [37mPOST[39m [37m/wd/hub/session/00170f5b-a2f2-4d5e-b6d6-3c4a2f22821d/timeouts[39m
[35m[HTTP][39m [90m{"implicit":50}[39m
[35m[HTTP][39m [37m<-- POST /wd/hub/session/00170f5b-a2f2-4d5e-b6d6-3c4a2f22821d/timeouts [39m[32m200[39m [90m3 ms - 14[39m
[35m[HTTP][39m [90m[39m
[35m[HTTP][39m [37m-->[39m [37mGET[39m [37m/wd/hub/session/00170f5b-a2f2-4d5e-b6d6-3c4a2f22821d/window/rect[39m
[35m[HTTP][39m [90m{}[39m
[35m[HTTP][39m [37m<-- GET /wd/hub/session/00170f5b-a2f2-4d5e-b6d6-3c4a2f22821d/window/rect [39m[32m200[39m [90m34 ms - 50[39m
[35m[HTTP][39m [90m[39m
[35m[HTTP][39m [37m-->[39m [37mPOST[39m [37m/wd/hub/session/00170f5b-a2f2-4d5e-b6d6-3c4a2f22821d/elements[39m
[35m[HTTP][39m [90m{"using":"-android uiautomator","value":"new UiSelector().className(\"android.widget.EditText\").resourceId(\"b2-Input_Username\")"}[39m
[35m[HTTP][39m [37m<-- POST /wd/hub/session/00170f5b-a2f2-4d5e-b6d6-3c4a2f22821d/elements [39m[32m200[39m [90m201 ms - 90[39m
[35m[HTTP][39m [90m[39m
[35m[HTTP][39m [37m-->[39m [37mGET[39m [37m/wd/hub/session/00170f5b-a2f2-4d5e-b6d6-3c4a2f22821d/element/28bf7703-6b61-4bb1-b7f6-50cf7577324c/location[39m
[35m[HTTP][39m [90m{}[39m
[35m[W3C][39m Driver proxy active, passing request on via HTTP proxy
[35m[JSONWP Proxy][39m Replacing sessionId ebd73074-af18-4f91-8ef6-71b01e0f74b1 with 00170f5b-a2f2-4d5e-b6d6-3c4a2f22821d
[35m[HTTP][39m [37m<-- GET /wd/hub/session/00170f5b-a2f2-4d5e-b6d6-3c4a2f22821d/element/28bf7703-6b61-4bb1-b7f6-50cf7577324c/location [39m[32m200[39m [90m78 ms - 89[39m
[35m[HTTP][39m [90m[39m
[35m[HTTP][39m [37m-->[39m [37mPOST[39m [37m/wd/hub/session/00170f5b-a2f2-4d5e-b6d6-3c4a2f22821d/timeouts[39m
[35m[HTTP][39m [90m{"implicit":30000}[39m
[35m[HTTP][39m [37m<-- POST /wd/hub/session/00170f5b-a2f2-4d5e-b6d6-3c4a2f22821d/timeouts [39m[32m200[39m [90m2 ms - 14[39m
[35m[HTTP][39m [90m[39m
[35m[HTTP][39m [37m-->[39m [37mPOST[39m [37m/wd/hub/session/00170f5b-a2f2-4d5e-b6d6-3c4a2f22821d/element/28bf7703-6b61-4bb1-b7f6-50cf7577324c/clear[39m
[35m[HTTP][39m [90m{"id":"28bf7703-6b61-4bb1-b7f6-50cf7577324c"}[39m
[35m[HTTP][39m [37m<-- POST /wd/hub/session/00170f5b-a2f2-4d5e-b6d6-3c4a2f22821d/element/28bf7703-6b61-4bb1-b7f6-50cf7577324c/clear [39m[32m200[39m [90m77 ms - 27[39m
[35m[HTTP][39m [90m[39m
[35m[HTTP][39m [37m-->[39m [37mPOST[39m [37m/wd/hub/session/00170f5b-a2f2-4d5e-b6d6-3c4a2f22821d/element/28bf7703-6b61-4bb1-b7f6-50cf7577324c/value[39m
[35m[HTTP][39m [90m{"id":"28bf7703-6b61-4bb1-b7f6-50cf7577324c","text":"lieton27","value":["l","i","e","t","o","n","2","7"]}[39m
[35m[HTTP][39m [37m<-- POST /wd/hub/session/00170f5b-a2f2-4d5e-b6d6-3c4a2f22821d/element/28bf7703-6b61-4bb1-b7f6-50cf7577324c/value [39m[32m200[39m [90m921 ms - 12[39m
[35m[HTTP][39m [90m[39m
[35m[HTTP][39m [37m-->[39m [37mPOST[39m [37m/wd/hub/session/00170f5b-a2f2-4d5e-b6d6-3c4a2f22821d/timeouts[39m
[35m[HTTP][39m [90m{"implicit":50}[39m
[35m[HTTP][39m [37m<-- POST /wd/hub/session/00170f5b-a2f2-4d5e-b6d6-3c4a2f22821d/timeouts [39m[32m200[39m [90m4 ms - 14[39m
[35m[HTTP][39m [90m[39m
[35m[HTTP][39m [37m-->[39m [37mGET[39m [37m/wd/hub/session/00170f5b-a2f2-4d5e-b6d6-3c4a2f22821d/window/rect[39m
[35m[HTTP][39m [90m{}[39m
[35m[HTTP][39m [37m<-- GET /wd/hub/session/00170f5b-a2f2-4d5e-b6d6-3c4a2f22821d/window/rect [39m[32m200[39m [90m37 ms - 50[39m
[35m[HTTP][39m [90m[39m
[35m[HTTP][39m [37m-->[39m [37mPOST[39m [37m/wd/hub/session/00170f5b-a2f2-4d5e-b6d6-3c4a2f22821d/elements[39m
[35m[HTTP][39m [90m{"using":"-android uiautomator","value":"new UiSelector().className(\"android.widget.EditText\").resourceId(\"b2-Input_Nama\")"}[39m
[35m[HTTP][39m [37m<-- POST /wd/hub/session/00170f5b-a2f2-4d5e-b6d6-3c4a2f22821d/elements [39m[32m200[39m [90m593 ms - 90[39m
[35m[HTTP][39m [90m[39m
[35m[HTTP][39m [37m-->[39m [37mGET[39m [37m/wd/hub/session/00170f5b-a2f2-4d5e-b6d6-3c4a2f22821d/element/57c3b32b-8791-4346-b43d-b9c88977b184/location[39m
[35m[HTTP][39m [90m{}[39m
[35m[W3C][39m Driver proxy active, passing request on via HTTP proxy
[35m[JSONWP Proxy][39m Replacing sessionId ebd73074-af18-4f91-8ef6-71b01e0f74b1 with 00170f5b-a2f2-4d5e-b6d6-3c4a2f22821d
[35m[HTTP][39m [37m<-- GET /wd/hub/session/00170f5b-a2f2-4d5e-b6d6-3c4a2f22821d/element/57c3b32b-8791-4346-b43d-b9c88977b184/location [39m[32m200[39m [90m70 ms - 89[39m
[35m[HTTP][39m [90m[39m
[35m[HTTP][39m [37m-->[39m [37mPOST[39m [37m/wd/hub/session/00170f5b-a2f2-4d5e-b6d6-3c4a2f22821d/timeouts[39m
[35m[HTTP][39m [90m{"implicit":30000}[39m
[35m[HTTP][39m [37m<-- POST /wd/hub/session/00170f5b-a2f2-4d5e-b6d6-3c4a2f22821d/timeouts [39m[32m200[39m [90m2 ms - 14[39m
[35m[HTTP][39m [90m[39m
[35m[HTTP][39m [37m-->[39m [37mPOST[39m [37m/wd/hub/session/00170f5b-a2f2-4d5e-b6d6-3c4a2f22821d/element/57c3b32b-8791-4346-b43d-b9c88977b184/clear[39m
[35m[HTTP][39m [90m{"id":"57c3b32b-8791-4346-b43d-b9c88977b184"}[39m
[35m[HTTP][39m [37m<-- POST /wd/hub/session/00170f5b-a2f2-4d5e-b6d6-3c4a2f22821d/element/57c3b32b-8791-4346-b43d-b9c88977b184/clear [39m[32m200[39m [90m66 ms - 27[39m
[35m[HTTP][39m [90m[39m
[35m[HTTP][39m [37m-->[39m [37mPOST[39m [37m/wd/hub/session/00170f5b-a2f2-4d5e-b6d6-3c4a2f22821d/element/57c3b32b-8791-4346-b43d-b9c88977b184/value[39m
[35m[HTTP][39m [90m{"id":"57c3b32b-8791-4346-b43d-b9c88977b184","text":"Hartono Rusli","value":["H","a","r","t","o","n","o"," ","R","u","s","l","i"]}[39m
[35m[HTTP][39m [37m<-- POST /wd/hub/session/00170f5b-a2f2-4d5e-b6d6-3c4a2f22821d/element/57c3b32b-8791-4346-b43d-b9c88977b184/value [39m[32m200[39m [90m1408 ms - 12[39m
[35m[HTTP][39m [90m[39m
[35m[HTTP][39m [37m-->[39m [37mPOST[39m [37m/wd/hub/session/00170f5b-a2f2-4d5e-b6d6-3c4a2f22821d/timeouts[39m
[35m[HTTP][39m [90m{"implicit":50}[39m
[35m[HTTP][39m [37m<-- POST /wd/hub/session/00170f5b-a2f2-4d5e-b6d6-3c4a2f22821d/timeouts [39m[32m200[39m [90m4 ms - 14[39m
[35m[HTTP][39m [90m[39m
[35m[HTTP][39m [37m-->[39m [37mGET[39m [37m/wd/hub/session/00170f5b-a2f2-4d5e-b6d6-3c4a2f22821d/window/rect[39m
[35m[HTTP][39m [90m{}[39m
[35m[HTTP][39m [37m<-- GET /wd/hub/session/00170f5b-a2f2-4d5e-b6d6-3c4a2f22821d/window/rect [39m[32m200[39m [90m32 ms - 50[39m
[35m[HTTP][39m [90m[39m
[35m[HTTP][39m [37m-->[39m [37mPOST[39m [37m/wd/hub/session/00170f5b-a2f2-4d5e-b6d6-3c4a2f22821d/elements[39m
[35m[HTTP][39m [90m{"using":"-android uiautomator","value":"new UiSelector().className(\"android.widget.EditText\").resourceId(\"b2-Input_Email\")"}[39m
[35m[HTTP][39m [37m<-- POST /wd/hub/session/00170f5b-a2f2-4d5e-b6d6-3c4a2f22821d/elements [39m[32m200[39m [90m576 ms - 90[39m
[35m[HTTP][39m [90m[39m
[35m[HTTP][39m [37m-->[39m [37mGET[39m [37m/wd/hub/session/00170f5b-a2f2-4d5e-b6d6-3c4a2f22821d/element/5a3cdc54-f862-4bff-8e8c-675d354120b9/location[39m
[35m[HTTP][39m [90m{}[39m
[35m[W3C][39m Driver proxy active, passing request on via HTTP proxy
[35m[JSONWP Proxy][39m Replacing sessionId ebd73074-af18-4f91-8ef6-71b01e0f74b1 with 00170f5b-a2f2-4d5e-b6d6-3c4a2f22821d
[35m[HTTP][39m [37m<-- GET /wd/hub/session/00170f5b-a2f2-4d5e-b6d6-3c4a2f22821d/element/5a3cdc54-f862-4bff-8e8c-675d354120b9/location [39m[32m200[39m [90m68 ms - 89[39m
[35m[HTTP][39m [90m[39m
[35m[HTTP][39m [37m-->[39m [37mPOST[39m [37m/wd/hub/session/00170f5b-a2f2-4d5e-b6d6-3c4a2f22821d/timeouts[39m
[35m[HTTP][39m [90m{"implicit":30000}[39m
[35m[HTTP][39m [37m<-- POST /wd/hub/session/00170f5b-a2f2-4d5e-b6d6-3c4a2f22821d/timeouts [39m[32m200[39m [90m2 ms - 14[39m
[35m[HTTP][39m [90m[39m
[35m[HTTP][39m [37m-->[39m [37mPOST[39m [37m/wd/hub/session/00170f5b-a2f2-4d5e-b6d6-3c4a2f22821d/element/5a3cdc54-f862-4bff-8e8c-675d354120b9/clear[39m
[35m[HTTP][39m [90m{"id":"5a3cdc54-f862-4bff-8e8c-675d354120b9"}[39m
[35m[HTTP][39m [37m<-- POST /wd/hub/session/00170f5b-a2f2-4d5e-b6d6-3c4a2f22821d/element/5a3cdc54-f862-4bff-8e8c-675d354120b9/clear [39m[32m200[39m [90m78 ms - 27[39m
[35m[HTTP][39m [90m[39m
[35m[HTTP][39m [37m-->[39m [37mPOST[39m [37m/wd/hub/session/00170f5b-a2f2-4d5e-b6d6-3c4a2f22821d/element/5a3cdc54-f862-4bff-8e8c-675d354120b9/value[39m
[35m[HTTP][39m [90m{"id":"5a3cdc54-f862-4bff-8e8c-675d354120b9","text":"applicationtester77@gmail.com","value":["a","p","p","l","i","c","a","t","i","o","n","t","e","s","t","e","r","7","7","@","g","m","a","i","l",".","c","o","m"]}[39m
[35m[HTTP][39m [37m<-- POST /wd/hub/session/00170f5b-a2f2-4d5e-b6d6-3c4a2f22821d/element/5a3cdc54-f862-4bff-8e8c-675d354120b9/value [39m[32m200[39m [90m866 ms - 12[39m
[35m[HTTP][39m [90m[39m
[35m[HTTP][39m [37m-->[39m [37mPOST[39m [37m/wd/hub/session/00170f5b-a2f2-4d5e-b6d6-3c4a2f22821d/timeouts[39m
[35m[HTTP][39m [90m{"implicit":50}[39m
[35m[HTTP][39m [37m<-- POST /wd/hub/session/00170f5b-a2f2-4d5e-b6d6-3c4a2f22821d/timeouts [39m[32m200[39m [90m4 ms - 14[39m
[35m[HTTP][39m [90m[39m
[35m[HTTP][39m [37m-->[39m [37mGET[39m [37m/wd/hub/session/00170f5b-a2f2-4d5e-b6d6-3c4a2f22821d/window/rect[39m
[35m[HTTP][39m [90m{}[39m
[35m[HTTP][39m [37m<-- GET /wd/hub/session/00170f5b-a2f2-4d5e-b6d6-3c4a2f22821d/window/rect [39m[32m200[39m [90m80 ms - 50[39m
[35m[HTTP][39m [90m[39m
[35m[HTTP][39m [37m-->[39m [37mPOST[39m [37m/wd/hub/session/00170f5b-a2f2-4d5e-b6d6-3c4a2f22821d/elements[39m
[35m[HTTP][39m [90m{"using":"-android uiautomator","value":"new UiSelector().className(\"android.widget.EditText\").resourceId(\"b2-Input_Password\")"}[39m
[35m[HTTP][39m [37m<-- POST /wd/hub/session/00170f5b-a2f2-4d5e-b6d6-3c4a2f22821d/elements [39m[32m200[39m [90m550 ms - 90[39m
[35m[HTTP][39m [90m[39m
[35m[HTTP][39m [37m-->[39m [37mGET[39m [37m/wd/hub/session/00170f5b-a2f2-4d5e-b6d6-3c4a2f22821d/element/6532e8a1-67be-4c69-bca1-2bbcab5c0241/location[39m
[35m[HTTP][39m [90m{}[39m
[35m[W3C][39m Driver proxy active, passing request on via HTTP proxy
[35m[JSONWP Proxy][39m Replacing sessionId ebd73074-af18-4f91-8ef6-71b01e0f74b1 with 00170f5b-a2f2-4d5e-b6d6-3c4a2f22821d
[35m[HTTP][39m [37m<-- GET /wd/hub/session/00170f5b-a2f2-4d5e-b6d6-3c4a2f22821d/element/6532e8a1-67be-4c69-bca1-2bbcab5c0241/location [39m[32m200[39m [90m60 ms - 90[39m
[35m[HTTP][39m [90m[39m
[35m[HTTP][39m [37m-->[39m [37mPOST[39m [37m/wd/hub/session/00170f5b-a2f2-4d5e-b6d6-3c4a2f22821d/timeouts[39m
[35m[HTTP][39m [90m{"implicit":30000}[39m
[35m[HTTP][39m [37m<-- POST /wd/hub/session/00170f5b-a2f2-4d5e-b6d6-3c4a2f22821d/timeouts [39m[32m200[39m [90m2 ms - 14[39m
[35m[HTTP][39m [90m[39m
[35m[HTTP][39m [37m-->[39m [37mPOST[39m [37m/wd/hub/session/00170f5b-a2f2-4d5e-b6d6-3c4a2f22821d/element/6532e8a1-67be-4c69-bca1-2bbcab5c0241/clear[39m
[35m[HTTP][39m [90m{"id":"6532e8a1-67be-4c69-bca1-2bbcab5c0241"}[39m
[35m[HTTP][39m [37m<-- POST /wd/hub/session/00170f5b-a2f2-4d5e-b6d6-3c4a2f22821d/element/6532e8a1-67be-4c69-bca1-2bbcab5c0241/clear [39m[32m200[39m [90m66 ms - 27[39m
[35m[HTTP][39m [90m[39m
[35m[HTTP][39m [37m-->[39m [37mPOST[39m [37m/wd/hub/session/00170f5b-a2f2-4d5e-b6d6-3c4a2f22821d/element/6532e8a1-67be-4c69-bca1-2bbcab5c0241/value[39m
[35m[HTTP][39m [90m{"id":"6532e8a1-67be-4c69-bca1-2bbcab5c0241","text":"applicationtester","value":["a","p","p","l","i","c","a","t","i","o","n","t","e","s","t","e","r"]}[39m
[35m[HTTP][39m [37m<-- POST /wd/hub/session/00170f5b-a2f2-4d5e-b6d6-3c4a2f22821d/element/6532e8a1-67be-4c69-bca1-2bbcab5c0241/value [39m[32m200[39m [90m908 ms - 12[39m
[35m[HTTP][39m [90m[39m
[35m[HTTP][39m [37m-->[39m [37mPOST[39m [37m/wd/hub/session/00170f5b-a2f2-4d5e-b6d6-3c4a2f22821d/timeouts[39m
[35m[HTTP][39m [90m{"implicit":50}[39m
[35m[HTTP][39m [37m<-- POST /wd/hub/session/00170f5b-a2f2-4d5e-b6d6-3c4a2f22821d/timeouts [39m[32m200[39m [90m3 ms - 14[39m
[35m[HTTP][39m [90m[39m
[35m[HTTP][39m [37m-->[39m [37mGET[39m [37m/wd/hub/session/00170f5b-a2f2-4d5e-b6d6-3c4a2f22821d/window/rect[39m
[35m[HTTP][39m [90m{}[39m
[35m[HTTP][39m [37m<-- GET /wd/hub/session/00170f5b-a2f2-4d5e-b6d6-3c4a2f22821d/window/rect [39m[32m200[39m [90m37 ms - 50[39m
[35m[HTTP][39m [90m[39m
[35m[HTTP][39m [37m-->[39m [37mPOST[39m [37m/wd/hub/session/00170f5b-a2f2-4d5e-b6d6-3c4a2f22821d/elements[39m
[35m[HTTP][39m [90m{"using":"-android uiautomator","value":"new UiSelector().className(\"android.widget.EditText\").resourceId(\"b2-Input_KonfirmasiPassword\")"}[39m
[35m[HTTP][39m [37m<-- POST /wd/hub/session/00170f5b-a2f2-4d5e-b6d6-3c4a2f22821d/elements [39m[32m200[39m [90m595 ms - 90[39m
[35m[HTTP][39m [90m[39m
[35m[HTTP][39m [37m-->[39m [37mGET[39m [37m/wd/hub/session/00170f5b-a2f2-4d5e-b6d6-3c4a2f22821d/element/1e251486-69f2-4132-8b96-499eded022e6/location[39m
[35m[HTTP][39m [90m{}[39m
[35m[W3C][39m Driver proxy active, passing request on via HTTP proxy
[35m[JSONWP Proxy][39m Replacing sessionId ebd73074-af18-4f91-8ef6-71b01e0f74b1 with 00170f5b-a2f2-4d5e-b6d6-3c4a2f22821d
[35m[HTTP][39m [37m<-- GET /wd/hub/session/00170f5b-a2f2-4d5e-b6d6-3c4a2f22821d/element/1e251486-69f2-4132-8b96-499eded022e6/location [39m[32m200[39m [90m67 ms - 90[39m
[35m[HTTP][39m [90m[39m
[35m[HTTP][39m [37m-->[39m [37mPOST[39m [37m/wd/hub/session/00170f5b-a2f2-4d5e-b6d6-3c4a2f22821d/timeouts[39m
[35m[HTTP][39m [90m{"implicit":30000}[39m
[35m[HTTP][39m [37m<-- POST /wd/hub/session/00170f5b-a2f2-4d5e-b6d6-3c4a2f22821d/timeouts [39m[32m200[39m [90m3 ms - 14[39m
[35m[HTTP][39m [90m[39m
[35m[HTTP][39m [37m-->[39m [37mPOST[39m [37m/wd/hub/session/00170f5b-a2f2-4d5e-b6d6-3c4a2f22821d/element/1e251486-69f2-4132-8b96-499eded022e6/clear[39m
[35m[HTTP][39m [90m{"id":"1e251486-69f2-4132-8b96-499eded022e6"}[39m
[35m[HTTP][39m [37m<-- POST /wd/hub/session/00170f5b-a2f2-4d5e-b6d6-3c4a2f22821d/element/1e251486-69f2-4132-8b96-499eded022e6/clear [39m[32m200[39m [90m66 ms - 27[39m
[35m[HTTP][39m [90m[39m
[35m[HTTP][39m [37m-->[39m [37mPOST[39m [37m/wd/hub/session/00170f5b-a2f2-4d5e-b6d6-3c4a2f22821d/element/1e251486-69f2-4132-8b96-499eded022e6/value[39m
[35m[HTTP][39m [90m{"id":"1e251486-69f2-4132-8b96-499eded022e6","text":"applicationtester","value":["a","p","p","l","i","c","a","t","i","o","n","t","e","s","t","e","r"]}[39m
[35m[HTTP][39m [37m<-- POST /wd/hub/session/00170f5b-a2f2-4d5e-b6d6-3c4a2f22821d/element/1e251486-69f2-4132-8b96-499eded022e6/value [39m[32m200[39m [90m811 ms - 12[39m
[35m[HTTP][39m [90m[39m
[35m[HTTP][39m [37m-->[39m [37mPOST[39m [37m/wd/hub/session/00170f5b-a2f2-4d5e-b6d6-3c4a2f22821d/timeouts[39m
[35m[HTTP][39m [90m{"implicit":50}[39m
[35m[HTTP][39m [37m<-- POST /wd/hub/session/00170f5b-a2f2-4d5e-b6d6-3c4a2f22821d/timeouts [39m[32m200[39m [90m4 ms - 14[39m
[35m[HTTP][39m [90m[39m
[35m[HTTP][39m [37m-->[39m [37mGET[39m [37m/wd/hub/session/00170f5b-a2f2-4d5e-b6d6-3c4a2f22821d/window/rect[39m
[35m[HTTP][39m [90m{}[39m
[35m[HTTP][39m [37m<-- GET /wd/hub/session/00170f5b-a2f2-4d5e-b6d6-3c4a2f22821d/window/rect [39m[32m200[39m [90m37 ms - 50[39m
[35m[HTTP][39m [90m[39m
[35m[HTTP][39m [37m-->[39m [37mPOST[39m [37m/wd/hub/session/00170f5b-a2f2-4d5e-b6d6-3c4a2f22821d/elements[39m
[35m[HTTP][39m [90m{"using":"-android uiautomator","value":"new UiSelector().className(\"android.widget.EditText\").resourceId(\"b2-Input_Phone\")"}[39m
[35m[HTTP][39m [37m<-- POST /wd/hub/session/00170f5b-a2f2-4d5e-b6d6-3c4a2f22821d/elements [39m[32m200[39m [90m568 ms - 90[39m
[35m[HTTP][39m [90m[39m
[35m[HTTP][39m [37m-->[39m [37mGET[39m [37m/wd/hub/session/00170f5b-a2f2-4d5e-b6d6-3c4a2f22821d/element/4fac2daa-f22d-42e3-a0eb-c270531afc40/location[39m
[35m[HTTP][39m [90m{}[39m
[35m[W3C][39m Driver proxy active, passing request on via HTTP proxy
[35m[JSONWP Proxy][39m Replacing sessionId ebd73074-af18-4f91-8ef6-71b01e0f74b1 with 00170f5b-a2f2-4d5e-b6d6-3c4a2f22821d
[35m[HTTP][39m [37m<-- GET /wd/hub/session/00170f5b-a2f2-4d5e-b6d6-3c4a2f22821d/element/4fac2daa-f22d-42e3-a0eb-c270531afc40/location [39m[32m200[39m [90m64 ms - 90[39m
[35m[HTTP][39m [90m[39m
[35m[HTTP][39m [37m-->[39m [37mPOST[39m [37m/wd/hub/session/00170f5b-a2f2-4d5e-b6d6-3c4a2f22821d/timeouts[39m
[35m[HTTP][39m [90m{"implicit":30000}[39m
[35m[HTTP][39m [37m<-- POST /wd/hub/session/00170f5b-a2f2-4d5e-b6d6-3c4a2f22821d/timeouts [39m[32m200[39m [90m2 ms - 14[39m
[35m[HTTP][39m [90m[39m
[35m[HTTP][39m [37m-->[39m [37mPOST[39m [37m/wd/hub/session/00170f5b-a2f2-4d5e-b6d6-3c4a2f22821d/element/4fac2daa-f22d-42e3-a0eb-c270531afc40/clear[39m
[35m[HTTP][39m [90m{"id":"4fac2daa-f22d-42e3-a0eb-c270531afc40"}[39m
[35m[HTTP][39m [37m<-- POST /wd/hub/session/00170f5b-a2f2-4d5e-b6d6-3c4a2f22821d/element/4fac2daa-f22d-42e3-a0eb-c270531afc40/clear [39m[32m200[39m [90m63 ms - 27[39m
[35m[HTTP][39m [90m[39m
[35m[HTTP][39m [37m-->[39m [37mPOST[39m [37m/wd/hub/session/00170f5b-a2f2-4d5e-b6d6-3c4a2f22821d/element/4fac2daa-f22d-42e3-a0eb-c270531afc40/value[39m
[35m[HTTP][39m [90m{"id":"4fac2daa-f22d-42e3-a0eb-c270531afc40","text":"082297476950","value":["0","8","2","2","9","7","4","7","6","9","5","0"]}[39m
[35m[HTTP][39m [37m<-- POST /wd/hub/session/00170f5b-a2f2-4d5e-b6d6-3c4a2f22821d/element/4fac2daa-f22d-42e3-a0eb-c270531afc40/value [39m[32m200[39m [90m843 ms - 12[39m
[35m[HTTP][39m [90m[39m
[35m[HTTP][39m [37m-->[39m [37mPOST[39m [37m/wd/hub/session/00170f5b-a2f2-4d5e-b6d6-3c4a2f22821d/timeouts[39m
[35m[HTTP][39m [90m{"implicit":50}[39m
[35m[HTTP][39m [37m<-- POST /wd/hub/session/00170f5b-a2f2-4d5e-b6d6-3c4a2f22821d/timeouts [39m[32m200[39m [90m5 ms - 14[39m
[35m[HTTP][39m [90m[39m
[35m[HTTP][39m [37m-->[39m [37mGET[39m [37m/wd/hub/session/00170f5b-a2f2-4d5e-b6d6-3c4a2f22821d/window/rect[39m
[35m[HTTP][39m [90m{}[39m
[35m[HTTP][39m [37m<-- GET /wd/hub/session/00170f5b-a2f2-4d5e-b6d6-3c4a2f22821d/window/rect [39m[32m200[39m [90m34 ms - 50[39m
[35m[HTTP][39m [90m[39m
[35m[HTTP][39m [37m-->[39m [37mPOST[39m [37m/wd/hub/session/00170f5b-a2f2-4d5e-b6d6-3c4a2f22821d/elements[39m
[35m[HTTP][39m [90m{"using":"-android uiautomator","value":"new UiSelector().className(\"android.widget.Button\").text(\"Daftar\")"}[39m
[35m[HTTP][39m [37m<-- POST /wd/hub/session/00170f5b-a2f2-4d5e-b6d6-3c4a2f22821d/elements [39m[32m200[39m [90m591 ms - 90[39m
[35m[HTTP][39m [90m[39m
[35m[HTTP][39m [37m-->[39m [37mGET[39m [37m/wd/hub/session/00170f5b-a2f2-4d5e-b6d6-3c4a2f22821d/element/9c197ab1-ecd7-48e3-9efc-ae0f340759f0/location[39m
[35m[HTTP][39m [90m{}[39m
[35m[W3C][39m Driver proxy active, passing request on via HTTP proxy
[35m[JSONWP Proxy][39m Replacing sessionId ebd73074-af18-4f91-8ef6-71b01e0f74b1 with 00170f5b-a2f2-4d5e-b6d6-3c4a2f22821d
[35m[HTTP][39m [37m<-- GET /wd/hub/session/00170f5b-a2f2-4d5e-b6d6-3c4a2f22821d/element/9c197ab1-ecd7-48e3-9efc-ae0f340759f0/location [39m[32m200[39m [90m65 ms - 90[39m
[35m[HTTP][39m [90m[39m
[35m[HTTP][39m [37m-->[39m [37mPOST[39m [37m/wd/hub/session/00170f5b-a2f2-4d5e-b6d6-3c4a2f22821d/timeouts[39m
[35m[HTTP][39m [90m{"implicit":30000}[39m
[35m[HTTP][39m [37m<-- POST /wd/hub/session/00170f5b-a2f2-4d5e-b6d6-3c4a2f22821d/timeouts [39m[32m200[39m [90m2 ms - 14[39m
[35m[HTTP][39m [90m[39m
[35m[HTTP][39m [37m-->[39m [37mPOST[39m [37m/wd/hub/session/00170f5b-a2f2-4d5e-b6d6-3c4a2f22821d/touch/perform[39m
[35m[HTTP][39m [90m{"actions":[{"action":"tap","options":{"x":1,"y":1,"element":"9c197ab1-ecd7-48e3-9efc-ae0f340759f0"}},{"action":"release","options":{}}]}[39m
[35m[UiAutomator2][39m calling get location: 9c197ab1-ecd7-48e3-9efc-ae0f340759f0
[35m[HTTP][39m [37m<-- POST /wd/hub/session/00170f5b-a2f2-4d5e-b6d6-3c4a2f22821d/touch/perform [39m[32m200[39m [90m860 ms - 14[39m
[35m[HTTP][39m [90m[39m
[35m[HTTP][39m [37m-->[39m [37mDELETE[39m [37m/wd/hub/session/00170f5b-a2f2-4d5e-b6d6-3c4a2f22821d[39m
[35m[HTTP][39m [90m{}[39m
[35m[Appium][39m Removing session 00170f5b-a2f2-4d5e-b6d6-3c4a2f22821d from our master session list
[35m[ADB][39m com.outsystemsenterprise.acctst1.ACCMart was successfully uninstalled
[35m[HTTP][39m [37m<-- DELETE /wd/hub/session/00170f5b-a2f2-4d5e-b6d6-3c4a2f22821d [39m[32m200[39m [90m2826 ms - 14[39m
[35m[HTTP][39m [90m[39m
