[35m[Appium][39m Welcome to Appium v1.8.1
[35m[Appium][39m Non-default server args:
[35m[Appium][39m   port: 52529
[35m[Appium][39m   loglevel: info
[35m[Appium][39m   chromeDriverPort: 52530
[35m[Appium][39m   tmpDir: C:\Users\lieto\AppData\Local\Temp\\Katalon\Appium\Temp1565872286294
[35m[Appium][39m Appium REST http interface listener started on 0.0.0.0:52529
[35m[HTTP][39m [37m-->[39m [37mGET[39m [37m/wd/hub/status[39m
[35m[HTTP][39m [90m{}[39m
[35m[HTTP][39m [37m<-- GET /wd/hub/status [39m[32m200[39m [90m13 ms - 83[39m
[35m[HTTP][39m [90m[39m
[35m[HTTP][39m [37m-->[39m [37mPOST[39m [37m/wd/hub/session[39m
[35m[HTTP][39m [90m{"desiredCapabilities":{"app":"D:\\State's Secret\\Internsheeepppppp\\Project\\accmart.apk","noReset":false,"newCommandTimeout":1800,"platformVersion":"9","automationName":"uiautomator2","autoGrantPermissions":true,"platformName":"Android","udid":"32008eeec002a5eb","deviceName":"samsung SM-A750GN (Android 9)","fullReset":true,"platform":"ANDROID"},"capabilities":{"firstMatch":[{"appium:app":"D:\\State's Secret\\Internsheeepppppp\\Project\\accmart.apk","appium:autoGrantPermissions":true,"appium:automationName":"uiautomator2","appium:deviceName":"samsung SM-A750GN (Android 9)","appium:fullReset":true,"appium:newCommandTimeout":1800,"appium:noReset":false,"platform":"ANDROID","platformName":"android","appium:platformVersion":"9","appium:udid":"32008eeec002a5eb"}]}}[39m
[35m[BaseDriver][39m The capabilities ["platform"] are not standard capabilities and should have an extension prefix
[35m[Appium][39m Creating new AndroidUiautomator2Driver (v1.12.0) session
[35m[Appium][39m Capabilities:
[35m[Appium][39m   platform: ANDROID
[35m[Appium][39m   platformName: android
[35m[Appium][39m   app: D:\State's Secret\Internsheeepppppp\Project\accmart.apk
[35m[Appium][39m   autoGrantPermissions: true
[35m[Appium][39m   automationName: uiautomator2
[35m[Appium][39m   deviceName: samsung SM-A750GN (Android 9)
[35m[Appium][39m   fullReset: true
[35m[Appium][39m   newCommandTimeout: 1800
[35m[Appium][39m   noReset: false
[35m[Appium][39m   platformVersion: 9
[35m[Appium][39m   udid: 32008eeec002a5eb
[35m[BaseDriver][39m The following capabilities were provided, but are not recognized by appium: platform.
[35m[BaseDriver][39m Session created with session id: 62288c73-4c71-454f-b3ec-43b00b204383
[35m[BaseDriver][39m Using local app 'D:\State's Secret\Internsheeepppppp\Project\accmart.apk'
[35m[AndroidDriver][39m Java version is: 1.8.0_181
[35m[ADB][39m Checking whether adb is present
[35m[ADB][39m Found 1 'build-tools' folders under 'C:\Users\lieto\.katalon\tools\android_sdk' (newest first):
[35m[ADB][39m     C:/Users/lieto/.katalon/tools/android_sdk/build-tools/29.0.2
[35m[ADB][39m Using adb.exe from C:\Users\lieto\.katalon\tools\android_sdk\platform-tools\adb.exe
[35m[AndroidDriver][39m Retrieving device list
[35m[AndroidDriver][39m Using device: 32008eeec002a5eb
[35m[ADB][39m Using the alternative activity name detection method because of: Could not find apkanalyzer.bat in C:\Users\lieto\.katalon\tools\android_sdk\platform-tools\apkanalyzer.bat,C:\Users\lieto\.katalon\tools\android_sdk\emulator\apkanalyzer.bat,C:\Users\lieto\.katalon\tools\android_sdk\tools\apkanalyzer.bat,C:\Users\lieto\.katalon\tools\android_sdk\tools\bin\apkanalyzer.bat,C:\Users\lieto\.katalon\tools\android_sdk\build-tools\29.0.2\apkanalyzer.bat. Do you have the Android SDK installed at 'C:\Users\lieto\.katalon\tools\android_sdk'?
[35m[ADB][39m Checking whether aapt is present
[35m[ADB][39m Using aapt.exe from C:\Users\lieto\.katalon\tools\android_sdk\build-tools\29.0.2\aapt.exe
[35m[ADB][39m Extracting package and launch activity from manifest
[35m[ADB][39m Package name: 'com.outsystemsenterprise.acctst1.ACCMart'
[35m[ADB][39m Main activity name: 'com.outsystemsenterprise.acctst1.ACCMart.MainActivity'
[35m[ADB][39m Getting device platform version
[35m[ADB][39m Using apksigner.bat from C:\Users\lieto\.katalon\tools\android_sdk\build-tools\29.0.2\apksigner.bat
[35m[ADB][39m Cannot read version codes of 'C:\Users\lieto\AppData\Roaming\npm\node_modules\appium\node_modules\appium-uiautomator2-server\apks\appium-uiautomator2-server-debug-androidTest.apk' and/or 'io.appium.uiautomator2.server.test'
[35m[ADB][39m Cannot read version names of 'C:\Users\lieto\AppData\Roaming\npm\node_modules\appium\node_modules\appium-uiautomator2-server\apks\appium-uiautomator2-server-debug-androidTest.apk' and/or 'io.appium.uiautomator2.server.test'. Assuming correct app version is already installed
[35m[AndroidDriver][39m setDeviceLanguageCountry requires language or country.
[35m[AndroidDriver][39m Got language: 'null' and country: 'null'
[35m[ADB][39m Successfully extracted 43 strings from 'D:\State's Secret\Internsheeepppppp\Project\accmart.apk' resources for '(default)' configuration
[35m[ADB][39m com.outsystemsenterprise.acctst1.ACCMart was not uninstalled, because it was not present on the device
[35m[UiAutomator2][39m Starting uiautomator2 server 1.12.0
[35m[UiAutomator2][39m Using UIAutomator2 server from 'C:\Users\lieto\AppData\Roaming\npm\node_modules\appium\node_modules\appium-uiautomator2-server\apks\appium-uiautomator2-server-v1.12.0.apk' and test from 'C:\Users\lieto\AppData\Roaming\npm\node_modules\appium\node_modules\appium-uiautomator2-server\apks\appium-uiautomator2-server-debug-androidTest.apk'
[35m[UiAutomator2][39m Running command: 'adb -s 32008eeec002a5eb shell am instrument -w io.appium.uiautomator2.server.test/android.support.test.runner.AndroidJUnitRunner'
[35m[UiAutomator2][39m Waiting up to 20000ms for UiAutomator2 to be online...
[35m[AndroidDriver][39m Screen already unlocked, doing nothing
[35m[UiAutomator2][39m UiAutomator2 did not start the activity we were waiting for, 'com.outsystemsenterprise.acctst1.ACCMart/com.outsystemsenterprise.acctst1.ACCMart.MainActivity'. Starting it ourselves
[35m[Appium][39m New AndroidUiautomator2Driver session created successfully, session 62288c73-4c71-454f-b3ec-43b00b204383 added to master session list
[35m[HTTP][39m [37m<-- POST /wd/hub/session [39m[32m200[39m [90m35750 ms - 1225[39m
[35m[HTTP][39m [90m[39m
[35m[HTTP][39m [37m-->[39m [37mGET[39m [37m/wd/hub/session/62288c73-4c71-454f-b3ec-43b00b204383[39m
[35m[HTTP][39m [90m{}[39m
[35m[HTTP][39m [37m<-- GET /wd/hub/session/62288c73-4c71-454f-b3ec-43b00b204383 [39m[32m200[39m [90m66 ms - 1157[39m
[35m[HTTP][39m [90m[39m
[35m[HTTP][39m [37m-->[39m [37mGET[39m [37m/wd/hub/session/62288c73-4c71-454f-b3ec-43b00b204383[39m
[35m[HTTP][39m [90m{}[39m
[35m[HTTP][39m [37m<-- GET /wd/hub/session/62288c73-4c71-454f-b3ec-43b00b204383 [39m[32m200[39m [90m53 ms - 1157[39m
[35m[HTTP][39m [90m[39m
[35m[HTTP][39m [37m-->[39m [37mGET[39m [37m/wd/hub/status[39m
[35m[HTTP][39m [90m{}[39m
[35m[HTTP][39m [37m<-- GET /wd/hub/status [39m[32m200[39m [90m9 ms - 55[39m
[35m[HTTP][39m [90m[39m
[35m[HTTP][39m [37m-->[39m [37mPOST[39m [37m/wd/hub/session/62288c73-4c71-454f-b3ec-43b00b204383/timeouts[39m
[35m[HTTP][39m [90m{"implicit":30000}[39m
[35m[HTTP][39m [37m<-- POST /wd/hub/session/62288c73-4c71-454f-b3ec-43b00b204383/timeouts [39m[32m200[39m [90m11 ms - 14[39m
[35m[HTTP][39m [90m[39m
[35m[HTTP][39m [37m-->[39m [37mPOST[39m [37m/wd/hub/session/62288c73-4c71-454f-b3ec-43b00b204383/timeouts[39m
[35m[HTTP][39m [90m{"implicit":50}[39m
[35m[HTTP][39m [37m<-- POST /wd/hub/session/62288c73-4c71-454f-b3ec-43b00b204383/timeouts [39m[32m200[39m [90m5 ms - 14[39m
[35m[HTTP][39m [90m[39m
[35m[HTTP][39m [37m-->[39m [37mGET[39m [37m/wd/hub/session/62288c73-4c71-454f-b3ec-43b00b204383/window/rect[39m
[35m[HTTP][39m [90m{}[39m
[35m[HTTP][39m [37m<-- GET /wd/hub/session/62288c73-4c71-454f-b3ec-43b00b204383/window/rect [39m[32m200[39m [90m105 ms - 50[39m
[35m[HTTP][39m [90m[39m
[35m[HTTP][39m [37m-->[39m [37mPOST[39m [37m/wd/hub/session/62288c73-4c71-454f-b3ec-43b00b204383/elements[39m
[35m[HTTP][39m [90m{"using":"-android uiautomator","value":"new UiSelector().className(\"android.view.View\").text(\"MobiMartTheme.PESAN_ICON\")"}[39m
[35m[HTTP][39m [37m<-- POST /wd/hub/session/62288c73-4c71-454f-b3ec-43b00b204383/elements [39m[32m200[39m [90m129 ms - 12[39m
[35m[HTTP][39m [90m[39m
[35m[HTTP][39m [37m-->[39m [37mPOST[39m [37m/wd/hub/session/62288c73-4c71-454f-b3ec-43b00b204383/elements[39m
[35m[HTTP][39m [90m{"using":"-android uiautomator","value":"new UiSelector().className(\"android.view.View\").text(\"MobiMartTheme.PESAN_ICON\")"}[39m
[35m[HTTP][39m [37m<-- POST /wd/hub/session/62288c73-4c71-454f-b3ec-43b00b204383/elements [39m[32m200[39m [90m981 ms - 12[39m
[35m[HTTP][39m [90m[39m
[35m[HTTP][39m [37m-->[39m [37mPOST[39m [37m/wd/hub/session/62288c73-4c71-454f-b3ec-43b00b204383/elements[39m
[35m[HTTP][39m [90m{"using":"-android uiautomator","value":"new UiSelector().className(\"android.view.View\").text(\"MobiMartTheme.PESAN_ICON\")"}[39m
[35m[HTTP][39m [37m<-- POST /wd/hub/session/62288c73-4c71-454f-b3ec-43b00b204383/elements [39m[32m200[39m [90m168 ms - 12[39m
[35m[HTTP][39m [90m[39m
[35m[HTTP][39m [37m-->[39m [37mPOST[39m [37m/wd/hub/session/62288c73-4c71-454f-b3ec-43b00b204383/elements[39m
[35m[HTTP][39m [90m{"using":"-android uiautomator","value":"new UiSelector().className(\"android.view.View\").text(\"MobiMartTheme.PESAN_ICON\")"}[39m
[35m[HTTP][39m [37m<-- POST /wd/hub/session/62288c73-4c71-454f-b3ec-43b00b204383/elements [39m[32m200[39m [90m853 ms - 12[39m
[35m[HTTP][39m [90m[39m
[35m[HTTP][39m [37m-->[39m [37mPOST[39m [37m/wd/hub/session/62288c73-4c71-454f-b3ec-43b00b204383/elements[39m
[35m[HTTP][39m [90m{"using":"-android uiautomator","value":"new UiSelector().className(\"android.view.View\").text(\"MobiMartTheme.PESAN_ICON\")"}[39m
[35m[HTTP][39m [37m<-- POST /wd/hub/session/62288c73-4c71-454f-b3ec-43b00b204383/elements [39m[32m200[39m [90m156 ms - 12[39m
[35m[HTTP][39m [90m[39m
[35m[HTTP][39m [37m-->[39m [37mPOST[39m [37m/wd/hub/session/62288c73-4c71-454f-b3ec-43b00b204383/elements[39m
[35m[HTTP][39m [90m{"using":"-android uiautomator","value":"new UiSelector().className(\"android.view.View\").text(\"MobiMartTheme.PESAN_ICON\")"}[39m
[35m[HTTP][39m [37m<-- POST /wd/hub/session/62288c73-4c71-454f-b3ec-43b00b204383/elements [39m[32m200[39m [90m135 ms - 12[39m
[35m[HTTP][39m [90m[39m
[35m[HTTP][39m [37m-->[39m [37mPOST[39m [37m/wd/hub/session/62288c73-4c71-454f-b3ec-43b00b204383/elements[39m
[35m[HTTP][39m [90m{"using":"-android uiautomator","value":"new UiSelector().className(\"android.view.View\").text(\"MobiMartTheme.PESAN_ICON\")"}[39m
[35m[HTTP][39m [37m<-- POST /wd/hub/session/62288c73-4c71-454f-b3ec-43b00b204383/elements [39m[32m200[39m [90m118 ms - 12[39m
[35m[HTTP][39m [90m[39m
[35m[HTTP][39m [37m-->[39m [37mPOST[39m [37m/wd/hub/session/62288c73-4c71-454f-b3ec-43b00b204383/elements[39m
[35m[HTTP][39m [90m{"using":"-android uiautomator","value":"new UiSelector().className(\"android.view.View\").text(\"MobiMartTheme.PESAN_ICON\")"}[39m
[35m[HTTP][39m [37m<-- POST /wd/hub/session/62288c73-4c71-454f-b3ec-43b00b204383/elements [39m[32m200[39m [90m111 ms - 12[39m
[35m[HTTP][39m [90m[39m
[35m[HTTP][39m [37m-->[39m [37mPOST[39m [37m/wd/hub/session/62288c73-4c71-454f-b3ec-43b00b204383/elements[39m
[35m[HTTP][39m [90m{"using":"-android uiautomator","value":"new UiSelector().className(\"android.view.View\").text(\"MobiMartTheme.PESAN_ICON\")"}[39m
[35m[HTTP][39m [37m<-- POST /wd/hub/session/62288c73-4c71-454f-b3ec-43b00b204383/elements [39m[32m200[39m [90m104 ms - 12[39m
[35m[HTTP][39m [90m[39m
[35m[HTTP][39m [37m-->[39m [37mPOST[39m [37m/wd/hub/session/62288c73-4c71-454f-b3ec-43b00b204383/elements[39m
[35m[HTTP][39m [90m{"using":"-android uiautomator","value":"new UiSelector().className(\"android.view.View\").text(\"MobiMartTheme.PESAN_ICON\")"}[39m
[35m[HTTP][39m [37m<-- POST /wd/hub/session/62288c73-4c71-454f-b3ec-43b00b204383/elements [39m[32m200[39m [90m94 ms - 12[39m
[35m[HTTP][39m [90m[39m
[35m[HTTP][39m [37m-->[39m [37mPOST[39m [37m/wd/hub/session/62288c73-4c71-454f-b3ec-43b00b204383/elements[39m
[35m[HTTP][39m [90m{"using":"-android uiautomator","value":"new UiSelector().className(\"android.view.View\").text(\"MobiMartTheme.PESAN_ICON\")"}[39m
[35m[HTTP][39m [37m<-- POST /wd/hub/session/62288c73-4c71-454f-b3ec-43b00b204383/elements [39m[32m200[39m [90m2575 ms - 90[39m
[35m[HTTP][39m [90m[39m
[35m[HTTP][39m [37m-->[39m [37mGET[39m [37m/wd/hub/session/62288c73-4c71-454f-b3ec-43b00b204383/element/b6399387-c558-4291-aeed-cff6887fab07/location[39m
[35m[HTTP][39m [90m{}[39m
[35m[W3C][39m Driver proxy active, passing request on via HTTP proxy
[35m[JSONWP Proxy][39m Replacing sessionId 00cfc426-cefb-4f97-bd8f-66f24841f385 with 62288c73-4c71-454f-b3ec-43b00b204383
[35m[HTTP][39m [37m<-- GET /wd/hub/session/62288c73-4c71-454f-b3ec-43b00b204383/element/b6399387-c558-4291-aeed-cff6887fab07/location [39m[32m200[39m [90m450 ms - 89[39m
[35m[HTTP][39m [90m[39m
[35m[HTTP][39m [37m-->[39m [37mPOST[39m [37m/wd/hub/session/62288c73-4c71-454f-b3ec-43b00b204383/timeouts[39m
[35m[HTTP][39m [90m{"implicit":30000}[39m
[35m[HTTP][39m [37m<-- POST /wd/hub/session/62288c73-4c71-454f-b3ec-43b00b204383/timeouts [39m[32m200[39m [90m4 ms - 14[39m
[35m[HTTP][39m [90m[39m
[35m[HTTP][39m [37m-->[39m [37mPOST[39m [37m/wd/hub/session/62288c73-4c71-454f-b3ec-43b00b204383/timeouts[39m
[35m[HTTP][39m [90m{"implicit":50}[39m
[35m[HTTP][39m [37m<-- POST /wd/hub/session/62288c73-4c71-454f-b3ec-43b00b204383/timeouts [39m[32m200[39m [90m9 ms - 14[39m
[35m[HTTP][39m [90m[39m
[35m[HTTP][39m [37m-->[39m [37mGET[39m [37m/wd/hub/session/62288c73-4c71-454f-b3ec-43b00b204383/window/rect[39m
[35m[HTTP][39m [90m{}[39m
[35m[HTTP][39m [37m<-- GET /wd/hub/session/62288c73-4c71-454f-b3ec-43b00b204383/window/rect [39m[32m200[39m [90m47 ms - 50[39m
[35m[HTTP][39m [90m[39m
[35m[HTTP][39m [37m-->[39m [37mPOST[39m [37m/wd/hub/session/62288c73-4c71-454f-b3ec-43b00b204383/elements[39m
[35m[HTTP][39m [90m{"using":"-android uiautomator","value":"new UiSelector().className(\"android.view.View\").text(\"MobiMartTheme.PESAN_ICON\")"}[39m
[35m[HTTP][39m [37m<-- POST /wd/hub/session/62288c73-4c71-454f-b3ec-43b00b204383/elements [39m[32m200[39m [90m273 ms - 90[39m
[35m[HTTP][39m [90m[39m
[35m[HTTP][39m [37m-->[39m [37mGET[39m [37m/wd/hub/session/62288c73-4c71-454f-b3ec-43b00b204383/element/43f90624-9997-4319-8eff-da39d00a69b4/location[39m
[35m[HTTP][39m [90m{}[39m
[35m[W3C][39m Driver proxy active, passing request on via HTTP proxy
[35m[JSONWP Proxy][39m Replacing sessionId 00cfc426-cefb-4f97-bd8f-66f24841f385 with 62288c73-4c71-454f-b3ec-43b00b204383
[35m[HTTP][39m [37m<-- GET /wd/hub/session/62288c73-4c71-454f-b3ec-43b00b204383/element/43f90624-9997-4319-8eff-da39d00a69b4/location [39m[32m200[39m [90m103 ms - 89[39m
[35m[HTTP][39m [90m[39m
[35m[HTTP][39m [37m-->[39m [37mPOST[39m [37m/wd/hub/session/62288c73-4c71-454f-b3ec-43b00b204383/timeouts[39m
[35m[HTTP][39m [90m{"implicit":30000}[39m
[35m[HTTP][39m [37m<-- POST /wd/hub/session/62288c73-4c71-454f-b3ec-43b00b204383/timeouts [39m[32m200[39m [90m3 ms - 14[39m
[35m[HTTP][39m [90m[39m
[35m[HTTP][39m [37m-->[39m [37mPOST[39m [37m/wd/hub/session/62288c73-4c71-454f-b3ec-43b00b204383/touch/perform[39m
[35m[HTTP][39m [90m{"actions":[{"action":"tap","options":{"x":1,"y":1,"element":"43f90624-9997-4319-8eff-da39d00a69b4"}},{"action":"release","options":{}}]}[39m
[35m[UiAutomator2][39m calling get location: 43f90624-9997-4319-8eff-da39d00a69b4
[35m[HTTP][39m [37m<-- POST /wd/hub/session/62288c73-4c71-454f-b3ec-43b00b204383/touch/perform [39m[32m200[39m [90m2986 ms - 14[39m
[35m[HTTP][39m [90m[39m
[35m[HTTP][39m [37m-->[39m [37mPOST[39m [37m/wd/hub/session/62288c73-4c71-454f-b3ec-43b00b204383/timeouts[39m
[35m[HTTP][39m [90m{"implicit":50}[39m
[35m[HTTP][39m [37m<-- POST /wd/hub/session/62288c73-4c71-454f-b3ec-43b00b204383/timeouts [39m[32m200[39m [90m4 ms - 14[39m
[35m[HTTP][39m [90m[39m
[35m[HTTP][39m [37m-->[39m [37mGET[39m [37m/wd/hub/session/62288c73-4c71-454f-b3ec-43b00b204383/window/rect[39m
[35m[HTTP][39m [90m{}[39m
[35m[HTTP][39m [37m<-- GET /wd/hub/session/62288c73-4c71-454f-b3ec-43b00b204383/window/rect [39m[32m200[39m [90m56 ms - 50[39m
[35m[HTTP][39m [90m[39m
[35m[HTTP][39m [37m-->[39m [37mPOST[39m [37m/wd/hub/session/62288c73-4c71-454f-b3ec-43b00b204383/elements[39m
[35m[HTTP][39m [90m{"using":"-android uiautomator","value":"new UiSelector().className(\"android.view.View\").text(\"Daftar Sekarang!\")"}[39m
[35m[HTTP][39m [37m<-- POST /wd/hub/session/62288c73-4c71-454f-b3ec-43b00b204383/elements [39m[32m200[39m [90m185 ms - 90[39m
[35m[HTTP][39m [90m[39m
[35m[HTTP][39m [37m-->[39m [37mGET[39m [37m/wd/hub/session/62288c73-4c71-454f-b3ec-43b00b204383/element/0818152c-3744-4c12-b385-da3eebf616bf/location[39m
[35m[HTTP][39m [90m{}[39m
[35m[W3C][39m Driver proxy active, passing request on via HTTP proxy
[35m[JSONWP Proxy][39m Replacing sessionId 00cfc426-cefb-4f97-bd8f-66f24841f385 with 62288c73-4c71-454f-b3ec-43b00b204383
[35m[HTTP][39m [37m<-- GET /wd/hub/session/62288c73-4c71-454f-b3ec-43b00b204383/element/0818152c-3744-4c12-b385-da3eebf616bf/location [39m[32m200[39m [90m78 ms - 90[39m
[35m[HTTP][39m [90m[39m
[35m[HTTP][39m [37m-->[39m [37mPOST[39m [37m/wd/hub/session/62288c73-4c71-454f-b3ec-43b00b204383/timeouts[39m
[35m[HTTP][39m [90m{"implicit":30000}[39m
[35m[HTTP][39m [37m<-- POST /wd/hub/session/62288c73-4c71-454f-b3ec-43b00b204383/timeouts [39m[32m200[39m [90m2 ms - 14[39m
[35m[HTTP][39m [90m[39m
[35m[HTTP][39m [37m-->[39m [37mPOST[39m [37m/wd/hub/session/62288c73-4c71-454f-b3ec-43b00b204383/touch/perform[39m
[35m[HTTP][39m [90m{"actions":[{"action":"tap","options":{"x":1,"y":1,"element":"0818152c-3744-4c12-b385-da3eebf616bf"}},{"action":"release","options":{}}]}[39m
[35m[UiAutomator2][39m calling get location: 0818152c-3744-4c12-b385-da3eebf616bf
[35m[HTTP][39m [37m<-- POST /wd/hub/session/62288c73-4c71-454f-b3ec-43b00b204383/touch/perform [39m[32m200[39m [90m1597 ms - 14[39m
[35m[HTTP][39m [90m[39m
[35m[HTTP][39m [37m-->[39m [37mPOST[39m [37m/wd/hub/session/62288c73-4c71-454f-b3ec-43b00b204383/timeouts[39m
[35m[HTTP][39m [90m{"implicit":50}[39m
[35m[HTTP][39m [37m<-- POST /wd/hub/session/62288c73-4c71-454f-b3ec-43b00b204383/timeouts [39m[32m200[39m [90m3 ms - 14[39m
[35m[HTTP][39m [90m[39m
[35m[HTTP][39m [37m-->[39m [37mGET[39m [37m/wd/hub/session/62288c73-4c71-454f-b3ec-43b00b204383/window/rect[39m
[35m[HTTP][39m [90m{}[39m
[35m[HTTP][39m [37m<-- GET /wd/hub/session/62288c73-4c71-454f-b3ec-43b00b204383/window/rect [39m[32m200[39m [90m58 ms - 50[39m
[35m[HTTP][39m [90m[39m
[35m[HTTP][39m [37m-->[39m [37mPOST[39m [37m/wd/hub/session/62288c73-4c71-454f-b3ec-43b00b204383/elements[39m
[35m[HTTP][39m [90m{"using":"-android uiautomator","value":"new UiSelector().className(\"android.widget.EditText\").resourceId(\"b2-Input_Username\")"}[39m
[35m[HTTP][39m [37m<-- POST /wd/hub/session/62288c73-4c71-454f-b3ec-43b00b204383/elements [39m[32m200[39m [90m219 ms - 90[39m
[35m[HTTP][39m [90m[39m
[35m[HTTP][39m [37m-->[39m [37mGET[39m [37m/wd/hub/session/62288c73-4c71-454f-b3ec-43b00b204383/element/cfad4bed-029a-4151-87ce-fce902f85633/location[39m
[35m[HTTP][39m [90m{}[39m
[35m[W3C][39m Driver proxy active, passing request on via HTTP proxy
[35m[JSONWP Proxy][39m Replacing sessionId 00cfc426-cefb-4f97-bd8f-66f24841f385 with 62288c73-4c71-454f-b3ec-43b00b204383
[35m[HTTP][39m [37m<-- GET /wd/hub/session/62288c73-4c71-454f-b3ec-43b00b204383/element/cfad4bed-029a-4151-87ce-fce902f85633/location [39m[32m200[39m [90m93 ms - 89[39m
[35m[HTTP][39m [90m[39m
[35m[HTTP][39m [37m-->[39m [37mPOST[39m [37m/wd/hub/session/62288c73-4c71-454f-b3ec-43b00b204383/timeouts[39m
[35m[HTTP][39m [90m{"implicit":30000}[39m
[35m[HTTP][39m [37m<-- POST /wd/hub/session/62288c73-4c71-454f-b3ec-43b00b204383/timeouts [39m[32m200[39m [90m3 ms - 14[39m
[35m[HTTP][39m [90m[39m
[35m[HTTP][39m [37m-->[39m [37mPOST[39m [37m/wd/hub/session/62288c73-4c71-454f-b3ec-43b00b204383/element/cfad4bed-029a-4151-87ce-fce902f85633/clear[39m
[35m[HTTP][39m [90m{"id":"cfad4bed-029a-4151-87ce-fce902f85633"}[39m
[35m[HTTP][39m [37m<-- POST /wd/hub/session/62288c73-4c71-454f-b3ec-43b00b204383/element/cfad4bed-029a-4151-87ce-fce902f85633/clear [39m[32m200[39m [90m105 ms - 27[39m
[35m[HTTP][39m [90m[39m
[35m[HTTP][39m [37m-->[39m [37mPOST[39m [37m/wd/hub/session/62288c73-4c71-454f-b3ec-43b00b204383/element/cfad4bed-029a-4151-87ce-fce902f85633/value[39m
[35m[HTTP][39m [90m{"id":"cfad4bed-029a-4151-87ce-fce902f85633","text":"lie ton27","value":["l","i","e"," ","t","o","n","2","7"]}[39m
[35m[HTTP][39m [37m<-- POST /wd/hub/session/62288c73-4c71-454f-b3ec-43b00b204383/element/cfad4bed-029a-4151-87ce-fce902f85633/value [39m[32m200[39m [90m985 ms - 12[39m
[35m[HTTP][39m [90m[39m
[35m[HTTP][39m [37m-->[39m [37mPOST[39m [37m/wd/hub/session/62288c73-4c71-454f-b3ec-43b00b204383/timeouts[39m
[35m[HTTP][39m [90m{"implicit":50}[39m
[35m[HTTP][39m [37m<-- POST /wd/hub/session/62288c73-4c71-454f-b3ec-43b00b204383/timeouts [39m[32m200[39m [90m4 ms - 14[39m
[35m[HTTP][39m [90m[39m
[35m[HTTP][39m [37m-->[39m [37mGET[39m [37m/wd/hub/session/62288c73-4c71-454f-b3ec-43b00b204383/window/rect[39m
[35m[HTTP][39m [90m{}[39m
[35m[HTTP][39m [37m<-- GET /wd/hub/session/62288c73-4c71-454f-b3ec-43b00b204383/window/rect [39m[32m200[39m [90m40 ms - 50[39m
[35m[HTTP][39m [90m[39m
[35m[HTTP][39m [37m-->[39m [37mPOST[39m [37m/wd/hub/session/62288c73-4c71-454f-b3ec-43b00b204383/elements[39m
[35m[HTTP][39m [90m{"using":"-android uiautomator","value":"new UiSelector().className(\"android.widget.EditText\").resourceId(\"b2-Input_Nama\")"}[39m
[35m[HTTP][39m [37m<-- POST /wd/hub/session/62288c73-4c71-454f-b3ec-43b00b204383/elements [39m[32m200[39m [90m546 ms - 90[39m
[35m[HTTP][39m [90m[39m
[35m[HTTP][39m [37m-->[39m [37mGET[39m [37m/wd/hub/session/62288c73-4c71-454f-b3ec-43b00b204383/element/3a684db1-5d3e-4d45-a80e-9c76611f31ca/location[39m
[35m[HTTP][39m [90m{}[39m
[35m[W3C][39m Driver proxy active, passing request on via HTTP proxy
[35m[JSONWP Proxy][39m Replacing sessionId 00cfc426-cefb-4f97-bd8f-66f24841f385 with 62288c73-4c71-454f-b3ec-43b00b204383
[35m[HTTP][39m [37m<-- GET /wd/hub/session/62288c73-4c71-454f-b3ec-43b00b204383/element/3a684db1-5d3e-4d45-a80e-9c76611f31ca/location [39m[32m200[39m [90m74 ms - 89[39m
[35m[HTTP][39m [90m[39m
[35m[HTTP][39m [37m-->[39m [37mPOST[39m [37m/wd/hub/session/62288c73-4c71-454f-b3ec-43b00b204383/timeouts[39m
[35m[HTTP][39m [90m{"implicit":30000}[39m
[35m[HTTP][39m [37m<-- POST /wd/hub/session/62288c73-4c71-454f-b3ec-43b00b204383/timeouts [39m[32m200[39m [90m2 ms - 14[39m
[35m[HTTP][39m [90m[39m
[35m[HTTP][39m [37m-->[39m [37mPOST[39m [37m/wd/hub/session/62288c73-4c71-454f-b3ec-43b00b204383/element/3a684db1-5d3e-4d45-a80e-9c76611f31ca/clear[39m
[35m[HTTP][39m [90m{"id":"3a684db1-5d3e-4d45-a80e-9c76611f31ca"}[39m
[35m[HTTP][39m [37m<-- POST /wd/hub/session/62288c73-4c71-454f-b3ec-43b00b204383/element/3a684db1-5d3e-4d45-a80e-9c76611f31ca/clear [39m[32m200[39m [90m78 ms - 27[39m
[35m[HTTP][39m [90m[39m
[35m[HTTP][39m [37m-->[39m [37mPOST[39m [37m/wd/hub/session/62288c73-4c71-454f-b3ec-43b00b204383/element/3a684db1-5d3e-4d45-a80e-9c76611f31ca/value[39m
[35m[HTTP][39m [90m{"id":"3a684db1-5d3e-4d45-a80e-9c76611f31ca","text":"Hartono Rusli","value":["H","a","r","t","o","n","o"," ","R","u","s","l","i"]}[39m
[35m[HTTP][39m [37m<-- POST /wd/hub/session/62288c73-4c71-454f-b3ec-43b00b204383/element/3a684db1-5d3e-4d45-a80e-9c76611f31ca/value [39m[32m200[39m [90m975 ms - 12[39m
[35m[HTTP][39m [90m[39m
[35m[HTTP][39m [37m-->[39m [37mPOST[39m [37m/wd/hub/session/62288c73-4c71-454f-b3ec-43b00b204383/timeouts[39m
[35m[HTTP][39m [90m{"implicit":50}[39m
[35m[HTTP][39m [37m<-- POST /wd/hub/session/62288c73-4c71-454f-b3ec-43b00b204383/timeouts [39m[32m200[39m [90m3 ms - 14[39m
[35m[HTTP][39m [90m[39m
[35m[HTTP][39m [37m-->[39m [37mGET[39m [37m/wd/hub/session/62288c73-4c71-454f-b3ec-43b00b204383/window/rect[39m
[35m[HTTP][39m [90m{}[39m
[35m[HTTP][39m [37m<-- GET /wd/hub/session/62288c73-4c71-454f-b3ec-43b00b204383/window/rect [39m[32m200[39m [90m44 ms - 50[39m
[35m[HTTP][39m [90m[39m
[35m[HTTP][39m [37m-->[39m [37mPOST[39m [37m/wd/hub/session/62288c73-4c71-454f-b3ec-43b00b204383/elements[39m
[35m[HTTP][39m [90m{"using":"-android uiautomator","value":"new UiSelector().className(\"android.widget.EditText\").resourceId(\"b2-Input_Email\")"}[39m
[35m[HTTP][39m [37m<-- POST /wd/hub/session/62288c73-4c71-454f-b3ec-43b00b204383/elements [39m[32m200[39m [90m596 ms - 90[39m
[35m[HTTP][39m [90m[39m
[35m[HTTP][39m [37m-->[39m [37mGET[39m [37m/wd/hub/session/62288c73-4c71-454f-b3ec-43b00b204383/element/47afe4d9-54f4-4952-ab4e-b76df3839fa5/location[39m
[35m[HTTP][39m [90m{}[39m
[35m[W3C][39m Driver proxy active, passing request on via HTTP proxy
[35m[JSONWP Proxy][39m Replacing sessionId 00cfc426-cefb-4f97-bd8f-66f24841f385 with 62288c73-4c71-454f-b3ec-43b00b204383
[35m[HTTP][39m [37m<-- GET /wd/hub/session/62288c73-4c71-454f-b3ec-43b00b204383/element/47afe4d9-54f4-4952-ab4e-b76df3839fa5/location [39m[32m200[39m [90m86 ms - 89[39m
[35m[HTTP][39m [90m[39m
[35m[HTTP][39m [37m-->[39m [37mPOST[39m [37m/wd/hub/session/62288c73-4c71-454f-b3ec-43b00b204383/timeouts[39m
[35m[HTTP][39m [90m{"implicit":30000}[39m
[35m[HTTP][39m [37m<-- POST /wd/hub/session/62288c73-4c71-454f-b3ec-43b00b204383/timeouts [39m[32m200[39m [90m3 ms - 14[39m
[35m[HTTP][39m [90m[39m
[35m[HTTP][39m [37m-->[39m [37mPOST[39m [37m/wd/hub/session/62288c73-4c71-454f-b3ec-43b00b204383/element/47afe4d9-54f4-4952-ab4e-b76df3839fa5/clear[39m
[35m[HTTP][39m [90m{"id":"47afe4d9-54f4-4952-ab4e-b76df3839fa5"}[39m
[35m[HTTP][39m [37m<-- POST /wd/hub/session/62288c73-4c71-454f-b3ec-43b00b204383/element/47afe4d9-54f4-4952-ab4e-b76df3839fa5/clear [39m[32m200[39m [90m84 ms - 27[39m
[35m[HTTP][39m [90m[39m
[35m[HTTP][39m [37m-->[39m [37mPOST[39m [37m/wd/hub/session/62288c73-4c71-454f-b3ec-43b00b204383/element/47afe4d9-54f4-4952-ab4e-b76df3839fa5/value[39m
[35m[HTTP][39m [90m{"id":"47afe4d9-54f4-4952-ab4e-b76df3839fa5","text":"applicationtester77@gmail.com","value":["a","p","p","l","i","c","a","t","i","o","n","t","e","s","t","e","r","7","7","@","g","m","a","i","l",".","c","o","m"]}[39m
[35m[HTTP][39m [37m<-- POST /wd/hub/session/62288c73-4c71-454f-b3ec-43b00b204383/element/47afe4d9-54f4-4952-ab4e-b76df3839fa5/value [39m[32m200[39m [90m1591 ms - 12[39m
[35m[HTTP][39m [90m[39m
[35m[HTTP][39m [37m-->[39m [37mPOST[39m [37m/wd/hub/session/62288c73-4c71-454f-b3ec-43b00b204383/timeouts[39m
[35m[HTTP][39m [90m{"implicit":50}[39m
[35m[HTTP][39m [37m<-- POST /wd/hub/session/62288c73-4c71-454f-b3ec-43b00b204383/timeouts [39m[32m200[39m [90m3 ms - 14[39m
[35m[HTTP][39m [90m[39m
[35m[HTTP][39m [37m-->[39m [37mGET[39m [37m/wd/hub/session/62288c73-4c71-454f-b3ec-43b00b204383/window/rect[39m
[35m[HTTP][39m [90m{}[39m
[35m[HTTP][39m [37m<-- GET /wd/hub/session/62288c73-4c71-454f-b3ec-43b00b204383/window/rect [39m[32m200[39m [90m44 ms - 50[39m
[35m[HTTP][39m [90m[39m
[35m[HTTP][39m [37m-->[39m [37mPOST[39m [37m/wd/hub/session/62288c73-4c71-454f-b3ec-43b00b204383/elements[39m
[35m[HTTP][39m [90m{"using":"-android uiautomator","value":"new UiSelector().className(\"android.widget.EditText\").resourceId(\"b2-Input_Password\")"}[39m
[35m[HTTP][39m [37m<-- POST /wd/hub/session/62288c73-4c71-454f-b3ec-43b00b204383/elements [39m[32m200[39m [90m600 ms - 90[39m
[35m[HTTP][39m [90m[39m
[35m[HTTP][39m [37m-->[39m [37mGET[39m [37m/wd/hub/session/62288c73-4c71-454f-b3ec-43b00b204383/element/b76e18ac-d6e1-4252-9262-94a6278f5fca/location[39m
[35m[HTTP][39m [90m{}[39m
[35m[W3C][39m Driver proxy active, passing request on via HTTP proxy
[35m[JSONWP Proxy][39m Replacing sessionId 00cfc426-cefb-4f97-bd8f-66f24841f385 with 62288c73-4c71-454f-b3ec-43b00b204383
[35m[HTTP][39m [37m<-- GET /wd/hub/session/62288c73-4c71-454f-b3ec-43b00b204383/element/b76e18ac-d6e1-4252-9262-94a6278f5fca/location [39m[32m200[39m [90m71 ms - 90[39m
[35m[HTTP][39m [90m[39m
[35m[HTTP][39m [37m-->[39m [37mPOST[39m [37m/wd/hub/session/62288c73-4c71-454f-b3ec-43b00b204383/timeouts[39m
[35m[HTTP][39m [90m{"implicit":30000}[39m
[35m[HTTP][39m [37m<-- POST /wd/hub/session/62288c73-4c71-454f-b3ec-43b00b204383/timeouts [39m[32m200[39m [90m3 ms - 14[39m
[35m[HTTP][39m [90m[39m
[35m[HTTP][39m [37m-->[39m [37mPOST[39m [37m/wd/hub/session/62288c73-4c71-454f-b3ec-43b00b204383/element/b76e18ac-d6e1-4252-9262-94a6278f5fca/clear[39m
[35m[HTTP][39m [90m{"id":"b76e18ac-d6e1-4252-9262-94a6278f5fca"}[39m
[35m[HTTP][39m [37m<-- POST /wd/hub/session/62288c73-4c71-454f-b3ec-43b00b204383/element/b76e18ac-d6e1-4252-9262-94a6278f5fca/clear [39m[32m200[39m [90m80 ms - 27[39m
[35m[HTTP][39m [90m[39m
[35m[HTTP][39m [37m-->[39m [37mPOST[39m [37m/wd/hub/session/62288c73-4c71-454f-b3ec-43b00b204383/element/b76e18ac-d6e1-4252-9262-94a6278f5fca/value[39m
[35m[HTTP][39m [90m{"id":"b76e18ac-d6e1-4252-9262-94a6278f5fca","text":"applicationtest","value":["a","p","p","l","i","c","a","t","i","o","n","t","e","s","t"]}[39m
[35m[HTTP][39m [37m<-- POST /wd/hub/session/62288c73-4c71-454f-b3ec-43b00b204383/element/b76e18ac-d6e1-4252-9262-94a6278f5fca/value [39m[32m200[39m [90m875 ms - 12[39m
[35m[HTTP][39m [90m[39m
[35m[HTTP][39m [37m-->[39m [37mPOST[39m [37m/wd/hub/session/62288c73-4c71-454f-b3ec-43b00b204383/timeouts[39m
[35m[HTTP][39m [90m{"implicit":50}[39m
[35m[HTTP][39m [37m<-- POST /wd/hub/session/62288c73-4c71-454f-b3ec-43b00b204383/timeouts [39m[32m200[39m [90m4 ms - 14[39m
[35m[HTTP][39m [90m[39m
[35m[HTTP][39m [37m-->[39m [37mGET[39m [37m/wd/hub/session/62288c73-4c71-454f-b3ec-43b00b204383/window/rect[39m
[35m[HTTP][39m [90m{}[39m
[35m[HTTP][39m [37m<-- GET /wd/hub/session/62288c73-4c71-454f-b3ec-43b00b204383/window/rect [39m[32m200[39m [90m44 ms - 50[39m
[35m[HTTP][39m [90m[39m
[35m[HTTP][39m [37m-->[39m [37mPOST[39m [37m/wd/hub/session/62288c73-4c71-454f-b3ec-43b00b204383/elements[39m
[35m[HTTP][39m [90m{"using":"-android uiautomator","value":"new UiSelector().className(\"android.widget.EditText\").resourceId(\"b2-Input_KonfirmasiPassword\")"}[39m
[35m[HTTP][39m [37m<-- POST /wd/hub/session/62288c73-4c71-454f-b3ec-43b00b204383/elements [39m[32m200[39m [90m617 ms - 90[39m
[35m[HTTP][39m [90m[39m
[35m[HTTP][39m [37m-->[39m [37mGET[39m [37m/wd/hub/session/62288c73-4c71-454f-b3ec-43b00b204383/element/fec8ebd6-1944-4b71-a627-46596cc60566/location[39m
[35m[HTTP][39m [90m{}[39m
[35m[W3C][39m Driver proxy active, passing request on via HTTP proxy
[35m[JSONWP Proxy][39m Replacing sessionId 00cfc426-cefb-4f97-bd8f-66f24841f385 with 62288c73-4c71-454f-b3ec-43b00b204383
[35m[HTTP][39m [37m<-- GET /wd/hub/session/62288c73-4c71-454f-b3ec-43b00b204383/element/fec8ebd6-1944-4b71-a627-46596cc60566/location [39m[32m200[39m [90m76 ms - 90[39m
[35m[HTTP][39m [90m[39m
[35m[HTTP][39m [37m-->[39m [37mPOST[39m [37m/wd/hub/session/62288c73-4c71-454f-b3ec-43b00b204383/timeouts[39m
[35m[HTTP][39m [90m{"implicit":30000}[39m
[35m[HTTP][39m [37m<-- POST /wd/hub/session/62288c73-4c71-454f-b3ec-43b00b204383/timeouts [39m[32m200[39m [90m2 ms - 14[39m
[35m[HTTP][39m [90m[39m
[35m[HTTP][39m [37m-->[39m [37mPOST[39m [37m/wd/hub/session/62288c73-4c71-454f-b3ec-43b00b204383/element/fec8ebd6-1944-4b71-a627-46596cc60566/clear[39m
[35m[HTTP][39m [90m{"id":"fec8ebd6-1944-4b71-a627-46596cc60566"}[39m
[35m[HTTP][39m [37m<-- POST /wd/hub/session/62288c73-4c71-454f-b3ec-43b00b204383/element/fec8ebd6-1944-4b71-a627-46596cc60566/clear [39m[32m200[39m [90m100 ms - 27[39m
[35m[HTTP][39m [90m[39m
[35m[HTTP][39m [37m-->[39m [37mPOST[39m [37m/wd/hub/session/62288c73-4c71-454f-b3ec-43b00b204383/element/fec8ebd6-1944-4b71-a627-46596cc60566/value[39m
[35m[HTTP][39m [90m{"id":"fec8ebd6-1944-4b71-a627-46596cc60566","text":"applicationtest","value":["a","p","p","l","i","c","a","t","i","o","n","t","e","s","t"]}[39m
[35m[HTTP][39m [37m<-- POST /wd/hub/session/62288c73-4c71-454f-b3ec-43b00b204383/element/fec8ebd6-1944-4b71-a627-46596cc60566/value [39m[32m200[39m [90m1346 ms - 12[39m
[35m[HTTP][39m [90m[39m
[35m[HTTP][39m [37m-->[39m [37mPOST[39m [37m/wd/hub/session/62288c73-4c71-454f-b3ec-43b00b204383/timeouts[39m
[35m[HTTP][39m [90m{"implicit":50}[39m
[35m[HTTP][39m [37m<-- POST /wd/hub/session/62288c73-4c71-454f-b3ec-43b00b204383/timeouts [39m[32m200[39m [90m3 ms - 14[39m
[35m[HTTP][39m [90m[39m
[35m[HTTP][39m [37m-->[39m [37mGET[39m [37m/wd/hub/session/62288c73-4c71-454f-b3ec-43b00b204383/window/rect[39m
[35m[HTTP][39m [90m{}[39m
[35m[HTTP][39m [37m<-- GET /wd/hub/session/62288c73-4c71-454f-b3ec-43b00b204383/window/rect [39m[32m200[39m [90m47 ms - 50[39m
[35m[HTTP][39m [90m[39m
[35m[HTTP][39m [37m-->[39m [37mPOST[39m [37m/wd/hub/session/62288c73-4c71-454f-b3ec-43b00b204383/elements[39m
[35m[HTTP][39m [90m{"using":"-android uiautomator","value":"new UiSelector().className(\"android.widget.EditText\").resourceId(\"b2-Input_Phone\")"}[39m
[35m[HTTP][39m [37m<-- POST /wd/hub/session/62288c73-4c71-454f-b3ec-43b00b204383/elements [39m[32m200[39m [90m598 ms - 90[39m
[35m[HTTP][39m [90m[39m
[35m[HTTP][39m [37m-->[39m [37mGET[39m [37m/wd/hub/session/62288c73-4c71-454f-b3ec-43b00b204383/element/660b2c78-f22b-40c7-acda-ffdf884e83b1/location[39m
[35m[HTTP][39m [90m{}[39m
[35m[W3C][39m Driver proxy active, passing request on via HTTP proxy
[35m[JSONWP Proxy][39m Replacing sessionId 00cfc426-cefb-4f97-bd8f-66f24841f385 with 62288c73-4c71-454f-b3ec-43b00b204383
[35m[HTTP][39m [37m<-- GET /wd/hub/session/62288c73-4c71-454f-b3ec-43b00b204383/element/660b2c78-f22b-40c7-acda-ffdf884e83b1/location [39m[32m200[39m [90m69 ms - 90[39m
[35m[HTTP][39m [90m[39m
[35m[HTTP][39m [37m-->[39m [37mPOST[39m [37m/wd/hub/session/62288c73-4c71-454f-b3ec-43b00b204383/timeouts[39m
[35m[HTTP][39m [90m{"implicit":30000}[39m
[35m[HTTP][39m [37m<-- POST /wd/hub/session/62288c73-4c71-454f-b3ec-43b00b204383/timeouts [39m[32m200[39m [90m3 ms - 14[39m
[35m[HTTP][39m [90m[39m
[35m[HTTP][39m [37m-->[39m [37mPOST[39m [37m/wd/hub/session/62288c73-4c71-454f-b3ec-43b00b204383/element/660b2c78-f22b-40c7-acda-ffdf884e83b1/clear[39m
[35m[HTTP][39m [90m{"id":"660b2c78-f22b-40c7-acda-ffdf884e83b1"}[39m
[35m[HTTP][39m [37m<-- POST /wd/hub/session/62288c73-4c71-454f-b3ec-43b00b204383/element/660b2c78-f22b-40c7-acda-ffdf884e83b1/clear [39m[32m200[39m [90m75 ms - 27[39m
[35m[HTTP][39m [90m[39m
[35m[HTTP][39m [37m-->[39m [37mPOST[39m [37m/wd/hub/session/62288c73-4c71-454f-b3ec-43b00b204383/element/660b2c78-f22b-40c7-acda-ffdf884e83b1/value[39m
[35m[HTTP][39m [90m{"id":"660b2c78-f22b-40c7-acda-ffdf884e83b1","text":"082297476950","value":["0","8","2","2","9","7","4","7","6","9","5","0"]}[39m
[35m[HTTP][39m [37m<-- POST /wd/hub/session/62288c73-4c71-454f-b3ec-43b00b204383/element/660b2c78-f22b-40c7-acda-ffdf884e83b1/value [39m[32m200[39m [90m879 ms - 12[39m
[35m[HTTP][39m [90m[39m
[35m[HTTP][39m [37m-->[39m [37mPOST[39m [37m/wd/hub/session/62288c73-4c71-454f-b3ec-43b00b204383/timeouts[39m
[35m[HTTP][39m [90m{"implicit":50}[39m
[35m[HTTP][39m [37m<-- POST /wd/hub/session/62288c73-4c71-454f-b3ec-43b00b204383/timeouts [39m[32m200[39m [90m5 ms - 14[39m
[35m[HTTP][39m [90m[39m
[35m[HTTP][39m [37m-->[39m [37mGET[39m [37m/wd/hub/session/62288c73-4c71-454f-b3ec-43b00b204383/window/rect[39m
[35m[HTTP][39m [90m{}[39m
[35m[HTTP][39m [37m<-- GET /wd/hub/session/62288c73-4c71-454f-b3ec-43b00b204383/window/rect [39m[32m200[39m [90m42 ms - 50[39m
[35m[HTTP][39m [90m[39m
[35m[HTTP][39m [37m-->[39m [37mPOST[39m [37m/wd/hub/session/62288c73-4c71-454f-b3ec-43b00b204383/elements[39m
[35m[HTTP][39m [90m{"using":"-android uiautomator","value":"new UiSelector().className(\"android.widget.Button\").text(\"Daftar\")"}[39m
[35m[HTTP][39m [37m<-- POST /wd/hub/session/62288c73-4c71-454f-b3ec-43b00b204383/elements [39m[32m200[39m [90m620 ms - 90[39m
[35m[HTTP][39m [90m[39m
[35m[HTTP][39m [37m-->[39m [37mGET[39m [37m/wd/hub/session/62288c73-4c71-454f-b3ec-43b00b204383/element/db9e6d2c-932f-4c76-8b61-959acdbbe399/location[39m
[35m[HTTP][39m [90m{}[39m
[35m[W3C][39m Driver proxy active, passing request on via HTTP proxy
[35m[JSONWP Proxy][39m Replacing sessionId 00cfc426-cefb-4f97-bd8f-66f24841f385 with 62288c73-4c71-454f-b3ec-43b00b204383
[35m[HTTP][39m [37m<-- GET /wd/hub/session/62288c73-4c71-454f-b3ec-43b00b204383/element/db9e6d2c-932f-4c76-8b61-959acdbbe399/location [39m[32m200[39m [90m65 ms - 90[39m
[35m[HTTP][39m [90m[39m
[35m[HTTP][39m [37m-->[39m [37mPOST[39m [37m/wd/hub/session/62288c73-4c71-454f-b3ec-43b00b204383/timeouts[39m
[35m[HTTP][39m [90m{"implicit":30000}[39m
[35m[HTTP][39m [37m<-- POST /wd/hub/session/62288c73-4c71-454f-b3ec-43b00b204383/timeouts [39m[32m200[39m [90m3 ms - 14[39m
[35m[HTTP][39m [90m[39m
[35m[HTTP][39m [37m-->[39m [37mPOST[39m [37m/wd/hub/session/62288c73-4c71-454f-b3ec-43b00b204383/touch/perform[39m
[35m[HTTP][39m [90m{"actions":[{"action":"tap","options":{"x":1,"y":1,"element":"db9e6d2c-932f-4c76-8b61-959acdbbe399"}},{"action":"release","options":{}}]}[39m
[35m[UiAutomator2][39m calling get location: db9e6d2c-932f-4c76-8b61-959acdbbe399
[35m[HTTP][39m [37m<-- POST /wd/hub/session/62288c73-4c71-454f-b3ec-43b00b204383/touch/perform [39m[32m200[39m [90m853 ms - 14[39m
[35m[HTTP][39m [90m[39m
[35m[HTTP][39m [37m-->[39m [37mPOST[39m [37m/wd/hub/session/62288c73-4c71-454f-b3ec-43b00b204383/timeouts[39m
[35m[HTTP][39m [90m{"implicit":50}[39m
[35m[HTTP][39m [37m<-- POST /wd/hub/session/62288c73-4c71-454f-b3ec-43b00b204383/timeouts [39m[32m200[39m [90m2 ms - 14[39m
[35m[HTTP][39m [90m[39m
[35m[HTTP][39m [37m-->[39m [37mGET[39m [37m/wd/hub/session/62288c73-4c71-454f-b3ec-43b00b204383/window/rect[39m
[35m[HTTP][39m [90m{}[39m
[35m[HTTP][39m [37m<-- GET /wd/hub/session/62288c73-4c71-454f-b3ec-43b00b204383/window/rect [39m[32m200[39m [90m48 ms - 50[39m
[35m[HTTP][39m [90m[39m
[35m[HTTP][39m [37m-->[39m [37mPOST[39m [37m/wd/hub/session/62288c73-4c71-454f-b3ec-43b00b204383/elements[39m
[35m[HTTP][39m [90m{"using":"-android uiautomator","value":"new UiSelector().className(\"android.view.View\").text(\"Min 8 karakter, huruf besar & kecil, angka dan simbol!\").instance(31)"}[39m
[35m[HTTP][39m [37m<-- POST /wd/hub/session/62288c73-4c71-454f-b3ec-43b00b204383/elements [39m[32m200[39m [90m100 ms - 12[39m
[35m[HTTP][39m [90m[39m
[35m[HTTP][39m [37m-->[39m [37mPOST[39m [37m/wd/hub/session/62288c73-4c71-454f-b3ec-43b00b204383/elements[39m
[35m[HTTP][39m [90m{"using":"-android uiautomator","value":"new UiSelector().className(\"android.view.View\").text(\"Min 8 karakter, huruf besar & kecil, angka dan simbol!\").instance(31)"}[39m
[35m[HTTP][39m [37m<-- POST /wd/hub/session/62288c73-4c71-454f-b3ec-43b00b204383/elements [39m[32m200[39m [90m88 ms - 12[39m
[35m[HTTP][39m [90m[39m
[35m[HTTP][39m [37m-->[39m [37mPOST[39m [37m/wd/hub/session/62288c73-4c71-454f-b3ec-43b00b204383/elements[39m
[35m[HTTP][39m [90m{"using":"-android uiautomator","value":"new UiSelector().className(\"android.view.View\").text(\"Min 8 karakter, huruf besar & kecil, angka dan simbol!\").instance(31)"}[39m
[35m[HTTP][39m [37m<-- POST /wd/hub/session/62288c73-4c71-454f-b3ec-43b00b204383/elements [39m[32m200[39m [90m89 ms - 12[39m
[35m[HTTP][39m [90m[39m
[35m[HTTP][39m [37m-->[39m [37mPOST[39m [37m/wd/hub/session/62288c73-4c71-454f-b3ec-43b00b204383/elements[39m
[35m[HTTP][39m [90m{"using":"-android uiautomator","value":"new UiSelector().className(\"android.view.View\").text(\"Min 8 karakter, huruf besar & kecil, angka dan simbol!\").instance(31)"}[39m
[35m[HTTP][39m [37m<-- POST /wd/hub/session/62288c73-4c71-454f-b3ec-43b00b204383/elements [39m[32m200[39m [90m77 ms - 12[39m
[35m[HTTP][39m [90m[39m
[35m[HTTP][39m [37m-->[39m [37mPOST[39m [37m/wd/hub/session/62288c73-4c71-454f-b3ec-43b00b204383/elements[39m
[35m[HTTP][39m [90m{"using":"-android uiautomator","value":"new UiSelector().className(\"android.view.View\").text(\"Min 8 karakter, huruf besar & kecil, angka dan simbol!\").instance(31)"}[39m
[35m[HTTP][39m [37m<-- POST /wd/hub/session/62288c73-4c71-454f-b3ec-43b00b204383/elements [39m[32m200[39m [90m85 ms - 12[39m
[35m[HTTP][39m [90m[39m
[35m[HTTP][39m [37m-->[39m [37mPOST[39m [37m/wd/hub/session/62288c73-4c71-454f-b3ec-43b00b204383/elements[39m
[35m[HTTP][39m [90m{"using":"-android uiautomator","value":"new UiSelector().className(\"android.view.View\").text(\"Min 8 karakter, huruf besar & kecil, angka dan simbol!\").instance(31)"}[39m
[35m[HTTP][39m [37m<-- POST /wd/hub/session/62288c73-4c71-454f-b3ec-43b00b204383/elements [39m[32m200[39m [90m87 ms - 12[39m
[35m[HTTP][39m [90m[39m
[35m[HTTP][39m [37m-->[39m [37mPOST[39m [37m/wd/hub/session/62288c73-4c71-454f-b3ec-43b00b204383/elements[39m
[35m[HTTP][39m [90m{"using":"-android uiautomator","value":"new UiSelector().className(\"android.view.View\").text(\"Min 8 karakter, huruf besar & kecil, angka dan simbol!\").instance(31)"}[39m
[35m[HTTP][39m [37m<-- POST /wd/hub/session/62288c73-4c71-454f-b3ec-43b00b204383/elements [39m[32m200[39m [90m87 ms - 12[39m
[35m[HTTP][39m [90m[39m
[35m[HTTP][39m [37m-->[39m [37mPOST[39m [37m/wd/hub/session/62288c73-4c71-454f-b3ec-43b00b204383/elements[39m
[35m[HTTP][39m [90m{"using":"-android uiautomator","value":"new UiSelector().className(\"android.view.View\").text(\"Min 8 karakter, huruf besar & kecil, angka dan simbol!\").instance(31)"}[39m
[35m[HTTP][39m [37m<-- POST /wd/hub/session/62288c73-4c71-454f-b3ec-43b00b204383/elements [39m[32m200[39m [90m92 ms - 12[39m
[35m[HTTP][39m [90m[39m
[35m[HTTP][39m [37m-->[39m [37mPOST[39m [37m/wd/hub/session/62288c73-4c71-454f-b3ec-43b00b204383/elements[39m
[35m[HTTP][39m [90m{"using":"-android uiautomator","value":"new UiSelector().className(\"android.view.View\").text(\"Min 8 karakter, huruf besar & kecil, angka dan simbol!\").instance(31)"}[39m
[35m[HTTP][39m [37m<-- POST /wd/hub/session/62288c73-4c71-454f-b3ec-43b00b204383/elements [39m[32m200[39m [90m81 ms - 12[39m
[35m[HTTP][39m [90m[39m
[35m[HTTP][39m [37m-->[39m [37mPOST[39m [37m/wd/hub/session/62288c73-4c71-454f-b3ec-43b00b204383/elements[39m
[35m[HTTP][39m [90m{"using":"-android uiautomator","value":"new UiSelector().className(\"android.view.View\").text(\"Min 8 karakter, huruf besar & kecil, angka dan simbol!\").instance(31)"}[39m
[35m[HTTP][39m [37m<-- POST /wd/hub/session/62288c73-4c71-454f-b3ec-43b00b204383/elements [39m[32m200[39m [90m78 ms - 12[39m
[35m[HTTP][39m [90m[39m
[35m[HTTP][39m [37m-->[39m [37mPOST[39m [37m/wd/hub/session/62288c73-4c71-454f-b3ec-43b00b204383/elements[39m
[35m[HTTP][39m [90m{"using":"-android uiautomator","value":"new UiSelector().className(\"android.view.View\").text(\"Min 8 karakter, huruf besar & kecil, angka dan simbol!\").instance(31)"}[39m
[35m[HTTP][39m [37m<-- POST /wd/hub/session/62288c73-4c71-454f-b3ec-43b00b204383/elements [39m[32m200[39m [90m84 ms - 12[39m
[35m[HTTP][39m [90m[39m
[35m[HTTP][39m [37m-->[39m [37mPOST[39m [37m/wd/hub/session/62288c73-4c71-454f-b3ec-43b00b204383/elements[39m
[35m[HTTP][39m [90m{"using":"-android uiautomator","value":"new UiSelector().className(\"android.view.View\").text(\"Min 8 karakter, huruf besar & kecil, angka dan simbol!\").instance(31)"}[39m
[35m[HTTP][39m [37m<-- POST /wd/hub/session/62288c73-4c71-454f-b3ec-43b00b204383/elements [39m[32m200[39m [90m423 ms - 12[39m
[35m[HTTP][39m [90m[39m
[35m[HTTP][39m [37m-->[39m [37mPOST[39m [37m/wd/hub/session/62288c73-4c71-454f-b3ec-43b00b204383/elements[39m
[35m[HTTP][39m [90m{"using":"-android uiautomator","value":"new UiSelector().className(\"android.view.View\").text(\"Min 8 karakter, huruf besar & kecil, angka dan simbol!\").instance(31)"}[39m
[35m[HTTP][39m [37m<-- POST /wd/hub/session/62288c73-4c71-454f-b3ec-43b00b204383/elements [39m[32m200[39m [90m695 ms - 12[39m
[35m[HTTP][39m [90m[39m
[35m[HTTP][39m [37m-->[39m [37mPOST[39m [37m/wd/hub/session/62288c73-4c71-454f-b3ec-43b00b204383/elements[39m
[35m[HTTP][39m [90m{"using":"-android uiautomator","value":"new UiSelector().className(\"android.view.View\").text(\"Min 8 karakter, huruf besar & kecil, angka dan simbol!\").instance(31)"}[39m
[35m[HTTP][39m [37m<-- POST /wd/hub/session/62288c73-4c71-454f-b3ec-43b00b204383/elements [39m[32m200[39m [90m79 ms - 12[39m
[35m[HTTP][39m [90m[39m
[35m[HTTP][39m [37m-->[39m [37mPOST[39m [37m/wd/hub/session/62288c73-4c71-454f-b3ec-43b00b204383/elements[39m
[35m[HTTP][39m [90m{"using":"-android uiautomator","value":"new UiSelector().className(\"android.view.View\").text(\"Min 8 karakter, huruf besar & kecil, angka dan simbol!\").instance(31)"}[39m
[35m[HTTP][39m [37m<-- POST /wd/hub/session/62288c73-4c71-454f-b3ec-43b00b204383/elements [39m[32m200[39m [90m78 ms - 12[39m
[35m[HTTP][39m [90m[39m
[35m[HTTP][39m [37m-->[39m [37mPOST[39m [37m/wd/hub/session/62288c73-4c71-454f-b3ec-43b00b204383/elements[39m
[35m[HTTP][39m [90m{"using":"-android uiautomator","value":"new UiSelector().className(\"android.view.View\").text(\"Min 8 karakter, huruf besar & kecil, angka dan simbol!\").instance(31)"}[39m
[35m[HTTP][39m [37m<-- POST /wd/hub/session/62288c73-4c71-454f-b3ec-43b00b204383/elements [39m[32m200[39m [90m75 ms - 12[39m
[35m[HTTP][39m [90m[39m
[35m[HTTP][39m [37m-->[39m [37mPOST[39m [37m/wd/hub/session/62288c73-4c71-454f-b3ec-43b00b204383/elements[39m
[35m[HTTP][39m [90m{"using":"-android uiautomator","value":"new UiSelector().className(\"android.view.View\").text(\"Min 8 karakter, huruf besar & kecil, angka dan simbol!\").instance(31)"}[39m
[35m[HTTP][39m [37m<-- POST /wd/hub/session/62288c73-4c71-454f-b3ec-43b00b204383/elements [39m[32m200[39m [90m94 ms - 12[39m
[35m[HTTP][39m [90m[39m
[35m[HTTP][39m [37m-->[39m [37mPOST[39m [37m/wd/hub/session/62288c73-4c71-454f-b3ec-43b00b204383/elements[39m
[35m[HTTP][39m [90m{"using":"-android uiautomator","value":"new UiSelector().className(\"android.view.View\").text(\"Min 8 karakter, huruf besar & kecil, angka dan simbol!\").instance(31)"}[39m
[35m[HTTP][39m [37m<-- POST /wd/hub/session/62288c73-4c71-454f-b3ec-43b00b204383/elements [39m[32m200[39m [90m85 ms - 12[39m
[35m[HTTP][39m [90m[39m
[35m[HTTP][39m [37m-->[39m [37mPOST[39m [37m/wd/hub/session/62288c73-4c71-454f-b3ec-43b00b204383/elements[39m
[35m[HTTP][39m [90m{"using":"-android uiautomator","value":"new UiSelector().className(\"android.view.View\").text(\"Min 8 karakter, huruf besar & kecil, angka dan simbol!\").instance(31)"}[39m
[35m[HTTP][39m [37m<-- POST /wd/hub/session/62288c73-4c71-454f-b3ec-43b00b204383/elements [39m[32m200[39m [90m73 ms - 12[39m
[35m[HTTP][39m [90m[39m
[35m[HTTP][39m [37m-->[39m [37mPOST[39m [37m/wd/hub/session/62288c73-4c71-454f-b3ec-43b00b204383/elements[39m
[35m[HTTP][39m [90m{"using":"-android uiautomator","value":"new UiSelector().className(\"android.view.View\").text(\"Min 8 karakter, huruf besar & kecil, angka dan simbol!\").instance(31)"}[39m
[35m[HTTP][39m [37m<-- POST /wd/hub/session/62288c73-4c71-454f-b3ec-43b00b204383/elements [39m[32m200[39m [90m83 ms - 12[39m
[35m[HTTP][39m [90m[39m
[35m[HTTP][39m [37m-->[39m [37mPOST[39m [37m/wd/hub/session/62288c73-4c71-454f-b3ec-43b00b204383/elements[39m
[35m[HTTP][39m [90m{"using":"-android uiautomator","value":"new UiSelector().className(\"android.view.View\").text(\"Min 8 karakter, huruf besar & kecil, angka dan simbol!\").instance(31)"}[39m
[35m[HTTP][39m [37m<-- POST /wd/hub/session/62288c73-4c71-454f-b3ec-43b00b204383/elements [39m[32m200[39m [90m72 ms - 12[39m
[35m[HTTP][39m [90m[39m
[35m[HTTP][39m [37m-->[39m [37mPOST[39m [37m/wd/hub/session/62288c73-4c71-454f-b3ec-43b00b204383/elements[39m
[35m[HTTP][39m [90m{"using":"-android uiautomator","value":"new UiSelector().className(\"android.view.View\").text(\"Min 8 karakter, huruf besar & kecil, angka dan simbol!\").instance(31)"}[39m
[35m[HTTP][39m [37m<-- POST /wd/hub/session/62288c73-4c71-454f-b3ec-43b00b204383/elements [39m[32m200[39m [90m72 ms - 12[39m
[35m[HTTP][39m [90m[39m
[35m[HTTP][39m [37m-->[39m [37mPOST[39m [37m/wd/hub/session/62288c73-4c71-454f-b3ec-43b00b204383/elements[39m
[35m[HTTP][39m [90m{"using":"-android uiautomator","value":"new UiSelector().className(\"android.view.View\").text(\"Min 8 karakter, huruf besar & kecil, angka dan simbol!\").instance(31)"}[39m
[35m[HTTP][39m [37m<-- POST /wd/hub/session/62288c73-4c71-454f-b3ec-43b00b204383/elements [39m[32m200[39m [90m68 ms - 12[39m
[35m[HTTP][39m [90m[39m
[35m[HTTP][39m [37m-->[39m [37mPOST[39m [37m/wd/hub/session/62288c73-4c71-454f-b3ec-43b00b204383/elements[39m
[35m[HTTP][39m [90m{"using":"-android uiautomator","value":"new UiSelector().className(\"android.view.View\").text(\"Min 8 karakter, huruf besar & kecil, angka dan simbol!\").instance(31)"}[39m
[35m[HTTP][39m [37m<-- POST /wd/hub/session/62288c73-4c71-454f-b3ec-43b00b204383/elements [39m[32m200[39m [90m66 ms - 12[39m
[35m[HTTP][39m [90m[39m
[35m[HTTP][39m [37m-->[39m [37mPOST[39m [37m/wd/hub/session/62288c73-4c71-454f-b3ec-43b00b204383/elements[39m
[35m[HTTP][39m [90m{"using":"-android uiautomator","value":"new UiSelector().className(\"android.view.View\").text(\"Min 8 karakter, huruf besar & kecil, angka dan simbol!\").instance(31)"}[39m
[35m[HTTP][39m [37m<-- POST /wd/hub/session/62288c73-4c71-454f-b3ec-43b00b204383/elements [39m[32m200[39m [90m70 ms - 12[39m
[35m[HTTP][39m [90m[39m
[35m[HTTP][39m [37m-->[39m [37mPOST[39m [37m/wd/hub/session/62288c73-4c71-454f-b3ec-43b00b204383/elements[39m
[35m[HTTP][39m [90m{"using":"-android uiautomator","value":"new UiSelector().className(\"android.view.View\").text(\"Min 8 karakter, huruf besar & kecil, angka dan simbol!\").instance(31)"}[39m
[35m[HTTP][39m [37m<-- POST /wd/hub/session/62288c73-4c71-454f-b3ec-43b00b204383/elements [39m[32m200[39m [90m74 ms - 12[39m
[35m[HTTP][39m [90m[39m
[35m[HTTP][39m [37m-->[39m [37mPOST[39m [37m/wd/hub/session/62288c73-4c71-454f-b3ec-43b00b204383/elements[39m
[35m[HTTP][39m [90m{"using":"-android uiautomator","value":"new UiSelector().className(\"android.view.View\").text(\"Min 8 karakter, huruf besar & kecil, angka dan simbol!\").instance(31)"}[39m
[35m[HTTP][39m [37m<-- POST /wd/hub/session/62288c73-4c71-454f-b3ec-43b00b204383/elements [39m[32m200[39m [90m85 ms - 12[39m
[35m[HTTP][39m [90m[39m
[35m[HTTP][39m [37m-->[39m [37mPOST[39m [37m/wd/hub/session/62288c73-4c71-454f-b3ec-43b00b204383/elements[39m
[35m[HTTP][39m [90m{"using":"-android uiautomator","value":"new UiSelector().className(\"android.view.View\").text(\"Min 8 karakter, huruf besar & kecil, angka dan simbol!\").instance(31)"}[39m
[35m[HTTP][39m [37m<-- POST /wd/hub/session/62288c73-4c71-454f-b3ec-43b00b204383/elements [39m[32m200[39m [90m68 ms - 12[39m
[35m[HTTP][39m [90m[39m
[35m[HTTP][39m [37m-->[39m [37mPOST[39m [37m/wd/hub/session/62288c73-4c71-454f-b3ec-43b00b204383/elements[39m
[35m[HTTP][39m [90m{"using":"-android uiautomator","value":"new UiSelector().className(\"android.view.View\").text(\"Min 8 karakter, huruf besar & kecil, angka dan simbol!\").instance(31)"}[39m
[35m[HTTP][39m [37m<-- POST /wd/hub/session/62288c73-4c71-454f-b3ec-43b00b204383/elements [39m[32m200[39m [90m70 ms - 12[39m
[35m[HTTP][39m [90m[39m
[35m[HTTP][39m [37m-->[39m [37mPOST[39m [37m/wd/hub/session/62288c73-4c71-454f-b3ec-43b00b204383/elements[39m
[35m[HTTP][39m [90m{"using":"-android uiautomator","value":"new UiSelector().className(\"android.view.View\").text(\"Min 8 karakter, huruf besar & kecil, angka dan simbol!\").instance(31)"}[39m
[35m[HTTP][39m [37m<-- POST /wd/hub/session/62288c73-4c71-454f-b3ec-43b00b204383/elements [39m[32m200[39m [90m71 ms - 12[39m
[35m[HTTP][39m [90m[39m
[35m[HTTP][39m [37m-->[39m [37mPOST[39m [37m/wd/hub/session/62288c73-4c71-454f-b3ec-43b00b204383/elements[39m
[35m[HTTP][39m [90m{"using":"-android uiautomator","value":"new UiSelector().className(\"android.view.View\").text(\"Min 8 karakter, huruf besar & kecil, angka dan simbol!\").instance(31)"}[39m
[35m[HTTP][39m [37m<-- POST /wd/hub/session/62288c73-4c71-454f-b3ec-43b00b204383/elements [39m[32m200[39m [90m73 ms - 12[39m
[35m[HTTP][39m [90m[39m
[35m[HTTP][39m [37m-->[39m [37mPOST[39m [37m/wd/hub/session/62288c73-4c71-454f-b3ec-43b00b204383/elements[39m
[35m[HTTP][39m [90m{"using":"-android uiautomator","value":"new UiSelector().className(\"android.view.View\").text(\"Min 8 karakter, huruf besar & kecil, angka dan simbol!\").instance(31)"}[39m
[35m[HTTP][39m [37m<-- POST /wd/hub/session/62288c73-4c71-454f-b3ec-43b00b204383/elements [39m[32m200[39m [90m71 ms - 12[39m
[35m[HTTP][39m [90m[39m
[35m[HTTP][39m [37m-->[39m [37mPOST[39m [37m/wd/hub/session/62288c73-4c71-454f-b3ec-43b00b204383/elements[39m
[35m[HTTP][39m [90m{"using":"-android uiautomator","value":"new UiSelector().className(\"android.view.View\").text(\"Min 8 karakter, huruf besar & kecil, angka dan simbol!\").instance(31)"}[39m
[35m[HTTP][39m [37m<-- POST /wd/hub/session/62288c73-4c71-454f-b3ec-43b00b204383/elements [39m[32m200[39m [90m76 ms - 12[39m
[35m[HTTP][39m [90m[39m
[35m[HTTP][39m [37m-->[39m [37mPOST[39m [37m/wd/hub/session/62288c73-4c71-454f-b3ec-43b00b204383/elements[39m
[35m[HTTP][39m [90m{"using":"-android uiautomator","value":"new UiSelector().className(\"android.view.View\").text(\"Min 8 karakter, huruf besar & kecil, angka dan simbol!\").instance(31)"}[39m
[35m[HTTP][39m [37m<-- POST /wd/hub/session/62288c73-4c71-454f-b3ec-43b00b204383/elements [39m[32m200[39m [90m75 ms - 12[39m
[35m[HTTP][39m [90m[39m
[35m[HTTP][39m [37m-->[39m [37mPOST[39m [37m/wd/hub/session/62288c73-4c71-454f-b3ec-43b00b204383/elements[39m
[35m[HTTP][39m [90m{"using":"-android uiautomator","value":"new UiSelector().className(\"android.view.View\").text(\"Min 8 karakter, huruf besar & kecil, angka dan simbol!\").instance(31)"}[39m
[35m[HTTP][39m [37m<-- POST /wd/hub/session/62288c73-4c71-454f-b3ec-43b00b204383/elements [39m[32m200[39m [90m69 ms - 12[39m
[35m[HTTP][39m [90m[39m
[35m[HTTP][39m [37m-->[39m [37mPOST[39m [37m/wd/hub/session/62288c73-4c71-454f-b3ec-43b00b204383/elements[39m
[35m[HTTP][39m [90m{"using":"-android uiautomator","value":"new UiSelector().className(\"android.view.View\").text(\"Min 8 karakter, huruf besar & kecil, angka dan simbol!\").instance(31)"}[39m
[35m[HTTP][39m [37m<-- POST /wd/hub/session/62288c73-4c71-454f-b3ec-43b00b204383/elements [39m[32m200[39m [90m79 ms - 12[39m
[35m[HTTP][39m [90m[39m
[35m[HTTP][39m [37m-->[39m [37mPOST[39m [37m/wd/hub/session/62288c73-4c71-454f-b3ec-43b00b204383/elements[39m
[35m[HTTP][39m [90m{"using":"-android uiautomator","value":"new UiSelector().className(\"android.view.View\").text(\"Min 8 karakter, huruf besar & kecil, angka dan simbol!\").instance(31)"}[39m
[35m[HTTP][39m [37m<-- POST /wd/hub/session/62288c73-4c71-454f-b3ec-43b00b204383/elements [39m[32m200[39m [90m82 ms - 12[39m
[35m[HTTP][39m [90m[39m
[35m[HTTP][39m [37m-->[39m [37mPOST[39m [37m/wd/hub/session/62288c73-4c71-454f-b3ec-43b00b204383/elements[39m
[35m[HTTP][39m [90m{"using":"-android uiautomator","value":"new UiSelector().className(\"android.view.View\").text(\"Min 8 karakter, huruf besar & kecil, angka dan simbol!\").instance(31)"}[39m
[35m[HTTP][39m [37m<-- POST /wd/hub/session/62288c73-4c71-454f-b3ec-43b00b204383/elements [39m[32m200[39m [90m81 ms - 12[39m
[35m[HTTP][39m [90m[39m
[35m[HTTP][39m [37m-->[39m [37mPOST[39m [37m/wd/hub/session/62288c73-4c71-454f-b3ec-43b00b204383/elements[39m
[35m[HTTP][39m [90m{"using":"-android uiautomator","value":"new UiSelector().className(\"android.view.View\").text(\"Min 8 karakter, huruf besar & kecil, angka dan simbol!\").instance(31)"}[39m
[35m[HTTP][39m [37m<-- POST /wd/hub/session/62288c73-4c71-454f-b3ec-43b00b204383/elements [39m[32m200[39m [90m70 ms - 12[39m
[35m[HTTP][39m [90m[39m
[35m[HTTP][39m [37m-->[39m [37mPOST[39m [37m/wd/hub/session/62288c73-4c71-454f-b3ec-43b00b204383/elements[39m
[35m[HTTP][39m [90m{"using":"-android uiautomator","value":"new UiSelector().className(\"android.view.View\").text(\"Min 8 karakter, huruf besar & kecil, angka dan simbol!\").instance(31)"}[39m
[35m[HTTP][39m [37m<-- POST /wd/hub/session/62288c73-4c71-454f-b3ec-43b00b204383/elements [39m[32m200[39m [90m79 ms - 12[39m
[35m[HTTP][39m [90m[39m
[35m[HTTP][39m [37m-->[39m [37mPOST[39m [37m/wd/hub/session/62288c73-4c71-454f-b3ec-43b00b204383/elements[39m
[35m[HTTP][39m [90m{"using":"-android uiautomator","value":"new UiSelector().className(\"android.view.View\").text(\"Min 8 karakter, huruf besar & kecil, angka dan simbol!\").instance(31)"}[39m
[35m[HTTP][39m [37m<-- POST /wd/hub/session/62288c73-4c71-454f-b3ec-43b00b204383/elements [39m[32m200[39m [90m67 ms - 12[39m
[35m[HTTP][39m [90m[39m
[35m[HTTP][39m [37m-->[39m [37mPOST[39m [37m/wd/hub/session/62288c73-4c71-454f-b3ec-43b00b204383/elements[39m
[35m[HTTP][39m [90m{"using":"-android uiautomator","value":"new UiSelector().className(\"android.view.View\").text(\"Min 8 karakter, huruf besar & kecil, angka dan simbol!\").instance(31)"}[39m
[35m[HTTP][39m [37m<-- POST /wd/hub/session/62288c73-4c71-454f-b3ec-43b00b204383/elements [39m[32m200[39m [90m71 ms - 12[39m
[35m[HTTP][39m [90m[39m
[35m[HTTP][39m [37m-->[39m [37mPOST[39m [37m/wd/hub/session/62288c73-4c71-454f-b3ec-43b00b204383/elements[39m
[35m[HTTP][39m [90m{"using":"-android uiautomator","value":"new UiSelector().className(\"android.view.View\").text(\"Min 8 karakter, huruf besar & kecil, angka dan simbol!\").instance(31)"}[39m
[35m[HTTP][39m [37m<-- POST /wd/hub/session/62288c73-4c71-454f-b3ec-43b00b204383/elements [39m[32m200[39m [90m72 ms - 12[39m
[35m[HTTP][39m [90m[39m
[35m[HTTP][39m [37m-->[39m [37mPOST[39m [37m/wd/hub/session/62288c73-4c71-454f-b3ec-43b00b204383/elements[39m
[35m[HTTP][39m [90m{"using":"-android uiautomator","value":"new UiSelector().className(\"android.view.View\").text(\"Min 8 karakter, huruf besar & kecil, angka dan simbol!\").instance(31)"}[39m
[35m[HTTP][39m [37m<-- POST /wd/hub/session/62288c73-4c71-454f-b3ec-43b00b204383/elements [39m[32m200[39m [90m68 ms - 12[39m
[35m[HTTP][39m [90m[39m
[35m[HTTP][39m [37m-->[39m [37mPOST[39m [37m/wd/hub/session/62288c73-4c71-454f-b3ec-43b00b204383/elements[39m
[35m[HTTP][39m [90m{"using":"-android uiautomator","value":"new UiSelector().className(\"android.view.View\").text(\"Min 8 karakter, huruf besar & kecil, angka dan simbol!\").instance(31)"}[39m
[35m[HTTP][39m [37m<-- POST /wd/hub/session/62288c73-4c71-454f-b3ec-43b00b204383/elements [39m[32m200[39m [90m68 ms - 12[39m
[35m[HTTP][39m [90m[39m
[35m[HTTP][39m [37m-->[39m [37mPOST[39m [37m/wd/hub/session/62288c73-4c71-454f-b3ec-43b00b204383/elements[39m
[35m[HTTP][39m [90m{"using":"-android uiautomator","value":"new UiSelector().className(\"android.view.View\").text(\"Min 8 karakter, huruf besar & kecil, angka dan simbol!\").instance(31)"}[39m
[35m[HTTP][39m [37m<-- POST /wd/hub/session/62288c73-4c71-454f-b3ec-43b00b204383/elements [39m[32m200[39m [90m72 ms - 12[39m
[35m[HTTP][39m [90m[39m
[35m[HTTP][39m [37m-->[39m [37mPOST[39m [37m/wd/hub/session/62288c73-4c71-454f-b3ec-43b00b204383/elements[39m
[35m[HTTP][39m [90m{"using":"-android uiautomator","value":"new UiSelector().className(\"android.view.View\").text(\"Min 8 karakter, huruf besar & kecil, angka dan simbol!\").instance(31)"}[39m
[35m[HTTP][39m [37m<-- POST /wd/hub/session/62288c73-4c71-454f-b3ec-43b00b204383/elements [39m[32m200[39m [90m71 ms - 12[39m
[35m[HTTP][39m [90m[39m
[35m[HTTP][39m [37m-->[39m [37mPOST[39m [37m/wd/hub/session/62288c73-4c71-454f-b3ec-43b00b204383/elements[39m
[35m[HTTP][39m [90m{"using":"-android uiautomator","value":"new UiSelector().className(\"android.view.View\").text(\"Min 8 karakter, huruf besar & kecil, angka dan simbol!\").instance(31)"}[39m
[35m[HTTP][39m [37m<-- POST /wd/hub/session/62288c73-4c71-454f-b3ec-43b00b204383/elements [39m[32m200[39m [90m72 ms - 12[39m
[35m[HTTP][39m [90m[39m
[35m[HTTP][39m [37m-->[39m [37mPOST[39m [37m/wd/hub/session/62288c73-4c71-454f-b3ec-43b00b204383/elements[39m
[35m[HTTP][39m [90m{"using":"-android uiautomator","value":"new UiSelector().className(\"android.view.View\").text(\"Min 8 karakter, huruf besar & kecil, angka dan simbol!\").instance(31)"}[39m
[35m[HTTP][39m [37m<-- POST /wd/hub/session/62288c73-4c71-454f-b3ec-43b00b204383/elements [39m[32m200[39m [90m65 ms - 12[39m
[35m[HTTP][39m [90m[39m
[35m[HTTP][39m [37m-->[39m [37mPOST[39m [37m/wd/hub/session/62288c73-4c71-454f-b3ec-43b00b204383/elements[39m
[35m[HTTP][39m [90m{"using":"-android uiautomator","value":"new UiSelector().className(\"android.view.View\").text(\"Min 8 karakter, huruf besar & kecil, angka dan simbol!\").instance(31)"}[39m
[35m[HTTP][39m [37m<-- POST /wd/hub/session/62288c73-4c71-454f-b3ec-43b00b204383/elements [39m[32m200[39m [90m68 ms - 12[39m
[35m[HTTP][39m [90m[39m
[35m[HTTP][39m [37m-->[39m [37mPOST[39m [37m/wd/hub/session/62288c73-4c71-454f-b3ec-43b00b204383/elements[39m
[35m[HTTP][39m [90m{"using":"-android uiautomator","value":"new UiSelector().className(\"android.view.View\").text(\"Min 8 karakter, huruf besar & kecil, angka dan simbol!\").instance(31)"}[39m
[35m[HTTP][39m [37m<-- POST /wd/hub/session/62288c73-4c71-454f-b3ec-43b00b204383/elements [39m[32m200[39m [90m64 ms - 12[39m
[35m[HTTP][39m [90m[39m
[35m[HTTP][39m [37m-->[39m [37mPOST[39m [37m/wd/hub/session/62288c73-4c71-454f-b3ec-43b00b204383/elements[39m
[35m[HTTP][39m [90m{"using":"-android uiautomator","value":"new UiSelector().className(\"android.view.View\").text(\"Min 8 karakter, huruf besar & kecil, angka dan simbol!\").instance(31)"}[39m
[35m[HTTP][39m [37m<-- POST /wd/hub/session/62288c73-4c71-454f-b3ec-43b00b204383/elements [39m[32m200[39m [90m64 ms - 12[39m
[35m[HTTP][39m [90m[39m
[35m[HTTP][39m [37m-->[39m [37mPOST[39m [37m/wd/hub/session/62288c73-4c71-454f-b3ec-43b00b204383/elements[39m
[35m[HTTP][39m [90m{"using":"-android uiautomator","value":"new UiSelector().className(\"android.view.View\").text(\"Min 8 karakter, huruf besar & kecil, angka dan simbol!\").instance(31)"}[39m
[35m[HTTP][39m [37m<-- POST /wd/hub/session/62288c73-4c71-454f-b3ec-43b00b204383/elements [39m[32m200[39m [90m67 ms - 12[39m
[35m[HTTP][39m [90m[39m
[35m[HTTP][39m [37m-->[39m [37mPOST[39m [37m/wd/hub/session/62288c73-4c71-454f-b3ec-43b00b204383/elements[39m
[35m[HTTP][39m [90m{"using":"-android uiautomator","value":"new UiSelector().className(\"android.view.View\").text(\"Min 8 karakter, huruf besar & kecil, angka dan simbol!\").instance(31)"}[39m
[35m[HTTP][39m [37m<-- POST /wd/hub/session/62288c73-4c71-454f-b3ec-43b00b204383/elements [39m[32m200[39m [90m75 ms - 12[39m
[35m[HTTP][39m [90m[39m
[35m[HTTP][39m [37m-->[39m [37mPOST[39m [37m/wd/hub/session/62288c73-4c71-454f-b3ec-43b00b204383/elements[39m
[35m[HTTP][39m [90m{"using":"-android uiautomator","value":"new UiSelector().className(\"android.view.View\").text(\"Min 8 karakter, huruf besar & kecil, angka dan simbol!\").instance(31)"}[39m
[35m[HTTP][39m [37m<-- POST /wd/hub/session/62288c73-4c71-454f-b3ec-43b00b204383/elements [39m[32m200[39m [90m662 ms - 12[39m
[35m[HTTP][39m [90m[39m
[35m[HTTP][39m [37m-->[39m [37mPOST[39m [37m/wd/hub/session/62288c73-4c71-454f-b3ec-43b00b204383/elements[39m
[35m[HTTP][39m [90m{"using":"-android uiautomator","value":"new UiSelector().className(\"android.view.View\").text(\"Min 8 karakter, huruf besar & kecil, angka dan simbol!\").instance(31)"}[39m
[35m[HTTP][39m [37m<-- POST /wd/hub/session/62288c73-4c71-454f-b3ec-43b00b204383/elements [39m[32m200[39m [90m82 ms - 12[39m
[35m[HTTP][39m [90m[39m
[35m[HTTP][39m [37m-->[39m [37mPOST[39m [37m/wd/hub/session/62288c73-4c71-454f-b3ec-43b00b204383/elements[39m
[35m[HTTP][39m [90m{"using":"-android uiautomator","value":"new UiSelector().className(\"android.view.View\").text(\"Min 8 karakter, huruf besar & kecil, angka dan simbol!\").instance(31)"}[39m
[35m[HTTP][39m [37m<-- POST /wd/hub/session/62288c73-4c71-454f-b3ec-43b00b204383/elements [39m[32m200[39m [90m67 ms - 12[39m
[35m[HTTP][39m [90m[39m
[35m[HTTP][39m [37m-->[39m [37mPOST[39m [37m/wd/hub/session/62288c73-4c71-454f-b3ec-43b00b204383/elements[39m
[35m[HTTP][39m [90m{"using":"-android uiautomator","value":"new UiSelector().className(\"android.view.View\").text(\"Min 8 karakter, huruf besar & kecil, angka dan simbol!\").instance(31)"}[39m
[35m[HTTP][39m [37m<-- POST /wd/hub/session/62288c73-4c71-454f-b3ec-43b00b204383/elements [39m[32m200[39m [90m68 ms - 12[39m
[35m[HTTP][39m [90m[39m
[35m[HTTP][39m [37m-->[39m [37mPOST[39m [37m/wd/hub/session/62288c73-4c71-454f-b3ec-43b00b204383/elements[39m
[35m[HTTP][39m [90m{"using":"-android uiautomator","value":"new UiSelector().className(\"android.view.View\").text(\"Min 8 karakter, huruf besar & kecil, angka dan simbol!\").instance(31)"}[39m
[35m[HTTP][39m [37m<-- POST /wd/hub/session/62288c73-4c71-454f-b3ec-43b00b204383/elements [39m[32m200[39m [90m68 ms - 12[39m
[35m[HTTP][39m [90m[39m
[35m[HTTP][39m [37m-->[39m [37mPOST[39m [37m/wd/hub/session/62288c73-4c71-454f-b3ec-43b00b204383/elements[39m
[35m[HTTP][39m [90m{"using":"-android uiautomator","value":"new UiSelector().className(\"android.view.View\").text(\"Min 8 karakter, huruf besar & kecil, angka dan simbol!\").instance(31)"}[39m
[35m[HTTP][39m [37m<-- POST /wd/hub/session/62288c73-4c71-454f-b3ec-43b00b204383/elements [39m[32m200[39m [90m64 ms - 12[39m
[35m[HTTP][39m [90m[39m
[35m[HTTP][39m [37m-->[39m [37mPOST[39m [37m/wd/hub/session/62288c73-4c71-454f-b3ec-43b00b204383/elements[39m
[35m[HTTP][39m [90m{"using":"-android uiautomator","value":"new UiSelector().className(\"android.view.View\").text(\"Min 8 karakter, huruf besar & kecil, angka dan simbol!\").instance(31)"}[39m
[35m[HTTP][39m [37m<-- POST /wd/hub/session/62288c73-4c71-454f-b3ec-43b00b204383/elements [39m[32m200[39m [90m71 ms - 12[39m
[35m[HTTP][39m [90m[39m
[35m[HTTP][39m [37m-->[39m [37mPOST[39m [37m/wd/hub/session/62288c73-4c71-454f-b3ec-43b00b204383/elements[39m
[35m[HTTP][39m [90m{"using":"-android uiautomator","value":"new UiSelector().className(\"android.view.View\").text(\"Min 8 karakter, huruf besar & kecil, angka dan simbol!\").instance(31)"}[39m
[35m[HTTP][39m [37m<-- POST /wd/hub/session/62288c73-4c71-454f-b3ec-43b00b204383/elements [39m[32m200[39m [90m69 ms - 12[39m
[35m[HTTP][39m [90m[39m
[35m[HTTP][39m [37m-->[39m [37mPOST[39m [37m/wd/hub/session/62288c73-4c71-454f-b3ec-43b00b204383/elements[39m
[35m[HTTP][39m [90m{"using":"-android uiautomator","value":"new UiSelector().className(\"android.view.View\").text(\"Min 8 karakter, huruf besar & kecil, angka dan simbol!\").instance(31)"}[39m
[35m[HTTP][39m [37m<-- POST /wd/hub/session/62288c73-4c71-454f-b3ec-43b00b204383/elements [39m[32m200[39m [90m66 ms - 12[39m
[35m[HTTP][39m [90m[39m
[35m[HTTP][39m [37m-->[39m [37mPOST[39m [37m/wd/hub/session/62288c73-4c71-454f-b3ec-43b00b204383/elements[39m
[35m[HTTP][39m [90m{"using":"-android uiautomator","value":"new UiSelector().className(\"android.view.View\").text(\"Min 8 karakter, huruf besar & kecil, angka dan simbol!\").instance(31)"}[39m
[35m[HTTP][39m [37m<-- POST /wd/hub/session/62288c73-4c71-454f-b3ec-43b00b204383/elements [39m[32m200[39m [90m68 ms - 12[39m
[35m[HTTP][39m [90m[39m
[35m[HTTP][39m [37m-->[39m [37mPOST[39m [37m/wd/hub/session/62288c73-4c71-454f-b3ec-43b00b204383/elements[39m
[35m[HTTP][39m [90m{"using":"-android uiautomator","value":"new UiSelector().className(\"android.view.View\").text(\"Min 8 karakter, huruf besar & kecil, angka dan simbol!\").instance(31)"}[39m
[35m[HTTP][39m [37m<-- POST /wd/hub/session/62288c73-4c71-454f-b3ec-43b00b204383/elements [39m[32m200[39m [90m65 ms - 12[39m
[35m[HTTP][39m [90m[39m
[35m[HTTP][39m [37m-->[39m [37mPOST[39m [37m/wd/hub/session/62288c73-4c71-454f-b3ec-43b00b204383/elements[39m
[35m[HTTP][39m [90m{"using":"-android uiautomator","value":"new UiSelector().className(\"android.view.View\").text(\"Min 8 karakter, huruf besar & kecil, angka dan simbol!\").instance(31)"}[39m
[35m[HTTP][39m [37m<-- POST /wd/hub/session/62288c73-4c71-454f-b3ec-43b00b204383/elements [39m[32m200[39m [90m64 ms - 12[39m
[35m[HTTP][39m [90m[39m
[35m[HTTP][39m [37m-->[39m [37mPOST[39m [37m/wd/hub/session/62288c73-4c71-454f-b3ec-43b00b204383/elements[39m
[35m[HTTP][39m [90m{"using":"-android uiautomator","value":"new UiSelector().className(\"android.view.View\").text(\"Min 8 karakter, huruf besar & kecil, angka dan simbol!\").instance(31)"}[39m
[35m[HTTP][39m [37m<-- POST /wd/hub/session/62288c73-4c71-454f-b3ec-43b00b204383/elements [39m[32m200[39m [90m65 ms - 12[39m
[35m[HTTP][39m [90m[39m
[35m[HTTP][39m [37m-->[39m [37mPOST[39m [37m/wd/hub/session/62288c73-4c71-454f-b3ec-43b00b204383/elements[39m
[35m[HTTP][39m [90m{"using":"-android uiautomator","value":"new UiSelector().className(\"android.view.View\").text(\"Min 8 karakter, huruf besar & kecil, angka dan simbol!\").instance(31)"}[39m
[35m[HTTP][39m [37m<-- POST /wd/hub/session/62288c73-4c71-454f-b3ec-43b00b204383/elements [39m[32m200[39m [90m67 ms - 12[39m
[35m[HTTP][39m [90m[39m
[35m[HTTP][39m [37m-->[39m [37mPOST[39m [37m/wd/hub/session/62288c73-4c71-454f-b3ec-43b00b204383/elements[39m
[35m[HTTP][39m [90m{"using":"-android uiautomator","value":"new UiSelector().className(\"android.view.View\").text(\"Min 8 karakter, huruf besar & kecil, angka dan simbol!\").instance(31)"}[39m
[35m[HTTP][39m [37m<-- POST /wd/hub/session/62288c73-4c71-454f-b3ec-43b00b204383/elements [39m[32m200[39m [90m68 ms - 12[39m
[35m[HTTP][39m [90m[39m
[35m[HTTP][39m [37m-->[39m [37mPOST[39m [37m/wd/hub/session/62288c73-4c71-454f-b3ec-43b00b204383/elements[39m
[35m[HTTP][39m [90m{"using":"-android uiautomator","value":"new UiSelector().className(\"android.view.View\").text(\"Min 8 karakter, huruf besar & kecil, angka dan simbol!\").instance(31)"}[39m
[35m[HTTP][39m [37m<-- POST /wd/hub/session/62288c73-4c71-454f-b3ec-43b00b204383/elements [39m[32m200[39m [90m64 ms - 12[39m
[35m[HTTP][39m [90m[39m
[35m[HTTP][39m [37m-->[39m [37mPOST[39m [37m/wd/hub/session/62288c73-4c71-454f-b3ec-43b00b204383/elements[39m
[35m[HTTP][39m [90m{"using":"-android uiautomator","value":"new UiSelector().className(\"android.view.View\").text(\"Min 8 karakter, huruf besar & kecil, angka dan simbol!\").instance(31)"}[39m
[35m[HTTP][39m [37m<-- POST /wd/hub/session/62288c73-4c71-454f-b3ec-43b00b204383/elements [39m[32m200[39m [90m65 ms - 12[39m
[35m[HTTP][39m [90m[39m
[35m[HTTP][39m [37m-->[39m [37mPOST[39m [37m/wd/hub/session/62288c73-4c71-454f-b3ec-43b00b204383/elements[39m
[35m[HTTP][39m [90m{"using":"-android uiautomator","value":"new UiSelector().className(\"android.view.View\").text(\"Min 8 karakter, huruf besar & kecil, angka dan simbol!\").instance(31)"}[39m
[35m[HTTP][39m [37m<-- POST /wd/hub/session/62288c73-4c71-454f-b3ec-43b00b204383/elements [39m[32m200[39m [90m63 ms - 12[39m
[35m[HTTP][39m [90m[39m
[35m[HTTP][39m [37m-->[39m [37mPOST[39m [37m/wd/hub/session/62288c73-4c71-454f-b3ec-43b00b204383/elements[39m
[35m[HTTP][39m [90m{"using":"-android uiautomator","value":"new UiSelector().className(\"android.view.View\").text(\"Min 8 karakter, huruf besar & kecil, angka dan simbol!\").instance(31)"}[39m
[35m[HTTP][39m [37m<-- POST /wd/hub/session/62288c73-4c71-454f-b3ec-43b00b204383/elements [39m[32m200[39m [90m65 ms - 12[39m
[35m[HTTP][39m [90m[39m
[35m[HTTP][39m [37m-->[39m [37mPOST[39m [37m/wd/hub/session/62288c73-4c71-454f-b3ec-43b00b204383/elements[39m
[35m[HTTP][39m [90m{"using":"-android uiautomator","value":"new UiSelector().className(\"android.view.View\").text(\"Min 8 karakter, huruf besar & kecil, angka dan simbol!\").instance(31)"}[39m
[35m[HTTP][39m [37m<-- POST /wd/hub/session/62288c73-4c71-454f-b3ec-43b00b204383/elements [39m[32m200[39m [90m70 ms - 12[39m
[35m[HTTP][39m [90m[39m
[35m[HTTP][39m [37m-->[39m [37mPOST[39m [37m/wd/hub/session/62288c73-4c71-454f-b3ec-43b00b204383/elements[39m
[35m[HTTP][39m [90m{"using":"-android uiautomator","value":"new UiSelector().className(\"android.view.View\").text(\"Min 8 karakter, huruf besar & kecil, angka dan simbol!\").instance(31)"}[39m
[35m[HTTP][39m [37m<-- POST /wd/hub/session/62288c73-4c71-454f-b3ec-43b00b204383/elements [39m[32m200[39m [90m65 ms - 12[39m
[35m[HTTP][39m [90m[39m
[35m[HTTP][39m [37m-->[39m [37mPOST[39m [37m/wd/hub/session/62288c73-4c71-454f-b3ec-43b00b204383/elements[39m
[35m[HTTP][39m [90m{"using":"-android uiautomator","value":"new UiSelector().className(\"android.view.View\").text(\"Min 8 karakter, huruf besar & kecil, angka dan simbol!\").instance(31)"}[39m
[35m[HTTP][39m [37m<-- POST /wd/hub/session/62288c73-4c71-454f-b3ec-43b00b204383/elements [39m[32m200[39m [90m64 ms - 12[39m
[35m[HTTP][39m [90m[39m
[35m[HTTP][39m [37m-->[39m [37mPOST[39m [37m/wd/hub/session/62288c73-4c71-454f-b3ec-43b00b204383/elements[39m
[35m[HTTP][39m [90m{"using":"-android uiautomator","value":"new UiSelector().className(\"android.view.View\").text(\"Min 8 karakter, huruf besar & kecil, angka dan simbol!\").instance(31)"}[39m
[35m[HTTP][39m [37m<-- POST /wd/hub/session/62288c73-4c71-454f-b3ec-43b00b204383/elements [39m[32m200[39m [90m72 ms - 12[39m
[35m[HTTP][39m [90m[39m
[35m[HTTP][39m [37m-->[39m [37mPOST[39m [37m/wd/hub/session/62288c73-4c71-454f-b3ec-43b00b204383/elements[39m
[35m[HTTP][39m [90m{"using":"-android uiautomator","value":"new UiSelector().className(\"android.view.View\").text(\"Min 8 karakter, huruf besar & kecil, angka dan simbol!\").instance(31)"}[39m
[35m[HTTP][39m [37m<-- POST /wd/hub/session/62288c73-4c71-454f-b3ec-43b00b204383/elements [39m[32m200[39m [90m72 ms - 12[39m
[35m[HTTP][39m [90m[39m
[35m[HTTP][39m [37m-->[39m [37mPOST[39m [37m/wd/hub/session/62288c73-4c71-454f-b3ec-43b00b204383/elements[39m
[35m[HTTP][39m [90m{"using":"-android uiautomator","value":"new UiSelector().className(\"android.view.View\").text(\"Min 8 karakter, huruf besar & kecil, angka dan simbol!\").instance(31)"}[39m
[35m[HTTP][39m [37m<-- POST /wd/hub/session/62288c73-4c71-454f-b3ec-43b00b204383/elements [39m[32m200[39m [90m87 ms - 12[39m
[35m[HTTP][39m [90m[39m
[35m[HTTP][39m [37m-->[39m [37mPOST[39m [37m/wd/hub/session/62288c73-4c71-454f-b3ec-43b00b204383/elements[39m
[35m[HTTP][39m [90m{"using":"-android uiautomator","value":"new UiSelector().className(\"android.view.View\").text(\"Min 8 karakter, huruf besar & kecil, angka dan simbol!\").instance(31)"}[39m
[35m[HTTP][39m [37m<-- POST /wd/hub/session/62288c73-4c71-454f-b3ec-43b00b204383/elements [39m[32m200[39m [90m67 ms - 12[39m
[35m[HTTP][39m [90m[39m
[35m[HTTP][39m [37m-->[39m [37mPOST[39m [37m/wd/hub/session/62288c73-4c71-454f-b3ec-43b00b204383/elements[39m
[35m[HTTP][39m [90m{"using":"-android uiautomator","value":"new UiSelector().className(\"android.view.View\").text(\"Min 8 karakter, huruf besar & kecil, angka dan simbol!\").instance(31)"}[39m
[35m[HTTP][39m [37m<-- POST /wd/hub/session/62288c73-4c71-454f-b3ec-43b00b204383/elements [39m[32m200[39m [90m63 ms - 12[39m
[35m[HTTP][39m [90m[39m
[35m[HTTP][39m [37m-->[39m [37mPOST[39m [37m/wd/hub/session/62288c73-4c71-454f-b3ec-43b00b204383/elements[39m
[35m[HTTP][39m [90m{"using":"-android uiautomator","value":"new UiSelector().className(\"android.view.View\").text(\"Min 8 karakter, huruf besar & kecil, angka dan simbol!\").instance(31)"}[39m
[35m[HTTP][39m [37m<-- POST /wd/hub/session/62288c73-4c71-454f-b3ec-43b00b204383/elements [39m[32m200[39m [90m62 ms - 12[39m
[35m[HTTP][39m [90m[39m
[35m[HTTP][39m [37m-->[39m [37mPOST[39m [37m/wd/hub/session/62288c73-4c71-454f-b3ec-43b00b204383/elements[39m
[35m[HTTP][39m [90m{"using":"-android uiautomator","value":"new UiSelector().className(\"android.view.View\").text(\"Min 8 karakter, huruf besar & kecil, angka dan simbol!\").instance(31)"}[39m
[35m[HTTP][39m [37m<-- POST /wd/hub/session/62288c73-4c71-454f-b3ec-43b00b204383/elements [39m[32m200[39m [90m65 ms - 12[39m
[35m[HTTP][39m [90m[39m
[35m[HTTP][39m [37m-->[39m [37mPOST[39m [37m/wd/hub/session/62288c73-4c71-454f-b3ec-43b00b204383/elements[39m
[35m[HTTP][39m [90m{"using":"-android uiautomator","value":"new UiSelector().className(\"android.view.View\").text(\"Min 8 karakter, huruf besar & kecil, angka dan simbol!\").instance(31)"}[39m
[35m[HTTP][39m [37m<-- POST /wd/hub/session/62288c73-4c71-454f-b3ec-43b00b204383/elements [39m[32m200[39m [90m94 ms - 12[39m
[35m[HTTP][39m [90m[39m
[35m[HTTP][39m [37m-->[39m [37mPOST[39m [37m/wd/hub/session/62288c73-4c71-454f-b3ec-43b00b204383/elements[39m
[35m[HTTP][39m [90m{"using":"-android uiautomator","value":"new UiSelector().className(\"android.view.View\").text(\"Min 8 karakter, huruf besar & kecil, angka dan simbol!\").instance(31)"}[39m
[35m[HTTP][39m [37m<-- POST /wd/hub/session/62288c73-4c71-454f-b3ec-43b00b204383/elements [39m[32m200[39m [90m67 ms - 12[39m
[35m[HTTP][39m [90m[39m
[35m[HTTP][39m [37m-->[39m [37mPOST[39m [37m/wd/hub/session/62288c73-4c71-454f-b3ec-43b00b204383/elements[39m
[35m[HTTP][39m [90m{"using":"-android uiautomator","value":"new UiSelector().className(\"android.view.View\").text(\"Min 8 karakter, huruf besar & kecil, angka dan simbol!\").instance(31)"}[39m
[35m[HTTP][39m [37m<-- POST /wd/hub/session/62288c73-4c71-454f-b3ec-43b00b204383/elements [39m[32m200[39m [90m66 ms - 12[39m
[35m[HTTP][39m [90m[39m
[35m[HTTP][39m [37m-->[39m [37mPOST[39m [37m/wd/hub/session/62288c73-4c71-454f-b3ec-43b00b204383/elements[39m
[35m[HTTP][39m [90m{"using":"-android uiautomator","value":"new UiSelector().className(\"android.view.View\").text(\"Min 8 karakter, huruf besar & kecil, angka dan simbol!\").instance(31)"}[39m
[35m[HTTP][39m [37m<-- POST /wd/hub/session/62288c73-4c71-454f-b3ec-43b00b204383/elements [39m[32m200[39m [90m65 ms - 12[39m
[35m[HTTP][39m [90m[39m
[35m[HTTP][39m [37m-->[39m [37mPOST[39m [37m/wd/hub/session/62288c73-4c71-454f-b3ec-43b00b204383/elements[39m
[35m[HTTP][39m [90m{"using":"-android uiautomator","value":"new UiSelector().className(\"android.view.View\").text(\"Min 8 karakter, huruf besar & kecil, angka dan simbol!\").instance(31)"}[39m
[35m[HTTP][39m [37m<-- POST /wd/hub/session/62288c73-4c71-454f-b3ec-43b00b204383/elements [39m[32m200[39m [90m68 ms - 12[39m
[35m[HTTP][39m [90m[39m
[35m[HTTP][39m [37m-->[39m [37mPOST[39m [37m/wd/hub/session/62288c73-4c71-454f-b3ec-43b00b204383/elements[39m
[35m[HTTP][39m [90m{"using":"-android uiautomator","value":"new UiSelector().className(\"android.view.View\").text(\"Min 8 karakter, huruf besar & kecil, angka dan simbol!\").instance(31)"}[39m
[35m[HTTP][39m [37m<-- POST /wd/hub/session/62288c73-4c71-454f-b3ec-43b00b204383/elements [39m[32m200[39m [90m63 ms - 12[39m
[35m[HTTP][39m [90m[39m
[35m[HTTP][39m [37m-->[39m [37mPOST[39m [37m/wd/hub/session/62288c73-4c71-454f-b3ec-43b00b204383/elements[39m
[35m[HTTP][39m [90m{"using":"-android uiautomator","value":"new UiSelector().className(\"android.view.View\").text(\"Min 8 karakter, huruf besar & kecil, angka dan simbol!\").instance(31)"}[39m
[35m[HTTP][39m [37m<-- POST /wd/hub/session/62288c73-4c71-454f-b3ec-43b00b204383/elements [39m[32m200[39m [90m64 ms - 12[39m
[35m[HTTP][39m [90m[39m
[35m[HTTP][39m [37m-->[39m [37mPOST[39m [37m/wd/hub/session/62288c73-4c71-454f-b3ec-43b00b204383/elements[39m
[35m[HTTP][39m [90m{"using":"-android uiautomator","value":"new UiSelector().className(\"android.view.View\").text(\"Min 8 karakter, huruf besar & kecil, angka dan simbol!\").instance(31)"}[39m
[35m[HTTP][39m [37m<-- POST /wd/hub/session/62288c73-4c71-454f-b3ec-43b00b204383/elements [39m[32m200[39m [90m64 ms - 12[39m
[35m[HTTP][39m [90m[39m
[35m[HTTP][39m [37m-->[39m [37mPOST[39m [37m/wd/hub/session/62288c73-4c71-454f-b3ec-43b00b204383/elements[39m
[35m[HTTP][39m [90m{"using":"-android uiautomator","value":"new UiSelector().className(\"android.view.View\").text(\"Min 8 karakter, huruf besar & kecil, angka dan simbol!\").instance(31)"}[39m
[35m[HTTP][39m [37m<-- POST /wd/hub/session/62288c73-4c71-454f-b3ec-43b00b204383/elements [39m[32m200[39m [90m63 ms - 12[39m
[35m[HTTP][39m [90m[39m
[35m[HTTP][39m [37m-->[39m [37mPOST[39m [37m/wd/hub/session/62288c73-4c71-454f-b3ec-43b00b204383/elements[39m
[35m[HTTP][39m [90m{"using":"-android uiautomator","value":"new UiSelector().className(\"android.view.View\").text(\"Min 8 karakter, huruf besar & kecil, angka dan simbol!\").instance(31)"}[39m
[35m[HTTP][39m [37m<-- POST /wd/hub/session/62288c73-4c71-454f-b3ec-43b00b204383/elements [39m[32m200[39m [90m65 ms - 12[39m
[35m[HTTP][39m [90m[39m
[35m[HTTP][39m [37m-->[39m [37mPOST[39m [37m/wd/hub/session/62288c73-4c71-454f-b3ec-43b00b204383/elements[39m
[35m[HTTP][39m [90m{"using":"-android uiautomator","value":"new UiSelector().className(\"android.view.View\").text(\"Min 8 karakter, huruf besar & kecil, angka dan simbol!\").instance(31)"}[39m
[35m[HTTP][39m [37m<-- POST /wd/hub/session/62288c73-4c71-454f-b3ec-43b00b204383/elements [39m[32m200[39m [90m65 ms - 12[39m
[35m[HTTP][39m [90m[39m
[35m[HTTP][39m [37m-->[39m [37mPOST[39m [37m/wd/hub/session/62288c73-4c71-454f-b3ec-43b00b204383/elements[39m
[35m[HTTP][39m [90m{"using":"-android uiautomator","value":"new UiSelector().className(\"android.view.View\").text(\"Min 8 karakter, huruf besar & kecil, angka dan simbol!\").instance(31)"}[39m
[35m[HTTP][39m [37m<-- POST /wd/hub/session/62288c73-4c71-454f-b3ec-43b00b204383/elements [39m[32m200[39m [90m66 ms - 12[39m
[35m[HTTP][39m [90m[39m
[35m[HTTP][39m [37m-->[39m [37mPOST[39m [37m/wd/hub/session/62288c73-4c71-454f-b3ec-43b00b204383/elements[39m
[35m[HTTP][39m [90m{"using":"-android uiautomator","value":"new UiSelector().className(\"android.view.View\").text(\"Min 8 karakter, huruf besar & kecil, angka dan simbol!\").instance(31)"}[39m
[35m[HTTP][39m [37m<-- POST /wd/hub/session/62288c73-4c71-454f-b3ec-43b00b204383/elements [39m[32m200[39m [90m66 ms - 12[39m
[35m[HTTP][39m [90m[39m
[35m[HTTP][39m [37m-->[39m [37mPOST[39m [37m/wd/hub/session/62288c73-4c71-454f-b3ec-43b00b204383/elements[39m
[35m[HTTP][39m [90m{"using":"-android uiautomator","value":"new UiSelector().className(\"android.view.View\").text(\"Min 8 karakter, huruf besar & kecil, angka dan simbol!\").instance(31)"}[39m
[35m[HTTP][39m [37m<-- POST /wd/hub/session/62288c73-4c71-454f-b3ec-43b00b204383/elements [39m[32m200[39m [90m64 ms - 12[39m
[35m[HTTP][39m [90m[39m
[35m[HTTP][39m [37m-->[39m [37mPOST[39m [37m/wd/hub/session/62288c73-4c71-454f-b3ec-43b00b204383/elements[39m
[35m[HTTP][39m [90m{"using":"-android uiautomator","value":"new UiSelector().className(\"android.view.View\").text(\"Min 8 karakter, huruf besar & kecil, angka dan simbol!\").instance(31)"}[39m
[35m[HTTP][39m [37m<-- POST /wd/hub/session/62288c73-4c71-454f-b3ec-43b00b204383/elements [39m[32m200[39m [90m62 ms - 12[39m
[35m[HTTP][39m [90m[39m
[35m[HTTP][39m [37m-->[39m [37mPOST[39m [37m/wd/hub/session/62288c73-4c71-454f-b3ec-43b00b204383/elements[39m
[35m[HTTP][39m [90m{"using":"-android uiautomator","value":"new UiSelector().className(\"android.view.View\").text(\"Min 8 karakter, huruf besar & kecil, angka dan simbol!\").instance(31)"}[39m
[35m[HTTP][39m [37m<-- POST /wd/hub/session/62288c73-4c71-454f-b3ec-43b00b204383/elements [39m[32m200[39m [90m63 ms - 12[39m
[35m[HTTP][39m [90m[39m
[35m[HTTP][39m [37m-->[39m [37mPOST[39m [37m/wd/hub/session/62288c73-4c71-454f-b3ec-43b00b204383/elements[39m
[35m[HTTP][39m [90m{"using":"-android uiautomator","value":"new UiSelector().className(\"android.view.View\").text(\"Min 8 karakter, huruf besar & kecil, angka dan simbol!\").instance(31)"}[39m
[35m[HTTP][39m [37m<-- POST /wd/hub/session/62288c73-4c71-454f-b3ec-43b00b204383/elements [39m[32m200[39m [90m65 ms - 12[39m
[35m[HTTP][39m [90m[39m
[35m[HTTP][39m [37m-->[39m [37mPOST[39m [37m/wd/hub/session/62288c73-4c71-454f-b3ec-43b00b204383/elements[39m
[35m[HTTP][39m [90m{"using":"-android uiautomator","value":"new UiSelector().className(\"android.view.View\").text(\"Min 8 karakter, huruf besar & kecil, angka dan simbol!\").instance(31)"}[39m
[35m[HTTP][39m [37m<-- POST /wd/hub/session/62288c73-4c71-454f-b3ec-43b00b204383/elements [39m[32m200[39m [90m62 ms - 12[39m
[35m[HTTP][39m [90m[39m
[35m[HTTP][39m [37m-->[39m [37mPOST[39m [37m/wd/hub/session/62288c73-4c71-454f-b3ec-43b00b204383/elements[39m
[35m[HTTP][39m [90m{"using":"-android uiautomator","value":"new UiSelector().className(\"android.view.View\").text(\"Min 8 karakter, huruf besar & kecil, angka dan simbol!\").instance(31)"}[39m
[35m[HTTP][39m [37m<-- POST /wd/hub/session/62288c73-4c71-454f-b3ec-43b00b204383/elements [39m[32m200[39m [90m67 ms - 12[39m
[35m[HTTP][39m [90m[39m
[35m[HTTP][39m [37m-->[39m [37mPOST[39m [37m/wd/hub/session/62288c73-4c71-454f-b3ec-43b00b204383/elements[39m
[35m[HTTP][39m [90m{"using":"-android uiautomator","value":"new UiSelector().className(\"android.view.View\").text(\"Min 8 karakter, huruf besar & kecil, angka dan simbol!\").instance(31)"}[39m
[35m[HTTP][39m [37m<-- POST /wd/hub/session/62288c73-4c71-454f-b3ec-43b00b204383/elements [39m[32m200[39m [90m67 ms - 12[39m
[35m[HTTP][39m [90m[39m
[35m[HTTP][39m [37m-->[39m [37mPOST[39m [37m/wd/hub/session/62288c73-4c71-454f-b3ec-43b00b204383/elements[39m
[35m[HTTP][39m [90m{"using":"-android uiautomator","value":"new UiSelector().className(\"android.view.View\").text(\"Min 8 karakter, huruf besar & kecil, angka dan simbol!\").instance(31)"}[39m
[35m[HTTP][39m [37m<-- POST /wd/hub/session/62288c73-4c71-454f-b3ec-43b00b204383/elements [39m[32m200[39m [90m80 ms - 12[39m
[35m[HTTP][39m [90m[39m
[35m[HTTP][39m [37m-->[39m [37mPOST[39m [37m/wd/hub/session/62288c73-4c71-454f-b3ec-43b00b204383/elements[39m
[35m[HTTP][39m [90m{"using":"-android uiautomator","value":"new UiSelector().className(\"android.view.View\").text(\"Min 8 karakter, huruf besar & kecil, angka dan simbol!\").instance(31)"}[39m
[35m[HTTP][39m [37m<-- POST /wd/hub/session/62288c73-4c71-454f-b3ec-43b00b204383/elements [39m[32m200[39m [90m70 ms - 12[39m
[35m[HTTP][39m [90m[39m
[35m[HTTP][39m [37m-->[39m [37mPOST[39m [37m/wd/hub/session/62288c73-4c71-454f-b3ec-43b00b204383/elements[39m
[35m[HTTP][39m [90m{"using":"-android uiautomator","value":"new UiSelector().className(\"android.view.View\").text(\"Min 8 karakter, huruf besar & kecil, angka dan simbol!\").instance(31)"}[39m
[35m[HTTP][39m [37m<-- POST /wd/hub/session/62288c73-4c71-454f-b3ec-43b00b204383/elements [39m[32m200[39m [90m68 ms - 12[39m
[35m[HTTP][39m [90m[39m
[35m[HTTP][39m [37m-->[39m [37mPOST[39m [37m/wd/hub/session/62288c73-4c71-454f-b3ec-43b00b204383/elements[39m
[35m[HTTP][39m [90m{"using":"-android uiautomator","value":"new UiSelector().className(\"android.view.View\").text(\"Min 8 karakter, huruf besar & kecil, angka dan simbol!\").instance(31)"}[39m
[35m[HTTP][39m [37m<-- POST /wd/hub/session/62288c73-4c71-454f-b3ec-43b00b204383/elements [39m[32m200[39m [90m69 ms - 12[39m
[35m[HTTP][39m [90m[39m
[35m[HTTP][39m [37m-->[39m [37mPOST[39m [37m/wd/hub/session/62288c73-4c71-454f-b3ec-43b00b204383/elements[39m
[35m[HTTP][39m [90m{"using":"-android uiautomator","value":"new UiSelector().className(\"android.view.View\").text(\"Min 8 karakter, huruf besar & kecil, angka dan simbol!\").instance(31)"}[39m
[35m[HTTP][39m [37m<-- POST /wd/hub/session/62288c73-4c71-454f-b3ec-43b00b204383/elements [39m[32m200[39m [90m67 ms - 12[39m
[35m[HTTP][39m [90m[39m
[35m[HTTP][39m [37m-->[39m [37mPOST[39m [37m/wd/hub/session/62288c73-4c71-454f-b3ec-43b00b204383/elements[39m
[35m[HTTP][39m [90m{"using":"-android uiautomator","value":"new UiSelector().className(\"android.view.View\").text(\"Min 8 karakter, huruf besar & kecil, angka dan simbol!\").instance(31)"}[39m
[35m[HTTP][39m [37m<-- POST /wd/hub/session/62288c73-4c71-454f-b3ec-43b00b204383/elements [39m[32m200[39m [90m65 ms - 12[39m
[35m[HTTP][39m [90m[39m
[35m[HTTP][39m [37m-->[39m [37mPOST[39m [37m/wd/hub/session/62288c73-4c71-454f-b3ec-43b00b204383/elements[39m
[35m[HTTP][39m [90m{"using":"-android uiautomator","value":"new UiSelector().className(\"android.view.View\").text(\"Min 8 karakter, huruf besar & kecil, angka dan simbol!\").instance(31)"}[39m
[35m[HTTP][39m [37m<-- POST /wd/hub/session/62288c73-4c71-454f-b3ec-43b00b204383/elements [39m[32m200[39m [90m68 ms - 12[39m
[35m[HTTP][39m [90m[39m
[35m[HTTP][39m [37m-->[39m [37mPOST[39m [37m/wd/hub/session/62288c73-4c71-454f-b3ec-43b00b204383/elements[39m
[35m[HTTP][39m [90m{"using":"-android uiautomator","value":"new UiSelector().className(\"android.view.View\").text(\"Min 8 karakter, huruf besar & kecil, angka dan simbol!\").instance(31)"}[39m
[35m[HTTP][39m [37m<-- POST /wd/hub/session/62288c73-4c71-454f-b3ec-43b00b204383/elements [39m[32m200[39m [90m63 ms - 12[39m
[35m[HTTP][39m [90m[39m
[35m[HTTP][39m [37m-->[39m [37mPOST[39m [37m/wd/hub/session/62288c73-4c71-454f-b3ec-43b00b204383/elements[39m
[35m[HTTP][39m [90m{"using":"-android uiautomator","value":"new UiSelector().className(\"android.view.View\").text(\"Min 8 karakter, huruf besar & kecil, angka dan simbol!\").instance(31)"}[39m
[35m[HTTP][39m [37m<-- POST /wd/hub/session/62288c73-4c71-454f-b3ec-43b00b204383/elements [39m[32m200[39m [90m71 ms - 12[39m
[35m[HTTP][39m [90m[39m
[35m[HTTP][39m [37m-->[39m [37mPOST[39m [37m/wd/hub/session/62288c73-4c71-454f-b3ec-43b00b204383/elements[39m
[35m[HTTP][39m [90m{"using":"-android uiautomator","value":"new UiSelector().className(\"android.view.View\").text(\"Min 8 karakter, huruf besar & kecil, angka dan simbol!\").instance(31)"}[39m
[35m[HTTP][39m [37m<-- POST /wd/hub/session/62288c73-4c71-454f-b3ec-43b00b204383/elements [39m[32m200[39m [90m67 ms - 12[39m
[35m[HTTP][39m [90m[39m
[35m[HTTP][39m [37m-->[39m [37mPOST[39m [37m/wd/hub/session/62288c73-4c71-454f-b3ec-43b00b204383/elements[39m
[35m[HTTP][39m [90m{"using":"-android uiautomator","value":"new UiSelector().className(\"android.view.View\").text(\"Min 8 karakter, huruf besar & kecil, angka dan simbol!\").instance(31)"}[39m
[35m[HTTP][39m [37m<-- POST /wd/hub/session/62288c73-4c71-454f-b3ec-43b00b204383/elements [39m[32m200[39m [90m70 ms - 12[39m
[35m[HTTP][39m [90m[39m
[35m[HTTP][39m [37m-->[39m [37mPOST[39m [37m/wd/hub/session/62288c73-4c71-454f-b3ec-43b00b204383/elements[39m
[35m[HTTP][39m [90m{"using":"-android uiautomator","value":"new UiSelector().className(\"android.view.View\").text(\"Min 8 karakter, huruf besar & kecil, angka dan simbol!\").instance(31)"}[39m
[35m[HTTP][39m [37m<-- POST /wd/hub/session/62288c73-4c71-454f-b3ec-43b00b204383/elements [39m[32m200[39m [90m63 ms - 12[39m
[35m[HTTP][39m [90m[39m
[35m[HTTP][39m [37m-->[39m [37mPOST[39m [37m/wd/hub/session/62288c73-4c71-454f-b3ec-43b00b204383/elements[39m
[35m[HTTP][39m [90m{"using":"-android uiautomator","value":"new UiSelector().className(\"android.view.View\").text(\"Min 8 karakter, huruf besar & kecil, angka dan simbol!\").instance(31)"}[39m
[35m[HTTP][39m [37m<-- POST /wd/hub/session/62288c73-4c71-454f-b3ec-43b00b204383/elements [39m[32m200[39m [90m76 ms - 12[39m
[35m[HTTP][39m [90m[39m
[35m[HTTP][39m [37m-->[39m [37mPOST[39m [37m/wd/hub/session/62288c73-4c71-454f-b3ec-43b00b204383/elements[39m
[35m[HTTP][39m [90m{"using":"-android uiautomator","value":"new UiSelector().className(\"android.view.View\").text(\"Min 8 karakter, huruf besar & kecil, angka dan simbol!\").instance(31)"}[39m
[35m[HTTP][39m [37m<-- POST /wd/hub/session/62288c73-4c71-454f-b3ec-43b00b204383/elements [39m[32m200[39m [90m66 ms - 12[39m
[35m[HTTP][39m [90m[39m
[35m[HTTP][39m [37m-->[39m [37mPOST[39m [37m/wd/hub/session/62288c73-4c71-454f-b3ec-43b00b204383/elements[39m
[35m[HTTP][39m [90m{"using":"-android uiautomator","value":"new UiSelector().className(\"android.view.View\").text(\"Min 8 karakter, huruf besar & kecil, angka dan simbol!\").instance(31)"}[39m
[35m[HTTP][39m [37m<-- POST /wd/hub/session/62288c73-4c71-454f-b3ec-43b00b204383/elements [39m[32m200[39m [90m79 ms - 12[39m
[35m[HTTP][39m [90m[39m
[35m[HTTP][39m [37m-->[39m [37mPOST[39m [37m/wd/hub/session/62288c73-4c71-454f-b3ec-43b00b204383/elements[39m
[35m[HTTP][39m [90m{"using":"-android uiautomator","value":"new UiSelector().className(\"android.view.View\").text(\"Min 8 karakter, huruf besar & kecil, angka dan simbol!\").instance(31)"}[39m
[35m[HTTP][39m [37m<-- POST /wd/hub/session/62288c73-4c71-454f-b3ec-43b00b204383/elements [39m[32m200[39m [90m74 ms - 12[39m
[35m[HTTP][39m [90m[39m
[35m[HTTP][39m [37m-->[39m [37mPOST[39m [37m/wd/hub/session/62288c73-4c71-454f-b3ec-43b00b204383/elements[39m
[35m[HTTP][39m [90m{"using":"-android uiautomator","value":"new UiSelector().className(\"android.view.View\").text(\"Min 8 karakter, huruf besar & kecil, angka dan simbol!\").instance(31)"}[39m
[35m[HTTP][39m [37m<-- POST /wd/hub/session/62288c73-4c71-454f-b3ec-43b00b204383/elements [39m[32m200[39m [90m75 ms - 12[39m
[35m[HTTP][39m [90m[39m
[35m[HTTP][39m [37m-->[39m [37mPOST[39m [37m/wd/hub/session/62288c73-4c71-454f-b3ec-43b00b204383/elements[39m
[35m[HTTP][39m [90m{"using":"-android uiautomator","value":"new UiSelector().className(\"android.view.View\").text(\"Min 8 karakter, huruf besar & kecil, angka dan simbol!\").instance(31)"}[39m
[35m[HTTP][39m [37m<-- POST /wd/hub/session/62288c73-4c71-454f-b3ec-43b00b204383/elements [39m[32m200[39m [90m84 ms - 12[39m
[35m[HTTP][39m [90m[39m
[35m[HTTP][39m [37m-->[39m [37mPOST[39m [37m/wd/hub/session/62288c73-4c71-454f-b3ec-43b00b204383/elements[39m
[35m[HTTP][39m [90m{"using":"-android uiautomator","value":"new UiSelector().className(\"android.view.View\").text(\"Min 8 karakter, huruf besar & kecil, angka dan simbol!\").instance(31)"}[39m
[35m[HTTP][39m [37m<-- POST /wd/hub/session/62288c73-4c71-454f-b3ec-43b00b204383/elements [39m[32m200[39m [90m89 ms - 12[39m
[35m[HTTP][39m [90m[39m
[35m[HTTP][39m [37m-->[39m [37mPOST[39m [37m/wd/hub/session/62288c73-4c71-454f-b3ec-43b00b204383/elements[39m
[35m[HTTP][39m [90m{"using":"-android uiautomator","value":"new UiSelector().className(\"android.view.View\").text(\"Min 8 karakter, huruf besar & kecil, angka dan simbol!\").instance(31)"}[39m
[35m[HTTP][39m [37m<-- POST /wd/hub/session/62288c73-4c71-454f-b3ec-43b00b204383/elements [39m[32m200[39m [90m73 ms - 12[39m
[35m[HTTP][39m [90m[39m
[35m[HTTP][39m [37m-->[39m [37mPOST[39m [37m/wd/hub/session/62288c73-4c71-454f-b3ec-43b00b204383/elements[39m
[35m[HTTP][39m [90m{"using":"-android uiautomator","value":"new UiSelector().className(\"android.view.View\").text(\"Min 8 karakter, huruf besar & kecil, angka dan simbol!\").instance(31)"}[39m
[35m[HTTP][39m [37m<-- POST /wd/hub/session/62288c73-4c71-454f-b3ec-43b00b204383/elements [39m[32m-[39m [90m- ms - -[39m
[35m[HTTP][39m [90m[39m
