<?xml version="1.0" encoding="UTF-8" standalone="no"?>
<!DOCTYPE log SYSTEM "logger.dtd">
<log>
<record>
  <date>2019-08-26T11:02:42</date>
  <millis>1566792162294</millis>
  <sequence>0</sequence>
  <level>START</level>
  <class>com.kms.katalon.core.logging.XmlKeywordLogger</class>
  <method>startSuite</method>
  <thread>1</thread>
  <message>Start Test Suite : Test Suites/CariMobilSuite</message>
  <nestedLevel>0</nestedLevel>
  <property name="name">CariMobilSuite</property>
  <property name="description"></property>
  <property name="id">Test Suites/CariMobilSuite</property>
</record>
<record>
  <date>2019-08-26T11:02:42</date>
  <millis>1566792162323</millis>
  <sequence>1</sequence>
  <level>RUN_DATA</level>
  <class>com.kms.katalon.core.logging.XmlKeywordLogger</class>
  <method>logMessage</method>
  <thread>1</thread>
  <message>hostName = lieto - DESKTOP-H7OCS16</message>
  <nestedLevel>0</nestedLevel>
  <property name="hostName">lieto - DESKTOP-H7OCS16</property>
</record>
<record>
  <date>2019-08-26T11:02:42</date>
  <millis>1566792162326</millis>
  <sequence>2</sequence>
  <level>RUN_DATA</level>
  <class>com.kms.katalon.core.logging.XmlKeywordLogger</class>
  <method>logMessage</method>
  <thread>1</thread>
  <message>os = Windows 10 64bit</message>
  <nestedLevel>0</nestedLevel>
  <property name="os">Windows 10 64bit</property>
</record>
<record>
  <date>2019-08-26T11:02:42</date>
  <millis>1566792162327</millis>
  <sequence>3</sequence>
  <level>RUN_DATA</level>
  <class>com.kms.katalon.core.logging.XmlKeywordLogger</class>
  <method>logMessage</method>
  <thread>1</thread>
  <message>hostAddress = 192.168.0.255</message>
  <nestedLevel>0</nestedLevel>
  <property name="hostAddress">192.168.0.255</property>
</record>
<record>
  <date>2019-08-26T11:02:42</date>
  <millis>1566792162330</millis>
  <sequence>4</sequence>
  <level>RUN_DATA</level>
  <class>com.kms.katalon.core.logging.XmlKeywordLogger</class>
  <method>logMessage</method>
  <thread>1</thread>
  <message>katalonVersion = 6.2.2.4</message>
  <nestedLevel>0</nestedLevel>
  <property name="katalonVersion">6.2.2.4</property>
</record>
<record>
  <date>2019-08-26T11:02:42</date>
  <millis>1566792162844</millis>
  <sequence>5</sequence>
  <level>START</level>
  <class>com.kms.katalon.core.logging.XmlKeywordLogger</class>
  <method>startTest</method>
  <thread>1</thread>
  <message>Start Test Case : Test Cases/CariMobil/CariMobilTest - Detailed Search</message>
  <nestedLevel>1</nestedLevel>
  <property name="name">Test Cases/CariMobil/CariMobilTest - Detailed Search</property>
  <property name="description"></property>
  <property name="id">Test Cases/CariMobil/CariMobilTest - Detailed Search</property>
  <property name="source">C:\\Users\\lieto\\git\\acctest\\Test Cases\\CariMobil\\CariMobilTest - Detailed Search.tc</property>
  <property name="tag"></property>
  <property name="isOptional">false</property>
</record>
<record>
  <date>2019-08-26T11:02:42</date>
  <millis>1566792162986</millis>
  <sequence>7</sequence>
  <level>INFO</level>
  <class>com.kms.katalon.core.logging.XmlKeywordLogger</class>
  <method>logMessage</method>
  <thread>1</thread>
  <message>merek = Tayoto</message>
  <nestedLevel>1</nestedLevel>
</record>
<record>
  <date>2019-08-26T11:02:43</date>
  <millis>1566792163166</millis>
  <sequence>8</sequence>
  <level>INFO</level>
  <class>com.kms.katalon.core.logging.XmlKeywordLogger</class>
  <method>logMessage</method>
  <thread>1</thread>
  <message>(Default) tipe = </message>
  <nestedLevel>1</nestedLevel>
</record>
<record>
  <date>2019-08-26T11:02:43</date>
  <millis>1566792163167</millis>
  <sequence>9</sequence>
  <level>INFO</level>
  <class>com.kms.katalon.core.logging.XmlKeywordLogger</class>
  <method>logMessage</method>
  <thread>1</thread>
  <message>lokasi = Semarang</message>
  <nestedLevel>1</nestedLevel>
</record>
<record>
  <date>2019-08-26T11:02:43</date>
  <millis>1566792163169</millis>
  <sequence>10</sequence>
  <level>INFO</level>
  <class>com.kms.katalon.core.logging.XmlKeywordLogger</class>
  <method>logMessage</method>
  <thread>1</thread>
  <message>expectedResult = Failed</message>
  <nestedLevel>1</nestedLevel>
</record>
<record>
  <date>2019-08-26T11:02:44</date>
  <millis>1566792164192</millis>
  <sequence>11</sequence>
  <level>START</level>
  <class>com.kms.katalon.core.logging.XmlKeywordLogger</class>
  <method>startKeyword</method>
  <thread>1</thread>
  <message>Start action : startApplication(\&amp;quot;D:\\State&amp;apos;s Secret\\Internsheeepppppp\\Project\\accmart.apk\&amp;quot;, true)</message>
  <nestedLevel>1</nestedLevel>
  <property name="startLine">16</property>
  <property name="stepIndex">1</property>
</record>
<record>
  <date>2019-08-26T11:02:53</date>
  <millis>1566792173185</millis>
  <sequence>13</sequence>
  <level>INFO</level>
  <class>com.kms.katalon.core.logging.XmlKeywordLogger</class>
  <method>logMessage</method>
  <thread>1</thread>
  <message>Appium server started on port 65,059</message>
  <nestedLevel>1</nestedLevel>
</record>
